#-----------------------------------------------------------
# Vivado v2021.1.1 (64-bit)
# SW Build 3286242 on Wed Jul 28 13:10:47 MDT 2021
# IP Build 3279568 on Wed Jul 28 16:48:48 MDT 2021
# Start of session at: Wed Jan  7 17:19:01 2026
# Process ID: 2310936
# Current directory: D:/ASUS-PC/Desktop/temporary/HSC
# Command line: vivado.exe -gui_launcher_event rodinguilauncherevent2292060 D:\ASUS-PC\Desktop\temporary\HSC\HSC.xpr
# Log file: D:/ASUS-PC/Desktop/temporary/HSC/vivado.log
# Journal file: D:/ASUS-PC/Desktop/temporary/HSC\vivado.jou
#-----------------------------------------------------------
start_gui
open_project D:/ASUS-PC/Desktop/temporary/HSC/HSC.xpr
WARNING: [BD 41-2576] File 'D:/ASUS-PC/Desktop/temporary/HSC/HSC.srcs/sources_1/bd/system/ip/system_auto_pc_0/system_auto_pc_0.xci' referenced by design 'system' could not be found.
WARNING: [BD 41-2576] File 'D:/ASUS-PC/Desktop/temporary/HSC/HSC.srcs/sources_1/bd/system/ip/system_auto_pc_1/system_auto_pc_1.xci' referenced by design 'system' could not be found.
Scanning sources...
Finished scanning sources
INFO: [IP_Flow 19-234] Refreshing IP repositories
INFO: [IP_Flow 19-1700] Loaded user IP repository 'd:/ASUS-PC/Desktop/temporary/HSC/ip_repo/ps_pl_axi4_1.0'.
INFO: [IP_Flow 19-2313] Loaded Vivado IP repository 'E:/Xilinx2021/Vivado/2021.1/data/ip'.
open_project: Time (s): cpu = 00:00:09 ; elapsed = 00:00:07 . Memory (MB): peak = 1283.246 ; gain = 0.000
update_compile_order -fileset sources_1
update_module_reference system_TOP_0_6
INFO: [IP_Flow 19-5107] Inferred bus interface 'm_axis' of definition 'xilinx.com:interface:axis:1.0' (from Xilinx Repository).
INFO: [IP_Flow 19-5107] Inferred bus interface 'AD_RESET' of definition 'xilinx.com:signal:reset:1.0' (from Xilinx Repository).
INFO: [IP_Flow 19-5107] Inferred bus interface 'ps_clk' of definition 'xilinx.com:signal:clock:1.0' (from Xilinx Repository).
WARNING: [IP_Flow 19-3158] Bus Interface 'm_axis': FREQ_HZ bus parameter missing from AXI interface when interface is not associated to a clock.
WARNING: [IP_Flow 19-5661] Bus Interface 'ps_clk' does not have any bus interfaces associated with it.
INFO: [IP_Flow 19-234] Refreshing IP repositories
INFO: [IP_Flow 19-1700] Loaded user IP repository 'd:/ASUS-PC/Desktop/temporary/HSC/ip_repo/ps_pl_axi4_1.0'.
Reading block design file <D:/ASUS-PC/Desktop/temporary/HSC/HSC.srcs/sources_1/bd/system/system.bd>...
Adding component instance block -- xilinx.com:ip:processing_system7:5.5 - processing_system7_0
Adding component instance block -- xilinx.com:ip:xlconcat:2.1 - xlconcat_0
Adding component instance block -- xilinx.com:ip:axi_dma:7.1 - axi_dma_0
Adding component instance block -- xilinx.com:ip:proc_sys_reset:5.0 - rst_ps7_0_100M
Adding component instance block -- xilinx.com:user:ps_pl_axi4:1.0 - ps_pl_axi4_0
Adding component instance block -- xilinx.com:ip:axi_interconnect:2.1 - ps7_0_axi_periph
Adding component instance block -- xilinx.com:ip:axi_crossbar:2.1 - xbar
Adding component instance block -- xilinx.com:ip:axi_protocol_converter:2.1 - auto_pc
INFO: [BD 41-434] Could not find an IP with XCI file by name: system_auto_pc_0 
Adding component instance block -- xilinx.com:ip:axi_interconnect:2.1 - axi_mem_intercon
Adding component instance block -- xilinx.com:ip:axi_protocol_converter:2.1 - auto_pc
INFO: [BD 41-434] Could not find an IP with XCI file by name: system_auto_pc_1 
Adding component instance block -- xilinx.com:ip:axis_data_fifo:2.0 - axis_data_fifo_0
Adding component instance block -- xilinx.com:module_ref:TOP:1.0 - TOP_0
Excluding slave segment /processing_system7_0/S_AXI_HP0/HP0_DDR_LOWOCM from address space /processing_system7_0/Data.
Excluding slave segment /processing_system7_0/S_AXI_HP0/HP0_DDR_LOWOCM from address space /processing_system7_0/Data.
Excluding slave segment /axi_dma_0/S_AXI_LITE/Reg from address space /axi_dma_0/Data_S2MM.
Excluding slave segment /ps_pl_axi4_0/S00_AXI/S00_AXI_reg from address space /axi_dma_0/Data_S2MM.
Successfully read diagram <system> from block design file <D:/ASUS-PC/Desktop/temporary/HSC/HSC.srcs/sources_1/bd/system/system.bd>
INFO: [BD 41-433] 
Design successfully migrated to use XCI files...
Upgrading 'D:/ASUS-PC/Desktop/temporary/HSC/HSC.srcs/sources_1/bd/system/system.bd'
WARNING: [Vivado 12-1017] Problems encountered:
1. Failed to delete one or more files in run directory D:/ASUS-PC/Desktop/temporary/HSC/HSC.runs/system_TOP_0_6_synth_1

INFO: [IP_Flow 19-1972] Upgraded system_TOP_0_6 from TOP_v1_0 1.0 to TOP_v1_0 1.0
Wrote  : <D:\ASUS-PC\Desktop\temporary\HSC\HSC.srcs\sources_1\bd\system\system.bd> 
Wrote  : <D:/ASUS-PC/Desktop/temporary/HSC/HSC.srcs/sources_1/bd/system/ui/bd_c954508f.ui> 
WARNING: [IP_Flow 19-4067] Ignoring invalid widget type specified checkbox.Providing a default widget
create_ip -name ila -vendor xilinx.com -library ip -version 6.2 -module_name ila_0
set_property -dict [list CONFIG.C_PROBE4_WIDTH {4} CONFIG.C_PROBE3_WIDTH {18} CONFIG.C_PROBE2_WIDTH {18} CONFIG.C_PROBE1_WIDTH {32} CONFIG.C_PROBE0_WIDTH {32} CONFIG.C_NUM_OF_PROBES {6}] [get_ips ila_0]
generate_target {instantiation_template} [get_files d:/ASUS-PC/Desktop/temporary/HSC/HSC.srcs/sources_1/ip/ila_0_2/ila_0.xci]
INFO: [IP_Flow 19-1686] Generating 'Instantiation Template' target for IP 'ila_0'...
set_property generate_synth_checkpoint false [get_files  d:/ASUS-PC/Desktop/temporary/HSC/HSC.srcs/sources_1/ip/ila_0_2/ila_0.xci]
generate_target all [get_files  d:/ASUS-PC/Desktop/temporary/HSC/HSC.srcs/sources_1/ip/ila_0_2/ila_0.xci]
INFO: [IP_Flow 19-1686] Generating 'Instantiation Template' target for IP 'ila_0'...
INFO: [IP_Flow 19-1686] Generating 'Synthesis' target for IP 'ila_0'...
INFO: [IP_Flow 19-1686] Generating 'Simulation' target for IP 'ila_0'...
INFO: [IP_Flow 19-1686] Generating 'Implementation' target for IP 'ila_0'...
INFO: [IP_Flow 19-1686] Generating 'Change Log' target for IP 'ila_0'...
export_ip_user_files -of_objects [get_files d:/ASUS-PC/Desktop/temporary/HSC/HSC.srcs/sources_1/ip/ila_0_2/ila_0.xci] -no_script -sync -force -quiet
export_simulation -of_objects [get_files d:/ASUS-PC/Desktop/temporary/HSC/HSC.srcs/sources_1/ip/ila_0_2/ila_0.xci] -directory D:/ASUS-PC/Desktop/temporary/HSC/HSC.ip_user_files/sim_scripts -ip_user_files_dir D:/ASUS-PC/Desktop/temporary/HSC/HSC.ip_user_files -ipstatic_source_dir D:/ASUS-PC/Desktop/temporary/HSC/HSC.ip_user_files/ipstatic -lib_map_path [list {modelsim=D:/ASUS-PC/Desktop/temporary/HSC/HSC.cache/compile_simlib/modelsim} {questa=D:/ASUS-PC/Desktop/temporary/HSC/HSC.cache/compile_simlib/questa} {riviera=D:/ASUS-PC/Desktop/temporary/HSC/HSC.cache/compile_simlib/riviera} {activehdl=D:/ASUS-PC/Desktop/temporary/HSC/HSC.cache/compile_simlib/activehdl}] -use_ip_compiled_libs -force -quiet
update_compile_order -fileset sources_1
WARNING: [IP_Flow 19-4067] Ignoring invalid widget type specified checkbox.Providing a default widget
export_ip_user_files -of_objects  [get_files d:/ASUS-PC/Desktop/temporary/HSC/HSC.srcs/sources_1/ip/ila_0_2/ila_0.xci] -no_script -reset -force -quiet
remove_files  d:/ASUS-PC/Desktop/temporary/HSC/HSC.srcs/sources_1/ip/ila_0_2/ila_0.xci
file delete -force d:/ASUS-PC/Desktop/temporary/HSC/HSC.srcs/sources_1/ip/ila_0_2
file delete -force d:/ASUS-PC/Desktop/temporary/HSC/HSC.gen/sources_1/ip/ila_0_2
WARNING: [IP_Flow 19-4067] Ignoring invalid widget type specified checkbox.Providing a default widget
create_ip -name ila -vendor xilinx.com -library ip -version 6.2 -module_name ila_0
set_property -dict [list CONFIG.C_PROBE4_WIDTH {4} CONFIG.C_PROBE3_WIDTH {18} CONFIG.C_PROBE2_WIDTH {18} CONFIG.C_PROBE1_WIDTH {32} CONFIG.C_PROBE0_WIDTH {32} CONFIG.C_NUM_OF_PROBES {6}] [get_ips ila_0]
generate_target {instantiation_template} [get_files d:/ASUS-PC/Desktop/temporary/HSC/HSC.srcs/sources_1/ip/ila_0_2/ila_0.xci]
INFO: [IP_Flow 19-1686] Generating 'Instantiation Template' target for IP 'ila_0'...
generate_target all [get_files  d:/ASUS-PC/Desktop/temporary/HSC/HSC.srcs/sources_1/ip/ila_0_2/ila_0.xci]
INFO: [IP_Flow 19-1686] Generating 'Synthesis' target for IP 'ila_0'...
WARNING: [IP_Flow 19-4994] Overwriting existing constraint file 'd:/ASUS-PC/Desktop/temporary/HSC/HSC.gen/sources_1/ip/ila_0_2/ila_0_ooc.xdc'
INFO: [IP_Flow 19-1686] Generating 'Simulation' target for IP 'ila_0'...
INFO: [IP_Flow 19-1686] Generating 'Implementation' target for IP 'ila_0'...
INFO: [IP_Flow 19-1686] Generating 'Change Log' target for IP 'ila_0'...
catch { config_ip_cache -export [get_ips -all ila_0] }
export_ip_user_files -of_objects [get_files d:/ASUS-PC/Desktop/temporary/HSC/HSC.srcs/sources_1/ip/ila_0_2/ila_0.xci] -no_script -sync -force -quiet
create_ip_run [get_files -of_objects [get_fileset sources_1] d:/ASUS-PC/Desktop/temporary/HSC/HSC.srcs/sources_1/ip/ila_0_2/ila_0.xci]
launch_runs ila_0_synth_1 -jobs 28
[Wed Jan  7 17:23:55 2026] Launched ila_0_synth_1...
Run output will be captured here: D:/ASUS-PC/Desktop/temporary/HSC/HSC.runs/ila_0_synth_1/runme.log
export_simulation -of_objects [get_files d:/ASUS-PC/Desktop/temporary/HSC/HSC.srcs/sources_1/ip/ila_0_2/ila_0.xci] -directory D:/ASUS-PC/Desktop/temporary/HSC/HSC.ip_user_files/sim_scripts -ip_user_files_dir D:/ASUS-PC/Desktop/temporary/HSC/HSC.ip_user_files -ipstatic_source_dir D:/ASUS-PC/Desktop/temporary/HSC/HSC.ip_user_files/ipstatic -lib_map_path [list {modelsim=D:/ASUS-PC/Desktop/temporary/HSC/HSC.cache/compile_simlib/modelsim} {questa=D:/ASUS-PC/Desktop/temporary/HSC/HSC.cache/compile_simlib/questa} {riviera=D:/ASUS-PC/Desktop/temporary/HSC/HSC.cache/compile_simlib/riviera} {activehdl=D:/ASUS-PC/Desktop/temporary/HSC/HSC.cache/compile_simlib/activehdl}] -use_ip_compiled_libs -force -quiet
export_ip_user_files -of_objects  [get_files d:/ASUS-PC/Desktop/temporary/HSC/HSC.srcs/sources_1/ip/ila_0_2/ila_0.xci] -no_script -reset -force -quiet
remove_files  -fileset ila_0 d:/ASUS-PC/Desktop/temporary/HSC/HSC.srcs/sources_1/ip/ila_0_2/ila_0.xci
WARNING: [Vivado 12-1017] Problems encountered:
1. Failed to delete one or more files in run directory D:/ASUS-PC/Desktop/temporary/HSC/HSC.runs/ila_0_synth_1

INFO: [Project 1-386] Moving file 'd:/ASUS-PC/Desktop/temporary/HSC/HSC.srcs/sources_1/ip/ila_0_2/ila_0.xci' from fileset 'ila_0' to fileset 'sources_1'.
file delete -force d:/ASUS-PC/Desktop/temporary/HSC/HSC.srcs/sources_1/ip/ila_0_2
file delete -force d:/ASUS-PC/Desktop/temporary/HSC/HSC.gen/sources_1/ip/ila_0_2
open_bd_design {D:/ASUS-PC/Desktop/temporary/HSC/HSC.srcs/sources_1/bd/system/system.bd}
open_bd_design {D:/ASUS-PC/Desktop/temporary/HSC/HSC.srcs/sources_1/bd/system/system.bd}
exit
INFO: [Common 17-206] Exiting Vivado at Wed Jan  7 17:26:46 2026...
