#-----------------------------------------------------------
# Vivado v2021.1.1 (64-bit)
# SW Build 3286242 on Wed Jul 28 13:10:47 MDT 2021
# IP Build 3279568 on Wed Jul 28 16:48:48 MDT 2021
# Start of session at: Fri Feb  6 16:04:55 2026
# Process ID: 8688
# Current directory: D:/ASUS-PC/Desktop/temporary/A_Radar
# Command line: vivado.exe -gui_launcher_event rodinguilauncherevent35016 D:\ASUS-PC\Desktop\temporary\A_Radar\A_Radar.xpr
# Log file: D:/ASUS-PC/Desktop/temporary/A_Radar/vivado.log
# Journal file: D:/ASUS-PC/Desktop/temporary/A_Radar\vivado.jou
#-----------------------------------------------------------
start_gui
open_project D:/ASUS-PC/Desktop/temporary/A_Radar/A_Radar.xpr
CRITICAL WARNING: [Project 1-19] Could not find the file 'D:/ASUS-PC/Desktop/temporary/A_Rader/ip_repo/new/AD_DATA_FIFO_ASYNC.vhd'.
CRITICAL WARNING: [Project 1-19] Could not find the file 'D:/ASUS-PC/Desktop/temporary/A_Rader/ip_repo/new/para_check.vhd'.
CRITICAL WARNING: [Project 1-19] Could not find the file 'D:/ASUS-PC/Desktop/temporary/A_Rader/ip_repo/new/ad_ctrl.vhd'.
CRITICAL WARNING: [Project 1-19] Could not find the file 'D:/ASUS-PC/Desktop/temporary/A_Rader/ip_repo/new/ad_in_clk.vhd'.
CRITICAL WARNING: [Project 1-19] Could not find the file 'D:/ASUS-PC/Desktop/temporary/A_Rader/ip_repo/new/ad_out_clk.vhd'.
CRITICAL WARNING: [Project 1-19] Could not find the file 'D:/ASUS-PC/Desktop/temporary/A_Rader/ip_repo/new/ads62p45.vhd'.
CRITICAL WARNING: [Project 1-19] Could not find the file 'D:/ASUS-PC/Desktop/temporary/A_Rader/ip_repo/new/rx_data_fifo_async.vhd'.
CRITICAL WARNING: [Project 1-19] Could not find the file 'D:/ASUS-PC/Desktop/temporary/A_Rader/ip_repo/new/trans_data.vhd'.
CRITICAL WARNING: [Project 1-19] Could not find the file 'D:/ASUS-PC/Desktop/temporary/A_Rader/ip_repo/new/TOP.vhd'.
Scanning sources...
Finished scanning sources
INFO: [IP_Flow 19-234] Refreshing IP repositories
INFO: [IP_Flow 19-1700] Loaded user IP repository 'd:/ASUS-PC/Desktop/temporary/HSC/HSC/ip_repo/ps_pl_axi4_1.0'.
INFO: [IP_Flow 19-2313] Loaded Vivado IP repository 'E:/Xilinx2021/Vivado/2021.1/data/ip'.
open_bd_design {D:/ASUS-PC/Desktop/temporary/A_Radar/A_Radar.srcs/sources_1/bd/system/system.bd}
Reading block design file <D:/ASUS-PC/Desktop/temporary/A_Radar/A_Radar.srcs/sources_1/bd/system/system.bd>...
Adding component instance block -- xilinx.com:ip:processing_system7:5.5 - processing_system7_0
Adding component instance block -- xilinx.com:ip:xlconcat:2.1 - xlconcat_0
Adding component instance block -- xilinx.com:ip:axi_dma:7.1 - axi_dma_0
Adding component instance block -- xilinx.com:ip:proc_sys_reset:5.0 - rst_ps7_0_100M
Adding component instance block -- xilinx.com:user:ps_pl_axi4:1.0 - ps_pl_axi4_0
Adding component instance block -- xilinx.com:ip:axi_interconnect:2.1 - ps7_0_axi_periph
Adding component instance block -- xilinx.com:ip:axi_crossbar:2.1 - xbar
Adding component instance block -- xilinx.com:ip:axi_protocol_converter:2.1 - auto_pc
Adding component instance block -- xilinx.com:ip:axi_interconnect:2.1 - axi_mem_intercon
Adding component instance block -- xilinx.com:ip:axi_protocol_converter:2.1 - auto_pc
Adding component instance block -- xilinx.com:ip:axis_data_fifo:2.0 - axis_data_fifo_0
Adding component instance block -- xilinx.com:module_ref:TOP:1.0 - TOP_0
CRITICAL WARNING: [BD 41-1726] Unable to resolve module-source for block '/TOP_0'.
Given inputs for module-source, Top-module name : TOP, Module Type : RTL.
Please review and update or add design-sources to this project to resolve this module-reference.
Excluding slave segment /processing_system7_0/S_AXI_HP0/HP0_DDR_LOWOCM from address space /processing_system7_0/Data.
Excluding slave segment /processing_system7_0/S_AXI_HP0/HP0_DDR_LOWOCM from address space /processing_system7_0/Data.
Excluding slave segment /axi_dma_0/S_AXI_LITE/Reg from address space /axi_dma_0/Data_S2MM.
Excluding slave segment /ps_pl_axi4_0/S00_AXI/S00_AXI_reg from address space /axi_dma_0/Data_S2MM.
Successfully read diagram <system> from block design file <D:/ASUS-PC/Desktop/temporary/A_Radar/A_Radar.srcs/sources_1/bd/system/system.bd>
open_bd_design: Time (s): cpu = 00:00:06 ; elapsed = 00:00:05 . Memory (MB): peak = 1310.324 ; gain = 21.129
update_compile_order -fileset sources_1
WARNING: [IP_Flow 19-474] Invalid Parameter 'Component_Name'
exit
INFO: [Common 17-206] Exiting Vivado at Fri Feb  6 16:39:35 2026...
