#-----------------------------------------------------------
# Vivado v2021.1.1 (64-bit)
# SW Build 3286242 on Wed Jul 28 13:10:47 MDT 2021
# IP Build 3279568 on Wed Jul 28 16:48:48 MDT 2021
# Start of session at: Tue Feb 10 11:42:39 2026
# Process ID: 32256
# Current directory: D:/ASUS-PC/Desktop/temporary/A_Radar
# Command line: vivado.exe -gui_launcher_event rodinguilauncherevent35688 D:\ASUS-PC\Desktop\temporary\A_Radar\A_Radar.xpr
# Log file: D:/ASUS-PC/Desktop/temporary/A_Radar/vivado.log
# Journal file: D:/ASUS-PC/Desktop/temporary/A_Radar\vivado.jou
#-----------------------------------------------------------
start_gui
open_project D:/ASUS-PC/Desktop/temporary/A_Radar/A_Radar.xpr
WARNING: [filemgmt 56-3] IP Repository Path: Could not find the directory 'D:/ASUS-PC/Desktop/temporary/HSC/HSC/ip_repo/ps_pl_axi4_1.0'.
CRITICAL WARNING: [Project 1-19] Could not find the file 'D:/ASUS-PC/Desktop/temporary/A_Rader/ip_repo/new/AD_DATA_FIFO_ASYNC.vhd'.
CRITICAL WARNING: [Project 1-19] Could not find the file 'D:/ASUS-PC/Desktop/temporary/A_Rader/ip_repo/new/para_check.vhd'.
CRITICAL WARNING: [Project 1-19] Could not find the file 'D:/ASUS-PC/Desktop/temporary/A_Rader/ip_repo/new/ad_ctrl.vhd'.
CRITICAL WARNING: [Project 1-19] Could not find the file 'D:/ASUS-PC/Desktop/temporary/A_Rader/ip_repo/new/ad_in_clk.vhd'.
CRITICAL WARNING: [Project 1-19] Could not find the file 'D:/ASUS-PC/Desktop/temporary/A_Rader/ip_repo/new/ad_out_clk.vhd'.
CRITICAL WARNING: [Project 1-19] Could not find the file 'D:/ASUS-PC/Desktop/temporary/A_Rader/ip_repo/new/ads62p45.vhd'.
CRITICAL WARNING: [Project 1-19] Could not find the file 'D:/ASUS-PC/Desktop/temporary/A_Rader/ip_repo/new/rx_data_fifo_async.vhd'.
CRITICAL WARNING: [Project 1-19] Could not find the file 'D:/ASUS-PC/Desktop/temporary/A_Rader/ip_repo/new/trans_data.vhd'.
CRITICAL WARNING: [Project 1-19] Could not find the file 'D:/ASUS-PC/Desktop/temporary/A_Rader/ip_repo/new/TOP.vhd'.
CRITICAL WARNING: [Project 1-19] Could not find the file 'D:/ASUS-PC/Desktop/temporary/HSC/HSC/ip_repo/ps_pl_axi4_1.0/drivers/ps_pl_axi4_v1_0/src/ps_pl_axi4.h'.
Scanning sources...
Finished scanning sources
INFO: [IP_Flow 19-234] Refreshing IP repositories
WARNING: [IP_Flow 19-2248] Failed to load user IP repository 'd:/ASUS-PC/Desktop/temporary/HSC/HSC/ip_repo/ps_pl_axi4_1.0'; Can't find the specified path.
If this directory should no longer be in your list of user repositories, go to the IP Settings dialog and remove it.
INFO: [IP_Flow 19-2313] Loaded Vivado IP repository 'E:/Xilinx2021/Vivado/2021.1/data/ip'.
WARNING: [BD 41-1661] One or more IPs have been locked in the design 'system.bd'. Please run report_ip_status for more details and recommendations on how to fix this issue.
List of locked IPs:
system_ps_pl_axi4_0_0

update_compile_order -fileset sources_1
export_ip_user_files -of_objects  [get_files D:/ASUS-PC/Desktop/temporary/HSC/HSC/ip_repo/ps_pl_axi4_1.0/drivers/ps_pl_axi4_v1_0/src/ps_pl_axi4.h] -no_script -reset -force -quiet
export_ip_user_files -of_objects  [get_files D:/ASUS-PC/Desktop/temporary/A_Rader/ip_repo/new/AD_DATA_FIFO_ASYNC.vhd] -no_script -reset -force -quiet
export_ip_user_files -of_objects  [get_files D:/ASUS-PC/Desktop/temporary/A_Rader/ip_repo/new/TOP.vhd] -no_script -reset -force -quiet
export_ip_user_files -of_objects  [get_files D:/ASUS-PC/Desktop/temporary/A_Rader/ip_repo/new/ad_ctrl.vhd] -no_script -reset -force -quiet
export_ip_user_files -of_objects  [get_files D:/ASUS-PC/Desktop/temporary/A_Rader/ip_repo/new/ad_in_clk.vhd] -no_script -reset -force -quiet
export_ip_user_files -of_objects  [get_files D:/ASUS-PC/Desktop/temporary/A_Rader/ip_repo/new/ad_out_clk.vhd] -no_script -reset -force -quiet
export_ip_user_files -of_objects  [get_files D:/ASUS-PC/Desktop/temporary/A_Rader/ip_repo/new/ads62p45.vhd] -no_script -reset -force -quiet
export_ip_user_files -of_objects  [get_files D:/ASUS-PC/Desktop/temporary/A_Rader/ip_repo/new/para_check.vhd] -no_script -reset -force -quiet
export_ip_user_files -of_objects  [get_files D:/ASUS-PC/Desktop/temporary/A_Rader/ip_repo/new/rx_data_fifo_async.vhd] -no_script -reset -force -quiet
export_ip_user_files -of_objects  [get_files D:/ASUS-PC/Desktop/temporary/A_Rader/ip_repo/new/trans_data.vhd] -no_script -reset -force -quiet
remove_files  {D:/ASUS-PC/Desktop/temporary/HSC/HSC/ip_repo/ps_pl_axi4_1.0/drivers/ps_pl_axi4_v1_0/src/ps_pl_axi4.h D:/ASUS-PC/Desktop/temporary/A_Rader/ip_repo/new/AD_DATA_FIFO_ASYNC.vhd D:/ASUS-PC/Desktop/temporary/A_Rader/ip_repo/new/TOP.vhd D:/ASUS-PC/Desktop/temporary/A_Rader/ip_repo/new/ad_ctrl.vhd D:/ASUS-PC/Desktop/temporary/A_Rader/ip_repo/new/ad_in_clk.vhd D:/ASUS-PC/Desktop/temporary/A_Rader/ip_repo/new/ad_out_clk.vhd D:/ASUS-PC/Desktop/temporary/A_Rader/ip_repo/new/ads62p45.vhd D:/ASUS-PC/Desktop/temporary/A_Rader/ip_repo/new/para_check.vhd D:/ASUS-PC/Desktop/temporary/A_Rader/ip_repo/new/rx_data_fifo_async.vhd D:/ASUS-PC/Desktop/temporary/A_Rader/ip_repo/new/trans_data.vhd}
open_bd_design {D:/ASUS-PC/Desktop/temporary/A_Radar/A_Radar.srcs/sources_1/bd/system/system.bd}
Reading block design file <D:/ASUS-PC/Desktop/temporary/A_Radar/A_Radar.srcs/sources_1/bd/system/system.bd>...
Adding component instance block -- xilinx.com:ip:processing_system7:5.5 - processing_system7_0
Adding component instance block -- xilinx.com:ip:xlconcat:2.1 - xlconcat_0
Adding component instance block -- xilinx.com:ip:axi_dma:7.1 - axi_dma_0
Adding component instance block -- xilinx.com:ip:proc_sys_reset:5.0 - rst_ps7_0_100M
Adding component instance block -- xilinx.com:user:ps_pl_axi4:1.0 - ps_pl_axi4_0
Adding component instance block -- xilinx.com:ip:axi_interconnect:2.1 - ps7_0_axi_periph
Adding component instance block -- xilinx.com:ip:axi_crossbar:2.1 - xbar
Adding component instance block -- xilinx.com:ip:axi_protocol_converter:2.1 - auto_pc
Adding component instance block -- xilinx.com:ip:axi_interconnect:2.1 - axi_mem_intercon
Adding component instance block -- xilinx.com:ip:axi_protocol_converter:2.1 - auto_pc
Adding component instance block -- xilinx.com:ip:axis_data_fifo:2.0 - axis_data_fifo_0
Adding component instance block -- xilinx.com:module_ref:TOP:1.0 - TOP_0
CRITICAL WARNING: [BD 41-1726] Unable to resolve module-source for block '/TOP_0'.
Given inputs for module-source, Top-module name : TOP, Module Type : RTL.
Please review and update or add design-sources to this project to resolve this module-reference.
Excluding slave segment /processing_system7_0/S_AXI_HP0/HP0_DDR_LOWOCM from address space /processing_system7_0/Data.
Excluding slave segment /processing_system7_0/S_AXI_HP0/HP0_DDR_LOWOCM from address space /processing_system7_0/Data.
Excluding slave segment /axi_dma_0/S_AXI_LITE/Reg from address space /axi_dma_0/Data_S2MM.
Excluding slave segment /ps_pl_axi4_0/S00_AXI/S00_AXI_reg from address space /axi_dma_0/Data_S2MM.
Successfully read diagram <system> from block design file <D:/ASUS-PC/Desktop/temporary/A_Radar/A_Radar.srcs/sources_1/bd/system/system.bd>
update_ip_catalog -rebuild
INFO: [IP_Flow 19-234] Refreshing IP repositories
WARNING: [IP_Flow 19-2248] Failed to load user IP repository 'd:/ASUS-PC/Desktop/temporary/HSC/HSC/ip_repo/ps_pl_axi4_1.0'; Can't find the specified path.
If this directory should no longer be in your list of user repositories, go to the IP Settings dialog and remove it.
set_property  ip_repo_paths  {d:/ASUS-PC/Desktop/temporary/HSC/HSC/ip_repo/ps_pl_axi4_1.0 D:/ASUS-PC/Desktop/temporary/A_Radar/ip_repo/ps_pl_axi4_1.0} [current_project]
update_ip_catalog
INFO: [IP_Flow 19-234] Refreshing IP repositories
WARNING: [IP_Flow 19-2248] Failed to load user IP repository 'd:/ASUS-PC/Desktop/temporary/HSC/HSC/ip_repo/ps_pl_axi4_1.0'; Can't find the specified path.
If this directory should no longer be in your list of user repositories, go to the IP Settings dialog and remove it.
INFO: [IP_Flow 19-1700] Loaded user IP repository 'd:/ASUS-PC/Desktop/temporary/A_Radar/ip_repo/ps_pl_axi4_1.0'.
set_property  ip_repo_paths  d:/ASUS-PC/Desktop/temporary/A_Radar/ip_repo/ps_pl_axi4_1.0 [current_project]
update_ip_catalog
INFO: [IP_Flow 19-234] Refreshing IP repositories
INFO: [IP_Flow 19-1700] Loaded user IP repository 'd:/ASUS-PC/Desktop/temporary/A_Radar/ip_repo/ps_pl_axi4_1.0'.
add_files {D:/ASUS-PC/Desktop/temporary/A_Radar/ip_repo/new/ad_ctrl.vhd D:/ASUS-PC/Desktop/temporary/A_Radar/ip_repo/new/AD_DATA_FIFO_ASYNC.vhd D:/ASUS-PC/Desktop/temporary/A_Radar/ip_repo/new/ad_in_clk.vhd D:/ASUS-PC/Desktop/temporary/A_Radar/ip_repo/new/ad_out_clk.vhd D:/ASUS-PC/Desktop/temporary/A_Radar/ip_repo/new/trans_data.vhd D:/ASUS-PC/Desktop/temporary/A_Radar/ip_repo/new/TOP.vhd D:/ASUS-PC/Desktop/temporary/A_Radar/ip_repo/new/ads62p45.vhd D:/ASUS-PC/Desktop/temporary/A_Radar/ip_repo/new/para_check.vhd D:/ASUS-PC/Desktop/temporary/A_Radar/ip_repo/new/rx_data_fifo_async.vhd}
update_compile_order -fileset sources_1
generate_target all [get_files  D:/ASUS-PC/Desktop/temporary/A_Radar/A_Radar.srcs/sources_1/bd/system/system.bd]
INFO: [BD 41-1637] Generated targets are already up-to-date for block design 'system' - hence not re-generating.
export_ip_user_files -of_objects [get_files D:/ASUS-PC/Desktop/temporary/A_Radar/A_Radar.srcs/sources_1/bd/system/system.bd] -no_script -sync -force -quiet
create_ip_run [get_files -of_objects [get_fileset sources_1] D:/ASUS-PC/Desktop/temporary/A_Radar/A_Radar.srcs/sources_1/bd/system/system.bd]
export_simulation -of_objects [get_files D:/ASUS-PC/Desktop/temporary/A_Radar/A_Radar.srcs/sources_1/bd/system/system.bd] -directory D:/ASUS-PC/Desktop/temporary/A_Radar/A_Radar.ip_user_files/sim_scripts -ip_user_files_dir D:/ASUS-PC/Desktop/temporary/A_Radar/A_Radar.ip_user_files -ipstatic_source_dir D:/ASUS-PC/Desktop/temporary/A_Radar/A_Radar.ip_user_files/ipstatic -lib_map_path [list {modelsim=D:/ASUS-PC/Desktop/temporary/A_Radar/A_Radar.cache/compile_simlib/modelsim} {questa=D:/ASUS-PC/Desktop/temporary/A_Radar/A_Radar.cache/compile_simlib/questa} {riviera=D:/ASUS-PC/Desktop/temporary/A_Radar/A_Radar.cache/compile_simlib/riviera} {activehdl=D:/ASUS-PC/Desktop/temporary/A_Radar/A_Radar.cache/compile_simlib/activehdl}] -use_ip_compiled_libs -force -quiet
make_wrapper -files [get_files D:/ASUS-PC/Desktop/temporary/A_Radar/A_Radar.srcs/sources_1/bd/system/system.bd] -top
make_wrapper -files [get_files D:/ASUS-PC/Desktop/temporary/A_Radar/A_Radar.srcs/sources_1/bd/system/system.bd] -top
reset_run synth_1
WARNING: [Vivado 12-1017] Problems encountered:
1. Failed to delete one or more files in run directory D:/ASUS-PC/Desktop/temporary/A_Radar/A_Radar.runs/synth_1

launch_runs impl_1 -to_step write_bitstream -jobs 28
[Tue Feb 10 13:47:42 2026] Launched synth_1...
Run output will be captured here: D:/ASUS-PC/Desktop/temporary/A_Radar/A_Radar.runs/synth_1/runme.log
[Tue Feb 10 13:47:42 2026] Launched impl_1...
Run output will be captured here: D:/ASUS-PC/Desktop/temporary/A_Radar/A_Radar.runs/impl_1/runme.log
write_hw_platform -fixed -include_bit -force -file D:/ASUS-PC/Desktop/temporary/A_Radar/vitis/system_wrapper.xsa
INFO: [Vivado 12-4895] Creating Hardware Platform: D:/ASUS-PC/Desktop/temporary/A_Radar/vitis/system_wrapper.xsa ...
INFO: [Hsi 55-2053] elapsed time for repository (E:/Xilinx2021/Vivado/2021.1/data/embeddedsw) loading 0 seconds
INFO: [Vivado 12-12464] The Hardware Platform can be used for Hardware
INFO: [Vivado 12-4896] Successfully created Hardware Platform: D:/ASUS-PC/Desktop/temporary/A_Radar/vitis/system_wrapper.xsa
exit
INFO: [Common 17-206] Exiting Vivado at Tue Feb 10 15:22:08 2026...
