11:11:06 **** Build of project system_wrapper ****
buildplatform.bat 61081 system_wrapper  
XSDB Server Channel: tcfchan#15
Failed to generate the platform.
Reason: Error: Qemu arguments File given  E:/Xilinx2021/Vitis/2021.1/data/emulation/platforms/zynq/sw/a9_standalone/qemu/qemu_args.txt do not exist
    invoked from within
"::tcf::eval -progress {apply {{msg} {puts $msg}}} {tcf_send_command tcfchan#0 xsdb eval s es {{platform active system_wrapper; platform generate }}}"
    (procedure "::tcf::send_command" line 4)
    invoked from within
"tcf send_command $::xsdb::curchan xsdb eval s es [list "platform active $PLATFORM_NAME; platform generate $target"]"
    invoked from within
"if { $iswindows == 1 } {    

    set XSDB_PORT [lindex $argv 0]
    set PLATFORM_NAME [lindex $argv 1]
    set arglen [llength $argv]
    set lastind..."
    (file "D:/Xilinx/Vitis/2021.1\scripts\vitis\util\buildplatform.tcl" line 11)
11:11:07 **** Incremental Build of configuration Debug for project HSC ****
make all 
make --no-print-directory pre-build
a9-linaro-pre-build-step
' '
make --no-print-directory main-build
make[1]: Nothing to be done for 'main-build'.
11:11:08 **** Incremental Build of configuration Debug for project HSC_system ****
make all 
Generating bif file for the system project
generate_system_bif.bat 61081 E:/HSC_PRO/HSC/vitis/system_wrapper/export/system_wrapper/system_wrapper.xpfm freertos10_xilinx_ps7_cortexa9_0 E:/HSC_PRO/HSC/vitis/HSC_system/Debug/system.bif
sdcard_gen --xpfm E:/HSC_PRO/HSC/vitis/system_wrapper/export/system_wrapper/system_wrapper.xpfm --sys_config system_wrapper --bif E:/HSC_PRO/HSC/vitis/HSC_system/Debug/system.bif --bitstream E:/HSC_PRO/HSC/vitis/HSC/_ide/bitstream/system_wrapper.bit --elf E:/HSC_PRO/HSC/vitis/HSC/Debug/HSC.elf,ps7_cortexa9_0
creating BOOT.BIN using E:/HSC_PRO/HSC/vitis/HSC/_ide/bitstream/system_wrapper.bit
Running D:/Xilinx/Vitis/2021.1/bin/bootgen  -image E:/HSC_PRO/HSC/vitis/HSC_system/Debug/sd_card_temp/boot.bif -w -o i BOOT.BIN
