Copyright 1986-2021 Xilinx, Inc. All Rights Reserved.
----------------------------------------------------------------------------------------------------------------------------------------------------------------
| Tool Version     : Vivado v.2021.1.1 (win64) Build 3286242 Wed Jul 28 13:10:47 MDT 2021
| Date             : Mon Mar  9 10:47:32 2026
| Host             : FXT333 running 64-bit major release  (build 9200)
| Command          : report_power -file system_wrapper_power_routed.rpt -pb system_wrapper_power_summary_routed.pb -rpx system_wrapper_power_routed.rpx
| Design           : system_wrapper
| Device           : xc7z020clg400-2
| Design State     : routed
| Grade            : commercial
| Process          : typical
| Characterization : Production
----------------------------------------------------------------------------------------------------------------------------------------------------------------

Power Report

Table of Contents
-----------------
1. Summary
1.1 On-Chip Components
1.2 Power Supply Summary
1.3 Confidence Level
2. Settings
2.1 Environment
2.2 Clock Constraints
3. Detailed Reports
3.1 By Hierarchy

1. Summary
----------

+--------------------------+--------------+
| Total On-Chip Power (W)  | 2.006        |
| Design Power Budget (W)  | Unspecified* |
| Power Budget Margin (W)  | NA           |
| Dynamic (W)              | 1.847        |
| Device Static (W)        | 0.160        |
| Effective TJA (C/W)      | 11.5         |
| Max Ambient (C)          | 61.9         |
| Junction Temperature (C) | 48.1         |
| Confidence Level         | Low          |
| Setting File             | ---          |
| Simulation Activity File | ---          |
| Design Nets Matched      | NA           |
+--------------------------+--------------+
* Specify Design Power Budget using, set_operating_conditions -design_power_budget <value in Watts>


1.1 On-Chip Components
----------------------

+--------------------------+-----------+----------+-----------+-----------------+
| On-Chip                  | Power (W) | Used     | Available | Utilization (%) |
+--------------------------+-----------+----------+-----------+-----------------+
| Clocks                   |     0.026 |        6 |       --- |             --- |
| Slice Logic              |     0.006 |    12496 |       --- |             --- |
|   LUT as Logic           |     0.005 |     3363 |     53200 |            6.32 |
|   Register               |    <0.001 |     7080 |    106400 |            6.65 |
|   CARRY4                 |    <0.001 |      355 |     13300 |            2.67 |
|   BUFG                   |    <0.001 |        1 |        32 |            3.13 |
|   LUT as Shift Register  |    <0.001 |      145 |     17400 |            0.83 |
|   LUT as Distributed RAM |    <0.001 |       16 |     17400 |            0.09 |
|   F7/F8 Muxes            |    <0.001 |      224 |     53200 |            0.42 |
|   Others                 |     0.000 |      515 |       --- |             --- |
| Signals                  |     0.013 |     9454 |       --- |             --- |
| Block RAM                |     0.108 |       73 |       140 |           52.14 |
| MMCM                     |     0.160 |        2 |         4 |           50.00 |
| I/O                      |    <0.001 |       40 |       125 |           32.00 |
| PS7                      |     1.533 |        1 |       --- |             --- |
| Static Power             |     0.160 |          |           |                 |
| Total                    |     2.006 |          |           |                 |
+--------------------------+-----------+----------+-----------+-----------------+


1.2 Power Supply Summary
------------------------

+-----------+-------------+-----------+-------------+------------+-------------+-------------+------------+
| Source    | Voltage (V) | Total (A) | Dynamic (A) | Static (A) | Powerup (A) | Budget (A)  | Margin (A) |
+-----------+-------------+-----------+-------------+------------+-------------+-------------+------------+
| Vccint    |       1.000 |     0.163 |       0.143 |      0.020 |       NA    | Unspecified | NA         |
| Vccaux    |       1.800 |     0.105 |       0.089 |      0.016 |       NA    | Unspecified | NA         |
| Vcco33    |       3.300 |     0.001 |       0.000 |      0.001 |       NA    | Unspecified | NA         |
| Vcco25    |       2.500 |     0.000 |       0.000 |      0.000 |       NA    | Unspecified | NA         |
| Vcco18    |       1.800 |     0.000 |       0.000 |      0.000 |       NA    | Unspecified | NA         |
| Vcco15    |       1.500 |     0.000 |       0.000 |      0.000 |       NA    | Unspecified | NA         |
| Vcco135   |       1.350 |     0.000 |       0.000 |      0.000 |       NA    | Unspecified | NA         |
| Vcco12    |       1.200 |     0.000 |       0.000 |      0.000 |       NA    | Unspecified | NA         |
| Vccaux_io |       1.800 |     0.000 |       0.000 |      0.000 |       NA    | Unspecified | NA         |
| Vccbram   |       1.000 |     0.016 |       0.010 |      0.006 |       NA    | Unspecified | NA         |
| MGTAVcc   |       1.000 |     0.000 |       0.000 |      0.000 |       NA    | Unspecified | NA         |
| MGTAVtt   |       1.200 |     0.000 |       0.000 |      0.000 |       NA    | Unspecified | NA         |
| MGTVccaux |       1.800 |     0.000 |       0.000 |      0.000 |       NA    | Unspecified | NA         |
| Vccpint   |       1.000 |     0.756 |       0.722 |      0.034 |       NA    | Unspecified | NA         |
| Vccpaux   |       1.800 |     0.061 |       0.051 |      0.010 |       NA    | Unspecified | NA         |
| Vccpll    |       1.800 |     0.017 |       0.014 |      0.003 |       NA    | Unspecified | NA         |
| Vcco_ddr  |       1.500 |     0.459 |       0.457 |      0.002 |       NA    | Unspecified | NA         |
| Vcco_mio0 |       1.800 |     0.004 |       0.003 |      0.001 |       NA    | Unspecified | NA         |
| Vcco_mio1 |       1.800 |     0.003 |       0.002 |      0.001 |       NA    | Unspecified | NA         |
| Vccadc    |       1.800 |     0.020 |       0.000 |      0.020 |       NA    | Unspecified | NA         |
+-----------+-------------+-----------+-------------+------------+-------------+-------------+------------+


1.3 Confidence Level
--------------------

+-----------------------------+------------+--------------------------------------------------------+------------------------------------------------------------------------------------------------------------+
| User Input Data             | Confidence | Details                                                | Action                                                                                                     |
+-----------------------------+------------+--------------------------------------------------------+------------------------------------------------------------------------------------------------------------+
| Design implementation state | High       | Design is routed                                       |                                                                                                            |
| Clock nodes activity        | High       | User specified more than 95% of clocks                 |                                                                                                            |
| I/O nodes activity          | Low        | More than 75% of inputs are missing user specification | Provide missing input activity with simulation results or by editing the "By Resource Type -> I/Os" view   |
| Internal nodes activity     | Medium     | User specified less than 25% of internal nodes         | Provide missing internal nodes activity with simulation results or by editing the "By Resource Type" views |
| Device models               | High       | Device models are Production                           |                                                                                                            |
|                             |            |                                                        |                                                                                                            |
| Overall confidence level    | Low        |                                                        |                                                                                                            |
+-----------------------------+------------+--------------------------------------------------------+------------------------------------------------------------------------------------------------------------+


2. Settings
-----------

2.1 Environment
---------------

+-----------------------+------------------------+
| Ambient Temp (C)      | 25.0                   |
| ThetaJA (C/W)         | 11.5                   |
| Airflow (LFM)         | 250                    |
| Heat Sink             | none                   |
| ThetaSA (C/W)         | 0.0                    |
| Board Selection       | medium (10"x10")       |
| # of Board Layers     | 8to11 (8 to 11 Layers) |
| Board Temperature (C) | 25.0                   |
+-----------------------+------------------------+


2.2 Clock Constraints
---------------------

+-------------+----------------------------------------------------------------------+-----------------+
| Clock       | Domain                                                               | Constraint (ns) |
+-------------+----------------------------------------------------------------------+-----------------+
| ad_clk_in_0 | ad_clk_in_0                                                          |            25.0 |
| clk_fpga_0  | system_i/processing_system7_0/inst/FCLK_CLK_unbuffered[0]            |            10.0 |
| clkfbout    | system_i/TOP_0/U0/inst_ad_ctrl/inst_ads62p45/inst_ad_in_clk/clkfbout |            25.0 |
| clkout0     | system_i/TOP_0/U0/inst_ad_ctrl/inst_ads62p45/inst_ad_in_clk/clkout0  |            25.0 |
+-------------+----------------------------------------------------------------------+-----------------+


3. Detailed Reports
-------------------

3.1 By Hierarchy
----------------

+--------------------------+-----------+
| Name                     | Power (W) |
+--------------------------+-----------+
| system_wrapper           |     1.847 |
|   system_i               |     1.846 |
|     TOP_0                |     0.288 |
|       U0                 |     0.288 |
|     axi_dma_0            |     0.007 |
|       U0                 |     0.007 |
|     axi_mem_intercon     |     0.001 |
|       s00_couplers       |     0.001 |
|     processing_system7_0 |     1.534 |
|       inst               |     1.534 |
|     ps7_0_axi_periph     |     0.004 |
|       s00_couplers       |     0.004 |
|     ps_pl_axi4_0         |     0.010 |
|       U0                 |     0.010 |
+--------------------------+-----------+


