#-----------------------------------------------------------
# Vivado v2021.1 (64-bit)
# SW Build 3247384 on Thu Jun 10 19:36:33 MDT 2021
# IP Build 3246043 on Fri Jun 11 00:30:35 MDT 2021
# Start of session at: Thu Jan 29 09:15:08 2026
# Process ID: 14536
# Current directory: E:/HSC_PRO/HSC
# Command line: vivado.exe -gui_launcher_event rodinguilauncherevent49812 E:\HSC_PRO\HSC\HSC.xpr
# Log file: E:/HSC_PRO/HSC/vivado.log
# Journal file: E:/HSC_PRO/HSC\vivado.jou
#-----------------------------------------------------------
start_gui
open_project E:/HSC_PRO/HSC/HSC.xpr
Scanning sources...
Finished scanning sources
INFO: [IP_Flow 19-234] Refreshing IP repositories
INFO: [IP_Flow 19-1700] Loaded user IP repository 'e:/HSC_PRO/HSC/ip_repo/ps_pl_axi4_1.0'.
INFO: [IP_Flow 19-2313] Loaded Vivado IP repository 'D:/Xilinx/Vivado/2021.1/data/ip'.
open_project: Time (s): cpu = 00:00:15 ; elapsed = 00:00:11 . Memory (MB): peak = 1619.516 ; gain = 0.000
update_compile_order -fileset sources_1
