#-----------------------------------------------------------
# Vivado v2021.1.1 (64-bit)
# SW Build 3286242 on Wed Jul 28 13:10:47 MDT 2021
# IP Build 3279568 on Wed Jul 28 16:48:48 MDT 2021
# Start of session at: Tue Feb 10 10:17:02 2026
# Process ID: 19700
# Current directory: D:/ASUS-PC/Desktop/temporary/HSC
# Command line: vivado.exe -gui_launcher_event rodinguilauncherevent51628 D:\ASUS-PC\Desktop\temporary\HSC\HSC.xpr
# Log file: D:/ASUS-PC/Desktop/temporary/HSC/vivado.log
# Journal file: D:/ASUS-PC/Desktop/temporary/HSC\vivado.jou
#-----------------------------------------------------------
start_gui
open_project D:/ASUS-PC/Desktop/temporary/HSC/HSC.xpr
INFO: [Project 1-313] Project file moved from 'E:/HSC_PRO/HSC' since last save.
CRITICAL WARNING: [Project 1-311] Could not find the file 'D:/ASUS-PC/Desktop/temporary/AD_SAMP/AD_SAMP.srcs/sources_1/new/AD_DATA_FIFO_ASYNC.vhd', nor could it be found using path 'E:/HSC_PRO/AD_SAMP/AD_SAMP.srcs/sources_1/new/AD_DATA_FIFO_ASYNC.vhd'.
CRITICAL WARNING: [Project 1-311] Could not find the file 'D:/ASUS-PC/Desktop/temporary/AD_SAMP/AD_SAMP.srcs/sources_1/new/para_check.vhd', nor could it be found using path 'E:/HSC_PRO/AD_SAMP/AD_SAMP.srcs/sources_1/new/para_check.vhd'.
CRITICAL WARNING: [Project 1-311] Could not find the file 'D:/ASUS-PC/Desktop/temporary/AD_SAMP/AD_SAMP.srcs/sources_1/new/ad_ctrl.vhd', nor could it be found using path 'E:/HSC_PRO/AD_SAMP/AD_SAMP.srcs/sources_1/new/ad_ctrl.vhd'.
CRITICAL WARNING: [Project 1-311] Could not find the file 'D:/ASUS-PC/Desktop/temporary/AD_SAMP/AD_SAMP.srcs/sources_1/new/ad_in_clk.vhd', nor could it be found using path 'E:/HSC_PRO/AD_SAMP/AD_SAMP.srcs/sources_1/new/ad_in_clk.vhd'.
CRITICAL WARNING: [Project 1-311] Could not find the file 'D:/ASUS-PC/Desktop/temporary/AD_SAMP/AD_SAMP.srcs/sources_1/new/ad_out_clk.vhd', nor could it be found using path 'E:/HSC_PRO/AD_SAMP/AD_SAMP.srcs/sources_1/new/ad_out_clk.vhd'.
CRITICAL WARNING: [Project 1-311] Could not find the file 'D:/ASUS-PC/Desktop/temporary/AD_SAMP/AD_SAMP.srcs/sources_1/new/ads62p45.vhd', nor could it be found using path 'E:/HSC_PRO/AD_SAMP/AD_SAMP.srcs/sources_1/new/ads62p45.vhd'.
CRITICAL WARNING: [Project 1-311] Could not find the file 'D:/ASUS-PC/Desktop/temporary/AD_SAMP/AD_SAMP.srcs/sources_1/new/rx_data_fifo_async.vhd', nor could it be found using path 'E:/HSC_PRO/AD_SAMP/AD_SAMP.srcs/sources_1/new/rx_data_fifo_async.vhd'.
CRITICAL WARNING: [Project 1-311] Could not find the file 'D:/ASUS-PC/Desktop/temporary/AD_SAMP/AD_SAMP.srcs/sources_1/new/trans_data.vhd', nor could it be found using path 'E:/HSC_PRO/AD_SAMP/AD_SAMP.srcs/sources_1/new/trans_data.vhd'.
CRITICAL WARNING: [Project 1-311] Could not find the file 'D:/ASUS-PC/Desktop/temporary/AD_SAMP/AD_SAMP.srcs/sources_1/new/TOP.vhd', nor could it be found using path 'E:/HSC_PRO/AD_SAMP/AD_SAMP.srcs/sources_1/new/TOP.vhd'.
Scanning sources...
Finished scanning sources
INFO: [IP_Flow 19-234] Refreshing IP repositories
INFO: [IP_Flow 19-1700] Loaded user IP repository 'd:/ASUS-PC/Desktop/temporary/HSC/ip_repo/ps_pl_axi4_1.0'.
INFO: [IP_Flow 19-2313] Loaded Vivado IP repository 'E:/Xilinx2021/Vivado/2021.1/data/ip'.
update_compile_order -fileset sources_1
open_bd_design {D:/ASUS-PC/Desktop/temporary/HSC/HSC.srcs/sources_1/bd/system/system.bd}
Reading block design file <D:/ASUS-PC/Desktop/temporary/HSC/HSC.srcs/sources_1/bd/system/system.bd>...
Adding component instance block -- xilinx.com:ip:processing_system7:5.5 - processing_system7_0
Adding component instance block -- xilinx.com:ip:xlconcat:2.1 - xlconcat_0
Adding component instance block -- xilinx.com:ip:axi_dma:7.1 - axi_dma_0
Adding component instance block -- xilinx.com:ip:proc_sys_reset:5.0 - rst_ps7_0_100M
Adding component instance block -- xilinx.com:user:ps_pl_axi4:1.0 - ps_pl_axi4_0
Adding component instance block -- xilinx.com:ip:axi_interconnect:2.1 - ps7_0_axi_periph
Adding component instance block -- xilinx.com:ip:axi_crossbar:2.1 - xbar
Adding component instance block -- xilinx.com:ip:axi_protocol_converter:2.1 - auto_pc
Adding component instance block -- xilinx.com:ip:axi_interconnect:2.1 - axi_mem_intercon
Adding component instance block -- xilinx.com:ip:axi_protocol_converter:2.1 - auto_pc
Adding component instance block -- xilinx.com:ip:axis_data_fifo:2.0 - axis_data_fifo_0
Adding component instance block -- xilinx.com:module_ref:TOP:1.0 - TOP_0
CRITICAL WARNING: [BD 41-1726] Unable to resolve module-source for block '/TOP_0'.
Given inputs for module-source, Top-module name : TOP, Module Type : RTL.
Please review and update or add design-sources to this project to resolve this module-reference.
Excluding slave segment /processing_system7_0/S_AXI_HP0/HP0_DDR_LOWOCM from address space /processing_system7_0/Data.
Excluding slave segment /processing_system7_0/S_AXI_HP0/HP0_DDR_LOWOCM from address space /processing_system7_0/Data.
Excluding slave segment /axi_dma_0/S_AXI_LITE/Reg from address space /axi_dma_0/Data_S2MM.
Excluding slave segment /ps_pl_axi4_0/S00_AXI/S00_AXI_reg from address space /axi_dma_0/Data_S2MM.
Successfully read diagram <system> from block design file <D:/ASUS-PC/Desktop/temporary/HSC/HSC.srcs/sources_1/bd/system/system.bd>
generate_target all [get_files  D:/ASUS-PC/Desktop/temporary/HSC/HSC.srcs/sources_1/bd/system/system.bd]
WARNING: [BD 41-2670] Found an incomplete address path from address space '/axi_dma_0/Data_S2MM' to slave segment '/ps_pl_axi4_0/S00_AXI/S00_AXI_reg'. Please either complete or remove this path to resolve.
WARNING: [BD 41-702] Propagation TCL tries to overwrite USER strength parameter C_M_AXI_S2MM_DATA_WIDTH(64) on '/axi_dma_0' with propagated value(32). Command ignored
WARNING: [BD 41-702] Propagation TCL tries to overwrite USER strength parameter C_M_AXI_S2MM_DATA_WIDTH(64) on '/axi_dma_0' with propagated value(32). Command ignored
WARNING: [BD 41-702] Propagation TCL tries to overwrite USER strength parameter C_M_AXI_S2MM_DATA_WIDTH(64) on '/axi_dma_0' with propagated value(32). Command ignored
WARNING: [BD 41-702] Propagation TCL tries to overwrite USER strength parameter C_M_AXI_S2MM_DATA_WIDTH(64) on '/axi_dma_0' with propagated value(32). Command ignored
WARNING: [BD 41-702] Propagation TCL tries to overwrite USER strength parameter C_M_AXI_S2MM_DATA_WIDTH(64) on '/axi_dma_0' with propagated value(32). Command ignored
WARNING: [BD 41-702] Propagation TCL tries to overwrite USER strength parameter C_M_AXI_S2MM_DATA_WIDTH(64) on '/axi_dma_0' with propagated value(32). Command ignored
WARNING: [BD 41-702] Propagation TCL tries to overwrite USER strength parameter C_M_AXI_S2MM_DATA_WIDTH(64) on '/axi_dma_0' with propagated value(32). Command ignored
Wrote  : <D:\ASUS-PC\Desktop\temporary\HSC\HSC.srcs\sources_1\bd\system\system.bd> 
VHDL Output written to : d:/ASUS-PC/Desktop/temporary/HSC/HSC.gen/sources_1/bd/system/synth/system.vhd
VHDL Output written to : d:/ASUS-PC/Desktop/temporary/HSC/HSC.gen/sources_1/bd/system/sim/system.vhd
VHDL Output written to : d:/ASUS-PC/Desktop/temporary/HSC/HSC.gen/sources_1/bd/system/hdl/system_wrapper.vhd
INFO: [BD 41-1029] Generation completed for the IP Integrator block TOP_0 .
WARNING: [IP_Flow 19-4994] Overwriting existing constraint file 'd:/ASUS-PC/Desktop/temporary/HSC/HSC.gen/sources_1/bd/system/ip/system_auto_pc_0/system_auto_pc_0_ooc.xdc'
INFO: [BD 41-1029] Generation completed for the IP Integrator block ps7_0_axi_periph/s00_couplers/auto_pc .
WARNING: [IP_Flow 19-4994] Overwriting existing constraint file 'd:/ASUS-PC/Desktop/temporary/HSC/HSC.gen/sources_1/bd/system/ip/system_auto_pc_1/system_auto_pc_1_ooc.xdc'
INFO: [BD 41-1029] Generation completed for the IP Integrator block axi_mem_intercon/s00_couplers/auto_pc .
Exporting to file d:/ASUS-PC/Desktop/temporary/HSC/HSC.gen/sources_1/bd/system/hw_handoff/system.hwh
Generated Block Design Tcl file d:/ASUS-PC/Desktop/temporary/HSC/HSC.gen/sources_1/bd/system/hw_handoff/system_bd.tcl
Generated Hardware Definition File d:/ASUS-PC/Desktop/temporary/HSC/HSC.gen/sources_1/bd/system/synth/system.hwdef
generate_target: Time (s): cpu = 00:00:06 ; elapsed = 00:00:06 . Memory (MB): peak = 1637.969 ; gain = 130.906
catch { config_ip_cache -export [get_ips -all system_TOP_0_7] }
catch { config_ip_cache -export [get_ips -all system_auto_pc_0] }
catch { config_ip_cache -export [get_ips -all system_auto_pc_1] }
export_ip_user_files -of_objects [get_files D:/ASUS-PC/Desktop/temporary/HSC/HSC.srcs/sources_1/bd/system/system.bd] -no_script -sync -force -quiet
create_ip_run [get_files -of_objects [get_fileset sources_1] D:/ASUS-PC/Desktop/temporary/HSC/HSC.srcs/sources_1/bd/system/system.bd]
launch_runs system_TOP_0_7_synth_1 system_auto_pc_0_synth_1 system_auto_pc_1_synth_1 -jobs 28
ERROR: [filemgmt 56-587] Failed to resolve reference. Nothing was found in the project to match the name TOP Try changing the compile order from manual to automatic. 
ERROR: [Runs 36-346] File 'D:/ASUS-PC/Desktop/temporary/HSC/HSC.srcs/sources_1/bd/system/ip/system_TOP_0_7/system_TOP_0_7.xci' needed for run contains invalid reference(s).
add_files {D:/ASUS-PC/Desktop/temporary/test/HSC/ip_repo/new/trans_data.vhd D:/ASUS-PC/Desktop/temporary/test/HSC/ip_repo/new/AD_DATA_FIFO_ASYNC.vhd D:/ASUS-PC/Desktop/temporary/test/HSC/ip_repo/new/ad_in_clk.vhd D:/ASUS-PC/Desktop/temporary/test/HSC/ip_repo/new/ad_ctrl.vhd D:/ASUS-PC/Desktop/temporary/test/HSC/ip_repo/new/ad_out_clk.vhd D:/ASUS-PC/Desktop/temporary/test/HSC/ip_repo/new/para_check.vhd D:/ASUS-PC/Desktop/temporary/test/HSC/ip_repo/new/ads62p45.vhd D:/ASUS-PC/Desktop/temporary/test/HSC/ip_repo/new/rx_data_fifo_async.vhd D:/ASUS-PC/Desktop/temporary/test/HSC/ip_repo/new/TOP.vhd}
update_compile_order -fileset sources_1
update_module_reference system_TOP_0_7
INFO: [IP_Flow 19-5107] Inferred bus interface 'm_axis' of definition 'xilinx.com:interface:axis:1.0' (from Xilinx Repository).
INFO: [IP_Flow 19-5107] Inferred bus interface 'AD_RESET' of definition 'xilinx.com:signal:reset:1.0' (from Xilinx Repository).
INFO: [IP_Flow 19-5107] Inferred bus interface 'ps_clk' of definition 'xilinx.com:signal:clock:1.0' (from Xilinx Repository).
WARNING: [IP_Flow 19-3158] Bus Interface 'm_axis': FREQ_HZ bus parameter missing from AXI interface when interface is not associated to a clock.
WARNING: [IP_Flow 19-5661] Bus Interface 'ps_clk' does not have any bus interfaces associated with it.
INFO: [IP_Flow 19-234] Refreshing IP repositories
INFO: [IP_Flow 19-1700] Loaded user IP repository 'd:/ASUS-PC/Desktop/temporary/HSC/ip_repo/ps_pl_axi4_1.0'.
Upgrading 'D:/ASUS-PC/Desktop/temporary/HSC/HSC.srcs/sources_1/bd/system/system.bd'
INFO: [IP_Flow 19-1972] Upgraded system_TOP_0_7 from TOP_v1_0 1.0 to TOP_v1_0 1.0
Wrote  : <D:\ASUS-PC\Desktop\temporary\HSC\HSC.srcs\sources_1\bd\system\system.bd> 
export_ip_user_files -of_objects  [get_files D:/ASUS-PC/Desktop/temporary/test/HSC/ip_repo/new/para_check.vhd] -no_script -reset -force -quiet
export_ip_user_files -of_objects  [get_files D:/ASUS-PC/Desktop/temporary/test/HSC/ip_repo/new/TOP.vhd] -no_script -reset -force -quiet
remove_files  {D:/ASUS-PC/Desktop/temporary/test/HSC/ip_repo/new/para_check.vhd D:/ASUS-PC/Desktop/temporary/test/HSC/ip_repo/new/TOP.vhd}
update_module_reference system_TOP_0_7
ERROR: [filemgmt 56-587] Failed to resolve reference. Nothing was found in the project to match the name TOP Try changing the compile order from manual to automatic. 
ERROR: [Common 17-39] 'update_module_reference' failed due to earlier errors.
update_compile_order -fileset sources_1
export_ip_user_files -of_objects  [get_files D:/ASUS-PC/Desktop/temporary/test/HSC/ip_repo/new/trans_data.vhd] -no_script -reset -force -quiet
remove_files  D:/ASUS-PC/Desktop/temporary/test/HSC/ip_repo/new/trans_data.vhd
export_ip_user_files -of_objects  [get_files D:/ASUS-PC/Desktop/temporary/test/HSC/ip_repo/new/ad_ctrl.vhd] -no_script -reset -force -quiet
remove_files  D:/ASUS-PC/Desktop/temporary/test/HSC/ip_repo/new/ad_ctrl.vhd
export_ip_user_files -of_objects  [get_files D:/ASUS-PC/Desktop/temporary/test/HSC/ip_repo/new/rx_data_fifo_async.vhd] -no_script -reset -force -quiet
remove_files  D:/ASUS-PC/Desktop/temporary/test/HSC/ip_repo/new/rx_data_fifo_async.vhd
export_ip_user_files -of_objects  [get_files D:/ASUS-PC/Desktop/temporary/test/HSC/ip_repo/new/ads62p45.vhd] -no_script -reset -force -quiet
remove_files  D:/ASUS-PC/Desktop/temporary/test/HSC/ip_repo/new/ads62p45.vhd
export_ip_user_files -of_objects  [get_files D:/ASUS-PC/Desktop/temporary/test/HSC/ip_repo/new/AD_DATA_FIFO_ASYNC.vhd] -no_script -reset -force -quiet
remove_files  D:/ASUS-PC/Desktop/temporary/test/HSC/ip_repo/new/AD_DATA_FIFO_ASYNC.vhd
remove_files  D:/ASUS-PC/Desktop/temporary/test/HSC/ip_repo/new/ads62p45.vhd
WARNING: [Vivado 12-818] No files matched 'D:/ASUS-PC/Desktop/temporary/test/HSC/ip_repo/new/ads62p45.vhd'
remove_files  D:/ASUS-PC/Desktop/temporary/test/HSC/ip_repo/new/AD_DATA_FIFO_ASYNC.vhd
WARNING: [Vivado 12-818] No files matched 'D:/ASUS-PC/Desktop/temporary/test/HSC/ip_repo/new/AD_DATA_FIFO_ASYNC.vhd'
export_ip_user_files -of_objects  [get_files D:/ASUS-PC/Desktop/temporary/test/HSC/ip_repo/new/ad_in_clk.vhd] -no_script -reset -force -quiet
remove_files  D:/ASUS-PC/Desktop/temporary/test/HSC/ip_repo/new/ad_in_clk.vhd
export_ip_user_files -of_objects  [get_files D:/ASUS-PC/Desktop/temporary/test/HSC/ip_repo/new/ad_out_clk.vhd] -no_script -reset -force -quiet
remove_files  D:/ASUS-PC/Desktop/temporary/test/HSC/ip_repo/new/ad_out_clk.vhd
add_files {D:/ASUS-PC/Desktop/temporary/test/HSC/ip_repo/new/trans_data.vhd D:/ASUS-PC/Desktop/temporary/test/HSC/ip_repo/new/AD_DATA_FIFO_ASYNC.vhd D:/ASUS-PC/Desktop/temporary/test/HSC/ip_repo/new/ad_in_clk.vhd D:/ASUS-PC/Desktop/temporary/test/HSC/ip_repo/new/ad_ctrl.vhd D:/ASUS-PC/Desktop/temporary/test/HSC/ip_repo/new/ad_out_clk.vhd D:/ASUS-PC/Desktop/temporary/test/HSC/ip_repo/new/para_check.vhd D:/ASUS-PC/Desktop/temporary/test/HSC/ip_repo/new/ads62p45.vhd D:/ASUS-PC/Desktop/temporary/test/HSC/ip_repo/new/rx_data_fifo_async.vhd D:/ASUS-PC/Desktop/temporary/test/HSC/ip_repo/new/TOP.vhd}
update_compile_order -fileset sources_1
delete_bd_objs [get_bd_nets TOP_0_AD_RESET] [get_bd_nets TOP_0_AD_CTRL1] [get_bd_nets clk_in_0_1] [get_bd_nets triger_in_tr_0_1] [get_bd_nets TOP_0_clk_ad_out] [get_bd_intf_nets TOP_0_m_axis] [get_bd_nets AD_DB_0_1] [get_bd_nets TOP_0_AD_CTRL2] [get_bd_nets TOP_0_AD_CTRL3] [get_bd_nets triger_in_pos_0_1] [get_bd_nets ps_pl_axi4_0_rx_cmd_valid] [get_bd_nets ps_pl_axi4_0_rx_data_valid] [get_bd_nets ps_pl_axi4_0_rx_data_last] [get_bd_nets TOP_0_tx_data_data] [get_bd_nets TOP_0_AD_SEN] [get_bd_nets AD_DA_0_1] [get_bd_nets TOP_0_clk_dir] [get_bd_nets ps_pl_axi4_0_rx_cmd] [get_bd_nets TOP_0_tx_data_valid] [get_bd_nets TOP_0_tx_data_last] [get_bd_nets TOP_0_AD_SDATA] [get_bd_nets TOP_0_AD_SCLK] [get_bd_nets ad_clk_in_0_1] [get_bd_nets ps_pl_axi4_0_rx_data_data] [get_bd_nets TOP_0_tx_cmd] [get_bd_nets TOP_0_tx_cmd_valid] [get_bd_cells TOP_0]
update_compile_order -fileset sources_1
delete_bd_objs [get_bd_ports clk_ad_out_0] [get_bd_ports AD_SDATA_0] [get_bd_ports AD_CTRL2_0] [get_bd_ports AD_SEN_0] [get_bd_ports AD_RESET_0] [get_bd_ports clk_dir_0] [get_bd_ports AD_CTRL1_0] [get_bd_ports AD_SCLK_0] [get_bd_ports AD_CTRL3_0]
delete_bd_objs [get_bd_ports triger_in_pos_0] [get_bd_ports ad_clk_in_0] [get_bd_ports clk_in_0] [get_bd_ports triger_in_tr_0] [get_bd_ports AD_DA_0] [get_bd_ports AD_DB_0]
export_ip_user_files -of_objects  [get_files D:/ASUS-PC/Desktop/temporary/test/HSC/ip_repo/new/TOP.vhd] -no_script -reset -force -quiet
remove_files  D:/ASUS-PC/Desktop/temporary/test/HSC/ip_repo/new/TOP.vhd
remove_files  D:/ASUS-PC/Desktop/temporary/test/HSC/ip_repo/new/TOP.vhd
WARNING: [Vivado 12-818] No files matched 'D:/ASUS-PC/Desktop/temporary/test/HSC/ip_repo/new/TOP.vhd'
export_ip_user_files -of_objects  [get_files D:/ASUS-PC/Desktop/temporary/test/HSC/ip_repo/new/trans_data.vhd] -no_script -reset -force -quiet
remove_files  D:/ASUS-PC/Desktop/temporary/test/HSC/ip_repo/new/trans_data.vhd
export_ip_user_files -of_objects  [get_files D:/ASUS-PC/Desktop/temporary/test/HSC/ip_repo/new/ad_ctrl.vhd] -no_script -reset -force -quiet
remove_files  D:/ASUS-PC/Desktop/temporary/test/HSC/ip_repo/new/ad_ctrl.vhd
export_ip_user_files -of_objects  [get_files D:/ASUS-PC/Desktop/temporary/test/HSC/ip_repo/new/rx_data_fifo_async.vhd] -no_script -reset -force -quiet
remove_files  D:/ASUS-PC/Desktop/temporary/test/HSC/ip_repo/new/rx_data_fifo_async.vhd
export_ip_user_files -of_objects  [get_files D:/ASUS-PC/Desktop/temporary/test/HSC/ip_repo/new/ads62p45.vhd] -no_script -reset -force -quiet
remove_files  D:/ASUS-PC/Desktop/temporary/test/HSC/ip_repo/new/ads62p45.vhd
export_ip_user_files -of_objects  [get_files D:/ASUS-PC/Desktop/temporary/test/HSC/ip_repo/new/AD_DATA_FIFO_ASYNC.vhd] -no_script -reset -force -quiet
remove_files  D:/ASUS-PC/Desktop/temporary/test/HSC/ip_repo/new/AD_DATA_FIFO_ASYNC.vhd
export_ip_user_files -of_objects  [get_files D:/ASUS-PC/Desktop/temporary/test/HSC/ip_repo/new/para_check.vhd] -no_script -reset -force -quiet
remove_files  D:/ASUS-PC/Desktop/temporary/test/HSC/ip_repo/new/para_check.vhd
export_ip_user_files -of_objects  [get_files D:/ASUS-PC/Desktop/temporary/test/HSC/ip_repo/new/ad_in_clk.vhd] -no_script -reset -force -quiet
remove_files  D:/ASUS-PC/Desktop/temporary/test/HSC/ip_repo/new/ad_in_clk.vhd
export_ip_user_files -of_objects  [get_files D:/ASUS-PC/Desktop/temporary/test/HSC/ip_repo/new/ad_out_clk.vhd] -no_script -reset -force -quiet
remove_files  D:/ASUS-PC/Desktop/temporary/test/HSC/ip_repo/new/ad_out_clk.vhd
update_module_reference system_TOP_0_7
ERROR: [filemgmt 56-587] Failed to resolve reference. Nothing was found in the project to match the name TOP Try changing the compile order from manual to automatic. 
ERROR: [Common 17-39] 'update_module_reference' failed due to earlier errors.
add_files {D:/ASUS-PC/Desktop/temporary/test/HSC/ip_repo/new/trans_data.vhd D:/ASUS-PC/Desktop/temporary/test/HSC/ip_repo/new/AD_DATA_FIFO_ASYNC.vhd D:/ASUS-PC/Desktop/temporary/test/HSC/ip_repo/new/ad_in_clk.vhd D:/ASUS-PC/Desktop/temporary/test/HSC/ip_repo/new/ad_ctrl.vhd D:/ASUS-PC/Desktop/temporary/test/HSC/ip_repo/new/ad_out_clk.vhd D:/ASUS-PC/Desktop/temporary/test/HSC/ip_repo/new/para_check.vhd D:/ASUS-PC/Desktop/temporary/test/HSC/ip_repo/new/ads62p45.vhd D:/ASUS-PC/Desktop/temporary/test/HSC/ip_repo/new/rx_data_fifo_async.vhd D:/ASUS-PC/Desktop/temporary/test/HSC/ip_repo/new/TOP.vhd}
update_compile_order -fileset sources_1
save_bd_design
Wrote  : <D:\ASUS-PC\Desktop\temporary\HSC\HSC.srcs\sources_1\bd\system\system.bd> 
Wrote  : <D:/ASUS-PC/Desktop/temporary/HSC/HSC.srcs/sources_1/bd/system/ui/bd_c954508f.ui> 
reset_run synth_1
WARNING: [Vivado 12-1017] Problems encountered:
1. Failed to delete one or more files in run directory D:/ASUS-PC/Desktop/temporary/HSC/HSC.runs/synth_1

launch_runs synth_1 -jobs 28
WARNING: [BD 41-2670] Found an incomplete address path from address space '/axi_dma_0/Data_S2MM' to slave segment '/ps_pl_axi4_0/S00_AXI/S00_AXI_reg'. Please either complete or remove this path to resolve.
WARNING: [BD 41-702] Propagation TCL tries to overwrite USER strength parameter C_M_AXI_S2MM_DATA_WIDTH(64) on '/axi_dma_0' with propagated value(32). Command ignored
WARNING: [BD 41-702] Propagation TCL tries to overwrite USER strength parameter C_M_AXI_S2MM_DATA_WIDTH(64) on '/axi_dma_0' with propagated value(32). Command ignored
WARNING: [BD 41-702] Propagation TCL tries to overwrite USER strength parameter C_M_AXI_S2MM_DATA_WIDTH(64) on '/axi_dma_0' with propagated value(32). Command ignored
WARNING: [BD 41-702] Propagation TCL tries to overwrite USER strength parameter C_M_AXI_S2MM_DATA_WIDTH(64) on '/axi_dma_0' with propagated value(32). Command ignored
WARNING: [BD 41-702] Propagation TCL tries to overwrite USER strength parameter C_M_AXI_S2MM_DATA_WIDTH(64) on '/axi_dma_0' with propagated value(32). Command ignored
WARNING: [BD 41-702] Propagation TCL tries to overwrite USER strength parameter C_M_AXI_S2MM_DATA_WIDTH(64) on '/axi_dma_0' with propagated value(32). Command ignored
WARNING: [BD 41-702] Propagation TCL tries to overwrite USER strength parameter C_M_AXI_S2MM_DATA_WIDTH(64) on '/axi_dma_0' with propagated value(32). Command ignored
CRITICAL WARNING: [BD 41-759] The input pins (listed below) are either not connected or do not have a source port, and they don't have a tie-off specified. These pins are tied-off to all 0's to avoid error in Implementation flow.
Please check your design and connect them as needed: 
/ps_pl_axi4_0/tx_cmd
/ps_pl_axi4_0/tx_cmd_valid

Wrote  : <D:\ASUS-PC\Desktop\temporary\HSC\HSC.srcs\sources_1\bd\system\system.bd> 
VHDL Output written to : d:/ASUS-PC/Desktop/temporary/HSC/HSC.gen/sources_1/bd/system/synth/system.vhd
VHDL Output written to : d:/ASUS-PC/Desktop/temporary/HSC/HSC.gen/sources_1/bd/system/sim/system.vhd
VHDL Output written to : d:/ASUS-PC/Desktop/temporary/HSC/HSC.gen/sources_1/bd/system/hdl/system_wrapper.vhd
WARNING: [IP_Flow 19-4994] Overwriting existing constraint file 'd:/ASUS-PC/Desktop/temporary/HSC/HSC.gen/sources_1/bd/system/ip/system_auto_pc_0/system_auto_pc_0_ooc.xdc'
INFO: [BD 41-1029] Generation completed for the IP Integrator block ps7_0_axi_periph/s00_couplers/auto_pc .
WARNING: [IP_Flow 19-4994] Overwriting existing constraint file 'd:/ASUS-PC/Desktop/temporary/HSC/HSC.gen/sources_1/bd/system/ip/system_auto_pc_1/system_auto_pc_1_ooc.xdc'
INFO: [BD 41-1029] Generation completed for the IP Integrator block axi_mem_intercon/s00_couplers/auto_pc .
Exporting to file d:/ASUS-PC/Desktop/temporary/HSC/HSC.gen/sources_1/bd/system/hw_handoff/system.hwh
Generated Block Design Tcl file d:/ASUS-PC/Desktop/temporary/HSC/HSC.gen/sources_1/bd/system/hw_handoff/system_bd.tcl
Generated Hardware Definition File d:/ASUS-PC/Desktop/temporary/HSC/HSC.gen/sources_1/bd/system/synth/system.hwdef
[Tue Feb 10 10:26:13 2026] Launched system_auto_pc_0_synth_1, system_auto_pc_1_synth_1...
Run output will be captured here:
system_auto_pc_0_synth_1: D:/ASUS-PC/Desktop/temporary/HSC/HSC.runs/system_auto_pc_0_synth_1/runme.log
system_auto_pc_1_synth_1: D:/ASUS-PC/Desktop/temporary/HSC/HSC.runs/system_auto_pc_1_synth_1/runme.log
[Tue Feb 10 10:26:13 2026] Launched synth_1...
Run output will be captured here: D:/ASUS-PC/Desktop/temporary/HSC/HSC.runs/synth_1/runme.log
launch_runs: Time (s): cpu = 00:00:07 ; elapsed = 00:00:06 . Memory (MB): peak = 1789.574 ; gain = 41.000
close_bd_design [get_bd_designs system]
Wrote  : <D:/ASUS-PC/Desktop/temporary/HSC/HSC.srcs/sources_1/bd/system/ui/bd_c954508f.ui> 
export_ip_user_files -of_objects  [get_files D:/ASUS-PC/Desktop/temporary/AD_SAMP/AD_SAMP.srcs/sources_1/new/AD_DATA_FIFO_ASYNC.vhd] -no_script -reset -force -quiet
export_ip_user_files -of_objects  [get_files D:/ASUS-PC/Desktop/temporary/AD_SAMP/AD_SAMP.srcs/sources_1/new/trans_data.vhd] -no_script -reset -force -quiet
export_ip_user_files -of_objects  [get_files D:/ASUS-PC/Desktop/temporary/AD_SAMP/AD_SAMP.srcs/sources_1/new/TOP.vhd] -no_script -reset -force -quiet
export_ip_user_files -of_objects  [get_files D:/ASUS-PC/Desktop/temporary/AD_SAMP/AD_SAMP.srcs/sources_1/new/ad_ctrl.vhd] -no_script -reset -force -quiet
export_ip_user_files -of_objects  [get_files D:/ASUS-PC/Desktop/temporary/AD_SAMP/AD_SAMP.srcs/sources_1/new/ad_in_clk.vhd] -no_script -reset -force -quiet
export_ip_user_files -of_objects  [get_files D:/ASUS-PC/Desktop/temporary/AD_SAMP/AD_SAMP.srcs/sources_1/new/ad_out_clk.vhd] -no_script -reset -force -quiet
export_ip_user_files -of_objects  [get_files D:/ASUS-PC/Desktop/temporary/AD_SAMP/AD_SAMP.srcs/sources_1/new/ads62p45.vhd] -no_script -reset -force -quiet
export_ip_user_files -of_objects  [get_files D:/ASUS-PC/Desktop/temporary/AD_SAMP/AD_SAMP.srcs/sources_1/new/para_check.vhd] -no_script -reset -force -quiet
export_ip_user_files -of_objects  [get_files D:/ASUS-PC/Desktop/temporary/AD_SAMP/AD_SAMP.srcs/sources_1/new/rx_data_fifo_async.vhd] -no_script -reset -force -quiet
remove_files  {D:/ASUS-PC/Desktop/temporary/AD_SAMP/AD_SAMP.srcs/sources_1/new/AD_DATA_FIFO_ASYNC.vhd D:/ASUS-PC/Desktop/temporary/AD_SAMP/AD_SAMP.srcs/sources_1/new/trans_data.vhd D:/ASUS-PC/Desktop/temporary/AD_SAMP/AD_SAMP.srcs/sources_1/new/TOP.vhd D:/ASUS-PC/Desktop/temporary/AD_SAMP/AD_SAMP.srcs/sources_1/new/ad_ctrl.vhd D:/ASUS-PC/Desktop/temporary/AD_SAMP/AD_SAMP.srcs/sources_1/new/ad_in_clk.vhd D:/ASUS-PC/Desktop/temporary/AD_SAMP/AD_SAMP.srcs/sources_1/new/ad_out_clk.vhd D:/ASUS-PC/Desktop/temporary/AD_SAMP/AD_SAMP.srcs/sources_1/new/ads62p45.vhd D:/ASUS-PC/Desktop/temporary/AD_SAMP/AD_SAMP.srcs/sources_1/new/para_check.vhd D:/ASUS-PC/Desktop/temporary/AD_SAMP/AD_SAMP.srcs/sources_1/new/rx_data_fifo_async.vhd}
open_bd_design {D:/ASUS-PC/Desktop/temporary/HSC/HSC.srcs/sources_1/bd/system/system.bd}
Reading block design file <D:/ASUS-PC/Desktop/temporary/HSC/HSC.srcs/sources_1/bd/system/system.bd>...
Adding component instance block -- xilinx.com:ip:processing_system7:5.5 - processing_system7_0
Adding component instance block -- xilinx.com:ip:xlconcat:2.1 - xlconcat_0
Adding component instance block -- xilinx.com:ip:axi_dma:7.1 - axi_dma_0
Adding component instance block -- xilinx.com:ip:proc_sys_reset:5.0 - rst_ps7_0_100M
Adding component instance block -- xilinx.com:user:ps_pl_axi4:1.0 - ps_pl_axi4_0
Adding component instance block -- xilinx.com:ip:axi_interconnect:2.1 - ps7_0_axi_periph
Adding component instance block -- xilinx.com:ip:axi_crossbar:2.1 - xbar
Adding component instance block -- xilinx.com:ip:axi_protocol_converter:2.1 - auto_pc
Adding component instance block -- xilinx.com:ip:axi_interconnect:2.1 - axi_mem_intercon
Adding component instance block -- xilinx.com:ip:axi_protocol_converter:2.1 - auto_pc
Adding component instance block -- xilinx.com:ip:axis_data_fifo:2.0 - axis_data_fifo_0
Excluding slave segment /processing_system7_0/S_AXI_HP0/HP0_DDR_LOWOCM from address space /processing_system7_0/Data.
Excluding slave segment /processing_system7_0/S_AXI_HP0/HP0_DDR_LOWOCM from address space /processing_system7_0/Data.
Excluding slave segment /axi_dma_0/S_AXI_LITE/Reg from address space /axi_dma_0/Data_S2MM.
Excluding slave segment /ps_pl_axi4_0/S00_AXI/S00_AXI_reg from address space /axi_dma_0/Data_S2MM.
Successfully read diagram <system> from block design file <D:/ASUS-PC/Desktop/temporary/HSC/HSC.srcs/sources_1/bd/system/system.bd>
close_bd_design [get_bd_designs system]
Wrote  : <D:/ASUS-PC/Desktop/temporary/HSC/HSC.srcs/sources_1/bd/system/ui/bd_c954508f.ui> 
close_project
open_project D:/ASUS-PC/Desktop/temporary/HSC/HSC.xpr
Scanning sources...
Finished scanning sources
INFO: [IP_Flow 19-234] Refreshing IP repositories
INFO: [IP_Flow 19-1700] Loaded user IP repository 'd:/ASUS-PC/Desktop/temporary/HSC/ip_repo/ps_pl_axi4_1.0'.
INFO: [IP_Flow 19-2313] Loaded Vivado IP repository 'E:/Xilinx2021/Vivado/2021.1/data/ip'.
update_compile_order -fileset sources_1
open_bd_design {D:/ASUS-PC/Desktop/temporary/HSC/HSC.srcs/sources_1/bd/system/system.bd}
Reading block design file <D:/ASUS-PC/Desktop/temporary/HSC/HSC.srcs/sources_1/bd/system/system.bd>...
Adding component instance block -- xilinx.com:ip:processing_system7:5.5 - processing_system7_0
Adding component instance block -- xilinx.com:ip:xlconcat:2.1 - xlconcat_0
Adding component instance block -- xilinx.com:ip:axi_dma:7.1 - axi_dma_0
Adding component instance block -- xilinx.com:ip:proc_sys_reset:5.0 - rst_ps7_0_100M
Adding component instance block -- xilinx.com:user:ps_pl_axi4:1.0 - ps_pl_axi4_0
Adding component instance block -- xilinx.com:ip:axi_interconnect:2.1 - ps7_0_axi_periph
Adding component instance block -- xilinx.com:ip:axi_crossbar:2.1 - xbar
Adding component instance block -- xilinx.com:ip:axi_protocol_converter:2.1 - auto_pc
Adding component instance block -- xilinx.com:ip:axi_interconnect:2.1 - axi_mem_intercon
Adding component instance block -- xilinx.com:ip:axi_protocol_converter:2.1 - auto_pc
Adding component instance block -- xilinx.com:ip:axis_data_fifo:2.0 - axis_data_fifo_0
Excluding slave segment /processing_system7_0/S_AXI_HP0/HP0_DDR_LOWOCM from address space /processing_system7_0/Data.
Excluding slave segment /processing_system7_0/S_AXI_HP0/HP0_DDR_LOWOCM from address space /processing_system7_0/Data.
Excluding slave segment /axi_dma_0/S_AXI_LITE/Reg from address space /axi_dma_0/Data_S2MM.
Excluding slave segment /ps_pl_axi4_0/S00_AXI/S00_AXI_reg from address space /axi_dma_0/Data_S2MM.
Successfully read diagram <system> from block design file <D:/ASUS-PC/Desktop/temporary/HSC/HSC.srcs/sources_1/bd/system/system.bd>
set_property top TOP [current_fileset]
update_compile_order -fileset sources_1
set_property top system_wrapper [current_fileset]
update_compile_order -fileset sources_1
create_bd_cell -type module -reference TOP TOP_0
open_bd_design {D:/ASUS-PC/Desktop/temporary/HSC/HSC.srcs/sources_1/bd/system/system.bd}
set_property location {4 1388 767} [get_bd_cells TOP_0]
apply_bd_automation -rule xilinx.com:bd_rule:clkrst -config { Clk {/processing_system7_0/FCLK_CLK0 (100 MHz)} Freq {100} Ref_Clk0 {} Ref_Clk1 {} Ref_Clk2 {}}  [get_bd_pins TOP_0/ps_clk]
startgroup
make_bd_pins_external  [get_bd_pins TOP_0/clk_in]
endgroup
startgroup
make_bd_pins_external  [get_bd_pins TOP_0/triger_in_pos]
endgroup
startgroup
make_bd_pins_external  [get_bd_pins TOP_0/triger_in_tr]
endgroup
startgroup
make_bd_pins_external  [get_bd_pins TOP_0/ad_clk_in]
endgroup
startgroup
make_bd_pins_external  [get_bd_pins TOP_0/AD_DA]
endgroup
startgroup
make_bd_pins_external  [get_bd_pins TOP_0/AD_DB]
endgroup
startgroup
connect_bd_net [get_bd_pins TOP_0/rx_cmd] [get_bd_pins ps_pl_axi4_0/rx_cmd]
endgroup
connect_bd_net [get_bd_pins TOP_0/rx_cmd_valid] [get_bd_pins ps_pl_axi4_0/rx_cmd_valid]
connect_bd_net [get_bd_pins TOP_0/rx_data_valid] [get_bd_pins ps_pl_axi4_0/rx_data_valid]
connect_bd_net [get_bd_pins TOP_0/rx_data_last] [get_bd_pins ps_pl_axi4_0/rx_data_last]
connect_bd_net [get_bd_pins TOP_0/rx_data_data] [get_bd_pins ps_pl_axi4_0/rx_data_data]
startgroup
make_bd_pins_external  [get_bd_pins TOP_0/clk_dir]
endgroup
startgroup
make_bd_pins_external  [get_bd_pins TOP_0/clk_ad_out]
endgroup
connect_bd_net [get_bd_pins TOP_0/tx_cmd] [get_bd_pins ps_pl_axi4_0/tx_cmd]
connect_bd_net [get_bd_pins TOP_0/tx_cmd_valid] [get_bd_pins ps_pl_axi4_0/tx_cmd_valid]
connect_bd_net [get_bd_pins ps_pl_axi4_0/tx_data_valid] [get_bd_pins TOP_0/tx_data_valid]
connect_bd_net [get_bd_pins TOP_0/tx_data_last] [get_bd_pins ps_pl_axi4_0/tx_data_last]
connect_bd_net [get_bd_pins ps_pl_axi4_0/tx_data_data] [get_bd_pins TOP_0/tx_data_data]
startgroup
make_bd_pins_external  [get_bd_pins TOP_0/AD_SEN]
endgroup
startgroup
make_bd_pins_external  [get_bd_pins TOP_0/AD_SDATA]
endgroup
startgroup
make_bd_pins_external  [get_bd_pins TOP_0/AD_SCLK]
endgroup
startgroup
make_bd_pins_external  [get_bd_pins TOP_0/AD_RESET]
endgroup
startgroup
make_bd_pins_external  [get_bd_pins TOP_0/AD_CTRL1]
endgroup
startgroup
make_bd_pins_external  [get_bd_pins TOP_0/AD_CTRL2]
endgroup
startgroup
make_bd_pins_external  [get_bd_pins TOP_0/AD_CTRL3]
endgroup
connect_bd_intf_net [get_bd_intf_pins TOP_0/m_axis] [get_bd_intf_pins axis_data_fifo_0/S_AXIS]
validate_bd_design
WARNING: [BD 41-2670] Found an incomplete address path from address space '/axi_dma_0/Data_S2MM' to slave segment '/ps_pl_axi4_0/S00_AXI/S00_AXI_reg'. Please either complete or remove this path to resolve.
CRITICAL WARNING: [BD 41-967] AXI interface pin /TOP_0/m_axis is not associated to any clock pin. It may not work correctly.
WARNING: [BD 41-702] Propagation TCL tries to overwrite USER strength parameter C_M_AXI_S2MM_DATA_WIDTH(64) on '/axi_dma_0' with propagated value(32). Command ignored
generate_target all [get_files  D:/ASUS-PC/Desktop/temporary/HSC/HSC.srcs/sources_1/bd/system/system.bd]
INFO: [BD 41-1662] The design 'system.bd' is already validated. Therefore parameter propagation will not be re-run.
Wrote  : <D:\ASUS-PC\Desktop\temporary\HSC\HSC.srcs\sources_1\bd\system\system.bd> 
Wrote  : <D:/ASUS-PC/Desktop/temporary/HSC/HSC.srcs/sources_1/bd/system/ui/bd_c954508f.ui> 
VHDL Output written to : d:/ASUS-PC/Desktop/temporary/HSC/HSC.gen/sources_1/bd/system/synth/system.vhd
VHDL Output written to : d:/ASUS-PC/Desktop/temporary/HSC/HSC.gen/sources_1/bd/system/sim/system.vhd
VHDL Output written to : d:/ASUS-PC/Desktop/temporary/HSC/HSC.gen/sources_1/bd/system/hdl/system_wrapper.vhd
WARNING: [IP_Flow 19-4994] Overwriting existing constraint file 'd:/ASUS-PC/Desktop/temporary/HSC/HSC.gen/sources_1/bd/system/ip/system_auto_pc_0/system_auto_pc_0_ooc.xdc'
INFO: [BD 41-1029] Generation completed for the IP Integrator block ps7_0_axi_periph/s00_couplers/auto_pc .
WARNING: [IP_Flow 19-4994] Overwriting existing constraint file 'd:/ASUS-PC/Desktop/temporary/HSC/HSC.gen/sources_1/bd/system/ip/system_auto_pc_1/system_auto_pc_1_ooc.xdc'
INFO: [BD 41-1029] Generation completed for the IP Integrator block axi_mem_intercon/s00_couplers/auto_pc .
INFO: [BD 41-1029] Generation completed for the IP Integrator block TOP_0 .
Exporting to file d:/ASUS-PC/Desktop/temporary/HSC/HSC.gen/sources_1/bd/system/hw_handoff/system.hwh
Generated Block Design Tcl file d:/ASUS-PC/Desktop/temporary/HSC/HSC.gen/sources_1/bd/system/hw_handoff/system_bd.tcl
Generated Hardware Definition File d:/ASUS-PC/Desktop/temporary/HSC/HSC.gen/sources_1/bd/system/synth/system.hwdef
WARNING: [BD 41-2265] Clock pin for protocol instance pin m_axis could not be determined. Make sure that ASSOCIATED_BUSIF and ASSOCIATED_RESET properties are set or propagated on clock pins of block /TOP_0
catch { config_ip_cache -export [get_ips -all system_auto_pc_0] }
INFO: [IP_Flow 19-4993] Using cached IP synthesis design for IP system_auto_pc_0, cache-ID = fc795361e4ea3443; cache size = 22.604 MB.
catch { config_ip_cache -export [get_ips -all system_auto_pc_1] }
INFO: [IP_Flow 19-4993] Using cached IP synthesis design for IP system_auto_pc_1, cache-ID = a8a33576f51f5acc; cache size = 22.604 MB.
catch { config_ip_cache -export [get_ips -all system_TOP_0_0] }
export_ip_user_files -of_objects [get_files D:/ASUS-PC/Desktop/temporary/HSC/HSC.srcs/sources_1/bd/system/system.bd] -no_script -sync -force -quiet
create_ip_run [get_files -of_objects [get_fileset sources_1] D:/ASUS-PC/Desktop/temporary/HSC/HSC.srcs/sources_1/bd/system/system.bd]
launch_runs system_TOP_0_0_synth_1 -jobs 28
[Tue Feb 10 10:34:48 2026] Launched system_TOP_0_0_synth_1...
Run output will be captured here: D:/ASUS-PC/Desktop/temporary/HSC/HSC.runs/system_TOP_0_0_synth_1/runme.log
export_simulation -of_objects [get_files D:/ASUS-PC/Desktop/temporary/HSC/HSC.srcs/sources_1/bd/system/system.bd] -directory D:/ASUS-PC/Desktop/temporary/HSC/HSC.ip_user_files/sim_scripts -ip_user_files_dir D:/ASUS-PC/Desktop/temporary/HSC/HSC.ip_user_files -ipstatic_source_dir D:/ASUS-PC/Desktop/temporary/HSC/HSC.ip_user_files/ipstatic -lib_map_path [list {modelsim=D:/ASUS-PC/Desktop/temporary/HSC/HSC.cache/compile_simlib/modelsim} {questa=D:/ASUS-PC/Desktop/temporary/HSC/HSC.cache/compile_simlib/questa} {riviera=D:/ASUS-PC/Desktop/temporary/HSC/HSC.cache/compile_simlib/riviera} {activehdl=D:/ASUS-PC/Desktop/temporary/HSC/HSC.cache/compile_simlib/activehdl}] -use_ip_compiled_libs -force -quiet
update_compile_order -fileset sources_1
make_wrapper -files [get_files D:/ASUS-PC/Desktop/temporary/HSC/HSC.srcs/sources_1/bd/system/system.bd] -top
add_files -norecurse d:/ASUS-PC/Desktop/temporary/HSC/HSC.gen/sources_1/bd/system/hdl/system_wrapper.vhd
update_compile_order -fileset sources_1
reset_run synth_1
WARNING: [Vivado 12-1017] Problems encountered:
1. Failed to delete one or more files in run directory D:/ASUS-PC/Desktop/temporary/HSC/HSC.runs/synth_1

launch_runs impl_1 -to_step write_bitstream -jobs 28
[Tue Feb 10 10:35:51 2026] Launched synth_1...
Run output will be captured here: D:/ASUS-PC/Desktop/temporary/HSC/HSC.runs/synth_1/runme.log
[Tue Feb 10 10:35:51 2026] Launched impl_1...
Run output will be captured here: D:/ASUS-PC/Desktop/temporary/HSC/HSC.runs/impl_1/runme.log
export_ip_user_files -of_objects  [get_files D:/ASUS-PC/Desktop/temporary/test/HSC/ip_repo/new/TOP.vhd] -no_script -reset -force -quiet
remove_files  D:/ASUS-PC/Desktop/temporary/test/HSC/ip_repo/new/TOP.vhd
update_compile_order -fileset sources_1
export_ip_user_files -of_objects  [get_files D:/ASUS-PC/Desktop/temporary/test/HSC/ip_repo/new/ad_ctrl.vhd] -no_script -reset -force -quiet
remove_files  D:/ASUS-PC/Desktop/temporary/test/HSC/ip_repo/new/ad_ctrl.vhd
export_ip_user_files -of_objects  [get_files d:/ASUS-PC/Desktop/temporary/HSC/HSC.gen/sources_1/bd/system/hdl/system_wrapper.vhd] -no_script -reset -force -quiet
remove_files  d:/ASUS-PC/Desktop/temporary/HSC/HSC.gen/sources_1/bd/system/hdl/system_wrapper.vhd
export_ip_user_files -of_objects  [get_files D:/ASUS-PC/Desktop/temporary/test/HSC/ip_repo/new/trans_data.vhd] -no_script -reset -force -quiet
remove_files  D:/ASUS-PC/Desktop/temporary/test/HSC/ip_repo/new/trans_data.vhd
export_ip_user_files -of_objects  [get_files D:/ASUS-PC/Desktop/temporary/test/HSC/ip_repo/new/rx_data_fifo_async.vhd] -no_script -reset -force -quiet
remove_files  D:/ASUS-PC/Desktop/temporary/test/HSC/ip_repo/new/rx_data_fifo_async.vhd
update_module_reference system_TOP_0_0
ERROR: [filemgmt 56-587] Failed to resolve reference. Nothing was found in the project to match the name TOP Try changing the compile order from manual to automatic. 
ERROR: [Common 17-39] 'update_module_reference' failed due to earlier errors.
close_bd_design [get_bd_designs system]
open_bd_design {D:/ASUS-PC/Desktop/temporary/HSC/HSC.srcs/sources_1/bd/system/system.bd}
Reading block design file <D:/ASUS-PC/Desktop/temporary/HSC/HSC.srcs/sources_1/bd/system/system.bd>...
Adding component instance block -- xilinx.com:ip:processing_system7:5.5 - processing_system7_0
Adding component instance block -- xilinx.com:ip:xlconcat:2.1 - xlconcat_0
Adding component instance block -- xilinx.com:ip:axi_dma:7.1 - axi_dma_0
Adding component instance block -- xilinx.com:ip:proc_sys_reset:5.0 - rst_ps7_0_100M
Adding component instance block -- xilinx.com:user:ps_pl_axi4:1.0 - ps_pl_axi4_0
Adding component instance block -- xilinx.com:ip:axi_interconnect:2.1 - ps7_0_axi_periph
Adding component instance block -- xilinx.com:ip:axi_crossbar:2.1 - xbar
Adding component instance block -- xilinx.com:ip:axi_protocol_converter:2.1 - auto_pc
Adding component instance block -- xilinx.com:ip:axi_interconnect:2.1 - axi_mem_intercon
Adding component instance block -- xilinx.com:ip:axi_protocol_converter:2.1 - auto_pc
Adding component instance block -- xilinx.com:ip:axis_data_fifo:2.0 - axis_data_fifo_0
Adding component instance block -- xilinx.com:module_ref:TOP:1.0 - TOP_0
CRITICAL WARNING: [BD 41-1726] Unable to resolve module-source for block '/TOP_0'.
Given inputs for module-source, Top-module name : TOP, Module Type : RTL.
Please review and update or add design-sources to this project to resolve this module-reference.
Excluding slave segment /processing_system7_0/S_AXI_HP0/HP0_DDR_LOWOCM from address space /processing_system7_0/Data.
Excluding slave segment /processing_system7_0/S_AXI_HP0/HP0_DDR_LOWOCM from address space /processing_system7_0/Data.
Excluding slave segment /axi_dma_0/S_AXI_LITE/Reg from address space /axi_dma_0/Data_S2MM.
Excluding slave segment /ps_pl_axi4_0/S00_AXI/S00_AXI_reg from address space /axi_dma_0/Data_S2MM.
Successfully read diagram <system> from block design file <D:/ASUS-PC/Desktop/temporary/HSC/HSC.srcs/sources_1/bd/system/system.bd>
open_bd_design {D:/ASUS-PC/Desktop/temporary/HSC/HSC.srcs/sources_1/bd/system/system.bd}
delete_bd_objs [get_bd_nets AD_DB_0_1] [get_bd_nets TOP_0_clk_ad_out] [get_bd_nets ps_pl_axi4_0_rx_data_valid] [get_bd_nets TOP_0_tx_cmd] [get_bd_nets TOP_0_tx_data_valid] [get_bd_nets TOP_0_AD_SEN] [get_bd_nets clk_in_0_1] [get_bd_nets triger_in_pos_0_1] [get_bd_nets triger_in_tr_0_1] [get_bd_nets TOP_0_AD_CTRL3] [get_bd_nets TOP_0_clk_dir] [get_bd_nets ps_pl_axi4_0_rx_cmd] [get_bd_nets ps_pl_axi4_0_rx_cmd_valid] [get_bd_nets TOP_0_tx_data_last] [get_bd_nets TOP_0_AD_SDATA] [get_bd_nets TOP_0_AD_CTRL1] [get_bd_intf_nets TOP_0_m_axis] [get_bd_nets AD_DA_0_1] [get_bd_nets ad_clk_in_0_1] [get_bd_nets ps_pl_axi4_0_rx_data_last] [get_bd_nets ps_pl_axi4_0_rx_data_data] [get_bd_nets TOP_0_tx_cmd_valid] [get_bd_nets TOP_0_tx_data_data] [get_bd_nets TOP_0_AD_SCLK] [get_bd_nets TOP_0_AD_RESET] [get_bd_nets TOP_0_AD_CTRL2] [get_bd_cells TOP_0]
export_ip_user_files -of_objects  [get_files D:/ASUS-PC/Desktop/temporary/test/HSC/ip_repo/new/para_check.vhd] -no_script -reset -force -quiet
remove_files  D:/ASUS-PC/Desktop/temporary/test/HSC/ip_repo/new/para_check.vhd
export_ip_user_files -of_objects  [get_files D:/ASUS-PC/Desktop/temporary/test/HSC/ip_repo/new/AD_DATA_FIFO_ASYNC.vhd] -no_script -reset -force -quiet
remove_files  D:/ASUS-PC/Desktop/temporary/test/HSC/ip_repo/new/AD_DATA_FIFO_ASYNC.vhd
export_ip_user_files -of_objects  [get_files D:/ASUS-PC/Desktop/temporary/test/HSC/ip_repo/new/ads62p45.vhd] -no_script -reset -force -quiet
remove_files  D:/ASUS-PC/Desktop/temporary/test/HSC/ip_repo/new/ads62p45.vhd
export_ip_user_files -of_objects  [get_files D:/ASUS-PC/Desktop/temporary/test/HSC/ip_repo/new/ad_in_clk.vhd] -no_script -reset -force -quiet
remove_files  D:/ASUS-PC/Desktop/temporary/test/HSC/ip_repo/new/ad_in_clk.vhd
export_ip_user_files -of_objects  [get_files D:/ASUS-PC/Desktop/temporary/test/HSC/ip_repo/new/ad_out_clk.vhd] -no_script -reset -force -quiet
remove_files  D:/ASUS-PC/Desktop/temporary/test/HSC/ip_repo/new/ad_out_clk.vhd
add_files {D:/ASUS-PC/Desktop/temporary/HSC/ip_repo/new/new/AD_DATA_FIFO_ASYNC.vhd D:/ASUS-PC/Desktop/temporary/HSC/ip_repo/new/new/para_check.vhd D:/ASUS-PC/Desktop/temporary/HSC/ip_repo/new/new/rx_data_fifo_async.vhd D:/ASUS-PC/Desktop/temporary/HSC/ip_repo/new/new/TOP.vhd D:/ASUS-PC/Desktop/temporary/HSC/ip_repo/new/new/ads62p45.vhd D:/ASUS-PC/Desktop/temporary/HSC/ip_repo/new/new/ad_ctrl.vhd D:/ASUS-PC/Desktop/temporary/HSC/ip_repo/new/new/trans_data.vhd D:/ASUS-PC/Desktop/temporary/HSC/ip_repo/new/new/ad_in_clk.vhd D:/ASUS-PC/Desktop/temporary/HSC/ip_repo/new/new/ad_out_clk.vhd}
delete_bd_objs [get_bd_ports clk_ad_out_0] [get_bd_ports AD_SDATA_0] [get_bd_ports AD_CTRL2_0] [get_bd_ports AD_SEN_0] [get_bd_ports AD_RESET_0] [get_bd_ports clk_dir_0] [get_bd_ports AD_CTRL1_0] [get_bd_ports AD_SCLK_0] [get_bd_ports AD_CTRL3_0]
update_compile_order -fileset sources_1
delete_bd_objs [get_bd_ports triger_in_pos_0] [get_bd_ports ad_clk_in_0] [get_bd_ports triger_in_tr_0] [get_bd_ports clk_in_0] [get_bd_ports AD_DA_0] [get_bd_ports AD_DB_0]
create_bd_cell -type module -reference TOP TOP_0
WARNING: [IP_Flow 19-3571] IP 'system_TOP_0_1' is restricted:
* Detected changes to module reference file(s).
set_property location {4 1540 694} [get_bd_cells TOP_0]
startgroup
make_bd_pins_external  [get_bd_pins TOP_0/clk_in]
endgroup
update_module_reference {system_TOP_0_0 system_TOP_0_1}
INFO: [IP_Flow 19-5107] Inferred bus interface 'm_axis' of definition 'xilinx.com:interface:axis:1.0' (from Xilinx Repository).
INFO: [IP_Flow 19-5107] Inferred bus interface 'AD_RESET' of definition 'xilinx.com:signal:reset:1.0' (from Xilinx Repository).
INFO: [IP_Flow 19-5107] Inferred bus interface 'ps_clk' of definition 'xilinx.com:signal:clock:1.0' (from Xilinx Repository).
WARNING: [IP_Flow 19-3158] Bus Interface 'm_axis': FREQ_HZ bus parameter missing from AXI interface when interface is not associated to a clock.
WARNING: [IP_Flow 19-5661] Bus Interface 'ps_clk' does not have any bus interfaces associated with it.
INFO: [IP_Flow 19-234] Refreshing IP repositories
INFO: [IP_Flow 19-1700] Loaded user IP repository 'd:/ASUS-PC/Desktop/temporary/HSC/ip_repo/ps_pl_axi4_1.0'.
Upgrading 'D:/ASUS-PC/Desktop/temporary/HSC/HSC.srcs/sources_1/bd/system/system.bd'
INFO: [IP_Flow 19-1972] Upgraded system_TOP_0_1 from TOP_v1_0 1.0 to TOP_v1_0 1.0
Wrote  : <D:\ASUS-PC\Desktop\temporary\HSC\HSC.srcs\sources_1\bd\system\system.bd> 
Wrote  : <D:/ASUS-PC/Desktop/temporary/HSC/HSC.srcs/sources_1/bd/system/ui/bd_c954508f.ui> 
update_compile_order -fileset sources_1
apply_bd_automation -rule xilinx.com:bd_rule:clkrst -config { Clk {/processing_system7_0/FCLK_CLK0 (100 MHz)} Freq {100} Ref_Clk0 {} Ref_Clk1 {} Ref_Clk2 {}}  [get_bd_pins TOP_0/ps_clk]
startgroup
make_bd_pins_external  [get_bd_pins TOP_0/triger_in_pos]
endgroup
startgroup
make_bd_pins_external  [get_bd_pins TOP_0/triger_in_tr]
endgroup
startgroup
make_bd_pins_external  [get_bd_pins TOP_0/ad_clk_in]
endgroup
startgroup
make_bd_pins_external  [get_bd_pins TOP_0/AD_DA]
endgroup
startgroup
make_bd_pins_external  [get_bd_pins TOP_0/AD_DB]
endgroup
startgroup
connect_bd_net [get_bd_ports clk_in_0] [get_bd_pins TOP_0/rx_cmd_valid]
endgroup
delete_bd_objs [get_bd_nets clk_in_0_1]
connect_bd_net [get_bd_pins TOP_0/rx_cmd_valid] [get_bd_pins ps_pl_axi4_0/rx_cmd_valid]
connect_bd_net [get_bd_pins ps_pl_axi4_0/rx_cmd] [get_bd_pins TOP_0/rx_cmd]
connect_bd_net [get_bd_pins TOP_0/rx_data_valid] [get_bd_pins ps_pl_axi4_0/rx_data_valid]
connect_bd_net [get_bd_pins ps_pl_axi4_0/rx_data_last] [get_bd_pins TOP_0/rx_data_last]
connect_bd_net [get_bd_pins TOP_0/rx_data_data] [get_bd_pins ps_pl_axi4_0/rx_data_data]
startgroup
make_bd_pins_external  [get_bd_pins TOP_0/clk_dir]
endgroup
startgroup
make_bd_pins_external  [get_bd_pins TOP_0/clk_ad_out]
endgroup
connect_bd_net [get_bd_pins TOP_0/clk_ad_out] [get_bd_pins ps_pl_axi4_0/tx_cmd]
connect_bd_net [get_bd_pins ps_pl_axi4_0/tx_cmd_valid] [get_bd_pins TOP_0/tx_cmd_valid]
delete_bd_objs [get_bd_nets TOP_0_clk_ad_out]
startgroup
make_bd_pins_external  [get_bd_pins TOP_0/clk_ad_out]
endgroup
connect_bd_net [get_bd_pins TOP_0/clk_ad_out] [get_bd_pins ps_pl_axi4_0/tx_cmd]
connect_bd_net [get_bd_pins ps_pl_axi4_0/tx_data_valid] [get_bd_pins TOP_0/tx_cmd_valid]
undo
INFO: [Common 17-17] undo 'connect_bd_net [get_bd_pins ps_pl_axi4_0/tx_data_valid] [get_bd_pins TOP_0/tx_cmd_valid]'
undo
INFO: [Common 17-17] undo 'connect_bd_net [get_bd_pins TOP_0/clk_ad_out] [get_bd_pins ps_pl_axi4_0/tx_cmd]'
undo
INFO: [Common 17-17] undo 'endgroup'
INFO: [Common 17-17] undo 'make_bd_pins_external  [get_bd_pins TOP_0/clk_ad_out]'
INFO: [Common 17-17] undo 'startgroup'
startgroup
make_bd_pins_external  [get_bd_pins TOP_0/clk_ad_out]
endgroup
delete_bd_objs [get_bd_nets TOP_0_tx_cmd_valid]
connect_bd_net [get_bd_pins TOP_0/tx_cmd] [get_bd_pins ps_pl_axi4_0/tx_cmd]
connect_bd_net [get_bd_pins ps_pl_axi4_0/tx_cmd_valid] [get_bd_pins TOP_0/tx_cmd_valid]
connect_bd_net [get_bd_pins TOP_0/tx_data_valid] [get_bd_pins ps_pl_axi4_0/tx_data_valid]
connect_bd_net [get_bd_pins ps_pl_axi4_0/tx_data_last] [get_bd_pins TOP_0/tx_data_last]
connect_bd_net [get_bd_pins ps_pl_axi4_0/tx_data_data] [get_bd_pins TOP_0/tx_data_data]
startgroup
make_bd_pins_external  [get_bd_pins TOP_0/AD_SEN]
endgroup
startgroup
make_bd_pins_external  [get_bd_pins TOP_0/AD_SDATA]
endgroup
startgroup
make_bd_pins_external  [get_bd_pins TOP_0/AD_SCLK]
endgroup
startgroup
make_bd_pins_external  [get_bd_pins TOP_0/AD_RESET]
endgroup
startgroup
make_bd_pins_external  [get_bd_pins TOP_0/AD_CTRL1]
endgroup
startgroup
make_bd_pins_external  [get_bd_pins TOP_0/AD_CTRL2]
endgroup
startgroup
make_bd_pins_external  [get_bd_pins TOP_0/AD_CTRL3]
endgroup
connect_bd_intf_net [get_bd_intf_pins TOP_0/m_axis] [get_bd_intf_pins axis_data_fifo_0/S_AXIS]
startgroup
make_bd_pins_external  [get_bd_pins TOP_0/clk_in]
endgroup
validate_bd_design
WARNING: [BD 41-2670] Found an incomplete address path from address space '/axi_dma_0/Data_S2MM' to slave segment '/ps_pl_axi4_0/S00_AXI/S00_AXI_reg'. Please either complete or remove this path to resolve.
CRITICAL WARNING: [BD 41-967] AXI interface pin /TOP_0/m_axis is not associated to any clock pin. It may not work correctly.
WARNING: [BD 41-702] Propagation TCL tries to overwrite USER strength parameter C_M_AXI_S2MM_DATA_WIDTH(64) on '/axi_dma_0' with propagated value(32). Command ignored
generate_target all [get_files  D:/ASUS-PC/Desktop/temporary/HSC/HSC.srcs/sources_1/bd/system/system.bd]
INFO: [BD 41-1662] The design 'system.bd' is already validated. Therefore parameter propagation will not be re-run.
Wrote  : <D:\ASUS-PC\Desktop\temporary\HSC\HSC.srcs\sources_1\bd\system\system.bd> 
Wrote  : <D:/ASUS-PC/Desktop/temporary/HSC/HSC.srcs/sources_1/bd/system/ui/bd_c954508f.ui> 
VHDL Output written to : d:/ASUS-PC/Desktop/temporary/HSC/HSC.gen/sources_1/bd/system/synth/system.vhd
VHDL Output written to : d:/ASUS-PC/Desktop/temporary/HSC/HSC.gen/sources_1/bd/system/sim/system.vhd
VHDL Output written to : d:/ASUS-PC/Desktop/temporary/HSC/HSC.gen/sources_1/bd/system/hdl/system_wrapper.vhd
INFO: [BD 41-1029] Generation completed for the IP Integrator block TOP_0 .
WARNING: [IP_Flow 19-4994] Overwriting existing constraint file 'd:/ASUS-PC/Desktop/temporary/HSC/HSC.gen/sources_1/bd/system/ip/system_auto_pc_0/system_auto_pc_0_ooc.xdc'
INFO: [BD 41-1029] Generation completed for the IP Integrator block ps7_0_axi_periph/s00_couplers/auto_pc .
WARNING: [IP_Flow 19-4994] Overwriting existing constraint file 'd:/ASUS-PC/Desktop/temporary/HSC/HSC.gen/sources_1/bd/system/ip/system_auto_pc_1/system_auto_pc_1_ooc.xdc'
INFO: [BD 41-1029] Generation completed for the IP Integrator block axi_mem_intercon/s00_couplers/auto_pc .
Exporting to file d:/ASUS-PC/Desktop/temporary/HSC/HSC.gen/sources_1/bd/system/hw_handoff/system.hwh
Generated Block Design Tcl file d:/ASUS-PC/Desktop/temporary/HSC/HSC.gen/sources_1/bd/system/hw_handoff/system_bd.tcl
Generated Hardware Definition File d:/ASUS-PC/Desktop/temporary/HSC/HSC.gen/sources_1/bd/system/synth/system.hwdef
WARNING: [BD 41-2265] Clock pin for protocol instance pin m_axis could not be determined. Make sure that ASSOCIATED_BUSIF and ASSOCIATED_RESET properties are set or propagated on clock pins of block /TOP_0
catch { config_ip_cache -export [get_ips -all system_TOP_0_1] }
catch { config_ip_cache -export [get_ips -all system_auto_pc_0] }
INFO: [IP_Flow 19-4993] Using cached IP synthesis design for IP system_auto_pc_0, cache-ID = fc795361e4ea3443; cache size = 29.268 MB.
catch { config_ip_cache -export [get_ips -all system_auto_pc_1] }
INFO: [IP_Flow 19-4993] Using cached IP synthesis design for IP system_auto_pc_1, cache-ID = a8a33576f51f5acc; cache size = 29.268 MB.
export_ip_user_files -of_objects [get_files D:/ASUS-PC/Desktop/temporary/HSC/HSC.srcs/sources_1/bd/system/system.bd] -no_script -sync -force -quiet
create_ip_run [get_files -of_objects [get_fileset sources_1] D:/ASUS-PC/Desktop/temporary/HSC/HSC.srcs/sources_1/bd/system/system.bd]
launch_runs system_TOP_0_1_synth_1 -jobs 28
[Tue Feb 10 10:44:26 2026] Launched system_TOP_0_1_synth_1...
Run output will be captured here: D:/ASUS-PC/Desktop/temporary/HSC/HSC.runs/system_TOP_0_1_synth_1/runme.log
export_simulation -of_objects [get_files D:/ASUS-PC/Desktop/temporary/HSC/HSC.srcs/sources_1/bd/system/system.bd] -directory D:/ASUS-PC/Desktop/temporary/HSC/HSC.ip_user_files/sim_scripts -ip_user_files_dir D:/ASUS-PC/Desktop/temporary/HSC/HSC.ip_user_files -ipstatic_source_dir D:/ASUS-PC/Desktop/temporary/HSC/HSC.ip_user_files/ipstatic -lib_map_path [list {modelsim=D:/ASUS-PC/Desktop/temporary/HSC/HSC.cache/compile_simlib/modelsim} {questa=D:/ASUS-PC/Desktop/temporary/HSC/HSC.cache/compile_simlib/questa} {riviera=D:/ASUS-PC/Desktop/temporary/HSC/HSC.cache/compile_simlib/riviera} {activehdl=D:/ASUS-PC/Desktop/temporary/HSC/HSC.cache/compile_simlib/activehdl}] -use_ip_compiled_libs -force -quiet
make_wrapper -files [get_files D:/ASUS-PC/Desktop/temporary/HSC/HSC.srcs/sources_1/bd/system/system.bd] -top
add_files -norecurse d:/ASUS-PC/Desktop/temporary/HSC/HSC.gen/sources_1/bd/system/hdl/system_wrapper.vhd
update_compile_order -fileset sources_1
reset_run synth_1
WARNING: [Vivado 12-1017] Problems encountered:
1. Failed to delete one or more files in run directory D:/ASUS-PC/Desktop/temporary/HSC/HSC.runs/synth_1

launch_runs impl_1 -to_step write_bitstream -jobs 28
[Tue Feb 10 10:45:12 2026] Launched synth_1...
Run output will be captured here: D:/ASUS-PC/Desktop/temporary/HSC/HSC.runs/synth_1/runme.log
[Tue Feb 10 10:45:12 2026] Launched impl_1...
Run output will be captured here: D:/ASUS-PC/Desktop/temporary/HSC/HSC.runs/impl_1/runme.log
write_hw_platform -fixed -include_bit -force -file D:/ASUS-PC/Desktop/temporary/HSC/vitis/system_wrapper.xsa
INFO: [Vivado 12-4895] Creating Hardware Platform: D:/ASUS-PC/Desktop/temporary/HSC/vitis/system_wrapper.xsa ...
INFO: [Hsi 55-2053] elapsed time for repository (E:/Xilinx2021/Vivado/2021.1/data/embeddedsw) loading 0 seconds
INFO: [Vivado 12-12464] The Hardware Platform can be used for Hardware
INFO: [Vivado 12-4896] Successfully created Hardware Platform: D:/ASUS-PC/Desktop/temporary/HSC/vitis/system_wrapper.xsa
open_bd_design {D:/ASUS-PC/Desktop/temporary/HSC/HSC.srcs/sources_1/bd/system/system.bd}
open_bd_design {D:/ASUS-PC/Desktop/temporary/HSC/HSC.srcs/sources_1/bd/system/system.bd}
open_bd_design {D:/ASUS-PC/Desktop/temporary/HSC/HSC.srcs/sources_1/bd/system/system.bd}
open_bd_design {D:/ASUS-PC/Desktop/temporary/HSC/HSC.srcs/sources_1/bd/system/system.bd}
open_bd_design {D:/ASUS-PC/Desktop/temporary/HSC/HSC.srcs/sources_1/bd/system/system.bd}
open_bd_design {D:/ASUS-PC/Desktop/temporary/HSC/HSC.srcs/sources_1/bd/system/system.bd}
export_ip_user_files -of_objects  [get_files D:/ASUS-PC/Desktop/temporary/HSC/HSC.gen/sources_1/bd/system/hdl/system_wrapper.v] -no_script -reset -force -quiet
remove_files  D:/ASUS-PC/Desktop/temporary/HSC/HSC.gen/sources_1/bd/system/hdl/system_wrapper.v
remove_files  D:/ASUS-PC/Desktop/temporary/HSC/HSC.gen/sources_1/bd/system/hdl/system_wrapper.v
WARNING: [Vivado 12-818] No files matched 'D:/ASUS-PC/Desktop/temporary/HSC/HSC.gen/sources_1/bd/system/hdl/system_wrapper.v'
update_compile_order -fileset sources_1
generate_target all [get_files  D:/ASUS-PC/Desktop/temporary/HSC/HSC.srcs/sources_1/bd/system/system.bd]
INFO: [BD 41-1637] Generated targets are already up-to-date for block design 'system' - hence not re-generating.
export_ip_user_files -of_objects [get_files D:/ASUS-PC/Desktop/temporary/HSC/HSC.srcs/sources_1/bd/system/system.bd] -no_script -sync -force -quiet
create_ip_run [get_files -of_objects [get_fileset sources_1] D:/ASUS-PC/Desktop/temporary/HSC/HSC.srcs/sources_1/bd/system/system.bd]
export_simulation -of_objects [get_files D:/ASUS-PC/Desktop/temporary/HSC/HSC.srcs/sources_1/bd/system/system.bd] -directory D:/ASUS-PC/Desktop/temporary/HSC/HSC.ip_user_files/sim_scripts -ip_user_files_dir D:/ASUS-PC/Desktop/temporary/HSC/HSC.ip_user_files -ipstatic_source_dir D:/ASUS-PC/Desktop/temporary/HSC/HSC.ip_user_files/ipstatic -lib_map_path [list {modelsim=D:/ASUS-PC/Desktop/temporary/HSC/HSC.cache/compile_simlib/modelsim} {questa=D:/ASUS-PC/Desktop/temporary/HSC/HSC.cache/compile_simlib/questa} {riviera=D:/ASUS-PC/Desktop/temporary/HSC/HSC.cache/compile_simlib/riviera} {activehdl=D:/ASUS-PC/Desktop/temporary/HSC/HSC.cache/compile_simlib/activehdl}] -use_ip_compiled_libs -force -quiet
make_wrapper -files [get_files D:/ASUS-PC/Desktop/temporary/HSC/HSC.srcs/sources_1/bd/system/system.bd] -top
reset_run synth_1
WARNING: [Vivado 12-1017] Problems encountered:
1. Failed to delete one or more files in run directory D:/ASUS-PC/Desktop/temporary/HSC/HSC.runs/synth_1

launch_runs impl_1 -to_step write_bitstream -jobs 28
[Tue Feb 10 10:58:31 2026] Launched synth_1...
Run output will be captured here: D:/ASUS-PC/Desktop/temporary/HSC/HSC.runs/synth_1/runme.log
[Tue Feb 10 10:58:31 2026] Launched impl_1...
Run output will be captured here: D:/ASUS-PC/Desktop/temporary/HSC/HSC.runs/impl_1/runme.log
reset_run synth_1
WARNING: [Vivado 12-1017] Problems encountered:
1. Failed to delete one or more files in run directory D:/ASUS-PC/Desktop/temporary/HSC/HSC.runs/synth_1

launch_runs synth_1 -jobs 28
[Tue Feb 10 10:59:47 2026] Launched synth_1...
Run output will be captured here: D:/ASUS-PC/Desktop/temporary/HSC/HSC.runs/synth_1/runme.log
launch_runs impl_1 -to_step write_bitstream -jobs 28
[Tue Feb 10 11:00:22 2026] Launched impl_1...
Run output will be captured here: D:/ASUS-PC/Desktop/temporary/HSC/HSC.runs/impl_1/runme.log
open_run synth_1 -name synth_1
Design is defaulting to impl run constrset: constrs_1
Design is defaulting to synth run part: xc7z020clg400-2
INFO: [Device 21-403] Loading part xc7z020clg400-2
INFO: [Project 1-454] Reading design checkpoint 'd:/ASUS-PC/Desktop/temporary/HSC/HSC.gen/sources_1/bd/system/ip/system_TOP_0_1/system_TOP_0_1.dcp' for cell 'system_i/TOP_0'
INFO: [Project 1-454] Reading design checkpoint 'd:/ASUS-PC/Desktop/temporary/HSC/HSC.gen/sources_1/bd/system/ip/system_axi_dma_0_0/system_axi_dma_0_0.dcp' for cell 'system_i/axi_dma_0'
INFO: [Project 1-454] Reading design checkpoint 'd:/ASUS-PC/Desktop/temporary/HSC/HSC.gen/sources_1/bd/system/ip/system_axis_data_fifo_0_0/system_axis_data_fifo_0_0.dcp' for cell 'system_i/axis_data_fifo_0'
INFO: [Project 1-454] Reading design checkpoint 'd:/ASUS-PC/Desktop/temporary/HSC/HSC.gen/sources_1/bd/system/ip/system_processing_system7_0_0/system_processing_system7_0_0.dcp' for cell 'system_i/processing_system7_0'
INFO: [Project 1-454] Reading design checkpoint 'd:/ASUS-PC/Desktop/temporary/HSC/HSC.gen/sources_1/bd/system/ip/system_ps_pl_axi4_0_0/system_ps_pl_axi4_0_0.dcp' for cell 'system_i/ps_pl_axi4_0'
INFO: [Project 1-454] Reading design checkpoint 'd:/ASUS-PC/Desktop/temporary/HSC/HSC.gen/sources_1/bd/system/ip/system_rst_ps7_0_100M_0/system_rst_ps7_0_100M_0.dcp' for cell 'system_i/rst_ps7_0_100M'
INFO: [Project 1-454] Reading design checkpoint 'd:/ASUS-PC/Desktop/temporary/HSC/HSC.gen/sources_1/bd/system/ip/system_auto_pc_1/system_auto_pc_1.dcp' for cell 'system_i/axi_mem_intercon/s00_couplers/auto_pc'
INFO: [Project 1-454] Reading design checkpoint 'd:/ASUS-PC/Desktop/temporary/HSC/HSC.gen/sources_1/bd/system/ip/system_xbar_1/system_xbar_1.dcp' for cell 'system_i/ps7_0_axi_periph/xbar'
INFO: [Project 1-454] Reading design checkpoint 'd:/ASUS-PC/Desktop/temporary/HSC/HSC.gen/sources_1/bd/system/ip/system_auto_pc_0/system_auto_pc_0.dcp' for cell 'system_i/ps7_0_axi_periph/s00_couplers/auto_pc'
Netlist sorting complete. Time (s): cpu = 00:00:00 ; elapsed = 00:00:00.090 . Memory (MB): peak = 2301.734 ; gain = 0.000
INFO: [Netlist 29-17] Analyzing 740 Unisim elements for replacement
INFO: [Netlist 29-28] Unisim Transformation completed in 0 CPU seconds
INFO: [Project 1-479] Netlist was created with Vivado 2021.1.1
INFO: [Project 1-570] Preparing netlist for logic optimization
Parsing XDC File [d:/ASUS-PC/Desktop/temporary/HSC/HSC.gen/sources_1/bd/system/ip/system_processing_system7_0_0/system_processing_system7_0_0.xdc] for cell 'system_i/processing_system7_0/inst'
Finished Parsing XDC File [d:/ASUS-PC/Desktop/temporary/HSC/HSC.gen/sources_1/bd/system/ip/system_processing_system7_0_0/system_processing_system7_0_0.xdc] for cell 'system_i/processing_system7_0/inst'
Parsing XDC File [d:/ASUS-PC/Desktop/temporary/HSC/HSC.gen/sources_1/bd/system/ip/system_axi_dma_0_0/system_axi_dma_0_0.xdc] for cell 'system_i/axi_dma_0/U0'
WARNING: [Vivado_Tcl 4-921] Waiver ID 'CDC-1' -to list should not be empty. [d:/ASUS-PC/Desktop/temporary/HSC/HSC.gen/sources_1/bd/system/ip/system_axi_dma_0_0/system_axi_dma_0_0.xdc:52]
WARNING: [Vivado_Tcl 4-921] Waiver ID 'CDC-1' -to list should not be empty. [d:/ASUS-PC/Desktop/temporary/HSC/HSC.gen/sources_1/bd/system/ip/system_axi_dma_0_0/system_axi_dma_0_0.xdc:56]
WARNING: [Vivado_Tcl 4-919] Waiver ID 'CDC-1' -from list should not be empty. [d:/ASUS-PC/Desktop/temporary/HSC/HSC.gen/sources_1/bd/system/ip/system_axi_dma_0_0/system_axi_dma_0_0.xdc:61]
Finished Parsing XDC File [d:/ASUS-PC/Desktop/temporary/HSC/HSC.gen/sources_1/bd/system/ip/system_axi_dma_0_0/system_axi_dma_0_0.xdc] for cell 'system_i/axi_dma_0/U0'
Parsing XDC File [d:/ASUS-PC/Desktop/temporary/HSC/HSC.gen/sources_1/bd/system/ip/system_rst_ps7_0_100M_0/system_rst_ps7_0_100M_0_board.xdc] for cell 'system_i/rst_ps7_0_100M/U0'
Finished Parsing XDC File [d:/ASUS-PC/Desktop/temporary/HSC/HSC.gen/sources_1/bd/system/ip/system_rst_ps7_0_100M_0/system_rst_ps7_0_100M_0_board.xdc] for cell 'system_i/rst_ps7_0_100M/U0'
Parsing XDC File [d:/ASUS-PC/Desktop/temporary/HSC/HSC.gen/sources_1/bd/system/ip/system_rst_ps7_0_100M_0/system_rst_ps7_0_100M_0.xdc] for cell 'system_i/rst_ps7_0_100M/U0'
Finished Parsing XDC File [d:/ASUS-PC/Desktop/temporary/HSC/HSC.gen/sources_1/bd/system/ip/system_rst_ps7_0_100M_0/system_rst_ps7_0_100M_0.xdc] for cell 'system_i/rst_ps7_0_100M/U0'
Parsing XDC File [D:/ASUS-PC/Desktop/temporary/HSC/HSC.srcs/constrs_1/con1.xdc]
INFO: [Timing 38-35] Done setting XDC timing constraints. [D:/ASUS-PC/Desktop/temporary/HSC/HSC.srcs/constrs_1/con1.xdc:119]
INFO: [Timing 38-2] Deriving generated clocks [D:/ASUS-PC/Desktop/temporary/HSC/HSC.srcs/constrs_1/con1.xdc:119]
WARNING: [Vivado 12-750] There are no ChipScope debug cores in this design. [D:/ASUS-PC/Desktop/temporary/HSC/HSC.srcs/constrs_1/con1.xdc:121]
CRITICAL WARNING: [Common 17-55] 'set_property' expects at least one object. [D:/ASUS-PC/Desktop/temporary/HSC/HSC.srcs/constrs_1/con1.xdc:121]
Resolution: If [get_<value>] was used to populate the object, check to make sure this command returns at least one valid object.
WARNING: [Vivado 12-750] There are no ChipScope debug cores in this design. [D:/ASUS-PC/Desktop/temporary/HSC/HSC.srcs/constrs_1/con1.xdc:122]
CRITICAL WARNING: [Common 17-55] 'set_property' expects at least one object. [D:/ASUS-PC/Desktop/temporary/HSC/HSC.srcs/constrs_1/con1.xdc:122]
Resolution: If [get_<value>] was used to populate the object, check to make sure this command returns at least one valid object.
WARNING: [Vivado 12-750] There are no ChipScope debug cores in this design. [D:/ASUS-PC/Desktop/temporary/HSC/HSC.srcs/constrs_1/con1.xdc:123]
CRITICAL WARNING: [Common 17-55] 'set_property' expects at least one object. [D:/ASUS-PC/Desktop/temporary/HSC/HSC.srcs/constrs_1/con1.xdc:123]
Resolution: If [get_<value>] was used to populate the object, check to make sure this command returns at least one valid object.
WARNING: [Vivado 12-507] No nets matched 'clk'. [D:/ASUS-PC/Desktop/temporary/HSC/HSC.srcs/constrs_1/con1.xdc:124]
CRITICAL WARNING: [Vivado 12-1419] Debug core 'dbg_hub' was not found. [D:/ASUS-PC/Desktop/temporary/HSC/HSC.srcs/constrs_1/con1.xdc:124]
Finished Parsing XDC File [D:/ASUS-PC/Desktop/temporary/HSC/HSC.srcs/constrs_1/con1.xdc]
Parsing XDC File [d:/ASUS-PC/Desktop/temporary/HSC/HSC.gen/sources_1/bd/system/ip/system_axi_dma_0_0/system_axi_dma_0_0_clocks.xdc] for cell 'system_i/axi_dma_0/U0'
Finished Parsing XDC File [d:/ASUS-PC/Desktop/temporary/HSC/HSC.gen/sources_1/bd/system/ip/system_axi_dma_0_0/system_axi_dma_0_0_clocks.xdc] for cell 'system_i/axi_dma_0/U0'
INFO: [Project 1-1714] 48 XPM XDC files have been applied to the design.
INFO: [Opt 31-138] Pushed 0 inverter(s) to 0 load pin(s).
Netlist sorting complete. Time (s): cpu = 00:00:00 ; elapsed = 00:00:00.001 . Memory (MB): peak = 3011.844 ; gain = 0.000
INFO: [Project 1-111] Unisim Transformation Summary:
  A total of 4 instances were transformed.
  RAM32M => RAM32M (RAMD32(x6), RAMS32(x2)): 4 instances

open_run: Time (s): cpu = 00:00:13 ; elapsed = 00:00:10 . Memory (MB): peak = 3101.762 ; gain = 938.652
open_bd_design {D:/ASUS-PC/Desktop/temporary/HSC/HSC.srcs/sources_1/bd/system/system.bd}
delete_bd_objs [get_bd_ports clk_in_0]
set_property name clk_in_0 [get_bd_ports clk_in_1]
delete_bd_objs [get_bd_ports clk_ad_out_0]
set_property name clk_ad_out_0 [get_bd_ports clk_ad_out_1]
save_bd_design
Wrote  : <D:\ASUS-PC\Desktop\temporary\HSC\HSC.srcs\sources_1\bd\system\system.bd> 
Wrote  : <D:/ASUS-PC/Desktop/temporary/HSC/HSC.srcs/sources_1/bd/system/ui/bd_c954508f.ui> 
reset_run synth_1
WARNING: [Vivado 12-1017] Problems encountered:
1. Failed to delete one or more files in run directory D:/ASUS-PC/Desktop/temporary/HSC/HSC.runs/synth_1

launch_runs impl_1 -to_step write_bitstream -jobs 28
WARNING: [BD 41-2670] Found an incomplete address path from address space '/axi_dma_0/Data_S2MM' to slave segment '/ps_pl_axi4_0/S00_AXI/S00_AXI_reg'. Please either complete or remove this path to resolve.
CRITICAL WARNING: [BD 41-967] AXI interface pin /TOP_0/m_axis is not associated to any clock pin. It may not work correctly.
WARNING: [BD 41-702] Propagation TCL tries to overwrite USER strength parameter C_M_AXI_S2MM_DATA_WIDTH(64) on '/axi_dma_0' with propagated value(32). Command ignored
WARNING: [BD 41-702] Propagation TCL tries to overwrite USER strength parameter C_M_AXI_S2MM_DATA_WIDTH(64) on '/axi_dma_0' with propagated value(32). Command ignored
WARNING: [BD 41-702] Propagation TCL tries to overwrite USER strength parameter C_M_AXI_S2MM_DATA_WIDTH(64) on '/axi_dma_0' with propagated value(32). Command ignored
WARNING: [BD 41-702] Propagation TCL tries to overwrite USER strength parameter C_M_AXI_S2MM_DATA_WIDTH(64) on '/axi_dma_0' with propagated value(32). Command ignored
WARNING: [BD 41-702] Propagation TCL tries to overwrite USER strength parameter C_M_AXI_S2MM_DATA_WIDTH(64) on '/axi_dma_0' with propagated value(32). Command ignored
WARNING: [BD 41-702] Propagation TCL tries to overwrite USER strength parameter C_M_AXI_S2MM_DATA_WIDTH(64) on '/axi_dma_0' with propagated value(32). Command ignored
WARNING: [BD 41-702] Propagation TCL tries to overwrite USER strength parameter C_M_AXI_S2MM_DATA_WIDTH(64) on '/axi_dma_0' with propagated value(32). Command ignored
Wrote  : <D:\ASUS-PC\Desktop\temporary\HSC\HSC.srcs\sources_1\bd\system\system.bd> 
VHDL Output written to : d:/ASUS-PC/Desktop/temporary/HSC/HSC.gen/sources_1/bd/system/synth/system.vhd
VHDL Output written to : d:/ASUS-PC/Desktop/temporary/HSC/HSC.gen/sources_1/bd/system/sim/system.vhd
VHDL Output written to : d:/ASUS-PC/Desktop/temporary/HSC/HSC.gen/sources_1/bd/system/hdl/system_wrapper.vhd
WARNING: [IP_Flow 19-4994] Overwriting existing constraint file 'd:/ASUS-PC/Desktop/temporary/HSC/HSC.gen/sources_1/bd/system/ip/system_auto_pc_0/system_auto_pc_0_ooc.xdc'
INFO: [BD 41-1029] Generation completed for the IP Integrator block ps7_0_axi_periph/s00_couplers/auto_pc .
WARNING: [IP_Flow 19-4994] Overwriting existing constraint file 'd:/ASUS-PC/Desktop/temporary/HSC/HSC.gen/sources_1/bd/system/ip/system_auto_pc_1/system_auto_pc_1_ooc.xdc'
INFO: [BD 41-1029] Generation completed for the IP Integrator block axi_mem_intercon/s00_couplers/auto_pc .
Exporting to file d:/ASUS-PC/Desktop/temporary/HSC/HSC.gen/sources_1/bd/system/hw_handoff/system.hwh
Generated Block Design Tcl file d:/ASUS-PC/Desktop/temporary/HSC/HSC.gen/sources_1/bd/system/hw_handoff/system_bd.tcl
Generated Hardware Definition File d:/ASUS-PC/Desktop/temporary/HSC/HSC.gen/sources_1/bd/system/synth/system.hwdef
WARNING: [BD 41-2265] Clock pin for protocol instance pin m_axis could not be determined. Make sure that ASSOCIATED_BUSIF and ASSOCIATED_RESET properties are set or propagated on clock pins of block /TOP_0
INFO: [IP_Flow 19-4993] Using cached IP synthesis design for IP system_auto_pc_0, cache-ID = fc795361e4ea3443; cache size = 36.943 MB.
INFO: [IP_Flow 19-4993] Using cached IP synthesis design for IP system_auto_pc_1, cache-ID = a8a33576f51f5acc; cache size = 36.943 MB.
WARNING: [Project 1-478] Design 'synth_1' is stale and will not be used when launching 'impl_1'
[Tue Feb 10 11:05:48 2026] Launched synth_1...
Run output will be captured here: D:/ASUS-PC/Desktop/temporary/HSC/HSC.runs/synth_1/runme.log
[Tue Feb 10 11:05:48 2026] Launched impl_1...
Run output will be captured here: D:/ASUS-PC/Desktop/temporary/HSC/HSC.runs/impl_1/runme.log
launch_runs: Time (s): cpu = 00:00:07 ; elapsed = 00:00:10 . Memory (MB): peak = 3122.656 ; gain = 0.000
reset_run synth_1
WARNING: [Vivado 12-1017] Problems encountered:
1. Failed to delete one or more files in run directory D:/ASUS-PC/Desktop/temporary/HSC/HSC.runs/synth_1

set_property CONFIG.CLK_DOMAIN {CONFIG.CLK_DOMAIN	system_processing_system7_0_0_FCLK_CLK0} [get_bd_intf_pins /TOP_0/m_axis]
save_bd_design
Wrote  : <D:\ASUS-PC\Desktop\temporary\HSC\HSC.srcs\sources_1\bd\system\system.bd> 
Wrote  : <D:/ASUS-PC/Desktop/temporary/HSC/HSC.srcs/sources_1/bd/system/ui/bd_c954508f.ui> 
launch_runs impl_1 -to_step write_bitstream -jobs 28
WARNING: [BD 41-2670] Found an incomplete address path from address space '/axi_dma_0/Data_S2MM' to slave segment '/ps_pl_axi4_0/S00_AXI/S00_AXI_reg'. Please either complete or remove this path to resolve.
CRITICAL WARNING: [BD 41-967] AXI interface pin /TOP_0/m_axis is not associated to any clock pin. It may not work correctly.
WARNING: [BD 41-702] Propagation TCL tries to overwrite USER strength parameter C_M_AXI_S2MM_DATA_WIDTH(64) on '/axi_dma_0' with propagated value(32). Command ignored
WARNING: [BD 41-702] Propagation TCL tries to overwrite USER strength parameter C_M_AXI_S2MM_DATA_WIDTH(64) on '/axi_dma_0' with propagated value(32). Command ignored
WARNING: [BD 41-702] Propagation TCL tries to overwrite USER strength parameter C_M_AXI_S2MM_DATA_WIDTH(64) on '/axi_dma_0' with propagated value(32). Command ignored
WARNING: [BD 41-702] Propagation TCL tries to overwrite USER strength parameter C_M_AXI_S2MM_DATA_WIDTH(64) on '/axi_dma_0' with propagated value(32). Command ignored
WARNING: [BD 41-702] Propagation TCL tries to overwrite USER strength parameter C_M_AXI_S2MM_DATA_WIDTH(64) on '/axi_dma_0' with propagated value(32). Command ignored
WARNING: [BD 41-702] Propagation TCL tries to overwrite USER strength parameter C_M_AXI_S2MM_DATA_WIDTH(64) on '/axi_dma_0' with propagated value(32). Command ignored
WARNING: [BD 41-702] Propagation TCL tries to overwrite USER strength parameter C_M_AXI_S2MM_DATA_WIDTH(64) on '/axi_dma_0' with propagated value(32). Command ignored
ERROR: [BD 41-237] Bus Interface property CLK_DOMAIN does not match between /axis_data_fifo_0/S_AXIS(system_processing_system7_0_0_FCLK_CLK0) and /TOP_0/m_axis(CONFIG.CLK_DOMAIN system_processing_system7_0_0_FCLK_CLK0)
ERROR: [BD 41-1031] Hdl Generation failed for the IP Integrator design D:/ASUS-PC/Desktop/temporary/HSC/HSC.srcs/sources_1/bd/system/system.bd 
ERROR: [Vivado 12-4756] Launch of runs aborted due to earlier errors while preparing sub-designs for run execution.
set_property CONFIG.CLK_DOMAIN {} [get_bd_intf_pins /TOP_0/m_axis]
set_property CONFIG.ASSOCIATED_BUSIF m_axis [get_bd_pins /TOP_0/ps_clk]
set_property CONFIG.ASSOCIATED_RESET aresetn [get_bd_pins /TOP_0/ps_clk]
save_bd_design
Wrote  : <D:\ASUS-PC\Desktop\temporary\HSC\HSC.srcs\sources_1\bd\system\system.bd> 
Wrote  : <D:/ASUS-PC/Desktop/temporary/HSC/HSC.srcs/sources_1/bd/system/ui/bd_c954508f.ui> 
launch_runs impl_1 -to_step write_bitstream -jobs 28
WARNING: [BD 41-2670] Found an incomplete address path from address space '/axi_dma_0/Data_S2MM' to slave segment '/ps_pl_axi4_0/S00_AXI/S00_AXI_reg'. Please either complete or remove this path to resolve.
WARNING: [BD 41-702] Propagation TCL tries to overwrite USER strength parameter C_M_AXI_S2MM_DATA_WIDTH(64) on '/axi_dma_0' with propagated value(32). Command ignored
WARNING: [BD 41-702] Propagation TCL tries to overwrite USER strength parameter C_M_AXI_S2MM_DATA_WIDTH(64) on '/axi_dma_0' with propagated value(32). Command ignored
WARNING: [BD 41-702] Propagation TCL tries to overwrite USER strength parameter C_M_AXI_S2MM_DATA_WIDTH(64) on '/axi_dma_0' with propagated value(32). Command ignored
WARNING: [BD 41-702] Propagation TCL tries to overwrite USER strength parameter C_M_AXI_S2MM_DATA_WIDTH(64) on '/axi_dma_0' with propagated value(32). Command ignored
WARNING: [BD 41-702] Propagation TCL tries to overwrite USER strength parameter C_M_AXI_S2MM_DATA_WIDTH(64) on '/axi_dma_0' with propagated value(32). Command ignored
WARNING: [BD 41-702] Propagation TCL tries to overwrite USER strength parameter C_M_AXI_S2MM_DATA_WIDTH(64) on '/axi_dma_0' with propagated value(32). Command ignored
WARNING: [BD 41-702] Propagation TCL tries to overwrite USER strength parameter C_M_AXI_S2MM_DATA_WIDTH(64) on '/axi_dma_0' with propagated value(32). Command ignored
Wrote  : <D:\ASUS-PC\Desktop\temporary\HSC\HSC.srcs\sources_1\bd\system\system.bd> 
VHDL Output written to : d:/ASUS-PC/Desktop/temporary/HSC/HSC.gen/sources_1/bd/system/synth/system.vhd
VHDL Output written to : d:/ASUS-PC/Desktop/temporary/HSC/HSC.gen/sources_1/bd/system/sim/system.vhd
VHDL Output written to : d:/ASUS-PC/Desktop/temporary/HSC/HSC.gen/sources_1/bd/system/hdl/system_wrapper.vhd
WARNING: [IP_Flow 19-4994] Overwriting existing constraint file 'd:/ASUS-PC/Desktop/temporary/HSC/HSC.gen/sources_1/bd/system/ip/system_auto_pc_0/system_auto_pc_0_ooc.xdc'
INFO: [BD 41-1029] Generation completed for the IP Integrator block ps7_0_axi_periph/s00_couplers/auto_pc .
WARNING: [IP_Flow 19-4994] Overwriting existing constraint file 'd:/ASUS-PC/Desktop/temporary/HSC/HSC.gen/sources_1/bd/system/ip/system_auto_pc_1/system_auto_pc_1_ooc.xdc'
INFO: [BD 41-1029] Generation completed for the IP Integrator block axi_mem_intercon/s00_couplers/auto_pc .
Exporting to file d:/ASUS-PC/Desktop/temporary/HSC/HSC.gen/sources_1/bd/system/hw_handoff/system.hwh
Generated Block Design Tcl file d:/ASUS-PC/Desktop/temporary/HSC/HSC.gen/sources_1/bd/system/hw_handoff/system_bd.tcl
Generated Hardware Definition File d:/ASUS-PC/Desktop/temporary/HSC/HSC.gen/sources_1/bd/system/synth/system.hwdef
INFO: [IP_Flow 19-4993] Using cached IP synthesis design for IP system_auto_pc_0, cache-ID = fc795361e4ea3443; cache size = 36.943 MB.
INFO: [IP_Flow 19-4993] Using cached IP synthesis design for IP system_auto_pc_1, cache-ID = a8a33576f51f5acc; cache size = 36.943 MB.
WARNING: [Project 1-478] Design 'synth_1' is stale and will not be used when launching 'impl_1'
[Tue Feb 10 11:15:02 2026] Launched synth_1...
Run output will be captured here: D:/ASUS-PC/Desktop/temporary/HSC/HSC.runs/synth_1/runme.log
[Tue Feb 10 11:15:02 2026] Launched impl_1...
Run output will be captured here: D:/ASUS-PC/Desktop/temporary/HSC/HSC.runs/impl_1/runme.log
launch_runs: Time (s): cpu = 00:00:08 ; elapsed = 00:00:11 . Memory (MB): peak = 3122.656 ; gain = 0.000
generate_target all [get_files  D:/ASUS-PC/Desktop/temporary/HSC/HSC.srcs/sources_1/bd/system/system.bd]
INFO: [BD 41-1637] Generated targets are already up-to-date for block design 'system' - hence not re-generating.
export_ip_user_files -of_objects [get_files D:/ASUS-PC/Desktop/temporary/HSC/HSC.srcs/sources_1/bd/system/system.bd] -no_script -sync -force -quiet
create_ip_run [get_files -of_objects [get_fileset sources_1] D:/ASUS-PC/Desktop/temporary/HSC/HSC.srcs/sources_1/bd/system/system.bd]
export_simulation -of_objects [get_files D:/ASUS-PC/Desktop/temporary/HSC/HSC.srcs/sources_1/bd/system/system.bd] -directory D:/ASUS-PC/Desktop/temporary/HSC/HSC.ip_user_files/sim_scripts -ip_user_files_dir D:/ASUS-PC/Desktop/temporary/HSC/HSC.ip_user_files -ipstatic_source_dir D:/ASUS-PC/Desktop/temporary/HSC/HSC.ip_user_files/ipstatic -lib_map_path [list {modelsim=D:/ASUS-PC/Desktop/temporary/HSC/HSC.cache/compile_simlib/modelsim} {questa=D:/ASUS-PC/Desktop/temporary/HSC/HSC.cache/compile_simlib/questa} {riviera=D:/ASUS-PC/Desktop/temporary/HSC/HSC.cache/compile_simlib/riviera} {activehdl=D:/ASUS-PC/Desktop/temporary/HSC/HSC.cache/compile_simlib/activehdl}] -use_ip_compiled_libs -force -quiet
generate_target all [get_files  D:/ASUS-PC/Desktop/temporary/HSC/HSC.srcs/sources_1/bd/system/system.bd]
INFO: [BD 41-1637] Generated targets are already up-to-date for block design 'system' - hence not re-generating.
export_ip_user_files -of_objects [get_files D:/ASUS-PC/Desktop/temporary/HSC/HSC.srcs/sources_1/bd/system/system.bd] -no_script -sync -force -quiet
create_ip_run [get_files -of_objects [get_fileset sources_1] D:/ASUS-PC/Desktop/temporary/HSC/HSC.srcs/sources_1/bd/system/system.bd]
export_simulation -of_objects [get_files D:/ASUS-PC/Desktop/temporary/HSC/HSC.srcs/sources_1/bd/system/system.bd] -directory D:/ASUS-PC/Desktop/temporary/HSC/HSC.ip_user_files/sim_scripts -ip_user_files_dir D:/ASUS-PC/Desktop/temporary/HSC/HSC.ip_user_files -ipstatic_source_dir D:/ASUS-PC/Desktop/temporary/HSC/HSC.ip_user_files/ipstatic -lib_map_path [list {modelsim=D:/ASUS-PC/Desktop/temporary/HSC/HSC.cache/compile_simlib/modelsim} {questa=D:/ASUS-PC/Desktop/temporary/HSC/HSC.cache/compile_simlib/questa} {riviera=D:/ASUS-PC/Desktop/temporary/HSC/HSC.cache/compile_simlib/riviera} {activehdl=D:/ASUS-PC/Desktop/temporary/HSC/HSC.cache/compile_simlib/activehdl}] -use_ip_compiled_libs -force -quiet
make_wrapper -files [get_files D:/ASUS-PC/Desktop/temporary/HSC/HSC.srcs/sources_1/bd/system/system.bd] -top
reset_run impl_1 -prev_step 
launch_runs impl_1 -to_step write_bitstream -jobs 28
[Tue Feb 10 11:18:18 2026] Launched impl_1...
Run output will be captured here: D:/ASUS-PC/Desktop/temporary/HSC/HSC.runs/impl_1/runme.log
write_hw_platform -fixed -include_bit -force -file D:/ASUS-PC/Desktop/temporary/HSC/vitis/system_wrapper.xsa
INFO: [Vivado 12-4895] Creating Hardware Platform: D:/ASUS-PC/Desktop/temporary/HSC/vitis/system_wrapper.xsa ...
INFO: [Vivado 12-12464] The Hardware Platform can be used for Hardware
INFO: [Vivado 12-4896] Successfully created Hardware Platform: D:/ASUS-PC/Desktop/temporary/HSC/vitis/system_wrapper.xsa
exit
INFO: [Common 17-206] Exiting Vivado at Tue Feb 10 11:41:07 2026...
