#-----------------------------------------------------------
# Vivado v2021.1.1 (64-bit)
# SW Build 3286242 on Wed Jul 28 13:10:47 MDT 2021
# IP Build 3279568 on Wed Jul 28 16:48:48 MDT 2021
# Start of session at: Thu Feb  5 11:43:11 2026
# Process ID: 642908
# Current directory: D:/ASUS-PC/Desktop/temporary/HSC/HSC
# Command line: vivado.exe -gui_launcher_event rodinguilauncherevent634732 D:\ASUS-PC\Desktop\temporary\HSC\HSC\HSC.xpr
# Log file: D:/ASUS-PC/Desktop/temporary/HSC/HSC/vivado.log
# Journal file: D:/ASUS-PC/Desktop/temporary/HSC/HSC\vivado.jou
#-----------------------------------------------------------
start_gui
open_project D:/ASUS-PC/Desktop/temporary/HSC/HSC/HSC.xpr
CRITICAL WARNING: [Project 1-19] Could not find the file 'D:/ASUS-PC/Desktop/temporary/HSC/AD_SAMP/AD_SAMP.srcs/sources_1/new/AD_DATA_FIFO_ASYNC.vhd'.
CRITICAL WARNING: [Project 1-19] Could not find the file 'D:/ASUS-PC/Desktop/temporary/HSC/AD_SAMP/AD_SAMP.srcs/sources_1/new/para_check.vhd'.
CRITICAL WARNING: [Project 1-19] Could not find the file 'D:/ASUS-PC/Desktop/temporary/HSC/AD_SAMP/AD_SAMP.srcs/sources_1/new/ad_ctrl.vhd'.
CRITICAL WARNING: [Project 1-19] Could not find the file 'D:/ASUS-PC/Desktop/temporary/HSC/AD_SAMP/AD_SAMP.srcs/sources_1/new/ad_in_clk.vhd'.
CRITICAL WARNING: [Project 1-19] Could not find the file 'D:/ASUS-PC/Desktop/temporary/HSC/AD_SAMP/AD_SAMP.srcs/sources_1/new/ad_out_clk.vhd'.
CRITICAL WARNING: [Project 1-19] Could not find the file 'D:/ASUS-PC/Desktop/temporary/HSC/AD_SAMP/AD_SAMP.srcs/sources_1/new/ads62p45.vhd'.
CRITICAL WARNING: [Project 1-19] Could not find the file 'D:/ASUS-PC/Desktop/temporary/HSC/AD_SAMP/AD_SAMP.srcs/sources_1/new/rx_data_fifo_async.vhd'.
CRITICAL WARNING: [Project 1-19] Could not find the file 'D:/ASUS-PC/Desktop/temporary/HSC/AD_SAMP/AD_SAMP.srcs/sources_1/new/trans_data.vhd'.
CRITICAL WARNING: [Project 1-19] Could not find the file 'D:/ASUS-PC/Desktop/temporary/HSC/AD_SAMP/AD_SAMP.srcs/sources_1/new/TOP.vhd'.
Scanning sources...
Finished scanning sources
INFO: [IP_Flow 19-234] Refreshing IP repositories
INFO: [IP_Flow 19-1700] Loaded user IP repository 'd:/ASUS-PC/Desktop/temporary/HSC/HSC/ip_repo/ps_pl_axi4_1.0'.
INFO: [IP_Flow 19-2313] Loaded Vivado IP repository 'E:/Xilinx2021/Vivado/2021.1/data/ip'.
update_compile_order -fileset sources_1
save_project_as A_Rader D:/ASUS-PC/Desktop/temporary/A_Rader -force
WARNING: [IP_Flow 19-3571] IP 'system_TOP_0_7' is restricted:
* Module reference is stale and needs refreshing.
open_bd_design {D:/ASUS-PC/Desktop/temporary/A_Rader/A_Rader.srcs/sources_1/bd/system/system.bd}
Reading block design file <D:/ASUS-PC/Desktop/temporary/A_Rader/A_Rader.srcs/sources_1/bd/system/system.bd>...
Adding component instance block -- xilinx.com:ip:processing_system7:5.5 - processing_system7_0
Adding component instance block -- xilinx.com:ip:xlconcat:2.1 - xlconcat_0
Adding component instance block -- xilinx.com:ip:axi_dma:7.1 - axi_dma_0
Adding component instance block -- xilinx.com:ip:proc_sys_reset:5.0 - rst_ps7_0_100M
Adding component instance block -- xilinx.com:user:ps_pl_axi4:1.0 - ps_pl_axi4_0
Adding component instance block -- xilinx.com:ip:axi_interconnect:2.1 - ps7_0_axi_periph
Adding component instance block -- xilinx.com:ip:axi_crossbar:2.1 - xbar
Adding component instance block -- xilinx.com:ip:axi_protocol_converter:2.1 - auto_pc
Adding component instance block -- xilinx.com:ip:axi_interconnect:2.1 - axi_mem_intercon
Adding component instance block -- xilinx.com:ip:axi_protocol_converter:2.1 - auto_pc
Adding component instance block -- xilinx.com:ip:axis_data_fifo:2.0 - axis_data_fifo_0
Adding component instance block -- xilinx.com:module_ref:TOP:1.0 - TOP_0
CRITICAL WARNING: [BD 41-1726] Unable to resolve module-source for block '/TOP_0'.
Given inputs for module-source, Top-module name : TOP, Module Type : RTL.
Please review and update or add design-sources to this project to resolve this module-reference.
Excluding slave segment /processing_system7_0/S_AXI_HP0/HP0_DDR_LOWOCM from address space /processing_system7_0/Data.
Excluding slave segment /processing_system7_0/S_AXI_HP0/HP0_DDR_LOWOCM from address space /processing_system7_0/Data.
Excluding slave segment /axi_dma_0/S_AXI_LITE/Reg from address space /axi_dma_0/Data_S2MM.
Excluding slave segment /ps_pl_axi4_0/S00_AXI/S00_AXI_reg from address space /axi_dma_0/Data_S2MM.
Successfully read diagram <system> from block design file <D:/ASUS-PC/Desktop/temporary/A_Rader/A_Rader.srcs/sources_1/bd/system/system.bd>
export_ip_user_files -of_objects  [get_files D:/ASUS-PC/Desktop/temporary/HSC/AD_SAMP/AD_SAMP.srcs/sources_1/new/AD_DATA_FIFO_ASYNC.vhd] -no_script -reset -force -quiet
remove_files  D:/ASUS-PC/Desktop/temporary/HSC/AD_SAMP/AD_SAMP.srcs/sources_1/new/AD_DATA_FIFO_ASYNC.vhd
export_ip_user_files -of_objects  [get_files D:/ASUS-PC/Desktop/temporary/HSC/AD_SAMP/AD_SAMP.srcs/sources_1/new/TOP.vhd] -no_script -reset -force -quiet
remove_files  D:/ASUS-PC/Desktop/temporary/HSC/AD_SAMP/AD_SAMP.srcs/sources_1/new/TOP.vhd
export_ip_user_files -of_objects  [get_files D:/ASUS-PC/Desktop/temporary/HSC/AD_SAMP/AD_SAMP.srcs/sources_1/new/ad_ctrl.vhd] -no_script -reset -force -quiet
remove_files  D:/ASUS-PC/Desktop/temporary/HSC/AD_SAMP/AD_SAMP.srcs/sources_1/new/ad_ctrl.vhd
export_ip_user_files -of_objects  [get_files D:/ASUS-PC/Desktop/temporary/HSC/AD_SAMP/AD_SAMP.srcs/sources_1/new/ad_in_clk.vhd] -no_script -reset -force -quiet
remove_files  D:/ASUS-PC/Desktop/temporary/HSC/AD_SAMP/AD_SAMP.srcs/sources_1/new/ad_in_clk.vhd
export_ip_user_files -of_objects  [get_files D:/ASUS-PC/Desktop/temporary/HSC/AD_SAMP/AD_SAMP.srcs/sources_1/new/ad_out_clk.vhd] -no_script -reset -force -quiet
remove_files  D:/ASUS-PC/Desktop/temporary/HSC/AD_SAMP/AD_SAMP.srcs/sources_1/new/ad_out_clk.vhd
export_ip_user_files -of_objects  [get_files D:/ASUS-PC/Desktop/temporary/HSC/AD_SAMP/AD_SAMP.srcs/sources_1/new/ads62p45.vhd] -no_script -reset -force -quiet
remove_files  D:/ASUS-PC/Desktop/temporary/HSC/AD_SAMP/AD_SAMP.srcs/sources_1/new/ads62p45.vhd
export_ip_user_files -of_objects  [get_files D:/ASUS-PC/Desktop/temporary/HSC/AD_SAMP/AD_SAMP.srcs/sources_1/new/para_check.vhd] -no_script -reset -force -quiet
remove_files  D:/ASUS-PC/Desktop/temporary/HSC/AD_SAMP/AD_SAMP.srcs/sources_1/new/para_check.vhd
export_ip_user_files -of_objects  [get_files D:/ASUS-PC/Desktop/temporary/HSC/AD_SAMP/AD_SAMP.srcs/sources_1/new/rx_data_fifo_async.vhd] -no_script -reset -force -quiet
remove_files  D:/ASUS-PC/Desktop/temporary/HSC/AD_SAMP/AD_SAMP.srcs/sources_1/new/rx_data_fifo_async.vhd
export_ip_user_files -of_objects  [get_files D:/ASUS-PC/Desktop/temporary/HSC/AD_SAMP/AD_SAMP.srcs/sources_1/new/trans_data.vhd] -no_script -reset -force -quiet
remove_files  D:/ASUS-PC/Desktop/temporary/HSC/AD_SAMP/AD_SAMP.srcs/sources_1/new/trans_data.vhd
delete_bd_objs [get_bd_nets triger_in_tr_0_1] [get_bd_nets ad_clk_in_0_1] [get_bd_nets AD_DB_0_1] [get_bd_nets ps_pl_axi4_0_rx_data_valid] [get_bd_nets TOP_0_AD_SCLK] [get_bd_nets TOP_0_tx_data_data] [get_bd_nets ps_pl_axi4_0_rx_cmd_valid] [get_bd_nets TOP_0_tx_cmd_valid] [get_bd_nets TOP_0_tx_data_valid] [get_bd_nets TOP_0_AD_SEN] [get_bd_nets TOP_0_AD_SDATA] [get_bd_nets TOP_0_AD_CTRL1] [get_bd_nets TOP_0_AD_CTRL2] [get_bd_nets TOP_0_AD_CTRL3] [get_bd_intf_nets TOP_0_m_axis] [get_bd_nets ps_pl_axi4_0_rx_data_last] [get_bd_nets ps_pl_axi4_0_rx_data_data] [get_bd_nets triger_in_pos_0_1] [get_bd_nets AD_DA_0_1] [get_bd_nets TOP_0_clk_ad_out] [get_bd_nets TOP_0_tx_data_last] [get_bd_nets clk_in_0_1] [get_bd_nets TOP_0_tx_cmd] [get_bd_nets ps_pl_axi4_0_rx_cmd] [get_bd_nets TOP_0_AD_RESET] [get_bd_nets TOP_0_clk_dir] [get_bd_cells TOP_0]
delete_bd_objs [get_bd_ports clk_ad_out_0] [get_bd_ports AD_SDATA_0] [get_bd_ports AD_CTRL2_0] [get_bd_ports AD_SEN_0] [get_bd_ports AD_RESET_0] [get_bd_ports clk_dir_0] [get_bd_ports AD_CTRL1_0] [get_bd_ports AD_SCLK_0] [get_bd_ports AD_CTRL3_0]
add_files {D:/ASUS-PC/Desktop/temporary/A_Rader/ip_repo/new/ad_out_clk.vhd D:/ASUS-PC/Desktop/temporary/A_Rader/ip_repo/new/para_check.vhd D:/ASUS-PC/Desktop/temporary/A_Rader/ip_repo/new/AD_DATA_FIFO_ASYNC.vhd D:/ASUS-PC/Desktop/temporary/A_Rader/ip_repo/new/trans_data.vhd D:/ASUS-PC/Desktop/temporary/A_Rader/ip_repo/new/ad_in_clk.vhd D:/ASUS-PC/Desktop/temporary/A_Rader/ip_repo/new/ads62p45.vhd D:/ASUS-PC/Desktop/temporary/A_Rader/ip_repo/new/ad_ctrl.vhd D:/ASUS-PC/Desktop/temporary/A_Rader/ip_repo/new/rx_data_fifo_async.vhd D:/ASUS-PC/Desktop/temporary/A_Rader/ip_repo/new/TOP.vhd}
update_compile_order -fileset sources_1
update_module_reference system_TOP_0_7
INFO: [IP_Flow 19-5107] Inferred bus interface 'm_axis' of definition 'xilinx.com:interface:axis:1.0' (from Xilinx Repository).
INFO: [IP_Flow 19-5107] Inferred bus interface 'AD_RESET' of definition 'xilinx.com:signal:reset:1.0' (from Xilinx Repository).
INFO: [IP_Flow 19-5107] Inferred bus interface 'ps_clk' of definition 'xilinx.com:signal:clock:1.0' (from Xilinx Repository).
WARNING: [IP_Flow 19-3158] Bus Interface 'm_axis': FREQ_HZ bus parameter missing from AXI interface when interface is not associated to a clock.
WARNING: [IP_Flow 19-5661] Bus Interface 'ps_clk' does not have any bus interfaces associated with it.
INFO: [IP_Flow 19-234] Refreshing IP repositories
INFO: [IP_Flow 19-1700] Loaded user IP repository 'd:/ASUS-PC/Desktop/temporary/HSC/HSC/ip_repo/ps_pl_axi4_1.0'.
WARNING: [Coretcl 2-176] No IPs found
ERROR: [Common 17-69] Command failed: No IP specified.  Please specify IP with 'objects'
create_bd_cell -type module -reference TOP TOP_0
set_property location {5 1849 679} [get_bd_cells TOP_0]
delete_bd_objs [get_bd_ports triger_in_pos_0] [get_bd_ports ad_clk_in_0] [get_bd_ports clk_in_0] [get_bd_ports triger_in_tr_0] [get_bd_ports AD_DA_0] [get_bd_ports AD_DB_0]
startgroup
make_bd_pins_external  [get_bd_pins TOP_0/clk_in]
endgroup
apply_bd_automation -rule xilinx.com:bd_rule:clkrst -config { Clk {/processing_system7_0/FCLK_CLK0 (100 MHz)} Freq {100} Ref_Clk0 {} Ref_Clk1 {} Ref_Clk2 {}}  [get_bd_pins TOP_0/ps_clk]
startgroup
make_bd_pins_external  [get_bd_pins TOP_0/ad_clk_in]
endgroup
startgroup
make_bd_pins_external  [get_bd_pins TOP_0/AD_DA]
endgroup
startgroup
make_bd_pins_external  [get_bd_pins TOP_0/AD_DB]
endgroup
startgroup
connect_bd_net [get_bd_pins TOP_0/rx_cmd] [get_bd_pins ps_pl_axi4_0/rx_cmd]
endgroup
connect_bd_net [get_bd_pins TOP_0/rx_cmd_valid] [get_bd_pins ps_pl_axi4_0/rx_cmd_valid]
connect_bd_net [get_bd_pins TOP_0/rx_data_valid] [get_bd_pins ps_pl_axi4_0/rx_data_valid]
connect_bd_net [get_bd_pins TOP_0/rx_data_last] [get_bd_pins ps_pl_axi4_0/rx_data_last]
connect_bd_net [get_bd_pins TOP_0/rx_data_data] [get_bd_pins ps_pl_axi4_0/rx_data_data]
startgroup
make_bd_pins_external  [get_bd_pins TOP_0/clk_dir]
endgroup
startgroup
make_bd_pins_external  [get_bd_pins TOP_0/clk_ad_out]
endgroup
connect_bd_net [get_bd_pins TOP_0/tx_cmd] [get_bd_pins ps_pl_axi4_0/tx_cmd]
delete_bd_objs [get_bd_nets TOP_0_tx_cmd]
connect_bd_net [get_bd_pins TOP_0/tx_cmd] [get_bd_pins ps_pl_axi4_0/tx_cmd]
connect_bd_net [get_bd_pins TOP_0/tx_cmd_valid] [get_bd_pins ps_pl_axi4_0/tx_cmd_valid]
connect_bd_net [get_bd_pins TOP_0/tx_data_valid] [get_bd_pins ps_pl_axi4_0/tx_data_valid]
connect_bd_net [get_bd_pins TOP_0/tx_data_last] [get_bd_pins ps_pl_axi4_0/tx_data_last]
connect_bd_net [get_bd_pins ps_pl_axi4_0/tx_data_data] [get_bd_pins TOP_0/tx_data_data]
startgroup
make_bd_pins_external  [get_bd_pins TOP_0/AD_SEN]
endgroup
startgroup
make_bd_pins_external  [get_bd_pins TOP_0/AD_SDATA]
endgroup
startgroup
make_bd_pins_external  [get_bd_pins TOP_0/AD_SCLK]
endgroup
startgroup
make_bd_pins_external  [get_bd_pins TOP_0/AD_RESET]
endgroup
startgroup
make_bd_pins_external  [get_bd_pins TOP_0/AD_CTRL1]
endgroup
startgroup
make_bd_pins_external  [get_bd_pins TOP_0/AD_CTRL2]
endgroup
startgroup
make_bd_pins_external  [get_bd_pins TOP_0/AD_CTRL3]
endgroup
connect_bd_intf_net [get_bd_intf_pins TOP_0/m_axis] [get_bd_intf_pins axis_data_fifo_0/S_AXIS]
startgroup
make_bd_pins_external  [get_bd_pins TOP_0/triger_in_pos]
endgroup
validate_bd_design
WARNING: [BD 41-2670] Found an incomplete address path from address space '/axi_dma_0/Data_S2MM' to slave segment '/ps_pl_axi4_0/S00_AXI/S00_AXI_reg'. Please either complete or remove this path to resolve.
CRITICAL WARNING: [BD 41-967] AXI interface pin /TOP_0/m_axis is not associated to any clock pin. It may not work correctly.
WARNING: [BD 41-702] Propagation TCL tries to overwrite USER strength parameter C_M_AXI_S2MM_DATA_WIDTH(64) on '/axi_dma_0' with propagated value(32). Command ignored
CRITICAL WARNING: [BD 41-759] The input pins (listed below) are either not connected or do not have a source port, and they don't have a tie-off specified. These pins are tied-off to all 0's to avoid error in Implementation flow.
Please check your design and connect them as needed: 
/TOP_0/triger_in_tr

generate_target all [get_files  D:/ASUS-PC/Desktop/temporary/A_Rader/A_Rader.srcs/sources_1/bd/system/system.bd]
INFO: [BD 41-1662] The design 'system.bd' is already validated. Therefore parameter propagation will not be re-run.
CRITICAL WARNING: [BD 41-759] The input pins (listed below) are either not connected or do not have a source port, and they don't have a tie-off specified. These pins are tied-off to all 0's to avoid error in Implementation flow.
Please check your design and connect them as needed: 
/TOP_0/triger_in_tr

Wrote  : <D:\ASUS-PC\Desktop\temporary\A_Rader\A_Rader.srcs\sources_1\bd\system\system.bd> 
Wrote  : <D:/ASUS-PC/Desktop/temporary/A_Rader/A_Rader.srcs/sources_1/bd/system/ui/bd_c954508f.ui> 
VHDL Output written to : d:/ASUS-PC/Desktop/temporary/A_Rader/A_Rader.gen/sources_1/bd/system/synth/system.vhd
VHDL Output written to : d:/ASUS-PC/Desktop/temporary/A_Rader/A_Rader.gen/sources_1/bd/system/sim/system.vhd
VHDL Output written to : d:/ASUS-PC/Desktop/temporary/A_Rader/A_Rader.gen/sources_1/bd/system/hdl/system_wrapper.vhd
WARNING: [IP_Flow 19-4994] Overwriting existing constraint file 'd:/ASUS-PC/Desktop/temporary/A_Rader/A_Rader.gen/sources_1/bd/system/ip/system_auto_pc_0/system_auto_pc_0_ooc.xdc'
INFO: [BD 41-1029] Generation completed for the IP Integrator block ps7_0_axi_periph/s00_couplers/auto_pc .
WARNING: [IP_Flow 19-4994] Overwriting existing constraint file 'd:/ASUS-PC/Desktop/temporary/A_Rader/A_Rader.gen/sources_1/bd/system/ip/system_auto_pc_1/system_auto_pc_1_ooc.xdc'
INFO: [BD 41-1029] Generation completed for the IP Integrator block axi_mem_intercon/s00_couplers/auto_pc .
INFO: [BD 41-1029] Generation completed for the IP Integrator block TOP_0 .
Exporting to file d:/ASUS-PC/Desktop/temporary/A_Rader/A_Rader.gen/sources_1/bd/system/hw_handoff/system.hwh
Generated Block Design Tcl file d:/ASUS-PC/Desktop/temporary/A_Rader/A_Rader.gen/sources_1/bd/system/hw_handoff/system_bd.tcl
Generated Hardware Definition File d:/ASUS-PC/Desktop/temporary/A_Rader/A_Rader.gen/sources_1/bd/system/synth/system.hwdef
WARNING: [BD 41-2265] Clock pin for protocol instance pin m_axis could not be determined. Make sure that ASSOCIATED_BUSIF and ASSOCIATED_RESET properties are set or propagated on clock pins of block /TOP_0
catch { config_ip_cache -export [get_ips -all system_auto_pc_0] }
catch { config_ip_cache -export [get_ips -all system_auto_pc_1] }
catch { config_ip_cache -export [get_ips -all system_TOP_0_8] }
export_ip_user_files -of_objects [get_files D:/ASUS-PC/Desktop/temporary/A_Rader/A_Rader.srcs/sources_1/bd/system/system.bd] -no_script -sync -force -quiet
create_ip_run [get_files -of_objects [get_fileset sources_1] D:/ASUS-PC/Desktop/temporary/A_Rader/A_Rader.srcs/sources_1/bd/system/system.bd]
launch_runs system_auto_pc_0_synth_1 system_auto_pc_1_synth_1 system_TOP_0_8_synth_1 -jobs 28
[Thu Feb  5 13:48:20 2026] Launched system_auto_pc_0_synth_1, system_auto_pc_1_synth_1, system_TOP_0_8_synth_1...
Run output will be captured here:
system_auto_pc_0_synth_1: D:/ASUS-PC/Desktop/temporary/A_Rader/A_Rader.runs/system_auto_pc_0_synth_1/runme.log
system_auto_pc_1_synth_1: D:/ASUS-PC/Desktop/temporary/A_Rader/A_Rader.runs/system_auto_pc_1_synth_1/runme.log
system_TOP_0_8_synth_1: D:/ASUS-PC/Desktop/temporary/A_Rader/A_Rader.runs/system_TOP_0_8_synth_1/runme.log
export_simulation -of_objects [get_files D:/ASUS-PC/Desktop/temporary/A_Rader/A_Rader.srcs/sources_1/bd/system/system.bd] -directory D:/ASUS-PC/Desktop/temporary/A_Rader/A_Rader.ip_user_files/sim_scripts -ip_user_files_dir D:/ASUS-PC/Desktop/temporary/A_Rader/A_Rader.ip_user_files -ipstatic_source_dir D:/ASUS-PC/Desktop/temporary/A_Rader/A_Rader.ip_user_files/ipstatic -lib_map_path [list {modelsim=D:/ASUS-PC/Desktop/temporary/A_Rader/A_Rader.cache/compile_simlib/modelsim} {questa=D:/ASUS-PC/Desktop/temporary/A_Rader/A_Rader.cache/compile_simlib/questa} {riviera=D:/ASUS-PC/Desktop/temporary/A_Rader/A_Rader.cache/compile_simlib/riviera} {activehdl=D:/ASUS-PC/Desktop/temporary/A_Rader/A_Rader.cache/compile_simlib/activehdl}] -use_ip_compiled_libs -force -quiet
update_compile_order -fileset sources_1
startgroup
make_bd_pins_external  [get_bd_pins TOP_0/triger_in_tr]
endgroup
generate_target all [get_files  D:/ASUS-PC/Desktop/temporary/A_Rader/A_Rader.srcs/sources_1/bd/system/system.bd]
WARNING: [BD 41-2670] Found an incomplete address path from address space '/axi_dma_0/Data_S2MM' to slave segment '/ps_pl_axi4_0/S00_AXI/S00_AXI_reg'. Please either complete or remove this path to resolve.
CRITICAL WARNING: [BD 41-967] AXI interface pin /TOP_0/m_axis is not associated to any clock pin. It may not work correctly.
WARNING: [BD 41-702] Propagation TCL tries to overwrite USER strength parameter C_M_AXI_S2MM_DATA_WIDTH(64) on '/axi_dma_0' with propagated value(32). Command ignored
WARNING: [BD 41-702] Propagation TCL tries to overwrite USER strength parameter C_M_AXI_S2MM_DATA_WIDTH(64) on '/axi_dma_0' with propagated value(32). Command ignored
WARNING: [BD 41-702] Propagation TCL tries to overwrite USER strength parameter C_M_AXI_S2MM_DATA_WIDTH(64) on '/axi_dma_0' with propagated value(32). Command ignored
WARNING: [BD 41-702] Propagation TCL tries to overwrite USER strength parameter C_M_AXI_S2MM_DATA_WIDTH(64) on '/axi_dma_0' with propagated value(32). Command ignored
WARNING: [BD 41-702] Propagation TCL tries to overwrite USER strength parameter C_M_AXI_S2MM_DATA_WIDTH(64) on '/axi_dma_0' with propagated value(32). Command ignored
WARNING: [BD 41-702] Propagation TCL tries to overwrite USER strength parameter C_M_AXI_S2MM_DATA_WIDTH(64) on '/axi_dma_0' with propagated value(32). Command ignored
WARNING: [BD 41-702] Propagation TCL tries to overwrite USER strength parameter C_M_AXI_S2MM_DATA_WIDTH(64) on '/axi_dma_0' with propagated value(32). Command ignored
Wrote  : <D:\ASUS-PC\Desktop\temporary\A_Rader\A_Rader.srcs\sources_1\bd\system\system.bd> 
Wrote  : <D:/ASUS-PC/Desktop/temporary/A_Rader/A_Rader.srcs/sources_1/bd/system/ui/bd_c954508f.ui> 
VHDL Output written to : d:/ASUS-PC/Desktop/temporary/A_Rader/A_Rader.gen/sources_1/bd/system/synth/system.vhd
VHDL Output written to : d:/ASUS-PC/Desktop/temporary/A_Rader/A_Rader.gen/sources_1/bd/system/sim/system.vhd
VHDL Output written to : d:/ASUS-PC/Desktop/temporary/A_Rader/A_Rader.gen/sources_1/bd/system/hdl/system_wrapper.vhd
WARNING: [IP_Flow 19-4994] Overwriting existing constraint file 'd:/ASUS-PC/Desktop/temporary/A_Rader/A_Rader.gen/sources_1/bd/system/ip/system_auto_pc_0/system_auto_pc_0_ooc.xdc'
INFO: [BD 41-1029] Generation completed for the IP Integrator block ps7_0_axi_periph/s00_couplers/auto_pc .
WARNING: [IP_Flow 19-4994] Overwriting existing constraint file 'd:/ASUS-PC/Desktop/temporary/A_Rader/A_Rader.gen/sources_1/bd/system/ip/system_auto_pc_1/system_auto_pc_1_ooc.xdc'
INFO: [BD 41-1029] Generation completed for the IP Integrator block axi_mem_intercon/s00_couplers/auto_pc .
Exporting to file d:/ASUS-PC/Desktop/temporary/A_Rader/A_Rader.gen/sources_1/bd/system/hw_handoff/system.hwh
Generated Block Design Tcl file d:/ASUS-PC/Desktop/temporary/A_Rader/A_Rader.gen/sources_1/bd/system/hw_handoff/system_bd.tcl
Generated Hardware Definition File d:/ASUS-PC/Desktop/temporary/A_Rader/A_Rader.gen/sources_1/bd/system/synth/system.hwdef
WARNING: [BD 41-2265] Clock pin for protocol instance pin m_axis could not be determined. Make sure that ASSOCIATED_BUSIF and ASSOCIATED_RESET properties are set or propagated on clock pins of block /TOP_0
generate_target: Time (s): cpu = 00:00:06 ; elapsed = 00:00:06 . Memory (MB): peak = 1795.406 ; gain = 0.000
catch { config_ip_cache -export [get_ips -all system_auto_pc_0] }
INFO: [IP_Flow 19-4993] Using cached IP synthesis design for IP system_auto_pc_0, cache-ID = fc795361e4ea3443; cache size = 9.955 MB.
catch { config_ip_cache -export [get_ips -all system_auto_pc_1] }
INFO: [IP_Flow 19-4993] Using cached IP synthesis design for IP system_auto_pc_1, cache-ID = a8a33576f51f5acc; cache size = 9.955 MB.
export_ip_user_files -of_objects [get_files D:/ASUS-PC/Desktop/temporary/A_Rader/A_Rader.srcs/sources_1/bd/system/system.bd] -no_script -sync -force -quiet
create_ip_run [get_files -of_objects [get_fileset sources_1] D:/ASUS-PC/Desktop/temporary/A_Rader/A_Rader.srcs/sources_1/bd/system/system.bd]
export_simulation -of_objects [get_files D:/ASUS-PC/Desktop/temporary/A_Rader/A_Rader.srcs/sources_1/bd/system/system.bd] -directory D:/ASUS-PC/Desktop/temporary/A_Rader/A_Rader.ip_user_files/sim_scripts -ip_user_files_dir D:/ASUS-PC/Desktop/temporary/A_Rader/A_Rader.ip_user_files -ipstatic_source_dir D:/ASUS-PC/Desktop/temporary/A_Rader/A_Rader.ip_user_files/ipstatic -lib_map_path [list {modelsim=D:/ASUS-PC/Desktop/temporary/A_Rader/A_Rader.cache/compile_simlib/modelsim} {questa=D:/ASUS-PC/Desktop/temporary/A_Rader/A_Rader.cache/compile_simlib/questa} {riviera=D:/ASUS-PC/Desktop/temporary/A_Rader/A_Rader.cache/compile_simlib/riviera} {activehdl=D:/ASUS-PC/Desktop/temporary/A_Rader/A_Rader.cache/compile_simlib/activehdl}] -use_ip_compiled_libs -force -quiet
validate_bd_design -force
WARNING: [BD 41-2670] Found an incomplete address path from address space '/axi_dma_0/Data_S2MM' to slave segment '/ps_pl_axi4_0/S00_AXI/S00_AXI_reg'. Please either complete or remove this path to resolve.
CRITICAL WARNING: [BD 41-967] AXI interface pin /TOP_0/m_axis is not associated to any clock pin. It may not work correctly.
WARNING: [BD 41-702] Propagation TCL tries to overwrite USER strength parameter C_M_AXI_S2MM_DATA_WIDTH(64) on '/axi_dma_0' with propagated value(32). Command ignored
generate_target all [get_files  D:/ASUS-PC/Desktop/temporary/A_Rader/A_Rader.srcs/sources_1/bd/system/system.bd]
INFO: [BD 41-1662] The design 'system.bd' is already validated. Therefore parameter propagation will not be re-run.
Wrote  : <D:\ASUS-PC\Desktop\temporary\A_Rader\A_Rader.srcs\sources_1\bd\system\system.bd> 
Wrote  : <D:/ASUS-PC/Desktop/temporary/A_Rader/A_Rader.srcs/sources_1/bd/system/ui/bd_c954508f.ui> 
VHDL Output written to : d:/ASUS-PC/Desktop/temporary/A_Rader/A_Rader.gen/sources_1/bd/system/synth/system.vhd
VHDL Output written to : d:/ASUS-PC/Desktop/temporary/A_Rader/A_Rader.gen/sources_1/bd/system/sim/system.vhd
VHDL Output written to : d:/ASUS-PC/Desktop/temporary/A_Rader/A_Rader.gen/sources_1/bd/system/hdl/system_wrapper.vhd
WARNING: [IP_Flow 19-4994] Overwriting existing constraint file 'd:/ASUS-PC/Desktop/temporary/A_Rader/A_Rader.gen/sources_1/bd/system/ip/system_auto_pc_0/system_auto_pc_0_ooc.xdc'
INFO: [BD 41-1029] Generation completed for the IP Integrator block ps7_0_axi_periph/s00_couplers/auto_pc .
WARNING: [IP_Flow 19-4994] Overwriting existing constraint file 'd:/ASUS-PC/Desktop/temporary/A_Rader/A_Rader.gen/sources_1/bd/system/ip/system_auto_pc_1/system_auto_pc_1_ooc.xdc'
INFO: [BD 41-1029] Generation completed for the IP Integrator block axi_mem_intercon/s00_couplers/auto_pc .
Exporting to file d:/ASUS-PC/Desktop/temporary/A_Rader/A_Rader.gen/sources_1/bd/system/hw_handoff/system.hwh
Generated Block Design Tcl file d:/ASUS-PC/Desktop/temporary/A_Rader/A_Rader.gen/sources_1/bd/system/hw_handoff/system_bd.tcl
Generated Hardware Definition File d:/ASUS-PC/Desktop/temporary/A_Rader/A_Rader.gen/sources_1/bd/system/synth/system.hwdef
WARNING: [BD 41-2265] Clock pin for protocol instance pin m_axis could not be determined. Make sure that ASSOCIATED_BUSIF and ASSOCIATED_RESET properties are set or propagated on clock pins of block /TOP_0
catch { config_ip_cache -export [get_ips -all system_auto_pc_0] }
INFO: [IP_Flow 19-4993] Using cached IP synthesis design for IP system_auto_pc_0, cache-ID = fc795361e4ea3443; cache size = 9.955 MB.
catch { config_ip_cache -export [get_ips -all system_auto_pc_1] }
INFO: [IP_Flow 19-4993] Using cached IP synthesis design for IP system_auto_pc_1, cache-ID = a8a33576f51f5acc; cache size = 9.955 MB.
export_ip_user_files -of_objects [get_files D:/ASUS-PC/Desktop/temporary/A_Rader/A_Rader.srcs/sources_1/bd/system/system.bd] -no_script -sync -force -quiet
create_ip_run [get_files -of_objects [get_fileset sources_1] D:/ASUS-PC/Desktop/temporary/A_Rader/A_Rader.srcs/sources_1/bd/system/system.bd]
export_simulation -of_objects [get_files D:/ASUS-PC/Desktop/temporary/A_Rader/A_Rader.srcs/sources_1/bd/system/system.bd] -directory D:/ASUS-PC/Desktop/temporary/A_Rader/A_Rader.ip_user_files/sim_scripts -ip_user_files_dir D:/ASUS-PC/Desktop/temporary/A_Rader/A_Rader.ip_user_files -ipstatic_source_dir D:/ASUS-PC/Desktop/temporary/A_Rader/A_Rader.ip_user_files/ipstatic -lib_map_path [list {modelsim=D:/ASUS-PC/Desktop/temporary/A_Rader/A_Rader.cache/compile_simlib/modelsim} {questa=D:/ASUS-PC/Desktop/temporary/A_Rader/A_Rader.cache/compile_simlib/questa} {riviera=D:/ASUS-PC/Desktop/temporary/A_Rader/A_Rader.cache/compile_simlib/riviera} {activehdl=D:/ASUS-PC/Desktop/temporary/A_Rader/A_Rader.cache/compile_simlib/activehdl}] -use_ip_compiled_libs -force -quiet
make_wrapper -files [get_files D:/ASUS-PC/Desktop/temporary/A_Rader/A_Rader.srcs/sources_1/bd/system/system.bd] -top
add_files -norecurse D:/ASUS-PC/Desktop/temporary/A_Rader/A_Rader.gen/sources_1/bd/system/hdl/system_wrapper.vhd
update_compile_order -fileset sources_1
reset_run synth_1
launch_runs synth_1 -jobs 28
WARNING: [filemgmt 20-736] The current top specification, "system_wrapper", does not uniquely identify a single design element. Using "system_wrapper" (Library: xil_defaultlib, File: D:/ASUS-PC/Desktop/temporary/A_Rader/A_Rader.srcs/sources_1/imports/system_wrapper.v).
[Thu Feb  5 13:59:33 2026] Launched synth_1...
Run output will be captured here: D:/ASUS-PC/Desktop/temporary/A_Rader/A_Rader.runs/synth_1/runme.log
launch_runs impl_1 -to_step write_bitstream -jobs 28
[Thu Feb  5 14:00:22 2026] Launched impl_1...
Run output will be captured here: D:/ASUS-PC/Desktop/temporary/A_Rader/A_Rader.runs/impl_1/runme.log
reset_run impl_1 -prev_step 
launch_runs impl_1 -to_step write_bitstream -jobs 28
[Thu Feb  5 14:04:41 2026] Launched impl_1...
Run output will be captured here: D:/ASUS-PC/Desktop/temporary/A_Rader/A_Rader.runs/impl_1/runme.log
write_hw_platform -fixed -include_bit -force -file D:/ASUS-PC/Desktop/temporary/A_Rader/vitis/system_wrapper.xsa
INFO: [Vivado 12-4895] Creating Hardware Platform: D:/ASUS-PC/Desktop/temporary/A_Rader/vitis/system_wrapper.xsa ...
INFO: [Hsi 55-2053] elapsed time for repository (E:/Xilinx2021/Vivado/2021.1/data/embeddedsw) loading 0 seconds
INFO: [Vivado 12-12464] The Hardware Platform can be used for Hardware
INFO: [Vivado 12-4896] Successfully created Hardware Platform: D:/ASUS-PC/Desktop/temporary/A_Rader/vitis/system_wrapper.xsa
save_project_as A_Radar D:/ASUS-PC/Desktop/temporary/A_Radar -force
Wrote  : <D:/ASUS-PC/Desktop/temporary/A_Radar/A_Radar.srcs/sources_1/bd/system/ui/bd_c954508f.ui> 
INFO: [IP_Flow 19-5107] Inferred bus interface 'm_axis' of definition 'xilinx.com:interface:axis:1.0' (from Xilinx Repository).
INFO: [IP_Flow 19-5107] Inferred bus interface 'AD_RESET' of definition 'xilinx.com:signal:reset:1.0' (from Xilinx Repository).
INFO: [IP_Flow 19-5107] Inferred bus interface 'ps_clk' of definition 'xilinx.com:signal:clock:1.0' (from Xilinx Repository).
WARNING: [IP_Flow 19-3158] Bus Interface 'm_axis': FREQ_HZ bus parameter missing from AXI interface when interface is not associated to a clock.
WARNING: [IP_Flow 19-5661] Bus Interface 'ps_clk' does not have any bus interfaces associated with it.
INFO: [IP_Flow 19-234] Refreshing IP repositories
INFO: [IP_Flow 19-1700] Loaded user IP repository 'd:/ASUS-PC/Desktop/temporary/HSC/HSC/ip_repo/ps_pl_axi4_1.0'.
generate_target all [get_files  D:/ASUS-PC/Desktop/temporary/A_Radar/A_Radar.srcs/sources_1/bd/system/system.bd]
INFO: [BD 41-1637] Generated targets are already up-to-date for block design 'system' - hence not re-generating.
export_ip_user_files -of_objects [get_files D:/ASUS-PC/Desktop/temporary/A_Radar/A_Radar.srcs/sources_1/bd/system/system.bd] -no_script -sync -force -quiet
create_ip_run [get_files -of_objects [get_fileset sources_1] D:/ASUS-PC/Desktop/temporary/A_Radar/A_Radar.srcs/sources_1/bd/system/system.bd]
export_simulation -of_objects [get_files D:/ASUS-PC/Desktop/temporary/A_Radar/A_Radar.srcs/sources_1/bd/system/system.bd] -directory D:/ASUS-PC/Desktop/temporary/A_Radar/A_Radar.ip_user_files/sim_scripts -ip_user_files_dir D:/ASUS-PC/Desktop/temporary/A_Radar/A_Radar.ip_user_files -ipstatic_source_dir D:/ASUS-PC/Desktop/temporary/A_Radar/A_Radar.ip_user_files/ipstatic -lib_map_path [list {modelsim=D:/ASUS-PC/Desktop/temporary/A_Radar/A_Radar.cache/compile_simlib/modelsim} {questa=D:/ASUS-PC/Desktop/temporary/A_Radar/A_Radar.cache/compile_simlib/questa} {riviera=D:/ASUS-PC/Desktop/temporary/A_Radar/A_Radar.cache/compile_simlib/riviera} {activehdl=D:/ASUS-PC/Desktop/temporary/A_Radar/A_Radar.cache/compile_simlib/activehdl}] -use_ip_compiled_libs -force -quiet
make_wrapper -files [get_files D:/ASUS-PC/Desktop/temporary/A_Radar/A_Radar.srcs/sources_1/bd/system/system.bd] -top
add_files -norecurse D:/ASUS-PC/Desktop/temporary/A_Radar/A_Radar.gen/sources_1/bd/system/hdl/system_wrapper.vhd
update_compile_order -fileset sources_1
validate_bd_design -force
WARNING: [BD 41-2670] Found an incomplete address path from address space '/axi_dma_0/Data_S2MM' to slave segment '/ps_pl_axi4_0/S00_AXI/S00_AXI_reg'. Please either complete or remove this path to resolve.
CRITICAL WARNING: [BD 41-967] AXI interface pin /TOP_0/m_axis is not associated to any clock pin. It may not work correctly.
WARNING: [BD 41-702] Propagation TCL tries to overwrite USER strength parameter C_M_AXI_S2MM_DATA_WIDTH(64) on '/axi_dma_0' with propagated value(32). Command ignored
generate_target all [get_files  D:/ASUS-PC/Desktop/temporary/A_Radar/A_Radar.srcs/sources_1/bd/system/system.bd]
INFO: [BD 41-1662] The design 'system.bd' is already validated. Therefore parameter propagation will not be re-run.
Wrote  : <D:\ASUS-PC\Desktop\temporary\A_Radar\A_Radar.srcs\sources_1\bd\system\system.bd> 
VHDL Output written to : D:/ASUS-PC/Desktop/temporary/A_Radar/A_Radar.gen/sources_1/bd/system/synth/system.vhd
VHDL Output written to : D:/ASUS-PC/Desktop/temporary/A_Radar/A_Radar.gen/sources_1/bd/system/sim/system.vhd
VHDL Output written to : D:/ASUS-PC/Desktop/temporary/A_Radar/A_Radar.gen/sources_1/bd/system/hdl/system_wrapper.vhd
WARNING: [IP_Flow 19-4994] Overwriting existing constraint file 'd:/ASUS-PC/Desktop/temporary/A_Radar/A_Radar.gen/sources_1/bd/system/ip/system_auto_pc_0/system_auto_pc_0_ooc.xdc'
INFO: [BD 41-1029] Generation completed for the IP Integrator block ps7_0_axi_periph/s00_couplers/auto_pc .
WARNING: [IP_Flow 19-4994] Overwriting existing constraint file 'd:/ASUS-PC/Desktop/temporary/A_Radar/A_Radar.gen/sources_1/bd/system/ip/system_auto_pc_1/system_auto_pc_1_ooc.xdc'
INFO: [BD 41-1029] Generation completed for the IP Integrator block axi_mem_intercon/s00_couplers/auto_pc .
Exporting to file D:/ASUS-PC/Desktop/temporary/A_Radar/A_Radar.gen/sources_1/bd/system/hw_handoff/system.hwh
Generated Block Design Tcl file D:/ASUS-PC/Desktop/temporary/A_Radar/A_Radar.gen/sources_1/bd/system/hw_handoff/system_bd.tcl
Generated Hardware Definition File D:/ASUS-PC/Desktop/temporary/A_Radar/A_Radar.gen/sources_1/bd/system/synth/system.hwdef
WARNING: [BD 41-2265] Clock pin for protocol instance pin m_axis could not be determined. Make sure that ASSOCIATED_BUSIF and ASSOCIATED_RESET properties are set or propagated on clock pins of block /TOP_0
catch { config_ip_cache -export [get_ips -all system_auto_pc_0] }
catch { config_ip_cache -export [get_ips -all system_auto_pc_1] }
export_ip_user_files -of_objects [get_files D:/ASUS-PC/Desktop/temporary/A_Radar/A_Radar.srcs/sources_1/bd/system/system.bd] -no_script -sync -force -quiet
create_ip_run [get_files -of_objects [get_fileset sources_1] D:/ASUS-PC/Desktop/temporary/A_Radar/A_Radar.srcs/sources_1/bd/system/system.bd]
launch_runs system_auto_pc_0_synth_1 system_auto_pc_1_synth_1 -jobs 28
[Thu Feb  5 14:18:50 2026] Launched system_auto_pc_0_synth_1, system_auto_pc_1_synth_1...
Run output will be captured here:
system_auto_pc_0_synth_1: D:/ASUS-PC/Desktop/temporary/A_Radar/A_Radar.runs/system_auto_pc_0_synth_1/runme.log
system_auto_pc_1_synth_1: D:/ASUS-PC/Desktop/temporary/A_Radar/A_Radar.runs/system_auto_pc_1_synth_1/runme.log
export_simulation -of_objects [get_files D:/ASUS-PC/Desktop/temporary/A_Radar/A_Radar.srcs/sources_1/bd/system/system.bd] -directory D:/ASUS-PC/Desktop/temporary/A_Radar/A_Radar.ip_user_files/sim_scripts -ip_user_files_dir D:/ASUS-PC/Desktop/temporary/A_Radar/A_Radar.ip_user_files -ipstatic_source_dir D:/ASUS-PC/Desktop/temporary/A_Radar/A_Radar.ip_user_files/ipstatic -lib_map_path [list {modelsim=D:/ASUS-PC/Desktop/temporary/A_Radar/A_Radar.cache/compile_simlib/modelsim} {questa=D:/ASUS-PC/Desktop/temporary/A_Radar/A_Radar.cache/compile_simlib/questa} {riviera=D:/ASUS-PC/Desktop/temporary/A_Radar/A_Radar.cache/compile_simlib/riviera} {activehdl=D:/ASUS-PC/Desktop/temporary/A_Radar/A_Radar.cache/compile_simlib/activehdl}] -use_ip_compiled_libs -force -quiet
make_wrapper -files [get_files D:/ASUS-PC/Desktop/temporary/A_Radar/A_Radar.srcs/sources_1/bd/system/system.bd] -top
reset_run synth_1
export_ip_user_files -of_objects  [get_files D:/ASUS-PC/Desktop/temporary/A_Radar/A_Radar.srcs/sources_1/imports/system_wrapper.vhd] -no_script -reset -force -quiet
remove_files  D:/ASUS-PC/Desktop/temporary/A_Radar/A_Radar.srcs/sources_1/imports/system_wrapper.vhd
export_ip_user_files -of_objects  [get_files D:/ASUS-PC/Desktop/temporary/A_Radar/A_Radar.gen/sources_1/bd/system/hdl/system_wrapper.vhd] -no_script -reset -force -quiet
remove_files  D:/ASUS-PC/Desktop/temporary/A_Radar/A_Radar.gen/sources_1/bd/system/hdl/system_wrapper.vhd
generate_target all [get_files  D:/ASUS-PC/Desktop/temporary/A_Radar/A_Radar.srcs/sources_1/bd/system/system.bd]
INFO: [BD 41-1637] Generated targets are already up-to-date for block design 'system' - hence not re-generating.
export_ip_user_files -of_objects [get_files D:/ASUS-PC/Desktop/temporary/A_Radar/A_Radar.srcs/sources_1/bd/system/system.bd] -no_script -sync -force -quiet
create_ip_run [get_files -of_objects [get_fileset sources_1] D:/ASUS-PC/Desktop/temporary/A_Radar/A_Radar.srcs/sources_1/bd/system/system.bd]
export_simulation -of_objects [get_files D:/ASUS-PC/Desktop/temporary/A_Radar/A_Radar.srcs/sources_1/bd/system/system.bd] -directory D:/ASUS-PC/Desktop/temporary/A_Radar/A_Radar.ip_user_files/sim_scripts -ip_user_files_dir D:/ASUS-PC/Desktop/temporary/A_Radar/A_Radar.ip_user_files -ipstatic_source_dir D:/ASUS-PC/Desktop/temporary/A_Radar/A_Radar.ip_user_files/ipstatic -lib_map_path [list {modelsim=D:/ASUS-PC/Desktop/temporary/A_Radar/A_Radar.cache/compile_simlib/modelsim} {questa=D:/ASUS-PC/Desktop/temporary/A_Radar/A_Radar.cache/compile_simlib/questa} {riviera=D:/ASUS-PC/Desktop/temporary/A_Radar/A_Radar.cache/compile_simlib/riviera} {activehdl=D:/ASUS-PC/Desktop/temporary/A_Radar/A_Radar.cache/compile_simlib/activehdl}] -use_ip_compiled_libs -force -quiet
make_wrapper -files [get_files D:/ASUS-PC/Desktop/temporary/A_Radar/A_Radar.srcs/sources_1/bd/system/system.bd] -top
add_files -norecurse D:/ASUS-PC/Desktop/temporary/A_Radar/A_Radar.gen/sources_1/bd/system/hdl/system_wrapper.vhd
update_compile_order -fileset sources_1
export_ip_user_files -of_objects  [get_files D:/ASUS-PC/Desktop/temporary/A_Radar/A_Radar.srcs/sources_1/imports/system_wrapper.v] -no_script -reset -force -quiet
remove_files  D:/ASUS-PC/Desktop/temporary/A_Radar/A_Radar.srcs/sources_1/imports/system_wrapper.v
update_compile_order -fileset sources_1
generate_target all [get_files  D:/ASUS-PC/Desktop/temporary/A_Radar/A_Radar.srcs/sources_1/bd/system/system.bd]
INFO: [BD 41-1637] Generated targets are already up-to-date for block design 'system' - hence not re-generating.
export_ip_user_files -of_objects [get_files D:/ASUS-PC/Desktop/temporary/A_Radar/A_Radar.srcs/sources_1/bd/system/system.bd] -no_script -sync -force -quiet
create_ip_run [get_files -of_objects [get_fileset sources_1] D:/ASUS-PC/Desktop/temporary/A_Radar/A_Radar.srcs/sources_1/bd/system/system.bd]
export_simulation -of_objects [get_files D:/ASUS-PC/Desktop/temporary/A_Radar/A_Radar.srcs/sources_1/bd/system/system.bd] -directory D:/ASUS-PC/Desktop/temporary/A_Radar/A_Radar.ip_user_files/sim_scripts -ip_user_files_dir D:/ASUS-PC/Desktop/temporary/A_Radar/A_Radar.ip_user_files -ipstatic_source_dir D:/ASUS-PC/Desktop/temporary/A_Radar/A_Radar.ip_user_files/ipstatic -lib_map_path [list {modelsim=D:/ASUS-PC/Desktop/temporary/A_Radar/A_Radar.cache/compile_simlib/modelsim} {questa=D:/ASUS-PC/Desktop/temporary/A_Radar/A_Radar.cache/compile_simlib/questa} {riviera=D:/ASUS-PC/Desktop/temporary/A_Radar/A_Radar.cache/compile_simlib/riviera} {activehdl=D:/ASUS-PC/Desktop/temporary/A_Radar/A_Radar.cache/compile_simlib/activehdl}] -use_ip_compiled_libs -force -quiet
make_wrapper -files [get_files D:/ASUS-PC/Desktop/temporary/A_Radar/A_Radar.srcs/sources_1/bd/system/system.bd] -top
launch_runs synth_1 -jobs 28
[Thu Feb  5 14:27:42 2026] Launched synth_1...
Run output will be captured here: D:/ASUS-PC/Desktop/temporary/A_Radar/A_Radar.runs/synth_1/runme.log
launch_runs impl_1 -to_step write_bitstream -jobs 28
[Thu Feb  5 14:28:12 2026] Launched impl_1...
Run output will be captured here: D:/ASUS-PC/Desktop/temporary/A_Radar/A_Radar.runs/impl_1/runme.log
write_hw_platform -fixed -include_bit -force -file D:/ASUS-PC/Desktop/temporary/A_Radar/vitis/system_wrapper.xsa
INFO: [Vivado 12-4895] Creating Hardware Platform: D:/ASUS-PC/Desktop/temporary/A_Radar/vitis/system_wrapper.xsa ...
INFO: [Vivado 12-12464] The Hardware Platform can be used for Hardware
INFO: [Vivado 12-4896] Successfully created Hardware Platform: D:/ASUS-PC/Desktop/temporary/A_Radar/vitis/system_wrapper.xsa
exit
INFO: [Common 17-206] Exiting Vivado at Thu Feb  5 16:19:47 2026...
