#-----------------------------------------------------------
# Vivado v2021.1.1 (64-bit)
# SW Build 3286242 on Wed Jul 28 13:10:47 MDT 2021
# IP Build 3279568 on Wed Jul 28 16:48:48 MDT 2021
# Start of session at: Tue Jan  6 15:46:39 2026
# Process ID: 2234308
# Current directory: D:/ASUS-PC/Desktop/temporary/HSC
# Command line: vivado.exe -gui_launcher_event rodinguilauncherevent2225564 D:\ASUS-PC\Desktop\temporary\HSC\HSC.xpr
# Log file: D:/ASUS-PC/Desktop/temporary/HSC/vivado.log
# Journal file: D:/ASUS-PC/Desktop/temporary/HSC\vivado.jou
#-----------------------------------------------------------
start_gui
open_project D:/ASUS-PC/Desktop/temporary/HSC/HSC.xpr
Scanning sources...
Finished scanning sources
INFO: [IP_Flow 19-234] Refreshing IP repositories
INFO: [IP_Flow 19-1700] Loaded user IP repository 'd:/ASUS-PC/Desktop/temporary/HSC/ip_repo/ps_pl_axi4_1.0'.
INFO: [IP_Flow 19-2313] Loaded Vivado IP repository 'E:/Xilinx2021/Vivado/2021.1/data/ip'.
open_project: Time (s): cpu = 00:00:09 ; elapsed = 00:00:05 . Memory (MB): peak = 1278.445 ; gain = 0.000
update_compile_order -fileset sources_1
update_module_reference system_TOP_0_5
INFO: [IP_Flow 19-5107] Inferred bus interface 'm_axis' of definition 'xilinx.com:interface:axis:1.0' (from Xilinx Repository).
INFO: [IP_Flow 19-5107] Inferred bus interface 'AD_RESET' of definition 'xilinx.com:signal:reset:1.0' (from Xilinx Repository).
INFO: [IP_Flow 19-5107] Inferred bus interface 'ps_clk' of definition 'xilinx.com:signal:clock:1.0' (from Xilinx Repository).
WARNING: [IP_Flow 19-3158] Bus Interface 'm_axis': FREQ_HZ bus parameter missing from AXI interface when interface is not associated to a clock.
WARNING: [IP_Flow 19-5661] Bus Interface 'ps_clk' does not have any bus interfaces associated with it.
INFO: [IP_Flow 19-234] Refreshing IP repositories
INFO: [IP_Flow 19-1700] Loaded user IP repository 'd:/ASUS-PC/Desktop/temporary/HSC/ip_repo/ps_pl_axi4_1.0'.
Reading block design file <D:/ASUS-PC/Desktop/temporary/HSC/HSC.srcs/sources_1/bd/system/system.bd>...
Adding component instance block -- xilinx.com:ip:processing_system7:5.5 - processing_system7_0
Adding component instance block -- xilinx.com:ip:xlconcat:2.1 - xlconcat_0
Adding component instance block -- xilinx.com:ip:axi_dma:7.1 - axi_dma_0
Adding component instance block -- xilinx.com:ip:proc_sys_reset:5.0 - rst_ps7_0_100M
Adding component instance block -- xilinx.com:user:ps_pl_axi4:1.0 - ps_pl_axi4_0
Adding component instance block -- xilinx.com:ip:axi_interconnect:2.1 - ps7_0_axi_periph
Adding component instance block -- xilinx.com:ip:axi_crossbar:2.1 - xbar
Adding component instance block -- xilinx.com:ip:axi_protocol_converter:2.1 - auto_pc
Adding component instance block -- xilinx.com:ip:axi_interconnect:2.1 - axi_mem_intercon
Adding component instance block -- xilinx.com:ip:axi_protocol_converter:2.1 - auto_pc
Adding component instance block -- xilinx.com:ip:axis_data_fifo:2.0 - axis_data_fifo_0
Adding component instance block -- xilinx.com:module_ref:TOP:1.0 - TOP_0
Excluding slave segment /processing_system7_0/S_AXI_HP0/HP0_DDR_LOWOCM from address space /processing_system7_0/Data.
Excluding slave segment /processing_system7_0/S_AXI_HP0/HP0_DDR_LOWOCM from address space /processing_system7_0/Data.
Excluding slave segment /axi_dma_0/S_AXI_LITE/Reg from address space /axi_dma_0/Data_S2MM.
Excluding slave segment /ps_pl_axi4_0/S00_AXI/S00_AXI_reg from address space /axi_dma_0/Data_S2MM.
Successfully read diagram <system> from block design file <D:/ASUS-PC/Desktop/temporary/HSC/HSC.srcs/sources_1/bd/system/system.bd>
Upgrading 'D:/ASUS-PC/Desktop/temporary/HSC/HSC.srcs/sources_1/bd/system/system.bd'
WARNING: [Vivado 12-1017] Problems encountered:
1. Failed to delete one or more files in run directory D:/ASUS-PC/Desktop/temporary/HSC/HSC.runs/system_TOP_0_5_synth_1

INFO: [IP_Flow 19-1972] Upgraded system_TOP_0_5 from TOP_v1_0 1.0 to TOP_v1_0 1.0
Wrote  : <D:\ASUS-PC\Desktop\temporary\HSC\HSC.srcs\sources_1\bd\system\system.bd> 
Wrote  : <D:/ASUS-PC/Desktop/temporary/HSC/HSC.srcs/sources_1/bd/system/ui/bd_c954508f.ui> 
export_ip_user_files -of_objects  [get_files D:/ASUS-PC/Desktop/temporary/HSC/ip_repo/new/TOP.vhd] -no_script -reset -force -quiet
remove_files  D:/ASUS-PC/Desktop/temporary/HSC/ip_repo/new/TOP.vhd
update_compile_order -fileset sources_1
export_ip_user_files -of_objects  [get_files D:/ASUS-PC/Desktop/temporary/HSC/HSC.srcs/sources_1/ip/ila_0_1/ila_0.xci] -no_script -reset -force -quiet
remove_files  D:/ASUS-PC/Desktop/temporary/HSC/HSC.srcs/sources_1/ip/ila_0_1/ila_0.xci
remove_files  D:/ASUS-PC/Desktop/temporary/HSC/HSC.srcs/sources_1/ip/ila_0_1/ila_0.xci
WARNING: [Vivado 12-818] No files matched 'D:/ASUS-PC/Desktop/temporary/HSC/HSC.srcs/sources_1/ip/ila_0_1/ila_0.xci'
delete_bd_objs [get_bd_nets clk_in_0_1] [get_bd_nets TOP_0_clk_dir] [get_bd_nets triger_in_tr_0_1] [get_bd_nets TOP_0_AD_CTRL3] [get_bd_nets ad_clk_in_0_1] [get_bd_intf_nets TOP_0_m_axis] [get_bd_nets AD_DA_0_1] [get_bd_nets TOP_0_clk_ad_out] [get_bd_nets ps_pl_axi4_0_rx_data_valid] [get_bd_nets TOP_0_tx_cmd_valid] [get_bd_nets TOP_0_tx_data_data] [get_bd_nets TOP_0_AD_SEN] [get_bd_nets TOP_0_AD_CTRL2] [get_bd_nets triger_in_pos_0_1] [get_bd_nets ps_pl_axi4_0_rx_cmd] [get_bd_nets ps_pl_axi4_0_rx_cmd_valid] [get_bd_nets TOP_0_tx_data_valid] [get_bd_nets TOP_0_tx_data_last] [get_bd_nets TOP_0_AD_SCLK] [get_bd_nets TOP_0_AD_CTRL1] [get_bd_nets AD_DB_0_1] [get_bd_nets ps_pl_axi4_0_rx_data_last] [get_bd_nets ps_pl_axi4_0_rx_data_data] [get_bd_nets TOP_0_tx_cmd] [get_bd_nets TOP_0_AD_SDATA] [get_bd_nets TOP_0_AD_RESET] [get_bd_cells TOP_0]
delete_bd_objs [get_bd_ports clk_ad_out_0] [get_bd_ports AD_SDATA_0] [get_bd_ports AD_CTRL2_0] [get_bd_ports AD_SEN_0] [get_bd_ports AD_RESET_0] [get_bd_ports clk_dir_0] [get_bd_ports AD_CTRL1_0] [get_bd_ports AD_SCLK_0] [get_bd_ports AD_CTRL3_0]
delete_bd_objs [get_bd_ports triger_in_pos_0] [get_bd_ports ad_clk_in_0] [get_bd_ports triger_in_tr_0] [get_bd_ports clk_in_0] [get_bd_ports AD_DA_0] [get_bd_ports AD_DB_0]
add_files {D:/ASUS-PC/Desktop/temporary/HSC/ip_repo/new/AD_DATA_FIFO_ASYNC.vhd D:/ASUS-PC/Desktop/temporary/HSC/ip_repo/new/rx_data_fifo_async.vhd D:/ASUS-PC/Desktop/temporary/HSC/ip_repo/new/trans_data.vhd D:/ASUS-PC/Desktop/temporary/HSC/ip_repo/new/ad_in_clk.vhd D:/ASUS-PC/Desktop/temporary/HSC/ip_repo/new/ad_out_clk.vhd D:/ASUS-PC/Desktop/temporary/HSC/ip_repo/new/para_check.vhd D:/ASUS-PC/Desktop/temporary/HSC/ip_repo/new/ad_ctrl.vhd D:/ASUS-PC/Desktop/temporary/HSC/ip_repo/new/ads62p45.vhd D:/ASUS-PC/Desktop/temporary/HSC/ip_repo/new/TOP.vhd}
WARNING: [filemgmt 56-12] File 'D:/ASUS-PC/Desktop/temporary/HSC/ip_repo/new/AD_DATA_FIFO_ASYNC.vhd' cannot be added to the project because it already exists in the project, skipping this file
WARNING: [filemgmt 56-12] File 'D:/ASUS-PC/Desktop/temporary/HSC/ip_repo/new/rx_data_fifo_async.vhd' cannot be added to the project because it already exists in the project, skipping this file
WARNING: [filemgmt 56-12] File 'D:/ASUS-PC/Desktop/temporary/HSC/ip_repo/new/trans_data.vhd' cannot be added to the project because it already exists in the project, skipping this file
WARNING: [filemgmt 56-12] File 'D:/ASUS-PC/Desktop/temporary/HSC/ip_repo/new/ad_in_clk.vhd' cannot be added to the project because it already exists in the project, skipping this file
WARNING: [filemgmt 56-12] File 'D:/ASUS-PC/Desktop/temporary/HSC/ip_repo/new/ad_out_clk.vhd' cannot be added to the project because it already exists in the project, skipping this file
WARNING: [filemgmt 56-12] File 'D:/ASUS-PC/Desktop/temporary/HSC/ip_repo/new/para_check.vhd' cannot be added to the project because it already exists in the project, skipping this file
WARNING: [filemgmt 56-12] File 'D:/ASUS-PC/Desktop/temporary/HSC/ip_repo/new/ad_ctrl.vhd' cannot be added to the project because it already exists in the project, skipping this file
WARNING: [filemgmt 56-12] File 'D:/ASUS-PC/Desktop/temporary/HSC/ip_repo/new/ads62p45.vhd' cannot be added to the project because it already exists in the project, skipping this file
update_compile_order -fileset sources_1
update_module_reference system_TOP_0_5
INFO: [IP_Flow 19-5107] Inferred bus interface 'm_axis' of definition 'xilinx.com:interface:axis:1.0' (from Xilinx Repository).
INFO: [IP_Flow 19-5107] Inferred bus interface 'AD_RESET' of definition 'xilinx.com:signal:reset:1.0' (from Xilinx Repository).
INFO: [IP_Flow 19-5107] Inferred bus interface 'ps_clk' of definition 'xilinx.com:signal:clock:1.0' (from Xilinx Repository).
WARNING: [IP_Flow 19-3158] Bus Interface 'm_axis': FREQ_HZ bus parameter missing from AXI interface when interface is not associated to a clock.
WARNING: [IP_Flow 19-5661] Bus Interface 'ps_clk' does not have any bus interfaces associated with it.
INFO: [IP_Flow 19-234] Refreshing IP repositories
INFO: [IP_Flow 19-1700] Loaded user IP repository 'd:/ASUS-PC/Desktop/temporary/HSC/ip_repo/ps_pl_axi4_1.0'.
WARNING: [Coretcl 2-176] No IPs found
ERROR: [Common 17-69] Command failed: No IP specified.  Please specify IP with 'objects'
create_bd_cell -type module -reference TOP TOP_0
set_property location {5 1740 554} [get_bd_cells TOP_0]
apply_bd_automation -rule xilinx.com:bd_rule:clkrst -config { Clk {/processing_system7_0/FCLK_CLK0 (100 MHz)} Freq {100} Ref_Clk0 {} Ref_Clk1 {} Ref_Clk2 {}}  [get_bd_pins TOP_0/ps_clk]
startgroup
make_bd_pins_external  [get_bd_pins TOP_0/clk_in]
endgroup
startgroup
make_bd_pins_external  [get_bd_pins TOP_0/triger_in_pos]
endgroup
startgroup
make_bd_pins_external  [get_bd_pins TOP_0/triger_in_tr]
endgroup
startgroup
make_bd_pins_external  [get_bd_pins TOP_0/ad_clk_in]
endgroup
startgroup
make_bd_pins_external  [get_bd_pins TOP_0/AD_DA]
endgroup
startgroup
make_bd_pins_external  [get_bd_pins TOP_0/AD_DB]
endgroup
startgroup
connect_bd_net [get_bd_pins TOP_0/rx_cmd] [get_bd_pins ps_pl_axi4_0/rx_cmd]
endgroup
connect_bd_net [get_bd_pins TOP_0/rx_cmd_valid] [get_bd_pins ps_pl_axi4_0/rx_cmd_valid]
connect_bd_net [get_bd_pins TOP_0/rx_data_valid] [get_bd_pins ps_pl_axi4_0/rx_data_valid]
connect_bd_net [get_bd_pins TOP_0/rx_data_last] [get_bd_pins ps_pl_axi4_0/rx_data_last]
connect_bd_net [get_bd_pins TOP_0/rx_data_data] [get_bd_pins ps_pl_axi4_0/rx_data_data]
startgroup
make_bd_pins_external  [get_bd_pins TOP_0/clk_dir]
endgroup
startgroup
make_bd_pins_external  [get_bd_pins TOP_0/clk_ad_out]
endgroup
connect_bd_net [get_bd_pins TOP_0/tx_cmd] [get_bd_pins ps_pl_axi4_0/tx_cmd]
connect_bd_net [get_bd_pins TOP_0/tx_cmd_valid] [get_bd_pins ps_pl_axi4_0/tx_cmd_valid]
connect_bd_net [get_bd_pins TOP_0/tx_data_valid] [get_bd_pins ps_pl_axi4_0/tx_data_valid]
connect_bd_net [get_bd_pins TOP_0/tx_data_last] [get_bd_pins ps_pl_axi4_0/tx_data_last]
connect_bd_net [get_bd_pins TOP_0/tx_data_data] [get_bd_pins ps_pl_axi4_0/tx_data_data]
startgroup
make_bd_pins_external  [get_bd_pins TOP_0/AD_SEN]
endgroup
startgroup
make_bd_pins_external  [get_bd_pins TOP_0/AD_SDATA]
endgroup
startgroup
make_bd_pins_external  [get_bd_pins TOP_0/AD_SCLK]
endgroup
startgroup
make_bd_pins_external  [get_bd_pins TOP_0/AD_RESET]
endgroup
startgroup
make_bd_pins_external  [get_bd_pins TOP_0/AD_CTRL1]
endgroup
startgroup
make_bd_pins_external  [get_bd_pins TOP_0/AD_CTRL2]
endgroup
startgroup
make_bd_pins_external  [get_bd_pins TOP_0/AD_CTRL3]
endgroup
connect_bd_intf_net [get_bd_intf_pins TOP_0/m_axis] [get_bd_intf_pins axis_data_fifo_0/S_AXIS]
validate_bd_design
WARNING: [BD 41-2670] Found an incomplete address path from address space '/axi_dma_0/Data_S2MM' to slave segment '/ps_pl_axi4_0/S00_AXI/S00_AXI_reg'. Please either complete or remove this path to resolve.
CRITICAL WARNING: [BD 41-967] AXI interface pin /TOP_0/m_axis is not associated to any clock pin. It may not work correctly.
WARNING: [BD 41-702] Propagation TCL tries to overwrite USER strength parameter C_M_AXI_S2MM_DATA_WIDTH(64) on '/axi_dma_0' with propagated value(32). Command ignored
validate_bd_design -force
WARNING: [BD 41-2670] Found an incomplete address path from address space '/axi_dma_0/Data_S2MM' to slave segment '/ps_pl_axi4_0/S00_AXI/S00_AXI_reg'. Please either complete or remove this path to resolve.
CRITICAL WARNING: [BD 41-967] AXI interface pin /TOP_0/m_axis is not associated to any clock pin. It may not work correctly.
WARNING: [BD 41-702] Propagation TCL tries to overwrite USER strength parameter C_M_AXI_S2MM_DATA_WIDTH(64) on '/axi_dma_0' with propagated value(32). Command ignored
generate_target all [get_files  D:/ASUS-PC/Desktop/temporary/HSC/HSC.srcs/sources_1/bd/system/system.bd]
INFO: [BD 41-1662] The design 'system.bd' is already validated. Therefore parameter propagation will not be re-run.
Wrote  : <D:\ASUS-PC\Desktop\temporary\HSC\HSC.srcs\sources_1\bd\system\system.bd> 
Wrote  : <D:/ASUS-PC/Desktop/temporary/HSC/HSC.srcs/sources_1/bd/system/ui/bd_c954508f.ui> 
VHDL Output written to : d:/ASUS-PC/Desktop/temporary/HSC/HSC.gen/sources_1/bd/system/synth/system.v
VHDL Output written to : d:/ASUS-PC/Desktop/temporary/HSC/HSC.gen/sources_1/bd/system/sim/system.v
VHDL Output written to : d:/ASUS-PC/Desktop/temporary/HSC/HSC.gen/sources_1/bd/system/hdl/system_wrapper.v
WARNING: [IP_Flow 19-4994] Overwriting existing constraint file 'd:/ASUS-PC/Desktop/temporary/HSC/HSC.gen/sources_1/bd/system/ip/system_auto_pc_0/system_auto_pc_0_ooc.xdc'
INFO: [BD 41-1029] Generation completed for the IP Integrator block ps7_0_axi_periph/s00_couplers/auto_pc .
WARNING: [IP_Flow 19-4994] Overwriting existing constraint file 'd:/ASUS-PC/Desktop/temporary/HSC/HSC.gen/sources_1/bd/system/ip/system_auto_pc_1/system_auto_pc_1_ooc.xdc'
INFO: [BD 41-1029] Generation completed for the IP Integrator block axi_mem_intercon/s00_couplers/auto_pc .
INFO: [BD 41-1029] Generation completed for the IP Integrator block TOP_0 .
Exporting to file d:/ASUS-PC/Desktop/temporary/HSC/HSC.gen/sources_1/bd/system/hw_handoff/system.hwh
Generated Block Design Tcl file d:/ASUS-PC/Desktop/temporary/HSC/HSC.gen/sources_1/bd/system/hw_handoff/system_bd.tcl
Generated Hardware Definition File d:/ASUS-PC/Desktop/temporary/HSC/HSC.gen/sources_1/bd/system/synth/system.hwdef
WARNING: [BD 41-2265] Clock pin for protocol instance pin m_axis could not be determined. Make sure that ASSOCIATED_BUSIF and ASSOCIATED_RESET properties are set or propagated on clock pins of block /TOP_0
catch { config_ip_cache -export [get_ips -all system_auto_pc_0] }
INFO: [IP_Flow 19-4993] Using cached IP synthesis design for IP system_auto_pc_0, cache-ID = dd5a42954ffe0640; cache size = 35.289 MB.
catch { config_ip_cache -export [get_ips -all system_auto_pc_1] }
INFO: [IP_Flow 19-4993] Using cached IP synthesis design for IP system_auto_pc_1, cache-ID = 2d85e819c5b9f54e; cache size = 35.289 MB.
catch { config_ip_cache -export [get_ips -all system_TOP_0_6] }
export_ip_user_files -of_objects [get_files D:/ASUS-PC/Desktop/temporary/HSC/HSC.srcs/sources_1/bd/system/system.bd] -no_script -sync -force -quiet
create_ip_run [get_files -of_objects [get_fileset sources_1] D:/ASUS-PC/Desktop/temporary/HSC/HSC.srcs/sources_1/bd/system/system.bd]
launch_runs system_TOP_0_6_synth_1 -jobs 28
[Tue Jan  6 15:56:08 2026] Launched system_TOP_0_6_synth_1...
Run output will be captured here: D:/ASUS-PC/Desktop/temporary/HSC/HSC.runs/system_TOP_0_6_synth_1/runme.log
export_simulation -of_objects [get_files D:/ASUS-PC/Desktop/temporary/HSC/HSC.srcs/sources_1/bd/system/system.bd] -directory D:/ASUS-PC/Desktop/temporary/HSC/HSC.ip_user_files/sim_scripts -ip_user_files_dir D:/ASUS-PC/Desktop/temporary/HSC/HSC.ip_user_files -ipstatic_source_dir D:/ASUS-PC/Desktop/temporary/HSC/HSC.ip_user_files/ipstatic -lib_map_path [list {modelsim=D:/ASUS-PC/Desktop/temporary/HSC/HSC.cache/compile_simlib/modelsim} {questa=D:/ASUS-PC/Desktop/temporary/HSC/HSC.cache/compile_simlib/questa} {riviera=D:/ASUS-PC/Desktop/temporary/HSC/HSC.cache/compile_simlib/riviera} {activehdl=D:/ASUS-PC/Desktop/temporary/HSC/HSC.cache/compile_simlib/activehdl}] -use_ip_compiled_libs -force -quiet
update_compile_order -fileset sources_1
generate_target all [get_files  D:/ASUS-PC/Desktop/temporary/HSC/HSC.srcs/sources_1/bd/system/system.bd]
INFO: [BD 41-1637] Generated targets are already up-to-date for block design 'system' - hence not re-generating.
catch { config_ip_cache -export [get_ips -all system_TOP_0_6] }
export_ip_user_files -of_objects [get_files D:/ASUS-PC/Desktop/temporary/HSC/HSC.srcs/sources_1/bd/system/system.bd] -no_script -sync -force -quiet
create_ip_run [get_files -of_objects [get_fileset sources_1] D:/ASUS-PC/Desktop/temporary/HSC/HSC.srcs/sources_1/bd/system/system.bd]
launch_runs system_TOP_0_6_synth_1 -jobs 28
[Tue Jan  6 15:56:47 2026] Launched system_TOP_0_6_synth_1...
Run output will be captured here: D:/ASUS-PC/Desktop/temporary/HSC/HSC.runs/system_TOP_0_6_synth_1/runme.log
export_simulation -of_objects [get_files D:/ASUS-PC/Desktop/temporary/HSC/HSC.srcs/sources_1/bd/system/system.bd] -directory D:/ASUS-PC/Desktop/temporary/HSC/HSC.ip_user_files/sim_scripts -ip_user_files_dir D:/ASUS-PC/Desktop/temporary/HSC/HSC.ip_user_files -ipstatic_source_dir D:/ASUS-PC/Desktop/temporary/HSC/HSC.ip_user_files/ipstatic -lib_map_path [list {modelsim=D:/ASUS-PC/Desktop/temporary/HSC/HSC.cache/compile_simlib/modelsim} {questa=D:/ASUS-PC/Desktop/temporary/HSC/HSC.cache/compile_simlib/questa} {riviera=D:/ASUS-PC/Desktop/temporary/HSC/HSC.cache/compile_simlib/riviera} {activehdl=D:/ASUS-PC/Desktop/temporary/HSC/HSC.cache/compile_simlib/activehdl}] -use_ip_compiled_libs -force -quiet
make_wrapper -files [get_files D:/ASUS-PC/Desktop/temporary/HSC/HSC.srcs/sources_1/bd/system/system.bd] -top
startgroup
set_property -dict [list CONFIG.c_sg_length_width {24}] [get_bd_cells axi_dma_0]
endgroup
update_module_reference system_TOP_0_6
INFO: [IP_Flow 19-5107] Inferred bus interface 'm_axis' of definition 'xilinx.com:interface:axis:1.0' (from Xilinx Repository).
INFO: [IP_Flow 19-5107] Inferred bus interface 'AD_RESET' of definition 'xilinx.com:signal:reset:1.0' (from Xilinx Repository).
INFO: [IP_Flow 19-5107] Inferred bus interface 'ps_clk' of definition 'xilinx.com:signal:clock:1.0' (from Xilinx Repository).
WARNING: [IP_Flow 19-3158] Bus Interface 'm_axis': FREQ_HZ bus parameter missing from AXI interface when interface is not associated to a clock.
WARNING: [IP_Flow 19-5661] Bus Interface 'ps_clk' does not have any bus interfaces associated with it.
INFO: [IP_Flow 19-234] Refreshing IP repositories
INFO: [IP_Flow 19-1700] Loaded user IP repository 'd:/ASUS-PC/Desktop/temporary/HSC/ip_repo/ps_pl_axi4_1.0'.
Upgrading 'D:/ASUS-PC/Desktop/temporary/HSC/HSC.srcs/sources_1/bd/system/system.bd'
INFO: [IP_Flow 19-1972] Upgraded system_TOP_0_6 from TOP_v1_0 1.0 to TOP_v1_0 1.0
Wrote  : <D:\ASUS-PC\Desktop\temporary\HSC\HSC.srcs\sources_1\bd\system\system.bd> 
Wrote  : <D:/ASUS-PC/Desktop/temporary/HSC/HSC.srcs/sources_1/bd/system/ui/bd_c954508f.ui> 
generate_target all [get_files  D:/ASUS-PC/Desktop/temporary/HSC/HSC.srcs/sources_1/bd/system/system.bd]
WARNING: [BD 41-2670] Found an incomplete address path from address space '/axi_dma_0/Data_S2MM' to slave segment '/ps_pl_axi4_0/S00_AXI/S00_AXI_reg'. Please either complete or remove this path to resolve.
CRITICAL WARNING: [BD 41-967] AXI interface pin /TOP_0/m_axis is not associated to any clock pin. It may not work correctly.
WARNING: [BD 41-702] Propagation TCL tries to overwrite USER strength parameter C_M_AXI_S2MM_DATA_WIDTH(64) on '/axi_dma_0' with propagated value(32). Command ignored
WARNING: [BD 41-702] Propagation TCL tries to overwrite USER strength parameter C_M_AXI_S2MM_DATA_WIDTH(64) on '/axi_dma_0' with propagated value(32). Command ignored
WARNING: [BD 41-702] Propagation TCL tries to overwrite USER strength parameter C_M_AXI_S2MM_DATA_WIDTH(64) on '/axi_dma_0' with propagated value(32). Command ignored
WARNING: [BD 41-702] Propagation TCL tries to overwrite USER strength parameter C_M_AXI_S2MM_DATA_WIDTH(64) on '/axi_dma_0' with propagated value(32). Command ignored
WARNING: [BD 41-702] Propagation TCL tries to overwrite USER strength parameter C_M_AXI_S2MM_DATA_WIDTH(64) on '/axi_dma_0' with propagated value(32). Command ignored
WARNING: [BD 41-702] Propagation TCL tries to overwrite USER strength parameter C_M_AXI_S2MM_DATA_WIDTH(64) on '/axi_dma_0' with propagated value(32). Command ignored
WARNING: [BD 41-702] Propagation TCL tries to overwrite USER strength parameter C_M_AXI_S2MM_DATA_WIDTH(64) on '/axi_dma_0' with propagated value(32). Command ignored
Wrote  : <D:\ASUS-PC\Desktop\temporary\HSC\HSC.srcs\sources_1\bd\system\system.bd> 
VHDL Output written to : d:/ASUS-PC/Desktop/temporary/HSC/HSC.gen/sources_1/bd/system/synth/system.v
VHDL Output written to : d:/ASUS-PC/Desktop/temporary/HSC/HSC.gen/sources_1/bd/system/sim/system.v
VHDL Output written to : d:/ASUS-PC/Desktop/temporary/HSC/HSC.gen/sources_1/bd/system/hdl/system_wrapper.v
INFO: [BD 41-1029] Generation completed for the IP Integrator block axi_dma_0 .
INFO: [BD 41-1029] Generation completed for the IP Integrator block TOP_0 .
WARNING: [IP_Flow 19-4994] Overwriting existing constraint file 'd:/ASUS-PC/Desktop/temporary/HSC/HSC.gen/sources_1/bd/system/ip/system_auto_pc_0/system_auto_pc_0_ooc.xdc'
INFO: [BD 41-1029] Generation completed for the IP Integrator block ps7_0_axi_periph/s00_couplers/auto_pc .
WARNING: [IP_Flow 19-4994] Overwriting existing constraint file 'd:/ASUS-PC/Desktop/temporary/HSC/HSC.gen/sources_1/bd/system/ip/system_auto_pc_1/system_auto_pc_1_ooc.xdc'
INFO: [BD 41-1029] Generation completed for the IP Integrator block axi_mem_intercon/s00_couplers/auto_pc .
Exporting to file d:/ASUS-PC/Desktop/temporary/HSC/HSC.gen/sources_1/bd/system/hw_handoff/system.hwh
Generated Block Design Tcl file d:/ASUS-PC/Desktop/temporary/HSC/HSC.gen/sources_1/bd/system/hw_handoff/system_bd.tcl
Generated Hardware Definition File d:/ASUS-PC/Desktop/temporary/HSC/HSC.gen/sources_1/bd/system/synth/system.hwdef
WARNING: [BD 41-2265] Clock pin for protocol instance pin m_axis could not be determined. Make sure that ASSOCIATED_BUSIF and ASSOCIATED_RESET properties are set or propagated on clock pins of block /TOP_0
generate_target: Time (s): cpu = 00:00:08 ; elapsed = 00:00:06 . Memory (MB): peak = 1910.605 ; gain = 0.000
catch { config_ip_cache -export [get_ips -all system_axi_dma_0_0] }
catch { config_ip_cache -export [get_ips -all system_TOP_0_6] }
catch { config_ip_cache -export [get_ips -all system_auto_pc_0] }
INFO: [IP_Flow 19-4993] Using cached IP synthesis design for IP system_auto_pc_0, cache-ID = dd5a42954ffe0640; cache size = 35.289 MB.
catch { config_ip_cache -export [get_ips -all system_auto_pc_1] }
INFO: [IP_Flow 19-4993] Using cached IP synthesis design for IP system_auto_pc_1, cache-ID = 2d85e819c5b9f54e; cache size = 35.289 MB.
export_ip_user_files -of_objects [get_files D:/ASUS-PC/Desktop/temporary/HSC/HSC.srcs/sources_1/bd/system/system.bd] -no_script -sync -force -quiet
create_ip_run [get_files -of_objects [get_fileset sources_1] D:/ASUS-PC/Desktop/temporary/HSC/HSC.srcs/sources_1/bd/system/system.bd]
launch_runs system_axi_dma_0_0_synth_1 system_TOP_0_6_synth_1 -jobs 28
[Tue Jan  6 16:03:27 2026] Launched system_axi_dma_0_0_synth_1, system_TOP_0_6_synth_1...
Run output will be captured here:
system_axi_dma_0_0_synth_1: D:/ASUS-PC/Desktop/temporary/HSC/HSC.runs/system_axi_dma_0_0_synth_1/runme.log
system_TOP_0_6_synth_1: D:/ASUS-PC/Desktop/temporary/HSC/HSC.runs/system_TOP_0_6_synth_1/runme.log
export_simulation -of_objects [get_files D:/ASUS-PC/Desktop/temporary/HSC/HSC.srcs/sources_1/bd/system/system.bd] -directory D:/ASUS-PC/Desktop/temporary/HSC/HSC.ip_user_files/sim_scripts -ip_user_files_dir D:/ASUS-PC/Desktop/temporary/HSC/HSC.ip_user_files -ipstatic_source_dir D:/ASUS-PC/Desktop/temporary/HSC/HSC.ip_user_files/ipstatic -lib_map_path [list {modelsim=D:/ASUS-PC/Desktop/temporary/HSC/HSC.cache/compile_simlib/modelsim} {questa=D:/ASUS-PC/Desktop/temporary/HSC/HSC.cache/compile_simlib/questa} {riviera=D:/ASUS-PC/Desktop/temporary/HSC/HSC.cache/compile_simlib/riviera} {activehdl=D:/ASUS-PC/Desktop/temporary/HSC/HSC.cache/compile_simlib/activehdl}] -use_ip_compiled_libs -force -quiet
make_wrapper -files [get_files D:/ASUS-PC/Desktop/temporary/HSC/HSC.srcs/sources_1/bd/system/system.bd] -top
reset_run synth_1
WARNING: [Vivado 12-1017] Problems encountered:
1. Failed to delete one or more files in run directory D:/ASUS-PC/Desktop/temporary/HSC/HSC.runs/synth_1

create_ip_run [get_files -of_objects [get_fileset sources_1] D:/ASUS-PC/Desktop/temporary/HSC/HSC.srcs/sources_1/bd/system/system.bd]
synth_design -rtl -rtl_skip_mlo -name rtl_1
Command: synth_design -rtl -rtl_skip_mlo -name rtl_1
Starting synth_design
Using part: xc7z020clg400-2
Top: system_wrapper
INFO: [Device 21-403] Loading part xc7z020clg400-2
---------------------------------------------------------------------------------
Starting RTL Elaboration : Time (s): cpu = 00:00:02 ; elapsed = 00:00:02 . Memory (MB): peak = 2246.062 ; gain = 265.223
---------------------------------------------------------------------------------
INFO: [Synth 8-6157] synthesizing module 'system_wrapper' [D:/ASUS-PC/Desktop/temporary/HSC/HSC.gen/sources_1/bd/system/hdl/system_wrapper.v:12]
INFO: [Synth 8-6157] synthesizing module 'system' [d:/ASUS-PC/Desktop/temporary/HSC/HSC.gen/sources_1/bd/system/synth/system.v:782]
INFO: [Synth 8-6157] synthesizing module 'system_TOP_0_6' [D:/ASUS-PC/Desktop/temporary/HSC/.Xil/Vivado-2234308-FXT333/realtime/system_TOP_0_6_stub.v:6]
INFO: [Synth 8-6155] done synthesizing module 'system_TOP_0_6' (1#1) [D:/ASUS-PC/Desktop/temporary/HSC/.Xil/Vivado-2234308-FXT333/realtime/system_TOP_0_6_stub.v:6]
INFO: [Synth 8-6157] synthesizing module 'system_axi_dma_0_0' [D:/ASUS-PC/Desktop/temporary/HSC/.Xil/Vivado-2234308-FXT333/realtime/system_axi_dma_0_0_stub.v:6]
INFO: [Synth 8-6155] done synthesizing module 'system_axi_dma_0_0' (2#1) [D:/ASUS-PC/Desktop/temporary/HSC/.Xil/Vivado-2234308-FXT333/realtime/system_axi_dma_0_0_stub.v:6]
WARNING: [Synth 8-7071] port 's2mm_prmry_reset_out_n' of module 'system_axi_dma_0_0' is unconnected for instance 'axi_dma_0' [d:/ASUS-PC/Desktop/temporary/HSC/HSC.gen/sources_1/bd/system/synth/system.v:1069]
WARNING: [Synth 8-7071] port 'axi_dma_tstvec' of module 'system_axi_dma_0_0' is unconnected for instance 'axi_dma_0' [d:/ASUS-PC/Desktop/temporary/HSC/HSC.gen/sources_1/bd/system/synth/system.v:1069]
WARNING: [Synth 8-7023] instance 'axi_dma_0' of module 'system_axi_dma_0_0' has 43 connections declared, but only 41 given [d:/ASUS-PC/Desktop/temporary/HSC/HSC.gen/sources_1/bd/system/synth/system.v:1069]
INFO: [Synth 8-6157] synthesizing module 'system_axi_mem_intercon_0' [d:/ASUS-PC/Desktop/temporary/HSC/HSC.gen/sources_1/bd/system/synth/system.v:1388]
INFO: [Synth 8-6157] synthesizing module 's00_couplers_imp_1P403ZT' [d:/ASUS-PC/Desktop/temporary/HSC/HSC.gen/sources_1/bd/system/synth/system.v:588]
INFO: [Synth 8-6157] synthesizing module 'system_auto_pc_1' [D:/ASUS-PC/Desktop/temporary/HSC/.Xil/Vivado-2234308-FXT333/realtime/system_auto_pc_1_stub.v:6]
INFO: [Synth 8-6155] done synthesizing module 'system_auto_pc_1' (3#1) [D:/ASUS-PC/Desktop/temporary/HSC/.Xil/Vivado-2234308-FXT333/realtime/system_auto_pc_1_stub.v:6]
INFO: [Synth 8-6155] done synthesizing module 's00_couplers_imp_1P403ZT' (4#1) [d:/ASUS-PC/Desktop/temporary/HSC/HSC.gen/sources_1/bd/system/synth/system.v:588]
INFO: [Synth 8-6155] done synthesizing module 'system_axi_mem_intercon_0' (5#1) [d:/ASUS-PC/Desktop/temporary/HSC/HSC.gen/sources_1/bd/system/synth/system.v:1388]
INFO: [Synth 8-6157] synthesizing module 'system_axis_data_fifo_0_0' [D:/ASUS-PC/Desktop/temporary/HSC/.Xil/Vivado-2234308-FXT333/realtime/system_axis_data_fifo_0_0_stub.v:6]
INFO: [Synth 8-6155] done synthesizing module 'system_axis_data_fifo_0_0' (6#1) [D:/ASUS-PC/Desktop/temporary/HSC/.Xil/Vivado-2234308-FXT333/realtime/system_axis_data_fifo_0_0_stub.v:6]
INFO: [Synth 8-6157] synthesizing module 'system_processing_system7_0_0' [D:/ASUS-PC/Desktop/temporary/HSC/.Xil/Vivado-2234308-FXT333/realtime/system_processing_system7_0_0_stub.v:6]
INFO: [Synth 8-6155] done synthesizing module 'system_processing_system7_0_0' (7#1) [D:/ASUS-PC/Desktop/temporary/HSC/.Xil/Vivado-2234308-FXT333/realtime/system_processing_system7_0_0_stub.v:6]
WARNING: [Synth 8-7071] port 'S_AXI_HP0_ARREADY' of module 'system_processing_system7_0_0' is unconnected for instance 'processing_system7_0' [d:/ASUS-PC/Desktop/temporary/HSC/HSC.gen/sources_1/bd/system/synth/system.v:1163]
WARNING: [Synth 8-7071] port 'S_AXI_HP0_RLAST' of module 'system_processing_system7_0_0' is unconnected for instance 'processing_system7_0' [d:/ASUS-PC/Desktop/temporary/HSC/HSC.gen/sources_1/bd/system/synth/system.v:1163]
WARNING: [Synth 8-7071] port 'S_AXI_HP0_RVALID' of module 'system_processing_system7_0_0' is unconnected for instance 'processing_system7_0' [d:/ASUS-PC/Desktop/temporary/HSC/HSC.gen/sources_1/bd/system/synth/system.v:1163]
WARNING: [Synth 8-7071] port 'S_AXI_HP0_RRESP' of module 'system_processing_system7_0_0' is unconnected for instance 'processing_system7_0' [d:/ASUS-PC/Desktop/temporary/HSC/HSC.gen/sources_1/bd/system/synth/system.v:1163]
WARNING: [Synth 8-7071] port 'S_AXI_HP0_BID' of module 'system_processing_system7_0_0' is unconnected for instance 'processing_system7_0' [d:/ASUS-PC/Desktop/temporary/HSC/HSC.gen/sources_1/bd/system/synth/system.v:1163]
WARNING: [Synth 8-7071] port 'S_AXI_HP0_RID' of module 'system_processing_system7_0_0' is unconnected for instance 'processing_system7_0' [d:/ASUS-PC/Desktop/temporary/HSC/HSC.gen/sources_1/bd/system/synth/system.v:1163]
WARNING: [Synth 8-7071] port 'S_AXI_HP0_RDATA' of module 'system_processing_system7_0_0' is unconnected for instance 'processing_system7_0' [d:/ASUS-PC/Desktop/temporary/HSC/HSC.gen/sources_1/bd/system/synth/system.v:1163]
WARNING: [Synth 8-7071] port 'S_AXI_HP0_RCOUNT' of module 'system_processing_system7_0_0' is unconnected for instance 'processing_system7_0' [d:/ASUS-PC/Desktop/temporary/HSC/HSC.gen/sources_1/bd/system/synth/system.v:1163]
WARNING: [Synth 8-7071] port 'S_AXI_HP0_WCOUNT' of module 'system_processing_system7_0_0' is unconnected for instance 'processing_system7_0' [d:/ASUS-PC/Desktop/temporary/HSC/HSC.gen/sources_1/bd/system/synth/system.v:1163]
WARNING: [Synth 8-7071] port 'S_AXI_HP0_RACOUNT' of module 'system_processing_system7_0_0' is unconnected for instance 'processing_system7_0' [d:/ASUS-PC/Desktop/temporary/HSC/HSC.gen/sources_1/bd/system/synth/system.v:1163]
WARNING: [Synth 8-7071] port 'S_AXI_HP0_WACOUNT' of module 'system_processing_system7_0_0' is unconnected for instance 'processing_system7_0' [d:/ASUS-PC/Desktop/temporary/HSC/HSC.gen/sources_1/bd/system/synth/system.v:1163]
WARNING: [Synth 8-7023] instance 'processing_system7_0' of module 'system_processing_system7_0_0' has 108 connections declared, but only 97 given [d:/ASUS-PC/Desktop/temporary/HSC/HSC.gen/sources_1/bd/system/synth/system.v:1163]
INFO: [Synth 8-6157] synthesizing module 'system_ps7_0_axi_periph_0' [d:/ASUS-PC/Desktop/temporary/HSC/HSC.gen/sources_1/bd/system/synth/system.v:1588]
INFO: [Synth 8-6157] synthesizing module 'm00_couplers_imp_1H7AUOX' [d:/ASUS-PC/Desktop/temporary/HSC/HSC.gen/sources_1/bd/system/synth/system.v:12]
INFO: [Synth 8-6155] done synthesizing module 'm00_couplers_imp_1H7AUOX' (8#1) [d:/ASUS-PC/Desktop/temporary/HSC/HSC.gen/sources_1/bd/system/synth/system.v:12]
INFO: [Synth 8-6157] synthesizing module 'm01_couplers_imp_4Y7TYO' [d:/ASUS-PC/Desktop/temporary/HSC/HSC.gen/sources_1/bd/system/synth/system.v:137]
INFO: [Synth 8-6155] done synthesizing module 'm01_couplers_imp_4Y7TYO' (9#1) [d:/ASUS-PC/Desktop/temporary/HSC/HSC.gen/sources_1/bd/system/synth/system.v:137]
INFO: [Synth 8-6157] synthesizing module 's00_couplers_imp_11SE3QO' [d:/ASUS-PC/Desktop/temporary/HSC/HSC.gen/sources_1/bd/system/synth/system.v:283]
INFO: [Synth 8-6157] synthesizing module 'system_auto_pc_0' [D:/ASUS-PC/Desktop/temporary/HSC/.Xil/Vivado-2234308-FXT333/realtime/system_auto_pc_0_stub.v:6]
INFO: [Synth 8-6155] done synthesizing module 'system_auto_pc_0' (10#1) [D:/ASUS-PC/Desktop/temporary/HSC/.Xil/Vivado-2234308-FXT333/realtime/system_auto_pc_0_stub.v:6]
INFO: [Synth 8-6155] done synthesizing module 's00_couplers_imp_11SE3QO' (11#1) [d:/ASUS-PC/Desktop/temporary/HSC/HSC.gen/sources_1/bd/system/synth/system.v:283]
INFO: [Synth 8-6157] synthesizing module 'system_xbar_1' [D:/ASUS-PC/Desktop/temporary/HSC/.Xil/Vivado-2234308-FXT333/realtime/system_xbar_1_stub.v:6]
INFO: [Synth 8-6155] done synthesizing module 'system_xbar_1' (12#1) [D:/ASUS-PC/Desktop/temporary/HSC/.Xil/Vivado-2234308-FXT333/realtime/system_xbar_1_stub.v:6]
INFO: [Synth 8-6155] done synthesizing module 'system_ps7_0_axi_periph_0' (13#1) [d:/ASUS-PC/Desktop/temporary/HSC/HSC.gen/sources_1/bd/system/synth/system.v:1588]
INFO: [Synth 8-6157] synthesizing module 'system_ps_pl_axi4_0_0' [D:/ASUS-PC/Desktop/temporary/HSC/.Xil/Vivado-2234308-FXT333/realtime/system_ps_pl_axi4_0_0_stub.v:6]
INFO: [Synth 8-6155] done synthesizing module 'system_ps_pl_axi4_0_0' (14#1) [D:/ASUS-PC/Desktop/temporary/HSC/.Xil/Vivado-2234308-FXT333/realtime/system_ps_pl_axi4_0_0_stub.v:6]
INFO: [Synth 8-6157] synthesizing module 'system_rst_ps7_0_100M_0' [D:/ASUS-PC/Desktop/temporary/HSC/.Xil/Vivado-2234308-FXT333/realtime/system_rst_ps7_0_100M_0_stub.v:6]
INFO: [Synth 8-6155] done synthesizing module 'system_rst_ps7_0_100M_0' (15#1) [D:/ASUS-PC/Desktop/temporary/HSC/.Xil/Vivado-2234308-FXT333/realtime/system_rst_ps7_0_100M_0_stub.v:6]
WARNING: [Synth 8-7071] port 'mb_reset' of module 'system_rst_ps7_0_100M_0' is unconnected for instance 'rst_ps7_0_100M' [d:/ASUS-PC/Desktop/temporary/HSC/HSC.gen/sources_1/bd/system/synth/system.v:1375]
WARNING: [Synth 8-7071] port 'bus_struct_reset' of module 'system_rst_ps7_0_100M_0' is unconnected for instance 'rst_ps7_0_100M' [d:/ASUS-PC/Desktop/temporary/HSC/HSC.gen/sources_1/bd/system/synth/system.v:1375]
WARNING: [Synth 8-7071] port 'peripheral_reset' of module 'system_rst_ps7_0_100M_0' is unconnected for instance 'rst_ps7_0_100M' [d:/ASUS-PC/Desktop/temporary/HSC/HSC.gen/sources_1/bd/system/synth/system.v:1375]
WARNING: [Synth 8-7071] port 'interconnect_aresetn' of module 'system_rst_ps7_0_100M_0' is unconnected for instance 'rst_ps7_0_100M' [d:/ASUS-PC/Desktop/temporary/HSC/HSC.gen/sources_1/bd/system/synth/system.v:1375]
WARNING: [Synth 8-7023] instance 'rst_ps7_0_100M' of module 'system_rst_ps7_0_100M_0' has 10 connections declared, but only 6 given [d:/ASUS-PC/Desktop/temporary/HSC/HSC.gen/sources_1/bd/system/synth/system.v:1375]
INFO: [Synth 8-6157] synthesizing module 'system_xlconcat_0_0' [d:/ASUS-PC/Desktop/temporary/HSC/HSC.gen/sources_1/bd/system/ip/system_xlconcat_0_0/synth/system_xlconcat_0_0.v:60]
INFO: [Synth 8-6157] synthesizing module 'xlconcat_v2_1_4_xlconcat' [d:/ASUS-PC/Desktop/temporary/HSC/HSC.gen/sources_1/bd/system/ipshared/4b67/hdl/xlconcat_v2_1_vl_rfs.v:14]
INFO: [Synth 8-6155] done synthesizing module 'xlconcat_v2_1_4_xlconcat' (16#1) [d:/ASUS-PC/Desktop/temporary/HSC/HSC.gen/sources_1/bd/system/ipshared/4b67/hdl/xlconcat_v2_1_vl_rfs.v:14]
INFO: [Synth 8-6155] done synthesizing module 'system_xlconcat_0_0' (17#1) [d:/ASUS-PC/Desktop/temporary/HSC/HSC.gen/sources_1/bd/system/ip/system_xlconcat_0_0/synth/system_xlconcat_0_0.v:60]
INFO: [Synth 8-6155] done synthesizing module 'system' (18#1) [d:/ASUS-PC/Desktop/temporary/HSC/HSC.gen/sources_1/bd/system/synth/system.v:782]
INFO: [Synth 8-6155] done synthesizing module 'system_wrapper' (19#1) [D:/ASUS-PC/Desktop/temporary/HSC/HSC.gen/sources_1/bd/system/hdl/system_wrapper.v:12]
---------------------------------------------------------------------------------
Finished RTL Elaboration : Time (s): cpu = 00:00:02 ; elapsed = 00:00:02 . Memory (MB): peak = 2304.211 ; gain = 323.371
---------------------------------------------------------------------------------
---------------------------------------------------------------------------------
Start Handling Custom Attributes
---------------------------------------------------------------------------------
---------------------------------------------------------------------------------
Finished Handling Custom Attributes : Time (s): cpu = 00:00:03 ; elapsed = 00:00:03 . Memory (MB): peak = 2324.039 ; gain = 343.199
---------------------------------------------------------------------------------
---------------------------------------------------------------------------------
Finished RTL Optimization Phase 1 : Time (s): cpu = 00:00:03 ; elapsed = 00:00:03 . Memory (MB): peak = 2324.039 ; gain = 343.199
---------------------------------------------------------------------------------
INFO: [Project 1-454] Reading design checkpoint 'd:/ASUS-PC/Desktop/temporary/HSC/HSC.gen/sources_1/bd/system/ip/system_TOP_0_6/system_TOP_0_6.dcp' for cell 'system_i/TOP_0'
INFO: [Project 1-454] Reading design checkpoint 'd:/ASUS-PC/Desktop/temporary/HSC/HSC.gen/sources_1/bd/system/ip/system_axi_dma_0_0/system_axi_dma_0_0.dcp' for cell 'system_i/axi_dma_0'
INFO: [Project 1-454] Reading design checkpoint 'd:/ASUS-PC/Desktop/temporary/HSC/HSC.gen/sources_1/bd/system/ip/system_axis_data_fifo_0_0/system_axis_data_fifo_0_0.dcp' for cell 'system_i/axis_data_fifo_0'
INFO: [Project 1-454] Reading design checkpoint 'd:/ASUS-PC/Desktop/temporary/HSC/HSC.gen/sources_1/bd/system/ip/system_processing_system7_0_0/system_processing_system7_0_0.dcp' for cell 'system_i/processing_system7_0'
INFO: [Project 1-454] Reading design checkpoint 'd:/ASUS-PC/Desktop/temporary/HSC/HSC.gen/sources_1/bd/system/ip/system_ps_pl_axi4_0_0/system_ps_pl_axi4_0_0.dcp' for cell 'system_i/ps_pl_axi4_0'
INFO: [Project 1-454] Reading design checkpoint 'd:/ASUS-PC/Desktop/temporary/HSC/HSC.gen/sources_1/bd/system/ip/system_rst_ps7_0_100M_0/system_rst_ps7_0_100M_0.dcp' for cell 'system_i/rst_ps7_0_100M'
INFO: [Project 1-454] Reading design checkpoint 'd:/ASUS-PC/Desktop/temporary/HSC/HSC.gen/sources_1/bd/system/ip/system_auto_pc_1/system_auto_pc_1.dcp' for cell 'system_i/axi_mem_intercon/s00_couplers/auto_pc'
INFO: [Project 1-454] Reading design checkpoint 'd:/ASUS-PC/Desktop/temporary/HSC/HSC.gen/sources_1/bd/system/ip/system_xbar_1/system_xbar_1.dcp' for cell 'system_i/ps7_0_axi_periph/xbar'
INFO: [Project 1-454] Reading design checkpoint 'd:/ASUS-PC/Desktop/temporary/HSC/HSC.gen/sources_1/bd/system/ip/system_auto_pc_0/system_auto_pc_0.dcp' for cell 'system_i/ps7_0_axi_periph/s00_couplers/auto_pc'
Netlist sorting complete. Time (s): cpu = 00:00:01 ; elapsed = 00:00:00.092 . Memory (MB): peak = 2352.539 ; gain = 0.000
INFO: [Netlist 29-17] Analyzing 677 Unisim elements for replacement
INFO: [Netlist 29-28] Unisim Transformation completed in 0 CPU seconds
INFO: [Project 1-479] Netlist was created with Vivado 2021.1.1
INFO: [Project 1-570] Preparing netlist for logic optimization

Processing XDC Constraints
Initializing timing engine
Parsing XDC File [d:/ASUS-PC/Desktop/temporary/HSC/HSC.gen/sources_1/bd/system/ip/system_processing_system7_0_0/system_processing_system7_0_0.xdc] for cell 'system_i/processing_system7_0/inst'
Finished Parsing XDC File [d:/ASUS-PC/Desktop/temporary/HSC/HSC.gen/sources_1/bd/system/ip/system_processing_system7_0_0/system_processing_system7_0_0.xdc] for cell 'system_i/processing_system7_0/inst'
INFO: [Project 1-236] Implementation specific constraints were found while reading constraint file [d:/ASUS-PC/Desktop/temporary/HSC/HSC.gen/sources_1/bd/system/ip/system_processing_system7_0_0/system_processing_system7_0_0.xdc]. These constraints will be ignored for synthesis but will be used in implementation. Impacted constraints are listed in the file [.Xil/system_wrapper_propImpl.xdc].
Resolution: To avoid this warning, move constraints listed in [.Xil/system_wrapper_propImpl.xdc] to another XDC file and exclude this new file from synthesis with the used_in_synthesis property (File Properties dialog in GUI) and re-run elaboration/synthesis.
Parsing XDC File [d:/ASUS-PC/Desktop/temporary/HSC/HSC.gen/sources_1/bd/system/ip/system_axi_dma_0_0/system_axi_dma_0_0.xdc] for cell 'system_i/axi_dma_0/U0'
Finished Parsing XDC File [d:/ASUS-PC/Desktop/temporary/HSC/HSC.gen/sources_1/bd/system/ip/system_axi_dma_0_0/system_axi_dma_0_0.xdc] for cell 'system_i/axi_dma_0/U0'
INFO: [Project 1-236] Implementation specific constraints were found while reading constraint file [d:/ASUS-PC/Desktop/temporary/HSC/HSC.gen/sources_1/bd/system/ip/system_axi_dma_0_0/system_axi_dma_0_0.xdc]. These constraints will be ignored for synthesis but will be used in implementation. Impacted constraints are listed in the file [.Xil/system_wrapper_propImpl.xdc].
Resolution: To avoid this warning, move constraints listed in [.Xil/system_wrapper_propImpl.xdc] to another XDC file and exclude this new file from synthesis with the used_in_synthesis property (File Properties dialog in GUI) and re-run elaboration/synthesis.
Parsing XDC File [d:/ASUS-PC/Desktop/temporary/HSC/HSC.gen/sources_1/bd/system/ip/system_rst_ps7_0_100M_0/system_rst_ps7_0_100M_0_board.xdc] for cell 'system_i/rst_ps7_0_100M/U0'
Finished Parsing XDC File [d:/ASUS-PC/Desktop/temporary/HSC/HSC.gen/sources_1/bd/system/ip/system_rst_ps7_0_100M_0/system_rst_ps7_0_100M_0_board.xdc] for cell 'system_i/rst_ps7_0_100M/U0'
Parsing XDC File [d:/ASUS-PC/Desktop/temporary/HSC/HSC.gen/sources_1/bd/system/ip/system_rst_ps7_0_100M_0/system_rst_ps7_0_100M_0.xdc] for cell 'system_i/rst_ps7_0_100M/U0'
Finished Parsing XDC File [d:/ASUS-PC/Desktop/temporary/HSC/HSC.gen/sources_1/bd/system/ip/system_rst_ps7_0_100M_0/system_rst_ps7_0_100M_0.xdc] for cell 'system_i/rst_ps7_0_100M/U0'
Parsing XDC File [D:/ASUS-PC/Desktop/temporary/HSC/HSC.srcs/constrs_1/con1.xdc]
Finished Parsing XDC File [D:/ASUS-PC/Desktop/temporary/HSC/HSC.srcs/constrs_1/con1.xdc]
Parsing XDC File [d:/ASUS-PC/Desktop/temporary/HSC/HSC.gen/sources_1/bd/system/ip/system_axi_dma_0_0/system_axi_dma_0_0_clocks.xdc] for cell 'system_i/axi_dma_0/U0'
Finished Parsing XDC File [d:/ASUS-PC/Desktop/temporary/HSC/HSC.gen/sources_1/bd/system/ip/system_axi_dma_0_0/system_axi_dma_0_0_clocks.xdc] for cell 'system_i/axi_dma_0/U0'
INFO: [Project 1-236] Implementation specific constraints were found while reading constraint file [E:/Xilinx2021/Vivado/2021.1/data/ip/xpm/xpm_cdc/tcl/xpm_cdc_gray.tcl]. These constraints will be ignored for synthesis but will be used in implementation. Impacted constraints are listed in the file [.Xil/system_wrapper_propImpl.xdc].
Resolution: To avoid this warning, move constraints listed in [.Xil/system_wrapper_propImpl.xdc] to another XDC file and exclude this new file from synthesis with the used_in_synthesis property (File Properties dialog in GUI) and re-run elaboration/synthesis.
INFO: [Project 1-236] Implementation specific constraints were found while reading constraint file [E:/Xilinx2021/Vivado/2021.1/data/ip/xpm/xpm_fifo/tcl/xpm_fifo_rst.tcl]. These constraints will be ignored for synthesis but will be used in implementation. Impacted constraints are listed in the file [.Xil/system_wrapper_propImpl.xdc].
Resolution: To avoid this warning, move constraints listed in [.Xil/system_wrapper_propImpl.xdc] to another XDC file and exclude this new file from synthesis with the used_in_synthesis property (File Properties dialog in GUI) and re-run elaboration/synthesis.
INFO: [Project 1-236] Implementation specific constraints were found while reading constraint file [E:/Xilinx2021/Vivado/2021.1/data/ip/xpm/xpm_fifo/tcl/xpm_fifo_rst_axis.tcl]. These constraints will be ignored for synthesis but will be used in implementation. Impacted constraints are listed in the file [.Xil/system_wrapper_propImpl.xdc].
Resolution: To avoid this warning, move constraints listed in [.Xil/system_wrapper_propImpl.xdc] to another XDC file and exclude this new file from synthesis with the used_in_synthesis property (File Properties dialog in GUI) and re-run elaboration/synthesis.
INFO: [Project 1-236] Implementation specific constraints were found while reading constraint file [E:/Xilinx2021/Vivado/2021.1/data/ip/xpm/xpm_fifo/tcl/xpm_fifo_rst.tcl]. These constraints will be ignored for synthesis but will be used in implementation. Impacted constraints are listed in the file [.Xil/system_wrapper_propImpl.xdc].
Resolution: To avoid this warning, move constraints listed in [.Xil/system_wrapper_propImpl.xdc] to another XDC file and exclude this new file from synthesis with the used_in_synthesis property (File Properties dialog in GUI) and re-run elaboration/synthesis.
INFO: [Project 1-1714] 41 XPM XDC files have been applied to the design.
Completed Processing XDC Constraints

Netlist sorting complete. Time (s): cpu = 00:00:00 ; elapsed = 00:00:00.002 . Memory (MB): peak = 2478.926 ; gain = 0.000
INFO: [Project 1-111] Unisim Transformation Summary:
  A total of 4 instances were transformed.
  RAM32M => RAM32M (RAMD32(x6), RAMS32(x2)): 4 instances

RTL Elaboration Complete:  : Time (s): cpu = 00:00:11 ; elapsed = 00:00:08 . Memory (MB): peak = 2668.973 ; gain = 688.133
60 Infos, 20 Warnings, 0 Critical Warnings and 0 Errors encountered.
synth_design completed successfully
synth_design: Time (s): cpu = 00:00:12 ; elapsed = 00:00:09 . Memory (MB): peak = 2668.973 ; gain = 758.367
launch_runs impl_1 -to_step write_bitstream -jobs 28
[Tue Jan  6 16:12:56 2026] Launched synth_1...
Run output will be captured here: D:/ASUS-PC/Desktop/temporary/HSC/HSC.runs/synth_1/runme.log
[Tue Jan  6 16:12:56 2026] Launched impl_1...
Run output will be captured here: D:/ASUS-PC/Desktop/temporary/HSC/HSC.runs/impl_1/runme.log
open_bd_design {D:/ASUS-PC/Desktop/temporary/HSC/HSC.srcs/sources_1/bd/system/system.bd}
update_module_reference system_TOP_0_6
INFO: [IP_Flow 19-5107] Inferred bus interface 'm_axis' of definition 'xilinx.com:interface:axis:1.0' (from Xilinx Repository).
INFO: [IP_Flow 19-5107] Inferred bus interface 'AD_RESET' of definition 'xilinx.com:signal:reset:1.0' (from Xilinx Repository).
INFO: [IP_Flow 19-5107] Inferred bus interface 'ps_clk' of definition 'xilinx.com:signal:clock:1.0' (from Xilinx Repository).
WARNING: [IP_Flow 19-3158] Bus Interface 'm_axis': FREQ_HZ bus parameter missing from AXI interface when interface is not associated to a clock.
WARNING: [IP_Flow 19-5661] Bus Interface 'ps_clk' does not have any bus interfaces associated with it.
INFO: [IP_Flow 19-234] Refreshing IP repositories
INFO: [IP_Flow 19-1700] Loaded user IP repository 'd:/ASUS-PC/Desktop/temporary/HSC/ip_repo/ps_pl_axi4_1.0'.
Upgrading 'D:/ASUS-PC/Desktop/temporary/HSC/HSC.srcs/sources_1/bd/system/system.bd'
INFO: [IP_Flow 19-1972] Upgraded system_TOP_0_6 from TOP_v1_0 1.0 to TOP_v1_0 1.0
Wrote  : <D:\ASUS-PC\Desktop\temporary\HSC\HSC.srcs\sources_1\bd\system\system.bd> 
validate_bd_design
WARNING: [BD 41-2670] Found an incomplete address path from address space '/axi_dma_0/Data_S2MM' to slave segment '/ps_pl_axi4_0/S00_AXI/S00_AXI_reg'. Please either complete or remove this path to resolve.
CRITICAL WARNING: [BD 41-967] AXI interface pin /TOP_0/m_axis is not associated to any clock pin. It may not work correctly.
WARNING: [BD 41-702] Propagation TCL tries to overwrite USER strength parameter C_M_AXI_S2MM_DATA_WIDTH(64) on '/axi_dma_0' with propagated value(32). Command ignored
generate_target all [get_files  D:/ASUS-PC/Desktop/temporary/HSC/HSC.srcs/sources_1/bd/system/system.bd]
INFO: [BD 41-1662] The design 'system.bd' is already validated. Therefore parameter propagation will not be re-run.
Wrote  : <D:\ASUS-PC\Desktop\temporary\HSC\HSC.srcs\sources_1\bd\system\system.bd> 
Wrote  : <D:/ASUS-PC/Desktop/temporary/HSC/HSC.srcs/sources_1/bd/system/ui/bd_c954508f.ui> 
VHDL Output written to : d:/ASUS-PC/Desktop/temporary/HSC/HSC.gen/sources_1/bd/system/synth/system.v
VHDL Output written to : d:/ASUS-PC/Desktop/temporary/HSC/HSC.gen/sources_1/bd/system/sim/system.v
VHDL Output written to : d:/ASUS-PC/Desktop/temporary/HSC/HSC.gen/sources_1/bd/system/hdl/system_wrapper.v
INFO: [BD 41-1029] Generation completed for the IP Integrator block TOP_0 .
WARNING: [IP_Flow 19-4994] Overwriting existing constraint file 'd:/ASUS-PC/Desktop/temporary/HSC/HSC.gen/sources_1/bd/system/ip/system_auto_pc_0/system_auto_pc_0_ooc.xdc'
INFO: [BD 41-1029] Generation completed for the IP Integrator block ps7_0_axi_periph/s00_couplers/auto_pc .
WARNING: [IP_Flow 19-4994] Overwriting existing constraint file 'd:/ASUS-PC/Desktop/temporary/HSC/HSC.gen/sources_1/bd/system/ip/system_auto_pc_1/system_auto_pc_1_ooc.xdc'
INFO: [BD 41-1029] Generation completed for the IP Integrator block axi_mem_intercon/s00_couplers/auto_pc .
Exporting to file d:/ASUS-PC/Desktop/temporary/HSC/HSC.gen/sources_1/bd/system/hw_handoff/system.hwh
Generated Block Design Tcl file d:/ASUS-PC/Desktop/temporary/HSC/HSC.gen/sources_1/bd/system/hw_handoff/system_bd.tcl
Generated Hardware Definition File d:/ASUS-PC/Desktop/temporary/HSC/HSC.gen/sources_1/bd/system/synth/system.hwdef
WARNING: [BD 41-2265] Clock pin for protocol instance pin m_axis could not be determined. Make sure that ASSOCIATED_BUSIF and ASSOCIATED_RESET properties are set or propagated on clock pins of block /TOP_0
catch { config_ip_cache -export [get_ips -all system_TOP_0_6] }
catch { config_ip_cache -export [get_ips -all system_auto_pc_0] }
INFO: [IP_Flow 19-4993] Using cached IP synthesis design for IP system_auto_pc_0, cache-ID = dd5a42954ffe0640; cache size = 45.349 MB.
catch { config_ip_cache -export [get_ips -all system_auto_pc_1] }
INFO: [IP_Flow 19-4993] Using cached IP synthesis design for IP system_auto_pc_1, cache-ID = 2d85e819c5b9f54e; cache size = 45.349 MB.
export_ip_user_files -of_objects [get_files D:/ASUS-PC/Desktop/temporary/HSC/HSC.srcs/sources_1/bd/system/system.bd] -no_script -sync -force -quiet
create_ip_run [get_files -of_objects [get_fileset sources_1] D:/ASUS-PC/Desktop/temporary/HSC/HSC.srcs/sources_1/bd/system/system.bd]
launch_runs system_TOP_0_6_synth_1 -jobs 28
[Tue Jan  6 16:27:30 2026] Launched system_TOP_0_6_synth_1...
Run output will be captured here: D:/ASUS-PC/Desktop/temporary/HSC/HSC.runs/system_TOP_0_6_synth_1/runme.log
export_simulation -of_objects [get_files D:/ASUS-PC/Desktop/temporary/HSC/HSC.srcs/sources_1/bd/system/system.bd] -directory D:/ASUS-PC/Desktop/temporary/HSC/HSC.ip_user_files/sim_scripts -ip_user_files_dir D:/ASUS-PC/Desktop/temporary/HSC/HSC.ip_user_files -ipstatic_source_dir D:/ASUS-PC/Desktop/temporary/HSC/HSC.ip_user_files/ipstatic -lib_map_path [list {modelsim=D:/ASUS-PC/Desktop/temporary/HSC/HSC.cache/compile_simlib/modelsim} {questa=D:/ASUS-PC/Desktop/temporary/HSC/HSC.cache/compile_simlib/questa} {riviera=D:/ASUS-PC/Desktop/temporary/HSC/HSC.cache/compile_simlib/riviera} {activehdl=D:/ASUS-PC/Desktop/temporary/HSC/HSC.cache/compile_simlib/activehdl}] -use_ip_compiled_libs -force -quiet
reset_run synth_1
WARNING: [Vivado 12-1017] Problems encountered:
1. Failed to delete one or more files in run directory D:/ASUS-PC/Desktop/temporary/HSC/HSC.runs/synth_1

launch_runs impl_1 -to_step write_bitstream -jobs 28
[Tue Jan  6 16:29:27 2026] Launched synth_1...
Run output will be captured here: D:/ASUS-PC/Desktop/temporary/HSC/HSC.runs/synth_1/runme.log
[Tue Jan  6 16:29:27 2026] Launched impl_1...
Run output will be captured here: D:/ASUS-PC/Desktop/temporary/HSC/HSC.runs/impl_1/runme.log
write_hw_platform -fixed -include_bit -force -file D:/ASUS-PC/Desktop/temporary/HSC/vitis/system_wrapper.xsa
ERROR: [Common 17-69] Command failed: write_hw_platform is only supported for synthesized, implemented, or checkpoint designs
make_wrapper -files [get_files D:/ASUS-PC/Desktop/temporary/HSC/HSC.srcs/sources_1/bd/system/system.bd] -top
reset_run impl_1 -prev_step 
launch_runs impl_1 -to_step write_bitstream -jobs 28
[Tue Jan  6 16:34:04 2026] Launched impl_1...
Run output will be captured here: D:/ASUS-PC/Desktop/temporary/HSC/HSC.runs/impl_1/runme.log
write_hw_platform -fixed -include_bit -force -file D:/ASUS-PC/Desktop/temporary/HSC/vitis/system_wrapper.xsa
ERROR: [Common 17-69] Command failed: write_hw_platform is only supported for synthesized, implemented, or checkpoint designs
validate_bd_design -force
WARNING: [BD 41-2670] Found an incomplete address path from address space '/axi_dma_0/Data_S2MM' to slave segment '/ps_pl_axi4_0/S00_AXI/S00_AXI_reg'. Please either complete or remove this path to resolve.
CRITICAL WARNING: [BD 41-967] AXI interface pin /TOP_0/m_axis is not associated to any clock pin. It may not work correctly.
WARNING: [BD 41-702] Propagation TCL tries to overwrite USER strength parameter C_M_AXI_S2MM_DATA_WIDTH(64) on '/axi_dma_0' with propagated value(32). Command ignored
save_bd_design
Wrote  : <D:\ASUS-PC\Desktop\temporary\HSC\HSC.srcs\sources_1\bd\system\system.bd> 
reset_run synth_1
WARNING: [Vivado 12-1017] Problems encountered:
1. Failed to delete one or more files in run directory D:/ASUS-PC/Desktop/temporary/HSC/HSC.runs/synth_1

reset_run impl_1
launch_runs impl_1 -jobs 28
INFO: [BD 41-1662] The design 'system.bd' is already validated. Therefore parameter propagation will not be re-run.
VHDL Output written to : d:/ASUS-PC/Desktop/temporary/HSC/HSC.gen/sources_1/bd/system/synth/system.v
VHDL Output written to : d:/ASUS-PC/Desktop/temporary/HSC/HSC.gen/sources_1/bd/system/sim/system.v
VHDL Output written to : d:/ASUS-PC/Desktop/temporary/HSC/HSC.gen/sources_1/bd/system/hdl/system_wrapper.v
WARNING: [IP_Flow 19-4994] Overwriting existing constraint file 'd:/ASUS-PC/Desktop/temporary/HSC/HSC.gen/sources_1/bd/system/ip/system_auto_pc_0/system_auto_pc_0_ooc.xdc'
INFO: [BD 41-1029] Generation completed for the IP Integrator block ps7_0_axi_periph/s00_couplers/auto_pc .
WARNING: [IP_Flow 19-4994] Overwriting existing constraint file 'd:/ASUS-PC/Desktop/temporary/HSC/HSC.gen/sources_1/bd/system/ip/system_auto_pc_1/system_auto_pc_1_ooc.xdc'
INFO: [BD 41-1029] Generation completed for the IP Integrator block axi_mem_intercon/s00_couplers/auto_pc .
Exporting to file d:/ASUS-PC/Desktop/temporary/HSC/HSC.gen/sources_1/bd/system/hw_handoff/system.hwh
Generated Block Design Tcl file d:/ASUS-PC/Desktop/temporary/HSC/HSC.gen/sources_1/bd/system/hw_handoff/system_bd.tcl
Generated Hardware Definition File d:/ASUS-PC/Desktop/temporary/HSC/HSC.gen/sources_1/bd/system/synth/system.hwdef
WARNING: [BD 41-2265] Clock pin for protocol instance pin m_axis could not be determined. Make sure that ASSOCIATED_BUSIF and ASSOCIATED_RESET properties are set or propagated on clock pins of block /TOP_0
INFO: [IP_Flow 19-4993] Using cached IP synthesis design for IP system_auto_pc_0, cache-ID = dd5a42954ffe0640; cache size = 52.014 MB.
INFO: [IP_Flow 19-4993] Using cached IP synthesis design for IP system_auto_pc_1, cache-ID = 2d85e819c5b9f54e; cache size = 52.014 MB.
[Tue Jan  6 16:36:21 2026] Launched synth_1...
Run output will be captured here: D:/ASUS-PC/Desktop/temporary/HSC/HSC.runs/synth_1/runme.log
[Tue Jan  6 16:36:21 2026] Launched impl_1...
Run output will be captured here: D:/ASUS-PC/Desktop/temporary/HSC/HSC.runs/impl_1/runme.log
launch_runs: Time (s): cpu = 00:00:02 ; elapsed = 00:00:09 . Memory (MB): peak = 2788.875 ; gain = 0.000
write_hw_platform -fixed -include_bit -force -file D:/ASUS-PC/Desktop/temporary/HSC/vitis/system_wrapper.xsa
ERROR: [Common 17-69] Command failed: write_hw_platform is only supported for synthesized, implemented, or checkpoint designs
write_hw_platform -fixed -include_bit -force -file D:/ASUS-PC/Desktop/temporary/HSC/vitis/system_wrapper.xsa
ERROR: [Common 17-69] Command failed: write_hw_platform is only supported for synthesized, implemented, or checkpoint designs
close_bd_design [get_bd_designs system]
close_design
write_hw_platform -fixed -include_bit -force -file D:/ASUS-PC/Desktop/temporary/HSC/vitis/system_wrapper.xsa
INFO: [Vivado 12-4895] Creating Hardware Platform: D:/ASUS-PC/Desktop/temporary/HSC/vitis/system_wrapper.xsa ...
INFO: [Hsi 55-2053] elapsed time for repository (E:/Xilinx2021/Vivado/2021.1/data/embeddedsw) loading 0 seconds
ERROR: [Common 17-70] Application Exception: Unable to get BIT file from implementation run. Please ensure implementation has been run all the way through Bitstream generation. Aborting write_hw_platform..
launch_runs impl_1 -to_step write_bitstream -jobs 28
[Tue Jan  6 16:49:05 2026] Launched impl_1...
Run output will be captured here: D:/ASUS-PC/Desktop/temporary/HSC/HSC.runs/impl_1/runme.log
write_hw_platform -fixed -include_bit -force -file D:/ASUS-PC/Desktop/temporary/HSC/vitis/system_wrapper.xsa
INFO: [Vivado 12-4895] Creating Hardware Platform: D:/ASUS-PC/Desktop/temporary/HSC/vitis/system_wrapper.xsa ...
INFO: [Vivado 12-12464] The Hardware Platform can be used for Hardware
INFO: [Vivado 12-4896] Successfully created Hardware Platform: D:/ASUS-PC/Desktop/temporary/HSC/vitis/system_wrapper.xsa
exit
INFO: [Common 17-206] Exiting Vivado at Tue Jan  6 18:04:53 2026...
