#-----------------------------------------------------------
# Vivado v2021.1.1 (64-bit)
# SW Build 3286242 on Wed Jul 28 13:10:47 MDT 2021
# IP Build 3279568 on Wed Jul 28 16:48:48 MDT 2021
# Start of session at: Wed Dec 31 15:10:34 2025
# Process ID: 1781908
# Current directory: D:/ASUS-PC/Desktop/temporary/HSC
# Command line: vivado.exe -gui_launcher_event rodinguilauncherevent1509952 D:\ASUS-PC\Desktop\temporary\HSC\HSC.xpr
# Log file: D:/ASUS-PC/Desktop/temporary/HSC/vivado.log
# Journal file: D:/ASUS-PC/Desktop/temporary/HSC\vivado.jou
#-----------------------------------------------------------
start_gui
open_project D:/ASUS-PC/Desktop/temporary/HSC/HSC.xpr
CRITICAL WARNING: [Project 1-19] Could not find the file 'D:/ASUS-PC/Desktop/temporary/HSC/ip_repo/new/new/AD_DATA_FIFO_ASYNC.vhd'.
CRITICAL WARNING: [Project 1-19] Could not find the file 'D:/ASUS-PC/Desktop/temporary/HSC/ip_repo/new/new/ad_ctrl.vhd'.
CRITICAL WARNING: [Project 1-19] Could not find the file 'D:/ASUS-PC/Desktop/temporary/HSC/ip_repo/new/new/ad_in_clk.vhd'.
CRITICAL WARNING: [Project 1-19] Could not find the file 'D:/ASUS-PC/Desktop/temporary/HSC/ip_repo/new/new/ad_out_clk.vhd'.
CRITICAL WARNING: [Project 1-19] Could not find the file 'D:/ASUS-PC/Desktop/temporary/HSC/ip_repo/new/new/ads62p45.vhd'.
CRITICAL WARNING: [Project 1-19] Could not find the file 'D:/ASUS-PC/Desktop/temporary/HSC/ip_repo/new/new/TOP.vhd'.
CRITICAL WARNING: [Project 1-19] Could not find the file 'D:/ASUS-PC/Desktop/temporary/HSC/HSC.srcs/constrs_1/new/new/AD_DATA_FIFO_ASYNC.vhd'.
CRITICAL WARNING: [Project 1-19] Could not find the file 'D:/ASUS-PC/Desktop/temporary/HSC/HSC.srcs/constrs_1/new/new/ad_in_clk.vhd'.
CRITICAL WARNING: [Project 1-19] Could not find the file 'D:/ASUS-PC/Desktop/temporary/HSC/HSC.srcs/constrs_1/new/new/ad_out_clk.vhd'.
CRITICAL WARNING: [Project 1-19] Could not find the file 'D:/ASUS-PC/Desktop/temporary/HSC/HSC.srcs/constrs_1/new/new/ads62p45.vhd'.
CRITICAL WARNING: [Project 1-19] Could not find the file 'D:/ASUS-PC/Desktop/temporary/HSC/HSC.srcs/constrs_1/new/new/TOP.vhd'.
CRITICAL WARNING: [Project 1-19] Could not find the file 'D:/ASUS-PC/Desktop/temporary/HSC/HSC.srcs/constrs_1/new/new/ad_ctrl.vhd'.
Scanning sources...
Finished scanning sources
INFO: [IP_Flow 19-234] Refreshing IP repositories
INFO: [IP_Flow 19-1700] Loaded user IP repository 'd:/ASUS-PC/Desktop/temporary/HSC/ip_repo/ps_pl_axi4_1.0'.
INFO: [IP_Flow 19-2313] Loaded Vivado IP repository 'E:/Xilinx2021/Vivado/2021.1/data/ip'.
update_compile_order -fileset sources_1
open_bd_design {D:/ASUS-PC/Desktop/temporary/HSC/HSC.srcs/sources_1/bd/system/system.bd}
Reading block design file <D:/ASUS-PC/Desktop/temporary/HSC/HSC.srcs/sources_1/bd/system/system.bd>...
Adding component instance block -- xilinx.com:ip:processing_system7:5.5 - processing_system7_0
Adding component instance block -- xilinx.com:ip:xlconcat:2.1 - xlconcat_0
Adding component instance block -- xilinx.com:ip:axi_dma:7.1 - axi_dma_0
Adding component instance block -- xilinx.com:ip:proc_sys_reset:5.0 - rst_ps7_0_100M
Adding component instance block -- xilinx.com:user:ps_pl_axi4:1.0 - ps_pl_axi4_0
Adding component instance block -- xilinx.com:ip:axi_interconnect:2.1 - ps7_0_axi_periph
Adding component instance block -- xilinx.com:ip:axi_crossbar:2.1 - xbar
Adding component instance block -- xilinx.com:ip:axi_protocol_converter:2.1 - auto_pc
Adding component instance block -- xilinx.com:ip:axi_interconnect:2.1 - axi_mem_intercon
Adding component instance block -- xilinx.com:ip:axi_protocol_converter:2.1 - auto_pc
Adding component instance block -- xilinx.com:ip:axis_data_fifo:2.0 - axis_data_fifo_0
Adding component instance block -- xilinx.com:module_ref:TOP:1.0 - TOP_0
Excluding slave segment /processing_system7_0/S_AXI_HP0/HP0_DDR_LOWOCM from address space /processing_system7_0/Data.
Excluding slave segment /processing_system7_0/S_AXI_HP0/HP0_DDR_LOWOCM from address space /processing_system7_0/Data.
Excluding slave segment /axi_dma_0/S_AXI_LITE/Reg from address space /axi_dma_0/Data_S2MM.
Excluding slave segment /ps_pl_axi4_0/S00_AXI/S00_AXI_reg from address space /axi_dma_0/Data_S2MM.
Successfully read diagram <system> from block design file <D:/ASUS-PC/Desktop/temporary/HSC/HSC.srcs/sources_1/bd/system/system.bd>
export_ip_user_files -of_objects  [get_files D:/ASUS-PC/Desktop/temporary/HSC/ip_repo/ps_pl_axi4_1.0/hdl/ps_pl_axi4_v1_0.vhd] -no_script -reset -force -quiet
remove_files  D:/ASUS-PC/Desktop/temporary/HSC/ip_repo/ps_pl_axi4_1.0/hdl/ps_pl_axi4_v1_0.vhd
export_ip_user_files -of_objects  [get_files D:/ASUS-PC/Desktop/temporary/HSC/ip_repo/ps_pl_axi4_1.0/example_designs/bfm_design/ps_pl_axi4_v1_0_tb.sv] -no_script -reset -force -quiet
remove_files  D:/ASUS-PC/Desktop/temporary/HSC/ip_repo/ps_pl_axi4_1.0/example_designs/bfm_design/ps_pl_axi4_v1_0_tb.sv
export_ip_user_files -of_objects  [get_files D:/ASUS-PC/Desktop/temporary/HSC/ip_repo/Sim_ad_data_gen.vhd] -no_script -reset -force -quiet
remove_files  D:/ASUS-PC/Desktop/temporary/HSC/ip_repo/Sim_ad_data_gen.vhd
export_ip_user_files -of_objects  [get_files D:/ASUS-PC/Desktop/temporary/HSC/ip_repo/new/TOP.vhd] -no_script -reset -force -quiet
remove_files  D:/ASUS-PC/Desktop/temporary/HSC/ip_repo/new/TOP.vhd
update_compile_order -fileset sources_1
export_ip_user_files -of_objects  [get_files D:/ASUS-PC/Desktop/temporary/HSC/ip_repo/new/ad_ctrl.vhd] -no_script -reset -force -quiet
remove_files  D:/ASUS-PC/Desktop/temporary/HSC/ip_repo/new/ad_ctrl.vhd
export_ip_user_files -of_objects  [get_files D:/ASUS-PC/Desktop/temporary/HSC/ip_repo/new/trans_data.vhd] -no_script -reset -force -quiet
remove_files  D:/ASUS-PC/Desktop/temporary/HSC/ip_repo/new/trans_data.vhd
export_ip_user_files -of_objects  [get_files D:/ASUS-PC/Desktop/temporary/HSC/ip_repo/ps_pl_axi4_1.0/hdl/ps_pl_axi4_v1_0_S00_AXI.vhd] -no_script -reset -force -quiet
remove_files  D:/ASUS-PC/Desktop/temporary/HSC/ip_repo/ps_pl_axi4_1.0/hdl/ps_pl_axi4_v1_0_S00_AXI.vhd
export_ip_user_files -of_objects  [get_files D:/ASUS-PC/Desktop/temporary/HSC/ip_repo/new/rx_data_fifo_async.vhd] -no_script -reset -force -quiet
remove_files  D:/ASUS-PC/Desktop/temporary/HSC/ip_repo/new/rx_data_fifo_async.vhd
update_module_reference system_TOP_0_3
ERROR: [filemgmt 56-587] Failed to resolve reference. Nothing was found in the project to match the name TOP Try changing the compile order from manual to automatic. 
ERROR: [Common 17-39] 'update_module_reference' failed due to earlier errors.
export_ip_user_files -of_objects  [get_files D:/ASUS-PC/Desktop/temporary/HSC/ip_repo/new/ads62p45.vhd] -no_script -reset -force -quiet
remove_files  D:/ASUS-PC/Desktop/temporary/HSC/ip_repo/new/ads62p45.vhd
export_ip_user_files -of_objects  [get_files D:/ASUS-PC/Desktop/temporary/HSC/ip_repo/new/AD_DATA_FIFO_ASYNC.vhd] -no_script -reset -force -quiet
remove_files  D:/ASUS-PC/Desktop/temporary/HSC/ip_repo/new/AD_DATA_FIFO_ASYNC.vhd
export_ip_user_files -of_objects  [get_files D:/ASUS-PC/Desktop/temporary/HSC/ip_repo/ps_pl_axi4_1.0/hdl/axi4_2_gmii.vhd] -no_script -reset -force -quiet
remove_files  D:/ASUS-PC/Desktop/temporary/HSC/ip_repo/ps_pl_axi4_1.0/hdl/axi4_2_gmii.vhd
export_ip_user_files -of_objects  [get_files D:/ASUS-PC/Desktop/temporary/HSC/ip_repo/new/para_check.vhd] -no_script -reset -force -quiet
remove_files  D:/ASUS-PC/Desktop/temporary/HSC/ip_repo/new/para_check.vhd
export_ip_user_files -of_objects  [get_files D:/ASUS-PC/Desktop/temporary/HSC/ip_repo/new/ad_in_clk.vhd] -no_script -reset -force -quiet
remove_files  D:/ASUS-PC/Desktop/temporary/HSC/ip_repo/new/ad_in_clk.vhd
export_ip_user_files -of_objects  [get_files D:/ASUS-PC/Desktop/temporary/HSC/ip_repo/new/ad_out_clk.vhd] -no_script -reset -force -quiet
remove_files  D:/ASUS-PC/Desktop/temporary/HSC/ip_repo/new/ad_out_clk.vhd
add_files {D:/ASUS-PC/Desktop/temporary/HSC/ip_repo/new/AD_DATA_FIFO_ASYNC.vhd D:/ASUS-PC/Desktop/temporary/HSC/ip_repo/new/rx_data_fifo_async.vhd D:/ASUS-PC/Desktop/temporary/HSC/ip_repo/new/trans_data.vhd D:/ASUS-PC/Desktop/temporary/HSC/ip_repo/new/ad_in_clk.vhd D:/ASUS-PC/Desktop/temporary/HSC/ip_repo/new/ad_out_clk.vhd D:/ASUS-PC/Desktop/temporary/HSC/ip_repo/new/para_check.vhd D:/ASUS-PC/Desktop/temporary/HSC/ip_repo/new/ad_ctrl.vhd D:/ASUS-PC/Desktop/temporary/HSC/ip_repo/new/ads62p45.vhd D:/ASUS-PC/Desktop/temporary/HSC/ip_repo/new/TOP.vhd}
update_compile_order -fileset sources_1
delete_bd_objs [get_bd_nets clk_in_0_1] [get_bd_nets triger_in_pos_0_1] [get_bd_nets AD_DB_0_1] [get_bd_nets TOP_0_tx_data_valid] [get_bd_nets TOP_0_AD_SEN] [get_bd_nets TOP_0_AD_CTRL2] [get_bd_intf_nets TOP_0_m_axis] [get_bd_nets TOP_0_clk_dir] [get_bd_nets triger_in_tr_0_1] [get_bd_nets TOP_0_tx_data_data] [get_bd_nets TOP_0_AD_RESET] [get_bd_nets TOP_0_AD_CTRL1] [get_bd_nets TOP_0_AD_CTRL3] [get_bd_nets AD_DA_0_1] [get_bd_nets ps_pl_axi4_0_rx_cmd] [get_bd_nets ps_pl_axi4_0_rx_data_valid] [get_bd_nets ps_pl_axi4_0_rx_data_data] [get_bd_nets TOP_0_tx_cmd] [get_bd_nets TOP_0_tx_cmd_valid] [get_bd_nets TOP_0_tx_data_last] [get_bd_nets TOP_0_AD_SDATA] [get_bd_nets ad_clk_in_0_1] [get_bd_nets TOP_0_clk_ad_out] [get_bd_nets ps_pl_axi4_0_rx_cmd_valid] [get_bd_nets ps_pl_axi4_0_rx_data_last] [get_bd_nets TOP_0_AD_SCLK] [get_bd_cells TOP_0]
update_compile_order -fileset sources_1
delete_bd_objs [get_bd_ports clk_ad_out_0] [get_bd_ports triger_in_pos_0] [get_bd_ports AD_SDATA_0] [get_bd_ports AD_CTRL2_0] [get_bd_ports AD_SEN_0] [get_bd_ports AD_RESET_0] [get_bd_ports ad_clk_in_0] [get_bd_ports clk_dir_0] [get_bd_ports AD_CTRL1_0] [get_bd_ports clk_in_0] [get_bd_ports triger_in_tr_0] [get_bd_ports AD_DA_0] [get_bd_ports AD_DB_0] [get_bd_ports AD_SCLK_0] [get_bd_ports AD_CTRL3_0]
create_bd_cell -type ip -vlnv xilinx.com:ip:ila:6.2 ila_0
INFO: [xilinx.com:ip:ila:6.2-6] /ila_0: Xilinx recommends using the System ILA IP in IP Integrator. The System ILA IP is functionally equivalent to an ILA and offers additional benefits in debugging interfaces both within IP Integrator and the Hardware Manager. Consult the Programming and Debug User Guide UG908 for further details.
delete_bd_objs [get_bd_cells ila_0]
WARNING: [IP_Flow 19-4067] Ignoring invalid widget type specified checkbox.Providing a default widget
create_ip -name ila -vendor xilinx.com -library ip -version 6.2 -module_name ila_0
set_property -dict [list CONFIG.C_PROBE1_WIDTH {4} CONFIG.C_PROBE0_WIDTH {16} CONFIG.C_NUM_OF_PROBES {4}] [get_ips ila_0]
generate_target {instantiation_template} [get_files d:/ASUS-PC/Desktop/temporary/HSC/HSC.srcs/sources_1/ip/ila_0/ila_0.xci]
INFO: [IP_Flow 19-1686] Generating 'Instantiation Template' target for IP 'ila_0'...
generate_target all [get_files  d:/ASUS-PC/Desktop/temporary/HSC/HSC.srcs/sources_1/ip/ila_0/ila_0.xci]
INFO: [IP_Flow 19-1686] Generating 'Synthesis' target for IP 'ila_0'...
WARNING: [IP_Flow 19-4994] Overwriting existing constraint file 'd:/ASUS-PC/Desktop/temporary/HSC/HSC.gen/sources_1/ip/ila_0/ila_0_ooc.xdc'
INFO: [IP_Flow 19-1686] Generating 'Simulation' target for IP 'ila_0'...
INFO: [IP_Flow 19-1686] Generating 'Implementation' target for IP 'ila_0'...
INFO: [IP_Flow 19-1686] Generating 'Change Log' target for IP 'ila_0'...
catch { config_ip_cache -export [get_ips -all ila_0] }
export_ip_user_files -of_objects [get_files d:/ASUS-PC/Desktop/temporary/HSC/HSC.srcs/sources_1/ip/ila_0/ila_0.xci] -no_script -sync -force -quiet
create_ip_run [get_files -of_objects [get_fileset sources_1] d:/ASUS-PC/Desktop/temporary/HSC/HSC.srcs/sources_1/ip/ila_0/ila_0.xci]
launch_runs ila_0_synth_1 -jobs 28
[Wed Dec 31 15:21:01 2025] Launched ila_0_synth_1...
Run output will be captured here: D:/ASUS-PC/Desktop/temporary/HSC/HSC.runs/ila_0_synth_1/runme.log
export_simulation -of_objects [get_files d:/ASUS-PC/Desktop/temporary/HSC/HSC.srcs/sources_1/ip/ila_0/ila_0.xci] -directory D:/ASUS-PC/Desktop/temporary/HSC/HSC.ip_user_files/sim_scripts -ip_user_files_dir D:/ASUS-PC/Desktop/temporary/HSC/HSC.ip_user_files -ipstatic_source_dir D:/ASUS-PC/Desktop/temporary/HSC/HSC.ip_user_files/ipstatic -lib_map_path [list {modelsim=D:/ASUS-PC/Desktop/temporary/HSC/HSC.cache/compile_simlib/modelsim} {questa=D:/ASUS-PC/Desktop/temporary/HSC/HSC.cache/compile_simlib/questa} {riviera=D:/ASUS-PC/Desktop/temporary/HSC/HSC.cache/compile_simlib/riviera} {activehdl=D:/ASUS-PC/Desktop/temporary/HSC/HSC.cache/compile_simlib/activehdl}] -use_ip_compiled_libs -force -quiet
update_module_reference system_TOP_0_3
ERROR: [filemgmt 56-328] Reference 'TOP' contains sub-design file 'd:/ASUS-PC/Desktop/temporary/HSC/HSC.srcs/sources_1/ip/ila_0/ila_0.xci', which is configured for out-of-context synthesis. OOC sub-designs are not allowed in the reference. To change the setting, use TCL command: 'set_property generate_synth_checkpoint 0 [get_files ila_0.xci]'.
ERROR: [Common 17-39] 'update_module_reference' failed due to earlier errors.
create_bd_cell -type module -reference TOP TOP_0
ERROR: [filemgmt 56-328] Reference 'TOP' contains sub-design file 'd:/ASUS-PC/Desktop/temporary/HSC/HSC.srcs/sources_1/ip/ila_0/ila_0.xci', which is configured for out-of-context synthesis. OOC sub-designs are not allowed in the reference. To change the setting, use TCL command: 'set_property generate_synth_checkpoint 0 [get_files ila_0.xci]'.
ERROR: [BD 41-1690] Unable to resolve module-source based on inputs: TOP
ERROR: [BD 5-7] Error: running create_bd_cell  -type module -reference TOP -name TOP_0 .
ERROR: [Common 17-39] 'create_bd_cell' failed due to earlier errors.
delete_ip_run [get_files -of_objects [get_fileset ila_0] d:/ASUS-PC/Desktop/temporary/HSC/HSC.srcs/sources_1/ip/ila_0/ila_0.xci]
INFO: [Project 1-386] Moving file 'd:/ASUS-PC/Desktop/temporary/HSC/HSC.srcs/sources_1/ip/ila_0/ila_0.xci' from fileset 'ila_0' to fileset 'sources_1'.
set_property generate_synth_checkpoint false [get_files  d:/ASUS-PC/Desktop/temporary/HSC/HSC.srcs/sources_1/ip/ila_0/ila_0.xci]
generate_target all [get_files  d:/ASUS-PC/Desktop/temporary/HSC/HSC.srcs/sources_1/ip/ila_0/ila_0.xci]
INFO: [IP_Flow 19-1686] Generating 'Instantiation Template' target for IP 'ila_0'...
INFO: [IP_Flow 19-1686] Generating 'Synthesis' target for IP 'ila_0'...
INFO: [IP_Flow 19-1686] Generating 'Simulation' target for IP 'ila_0'...
INFO: [IP_Flow 19-1686] Generating 'Implementation' target for IP 'ila_0'...
INFO: [IP_Flow 19-1686] Generating 'Change Log' target for IP 'ila_0'...
export_ip_user_files -of_objects [get_files d:/ASUS-PC/Desktop/temporary/HSC/HSC.srcs/sources_1/ip/ila_0/ila_0.xci] -no_script -sync -force -quiet
export_simulation -of_objects [get_files d:/ASUS-PC/Desktop/temporary/HSC/HSC.srcs/sources_1/ip/ila_0/ila_0.xci] -directory D:/ASUS-PC/Desktop/temporary/HSC/HSC.ip_user_files/sim_scripts -ip_user_files_dir D:/ASUS-PC/Desktop/temporary/HSC/HSC.ip_user_files -ipstatic_source_dir D:/ASUS-PC/Desktop/temporary/HSC/HSC.ip_user_files/ipstatic -lib_map_path [list {modelsim=D:/ASUS-PC/Desktop/temporary/HSC/HSC.cache/compile_simlib/modelsim} {questa=D:/ASUS-PC/Desktop/temporary/HSC/HSC.cache/compile_simlib/questa} {riviera=D:/ASUS-PC/Desktop/temporary/HSC/HSC.cache/compile_simlib/riviera} {activehdl=D:/ASUS-PC/Desktop/temporary/HSC/HSC.cache/compile_simlib/activehdl}] -use_ip_compiled_libs -force -quiet
create_bd_cell -type module -reference TOP TOP_0
apply_bd_automation -rule xilinx.com:bd_rule:clkrst -config { Clk {/processing_system7_0/FCLK_CLK0 (100 MHz)} Freq {100} Ref_Clk0 {} Ref_Clk1 {} Ref_Clk2 {}}  [get_bd_pins TOP_0/ps_clk]
startgroup
make_bd_pins_external  [get_bd_pins TOP_0/clk_in]
endgroup
startgroup
make_bd_pins_external  [get_bd_pins TOP_0/triger_in_pos]
endgroup
startgroup
make_bd_pins_external  [get_bd_pins TOP_0/triger_in_tr]
endgroup
startgroup
make_bd_pins_external  [get_bd_pins TOP_0/ad_clk_in]
endgroup
startgroup
make_bd_pins_external  [get_bd_pins TOP_0/AD_DA]
endgroup
startgroup
make_bd_pins_external  [get_bd_pins TOP_0/AD_DB]
endgroup
startgroup
connect_bd_net [get_bd_pins TOP_0/rx_cmd] [get_bd_pins ps_pl_axi4_0/rx_cmd]
endgroup
connect_bd_net [get_bd_pins TOP_0/rx_cmd_valid] [get_bd_pins ps_pl_axi4_0/rx_cmd_valid]
connect_bd_net [get_bd_pins TOP_0/rx_data_valid] [get_bd_pins ps_pl_axi4_0/rx_data_valid]
connect_bd_net [get_bd_pins TOP_0/rx_data_last] [get_bd_pins ps_pl_axi4_0/rx_data_last]
connect_bd_net [get_bd_pins TOP_0/rx_data_data] [get_bd_pins ps_pl_axi4_0/rx_data_data]
startgroup
make_bd_pins_external  [get_bd_pins TOP_0/clk_dir]
endgroup
startgroup
make_bd_pins_external  [get_bd_pins TOP_0/clk_ad_out]
endgroup
connect_bd_net [get_bd_pins TOP_0/tx_cmd] [get_bd_pins ps_pl_axi4_0/tx_cmd]
connect_bd_net [get_bd_pins TOP_0/tx_cmd_valid] [get_bd_pins ps_pl_axi4_0/tx_cmd_valid]
connect_bd_net [get_bd_pins TOP_0/tx_data_valid] [get_bd_pins ps_pl_axi4_0/tx_data_valid]
connect_bd_net [get_bd_pins TOP_0/tx_data_last] [get_bd_pins ps_pl_axi4_0/tx_data_last]
connect_bd_net [get_bd_pins TOP_0/tx_data_data] [get_bd_pins ps_pl_axi4_0/tx_data_data]
startgroup
make_bd_pins_external  [get_bd_pins TOP_0/AD_SEN]
endgroup
startgroup
make_bd_pins_external  [get_bd_pins TOP_0/AD_SDATA]
endgroup
startgroup
make_bd_pins_external  [get_bd_pins TOP_0/AD_SCLK]
endgroup
startgroup
make_bd_pins_external  [get_bd_pins TOP_0/AD_RESET]
endgroup
startgroup
make_bd_pins_external  [get_bd_pins TOP_0/AD_CTRL1]
endgroup
startgroup
make_bd_pins_external  [get_bd_pins TOP_0/AD_CTRL2]
endgroup
startgroup
make_bd_pins_external  [get_bd_pins TOP_0/AD_CTRL3]
endgroup
undo
INFO: [Common 17-17] undo 'endgroup'
INFO: [Common 17-17] undo 'make_bd_pins_external  [get_bd_pins TOP_0/AD_CTRL3]'
INFO: [Common 17-17] undo 'startgroup'
undo
INFO: [Common 17-17] undo 'endgroup'
INFO: [Common 17-17] undo 'make_bd_pins_external  [get_bd_pins TOP_0/AD_CTRL2]'
INFO: [Common 17-17] undo 'startgroup'
startgroup
make_bd_pins_external  [get_bd_pins TOP_0/AD_CTRL2]
endgroup
startgroup
make_bd_pins_external  [get_bd_pins TOP_0/AD_CTRL3]
endgroup
set_property location {4 1399 632} [get_bd_cells TOP_0]
undo
INFO: [Common 17-17] undo 'set_property location {4 1399 632} [get_bd_cells TOP_0]'
set_property location {4 1347 650} [get_bd_cells TOP_0]
undo
INFO: [Common 17-17] undo 'set_property location {4 1347 650} [get_bd_cells TOP_0]'
undo
INFO: [Common 17-17] undo 'endgroup'
INFO: [Common 17-17] undo 'make_bd_pins_external  [get_bd_pins TOP_0/AD_CTRL3]'
INFO: [Common 17-17] undo 'startgroup'
startgroup
make_bd_pins_external  [get_bd_pins TOP_0/AD_CTRL3]
endgroup
connect_bd_intf_net [get_bd_intf_pins axis_data_fifo_0/S_AXIS] [get_bd_intf_pins TOP_0/m_axis]
validate_bd_design
WARNING: [BD 41-2670] Found an incomplete address path from address space '/axi_dma_0/Data_S2MM' to slave segment '/ps_pl_axi4_0/S00_AXI/S00_AXI_reg'. Please either complete or remove this path to resolve.
CRITICAL WARNING: [BD 41-967] AXI interface pin /TOP_0/m_axis is not associated to any clock pin. It may not work correctly.
WARNING: [BD 41-702] Propagation TCL tries to overwrite USER strength parameter C_M_AXI_S2MM_DATA_WIDTH(64) on '/axi_dma_0' with propagated value(32). Command ignored
regenerate_bd_layout
generate_target all [get_files  D:/ASUS-PC/Desktop/temporary/HSC/HSC.srcs/sources_1/bd/system/system.bd]
INFO: [BD 41-1662] The design 'system.bd' is already validated. Therefore parameter propagation will not be re-run.
Wrote  : <D:\ASUS-PC\Desktop\temporary\HSC\HSC.srcs\sources_1\bd\system\system.bd> 
Wrote  : <D:/ASUS-PC/Desktop/temporary/HSC/HSC.srcs/sources_1/bd/system/ui/bd_c954508f.ui> 
VHDL Output written to : d:/ASUS-PC/Desktop/temporary/HSC/HSC.gen/sources_1/bd/system/synth/system.v
VHDL Output written to : d:/ASUS-PC/Desktop/temporary/HSC/HSC.gen/sources_1/bd/system/sim/system.v
VHDL Output written to : d:/ASUS-PC/Desktop/temporary/HSC/HSC.gen/sources_1/bd/system/hdl/system_wrapper.v
WARNING: [IP_Flow 19-4994] Overwriting existing constraint file 'd:/ASUS-PC/Desktop/temporary/HSC/HSC.gen/sources_1/bd/system/ip/system_auto_pc_0/system_auto_pc_0_ooc.xdc'
INFO: [BD 41-1029] Generation completed for the IP Integrator block ps7_0_axi_periph/s00_couplers/auto_pc .
WARNING: [IP_Flow 19-4994] Overwriting existing constraint file 'd:/ASUS-PC/Desktop/temporary/HSC/HSC.gen/sources_1/bd/system/ip/system_auto_pc_1/system_auto_pc_1_ooc.xdc'
INFO: [BD 41-1029] Generation completed for the IP Integrator block axi_mem_intercon/s00_couplers/auto_pc .
INFO: [BD 41-1029] Generation completed for the IP Integrator block TOP_0 .
Exporting to file d:/ASUS-PC/Desktop/temporary/HSC/HSC.gen/sources_1/bd/system/hw_handoff/system.hwh
Generated Block Design Tcl file d:/ASUS-PC/Desktop/temporary/HSC/HSC.gen/sources_1/bd/system/hw_handoff/system_bd.tcl
Generated Hardware Definition File d:/ASUS-PC/Desktop/temporary/HSC/HSC.gen/sources_1/bd/system/synth/system.hwdef
WARNING: [BD 41-2265] Clock pin for protocol instance pin m_axis could not be determined. Make sure that ASSOCIATED_BUSIF and ASSOCIATED_RESET properties are set or propagated on clock pins of block /TOP_0
catch { config_ip_cache -export [get_ips -all system_auto_pc_0] }
INFO: [IP_Flow 19-4993] Using cached IP synthesis design for IP system_auto_pc_0, cache-ID = dd5a42954ffe0640; cache size = 31.789 MB.
catch { config_ip_cache -export [get_ips -all system_auto_pc_1] }
INFO: [IP_Flow 19-4993] Using cached IP synthesis design for IP system_auto_pc_1, cache-ID = 2d85e819c5b9f54e; cache size = 31.789 MB.
export_ip_user_files -of_objects [get_files D:/ASUS-PC/Desktop/temporary/HSC/HSC.srcs/sources_1/bd/system/system.bd] -no_script -sync -force -quiet
create_ip_run [get_files -of_objects [get_fileset sources_1] D:/ASUS-PC/Desktop/temporary/HSC/HSC.srcs/sources_1/bd/system/system.bd]
launch_runs system_TOP_0_4_synth_1 -jobs 28
[Wed Dec 31 15:28:39 2025] Launched system_TOP_0_4_synth_1...
Run output will be captured here: D:/ASUS-PC/Desktop/temporary/HSC/HSC.runs/system_TOP_0_4_synth_1/runme.log
export_simulation -of_objects [get_files D:/ASUS-PC/Desktop/temporary/HSC/HSC.srcs/sources_1/bd/system/system.bd] -directory D:/ASUS-PC/Desktop/temporary/HSC/HSC.ip_user_files/sim_scripts -ip_user_files_dir D:/ASUS-PC/Desktop/temporary/HSC/HSC.ip_user_files -ipstatic_source_dir D:/ASUS-PC/Desktop/temporary/HSC/HSC.ip_user_files/ipstatic -lib_map_path [list {modelsim=D:/ASUS-PC/Desktop/temporary/HSC/HSC.cache/compile_simlib/modelsim} {questa=D:/ASUS-PC/Desktop/temporary/HSC/HSC.cache/compile_simlib/questa} {riviera=D:/ASUS-PC/Desktop/temporary/HSC/HSC.cache/compile_simlib/riviera} {activehdl=D:/ASUS-PC/Desktop/temporary/HSC/HSC.cache/compile_simlib/activehdl}] -use_ip_compiled_libs -force -quiet
update_compile_order -fileset sources_1
make_wrapper -files [get_files D:/ASUS-PC/Desktop/temporary/HSC/HSC.srcs/sources_1/bd/system/system.bd] -top
make_wrapper -files [get_files D:/ASUS-PC/Desktop/temporary/HSC/HSC.srcs/sources_1/bd/system/system.bd] -top
make_wrapper -files [get_files D:/ASUS-PC/Desktop/temporary/HSC/HSC.srcs/sources_1/bd/system/system.bd] -top
generate_target all [get_files  D:/ASUS-PC/Desktop/temporary/HSC/HSC.srcs/sources_1/bd/system/system.bd]
INFO: [BD 41-1637] Generated targets are already up-to-date for block design 'system' - hence not re-generating.
export_ip_user_files -of_objects [get_files D:/ASUS-PC/Desktop/temporary/HSC/HSC.srcs/sources_1/bd/system/system.bd] -no_script -sync -force -quiet
create_ip_run [get_files -of_objects [get_fileset sources_1] D:/ASUS-PC/Desktop/temporary/HSC/HSC.srcs/sources_1/bd/system/system.bd]
export_simulation -of_objects [get_files D:/ASUS-PC/Desktop/temporary/HSC/HSC.srcs/sources_1/bd/system/system.bd] -directory D:/ASUS-PC/Desktop/temporary/HSC/HSC.ip_user_files/sim_scripts -ip_user_files_dir D:/ASUS-PC/Desktop/temporary/HSC/HSC.ip_user_files -ipstatic_source_dir D:/ASUS-PC/Desktop/temporary/HSC/HSC.ip_user_files/ipstatic -lib_map_path [list {modelsim=D:/ASUS-PC/Desktop/temporary/HSC/HSC.cache/compile_simlib/modelsim} {questa=D:/ASUS-PC/Desktop/temporary/HSC/HSC.cache/compile_simlib/questa} {riviera=D:/ASUS-PC/Desktop/temporary/HSC/HSC.cache/compile_simlib/riviera} {activehdl=D:/ASUS-PC/Desktop/temporary/HSC/HSC.cache/compile_simlib/activehdl}] -use_ip_compiled_libs -force -quiet
reset_run synth_1
WARNING: [Vivado 12-1017] Problems encountered:
1. Failed to delete one or more files in run directory D:/ASUS-PC/Desktop/temporary/HSC/HSC.runs/synth_1

launch_runs impl_1 -to_step write_bitstream -jobs 28
[Wed Dec 31 15:32:57 2025] Launched synth_1...
Run output will be captured here: D:/ASUS-PC/Desktop/temporary/HSC/HSC.runs/synth_1/runme.log
[Wed Dec 31 15:32:57 2025] Launched impl_1...
Run output will be captured here: D:/ASUS-PC/Desktop/temporary/HSC/HSC.runs/impl_1/runme.log
launch_runs: Time (s): cpu = 00:00:01 ; elapsed = 00:00:06 . Memory (MB): peak = 1958.047 ; gain = 0.000
open_run impl_1
INFO: [Device 21-403] Loading part xc7z020clg400-2
Netlist sorting complete. Time (s): cpu = 00:00:01 ; elapsed = 00:00:00.106 . Memory (MB): peak = 2130.414 ; gain = 0.000
INFO: [Netlist 29-17] Analyzing 679 Unisim elements for replacement
INFO: [Netlist 29-28] Unisim Transformation completed in 0 CPU seconds
INFO: [Project 1-479] Netlist was created with Vivado 2021.1.1
INFO: [Project 1-570] Preparing netlist for logic optimization
INFO: [Timing 38-478] Restoring timing data from binary archive.
INFO: [Timing 38-479] Binary timing data restore complete.
INFO: [Project 1-856] Restoring constraints from binary archive.
INFO: [Project 1-853] Binary constraint restore complete.
Reading XDEF placement.
Reading placer database...
Reading XDEF routing.
Read XDEF File: Time (s): cpu = 00:00:01 ; elapsed = 00:00:00.626 . Memory (MB): peak = 2874.355 ; gain = 0.000
Restored from archive | CPU: 1.000000 secs | Memory: 0.000000 MB |
Finished XDEF File Restore: Time (s): cpu = 00:00:01 ; elapsed = 00:00:00.627 . Memory (MB): peak = 2874.355 ; gain = 0.000
Netlist sorting complete. Time (s): cpu = 00:00:00 ; elapsed = 00:00:00.002 . Memory (MB): peak = 2874.355 ; gain = 0.000
INFO: [Project 1-111] Unisim Transformation Summary:
  A total of 58 instances were transformed.
  CFGLUT5 => CFGLUT5 (SRL16E, SRLC32E): 48 instances
  RAM32M => RAM32M (RAMD32(x6), RAMS32(x2)): 10 instances

open_run: Time (s): cpu = 00:00:14 ; elapsed = 00:00:10 . Memory (MB): peak = 3055.074 ; gain = 1097.027
WARNING: [Timing 38-436] There are set_bus_skew constraint(s) in this design. Please run report_bus_skew to ensure that bus skew requirements are met.
write_hw_platform -fixed -include_bit -force -file D:/ASUS-PC/Desktop/temporary/HSC/vitis/system_wrapper.xsa
INFO: [Vivado 12-4895] Creating Hardware Platform: D:/ASUS-PC/Desktop/temporary/HSC/vitis/system_wrapper.xsa ...
INFO: [Hsi 55-2053] elapsed time for repository (E:/Xilinx2021/Vivado/2021.1/data/embeddedsw) loading 0 seconds
INFO: [Vivado 12-12464] The Hardware Platform can be used for Hardware
INFO: [Vivado 12-4896] Successfully created Hardware Platform: D:/ASUS-PC/Desktop/temporary/HSC/vitis/system_wrapper.xsa
exit
INFO: [Common 17-206] Exiting Vivado at Wed Dec 31 15:52:32 2025...
