
*** Running vivado
    with args -log system_auto_pc_1.vds -m64 -product Vivado -mode batch -messageDb vivado.pb -notrace -source system_auto_pc_1.tcl



****** Vivado v2021.1.1 (64-bit)
  **** SW Build 3286242 on Wed Jul 28 13:10:47 MDT 2021
  **** IP Build 3279568 on Wed Jul 28 16:48:48 MDT 2021
    ** Copyright 1986-2021 Xilinx, Inc. All Rights Reserved.

source system_auto_pc_1.tcl -notrace
INFO: [IP_Flow 19-234] Refreshing IP repositories
INFO: [IP_Flow 19-1700] Loaded user IP repository 'd:/ASUS-PC/Desktop/temporary/HSC/HSC/ip_repo/ps_pl_axi4_1.0'.
INFO: [IP_Flow 19-2313] Loaded Vivado IP repository 'E:/Xilinx2021/Vivado/2021.1/data/ip'.
Command: synth_design -top system_auto_pc_1 -part xc7z020clg400-2 -mode out_of_context
Starting synth_design
Attempting to get a license for feature 'Synthesis' and/or device 'xc7z020'
INFO: [Common 17-349] Got license for feature 'Synthesis' and/or device 'xc7z020'
INFO: [Device 21-403] Loading part xc7z020clg400-2
INFO: [Synth 8-7079] Multithreading enabled for synth_design using a maximum of 2 processes.
INFO: [Synth 8-7078] Launching helper process for spawning children vivado processes
INFO: [Synth 8-7075] Helper process launched with PID 565716
---------------------------------------------------------------------------------
Starting RTL Elaboration : Time (s): cpu = 00:00:03 ; elapsed = 00:00:03 . Memory (MB): peak = 1345.840 ; gain = 0.000
---------------------------------------------------------------------------------
INFO: [Synth 8-6157] synthesizing module 'system_auto_pc_1' [d:/ASUS-PC/Desktop/temporary/A_Radar/A_Radar.gen/sources_1/bd/system/ip/system_auto_pc_1/synth/system_auto_pc_1.v:58]
INFO: [Synth 8-6157] synthesizing module 'axi_protocol_converter_v2_1_24_axi_protocol_converter' [d:/ASUS-PC/Desktop/temporary/A_Radar/A_Radar.gen/sources_1/bd/system/ipshared/6e0d/hdl/axi_protocol_converter_v2_1_vl_rfs.v:4808]
INFO: [Synth 8-6157] synthesizing module 'axi_protocol_converter_v2_1_24_axi3_conv' [d:/ASUS-PC/Desktop/temporary/A_Radar/A_Radar.gen/sources_1/bd/system/ipshared/6e0d/hdl/axi_protocol_converter_v2_1_vl_rfs.v:954]
INFO: [Synth 8-6157] synthesizing module 'axi_protocol_converter_v2_1_24_b_downsizer' [d:/ASUS-PC/Desktop/temporary/A_Radar/A_Radar.gen/sources_1/bd/system/ipshared/6e0d/hdl/axi_protocol_converter_v2_1_vl_rfs.v:2276]
INFO: [Synth 8-6155] done synthesizing module 'axi_protocol_converter_v2_1_24_b_downsizer' (1#1) [d:/ASUS-PC/Desktop/temporary/A_Radar/A_Radar.gen/sources_1/bd/system/ipshared/6e0d/hdl/axi_protocol_converter_v2_1_vl_rfs.v:2276]
INFO: [Synth 8-6157] synthesizing module 'axi_protocol_converter_v2_1_24_a_axi3_conv' [d:/ASUS-PC/Desktop/temporary/A_Radar/A_Radar.gen/sources_1/bd/system/ipshared/6e0d/hdl/axi_protocol_converter_v2_1_vl_rfs.v:62]
INFO: [Synth 8-6157] synthesizing module 'axi_data_fifo_v2_1_23_axic_fifo' [d:/ASUS-PC/Desktop/temporary/A_Radar/A_Radar.gen/sources_1/bd/system/ipshared/94ec/hdl/axi_data_fifo_v2_1_vl_rfs.v:64]
INFO: [Synth 8-6157] synthesizing module 'axi_data_fifo_v2_1_23_fifo_gen' [d:/ASUS-PC/Desktop/temporary/A_Radar/A_Radar.gen/sources_1/bd/system/ipshared/94ec/hdl/axi_data_fifo_v2_1_vl_rfs.v:168]
INFO: [Synth 8-6157] synthesizing module 'xpm_cdc_async_rst' [E:/Xilinx2021/Vivado/2021.1/data/ip/xpm/xpm_cdc/hdl/xpm_cdc.sv:1175]
INFO: [Synth 8-6155] done synthesizing module 'xpm_cdc_async_rst' (2#1) [E:/Xilinx2021/Vivado/2021.1/data/ip/xpm/xpm_cdc/hdl/xpm_cdc.sv:1175]
INFO: [Synth 8-6155] done synthesizing module 'axi_data_fifo_v2_1_23_fifo_gen' (20#1) [d:/ASUS-PC/Desktop/temporary/A_Radar/A_Radar.gen/sources_1/bd/system/ipshared/94ec/hdl/axi_data_fifo_v2_1_vl_rfs.v:168]
INFO: [Synth 8-6155] done synthesizing module 'axi_data_fifo_v2_1_23_axic_fifo' (21#1) [d:/ASUS-PC/Desktop/temporary/A_Radar/A_Radar.gen/sources_1/bd/system/ipshared/94ec/hdl/axi_data_fifo_v2_1_vl_rfs.v:64]
INFO: [Synth 8-6155] done synthesizing module 'axi_protocol_converter_v2_1_24_a_axi3_conv' (22#1) [d:/ASUS-PC/Desktop/temporary/A_Radar/A_Radar.gen/sources_1/bd/system/ipshared/6e0d/hdl/axi_protocol_converter_v2_1_vl_rfs.v:62]
INFO: [Synth 8-6157] synthesizing module 'axi_protocol_converter_v2_1_24_w_axi3_conv' [d:/ASUS-PC/Desktop/temporary/A_Radar/A_Radar.gen/sources_1/bd/system/ipshared/6e0d/hdl/axi_protocol_converter_v2_1_vl_rfs.v:2004]
INFO: [Synth 8-6155] done synthesizing module 'axi_protocol_converter_v2_1_24_w_axi3_conv' (23#1) [d:/ASUS-PC/Desktop/temporary/A_Radar/A_Radar.gen/sources_1/bd/system/ipshared/6e0d/hdl/axi_protocol_converter_v2_1_vl_rfs.v:2004]
INFO: [Synth 8-6155] done synthesizing module 'axi_protocol_converter_v2_1_24_axi3_conv' (24#1) [d:/ASUS-PC/Desktop/temporary/A_Radar/A_Radar.gen/sources_1/bd/system/ipshared/6e0d/hdl/axi_protocol_converter_v2_1_vl_rfs.v:954]
INFO: [Synth 8-6155] done synthesizing module 'axi_protocol_converter_v2_1_24_axi_protocol_converter' (25#1) [d:/ASUS-PC/Desktop/temporary/A_Radar/A_Radar.gen/sources_1/bd/system/ipshared/6e0d/hdl/axi_protocol_converter_v2_1_vl_rfs.v:4808]
INFO: [Synth 8-6155] done synthesizing module 'system_auto_pc_1' (26#1) [d:/ASUS-PC/Desktop/temporary/A_Radar/A_Radar.gen/sources_1/bd/system/ip/system_auto_pc_1/synth/system_auto_pc_1.v:58]
---------------------------------------------------------------------------------
Finished RTL Elaboration : Time (s): cpu = 00:00:05 ; elapsed = 00:00:06 . Memory (MB): peak = 1345.840 ; gain = 0.000
---------------------------------------------------------------------------------
---------------------------------------------------------------------------------
Start Handling Custom Attributes
---------------------------------------------------------------------------------
---------------------------------------------------------------------------------
Finished Handling Custom Attributes : Time (s): cpu = 00:00:06 ; elapsed = 00:00:06 . Memory (MB): peak = 1345.840 ; gain = 0.000
---------------------------------------------------------------------------------
---------------------------------------------------------------------------------
Finished RTL Optimization Phase 1 : Time (s): cpu = 00:00:06 ; elapsed = 00:00:06 . Memory (MB): peak = 1345.840 ; gain = 0.000
---------------------------------------------------------------------------------
Netlist sorting complete. Time (s): cpu = 00:00:00 ; elapsed = 00:00:00.016 . Memory (MB): peak = 1345.840 ; gain = 0.000
INFO: [Project 1-570] Preparing netlist for logic optimization

Processing XDC Constraints
Initializing timing engine
Parsing XDC File [d:/ASUS-PC/Desktop/temporary/A_Radar/A_Radar.gen/sources_1/bd/system/ip/system_auto_pc_1/system_auto_pc_1_ooc.xdc] for cell 'inst'
Finished Parsing XDC File [d:/ASUS-PC/Desktop/temporary/A_Radar/A_Radar.gen/sources_1/bd/system/ip/system_auto_pc_1/system_auto_pc_1_ooc.xdc] for cell 'inst'
Parsing XDC File [D:/ASUS-PC/Desktop/temporary/A_Radar/A_Radar.runs/system_auto_pc_1_synth_1/dont_touch.xdc]
Finished Parsing XDC File [D:/ASUS-PC/Desktop/temporary/A_Radar/A_Radar.runs/system_auto_pc_1_synth_1/dont_touch.xdc]
INFO: [Project 1-1714] 2 XPM XDC files have been applied to the design.
Completed Processing XDC Constraints

Netlist sorting complete. Time (s): cpu = 00:00:00 ; elapsed = 00:00:00.001 . Memory (MB): peak = 1345.840 ; gain = 0.000
INFO: [Project 1-111] Unisim Transformation Summary:
No Unisim elements were transformed.

Constraint Validation Runtime : Time (s): cpu = 00:00:00 ; elapsed = 00:00:00.018 . Memory (MB): peak = 1345.840 ; gain = 0.000
---------------------------------------------------------------------------------
Finished Constraint Validation : Time (s): cpu = 00:00:09 ; elapsed = 00:00:09 . Memory (MB): peak = 1345.840 ; gain = 0.000
---------------------------------------------------------------------------------
---------------------------------------------------------------------------------
Start Loading Part and Timing Information
---------------------------------------------------------------------------------
Loading part: xc7z020clg400-2
---------------------------------------------------------------------------------
Finished Loading Part and Timing Information : Time (s): cpu = 00:00:09 ; elapsed = 00:00:09 . Memory (MB): peak = 1345.840 ; gain = 0.000
---------------------------------------------------------------------------------
---------------------------------------------------------------------------------
Start Applying 'set_property' XDC Constraints
---------------------------------------------------------------------------------
Applied set_property KEEP_HIERARCHY = SOFT for inst. (constraint file  D:/ASUS-PC/Desktop/temporary/A_Radar/A_Radar.runs/system_auto_pc_1_synth_1/dont_touch.xdc, line 9).
Applied set_property KEEP_HIERARCHY = SOFT for inst/\gen_axi4_axi3.axi3_conv_inst /\USE_WRITE.write_addr_inst /\USE_BURSTS.cmd_queue /inst/fifo_gen_inst/inst_fifo_gen/\gconvfifo.rf /\grf.rf /rstblk/\ngwrdrst.grst.g7serrst.gnsckt_wrst.rst_wr_reg2_inst . (constraint file  auto generated constraint).
Applied set_property KEEP_HIERARCHY = SOFT for inst/\gen_axi4_axi3.axi3_conv_inst /\USE_WRITE.write_addr_inst /\USE_B_CHANNEL.cmd_b_queue /inst/fifo_gen_inst/inst_fifo_gen/\gconvfifo.rf /\grf.rf /rstblk/\ngwrdrst.grst.g7serrst.gnsckt_wrst.rst_wr_reg2_inst . (constraint file  auto generated constraint).
---------------------------------------------------------------------------------
Finished applying 'set_property' XDC Constraints : Time (s): cpu = 00:00:09 ; elapsed = 00:00:09 . Memory (MB): peak = 1345.840 ; gain = 0.000
---------------------------------------------------------------------------------
INFO: [Synth 8-802] inferred FSM for state register 'gpregsm1.curr_fwft_state_reg' in module 'rd_fwft'
INFO: [Synth 8-6159] Found Keep on FSM register 'gpregsm1.curr_fwft_state_reg' in module 'rd_fwft', re-encoding will not be performed
---------------------------------------------------------------------------------------------------
                   State |                     New Encoding |                Previous Encoding 
---------------------------------------------------------------------------------------------------
                 invalid |                               00 |                               00
            stage1_valid |                               10 |                               10
       both_stages_valid |                               11 |                               11
            stage2_valid |                               01 |                               01
---------------------------------------------------------------------------------------------------
---------------------------------------------------------------------------------
Finished RTL Optimization Phase 2 : Time (s): cpu = 00:00:09 ; elapsed = 00:00:10 . Memory (MB): peak = 1345.840 ; gain = 0.000
---------------------------------------------------------------------------------
---------------------------------------------------------------------------------
Start RTL Component Statistics 
---------------------------------------------------------------------------------
Detailed RTL Component Info : 
+---Adders : 
	   2 Input   32 Bit       Adders := 1     
	   2 Input    8 Bit       Adders := 1     
	   2 Input    6 Bit       Adders := 2     
	   2 Input    5 Bit       Adders := 5     
	   2 Input    4 Bit       Adders := 2     
+---XORs : 
	   2 Input      1 Bit         XORs := 40    
+---Registers : 
	               32 Bit    Registers := 3     
	               16 Bit    Registers := 1     
	               12 Bit    Registers := 1     
	                8 Bit    Registers := 2     
	                6 Bit    Registers := 2     
	                5 Bit    Registers := 12    
	                4 Bit    Registers := 7     
	                3 Bit    Registers := 2     
	                2 Bit    Registers := 6     
	                1 Bit    Registers := 35    
+---Muxes : 
	   8 Input   32 Bit        Muxes := 1     
	   2 Input   32 Bit        Muxes := 1     
	   3 Input   16 Bit        Muxes := 1     
	   2 Input   16 Bit        Muxes := 1     
	   8 Input   12 Bit        Muxes := 1     
	   2 Input    8 Bit        Muxes := 2     
	   2 Input    4 Bit        Muxes := 2     
	   2 Input    2 Bit        Muxes := 27    
	   4 Input    2 Bit        Muxes := 2     
	   5 Input    2 Bit        Muxes := 2     
	   3 Input    2 Bit        Muxes := 1     
	   3 Input    1 Bit        Muxes := 2     
	   2 Input    1 Bit        Muxes := 16    
	   4 Input    1 Bit        Muxes := 4     
---------------------------------------------------------------------------------
Finished RTL Component Statistics 
---------------------------------------------------------------------------------
---------------------------------------------------------------------------------
Start Part Resource Summary
---------------------------------------------------------------------------------
Part Resources:
DSPs: 220 (col length:60)
BRAMs: 280 (col length: RAMB18 60 RAMB36 30)
---------------------------------------------------------------------------------
Finished Part Resource Summary
---------------------------------------------------------------------------------
---------------------------------------------------------------------------------
Start Cross Boundary and Area Optimization
---------------------------------------------------------------------------------
---------------------------------------------------------------------------------
Finished Cross Boundary and Area Optimization : Time (s): cpu = 00:00:10 ; elapsed = 00:00:11 . Memory (MB): peak = 1345.840 ; gain = 0.000
---------------------------------------------------------------------------------
---------------------------------------------------------------------------------
Start ROM, RAM, DSP, Shift Register and Retiming Reporting
---------------------------------------------------------------------------------

Distributed RAM: Preliminary Mapping Report (see note below)
+-----------------------------------------------------------------------------------------------------------+-------------------------------------------------------------------------------+----------------+----------------------+-------------+
|Module Name                                                                                                | RTL Object                                                                    | Inference      | Size (Depth x Width) | Primitives  | 
+-----------------------------------------------------------------------------------------------------------+-------------------------------------------------------------------------------+----------------+----------------------+-------------+
|inst/\gen_axi4_axi3.axi3_conv_inst/USE_WRITE.write_addr_inst/USE_BURSTS.cmd_queue/inst/fifo_gen_inst       | inst_fifo_gen/gconvfifo.rf/grf.rf/gntv_or_sync_fifo.mem/gdm.dm_gen.dm/RAM_reg | User Attribute | 32 x 5               | RAM32M x 1  | 
|inst/\gen_axi4_axi3.axi3_conv_inst/USE_WRITE.write_addr_inst/USE_B_CHANNEL.cmd_b_queue/inst/fifo_gen_inst  | inst_fifo_gen/gconvfifo.rf/grf.rf/gntv_or_sync_fifo.mem/gdm.dm_gen.dm/RAM_reg | User Attribute | 32 x 5               | RAM32M x 1  | 
+-----------------------------------------------------------------------------------------------------------+-------------------------------------------------------------------------------+----------------+----------------------+-------------+

Note: The table above is a preliminary report that shows the Distributed RAMs at the current stage of the synthesis flow. Some Distributed RAMs may be reimplemented as non Distributed RAM primitives later in the synthesis flow. Multiple instantiated RAMs are reported only once.
---------------------------------------------------------------------------------
Finished ROM, RAM, DSP, Shift Register and Retiming Reporting
---------------------------------------------------------------------------------
---------------------------------------------------------------------------------
Start Applying XDC Timing Constraints
---------------------------------------------------------------------------------
---------------------------------------------------------------------------------
Finished Applying XDC Timing Constraints : Time (s): cpu = 00:00:13 ; elapsed = 00:00:14 . Memory (MB): peak = 1345.840 ; gain = 0.000
---------------------------------------------------------------------------------
---------------------------------------------------------------------------------
Start Timing Optimization
---------------------------------------------------------------------------------
---------------------------------------------------------------------------------
Finished Timing Optimization : Time (s): cpu = 00:00:13 ; elapsed = 00:00:14 . Memory (MB): peak = 1345.840 ; gain = 0.000
---------------------------------------------------------------------------------
---------------------------------------------------------------------------------
Start ROM, RAM, DSP, Shift Register and Retiming Reporting
---------------------------------------------------------------------------------

Distributed RAM: Final Mapping Report
+-----------------------------------------------------------------------------------------------------------+-------------------------------------------------------------------------------+----------------+----------------------+-------------+
|Module Name                                                                                                | RTL Object                                                                    | Inference      | Size (Depth x Width) | Primitives  | 
+-----------------------------------------------------------------------------------------------------------+-------------------------------------------------------------------------------+----------------+----------------------+-------------+
|inst/\gen_axi4_axi3.axi3_conv_inst/USE_WRITE.write_addr_inst/USE_B_CHANNEL.cmd_b_queue/inst/fifo_gen_inst  | inst_fifo_gen/gconvfifo.rf/grf.rf/gntv_or_sync_fifo.mem/gdm.dm_gen.dm/RAM_reg | User Attribute | 32 x 5               | RAM32M x 1  | 
+-----------------------------------------------------------------------------------------------------------+-------------------------------------------------------------------------------+----------------+----------------------+-------------+

---------------------------------------------------------------------------------
Finished ROM, RAM, DSP, Shift Register and Retiming Reporting
---------------------------------------------------------------------------------
---------------------------------------------------------------------------------
Start Technology Mapping
---------------------------------------------------------------------------------
---------------------------------------------------------------------------------
Finished Technology Mapping : Time (s): cpu = 00:00:13 ; elapsed = 00:00:14 . Memory (MB): peak = 1345.840 ; gain = 0.000
---------------------------------------------------------------------------------
---------------------------------------------------------------------------------
Start IO Insertion
---------------------------------------------------------------------------------
---------------------------------------------------------------------------------
Start Flattening Before IO Insertion
---------------------------------------------------------------------------------
---------------------------------------------------------------------------------
Finished Flattening Before IO Insertion
---------------------------------------------------------------------------------
---------------------------------------------------------------------------------
Start Final Netlist Cleanup
---------------------------------------------------------------------------------
---------------------------------------------------------------------------------
Finished Final Netlist Cleanup
---------------------------------------------------------------------------------
---------------------------------------------------------------------------------
Finished IO Insertion : Time (s): cpu = 00:00:15 ; elapsed = 00:00:16 . Memory (MB): peak = 1345.840 ; gain = 0.000
---------------------------------------------------------------------------------
---------------------------------------------------------------------------------
Start Renaming Generated Instances
---------------------------------------------------------------------------------
---------------------------------------------------------------------------------
Finished Renaming Generated Instances : Time (s): cpu = 00:00:15 ; elapsed = 00:00:16 . Memory (MB): peak = 1345.840 ; gain = 0.000
---------------------------------------------------------------------------------
---------------------------------------------------------------------------------
Start Rebuilding User Hierarchy
---------------------------------------------------------------------------------
---------------------------------------------------------------------------------
Finished Rebuilding User Hierarchy : Time (s): cpu = 00:00:15 ; elapsed = 00:00:16 . Memory (MB): peak = 1345.840 ; gain = 0.000
---------------------------------------------------------------------------------
---------------------------------------------------------------------------------
Start Renaming Generated Ports
---------------------------------------------------------------------------------
---------------------------------------------------------------------------------
Finished Renaming Generated Ports : Time (s): cpu = 00:00:15 ; elapsed = 00:00:16 . Memory (MB): peak = 1345.840 ; gain = 0.000
---------------------------------------------------------------------------------
---------------------------------------------------------------------------------
Start Handling Custom Attributes
---------------------------------------------------------------------------------
---------------------------------------------------------------------------------
Finished Handling Custom Attributes : Time (s): cpu = 00:00:15 ; elapsed = 00:00:16 . Memory (MB): peak = 1345.840 ; gain = 0.000
---------------------------------------------------------------------------------
---------------------------------------------------------------------------------
Start Renaming Generated Nets
---------------------------------------------------------------------------------
---------------------------------------------------------------------------------
Finished Renaming Generated Nets : Time (s): cpu = 00:00:15 ; elapsed = 00:00:16 . Memory (MB): peak = 1345.840 ; gain = 0.000
---------------------------------------------------------------------------------
---------------------------------------------------------------------------------
Start Writing Synthesis Report
---------------------------------------------------------------------------------

Report BlackBoxes: 
+-+--------------+----------+
| |BlackBox name |Instances |
+-+--------------+----------+
+-+--------------+----------+

Report Cell Usage: 
+------+-------+------+
|      |Cell   |Count |
+------+-------+------+
|1     |CARRY4 |     8|
|2     |LUT1   |    29|
|3     |LUT2   |    22|
|4     |LUT3   |    28|
|5     |LUT4   |    34|
|6     |LUT5   |    80|
|7     |LUT6   |    41|
|8     |RAM32M |     2|
|9     |FDCE   |    46|
|10    |FDPE   |    22|
|11    |FDRE   |   165|
|12    |FDSE   |     2|
+------+-------+------+
---------------------------------------------------------------------------------
Finished Writing Synthesis Report : Time (s): cpu = 00:00:15 ; elapsed = 00:00:16 . Memory (MB): peak = 1345.840 ; gain = 0.000
---------------------------------------------------------------------------------
Synthesis finished with 0 errors, 0 critical warnings and 0 warnings.
Synthesis Optimization Runtime : Time (s): cpu = 00:00:08 ; elapsed = 00:00:15 . Memory (MB): peak = 1345.840 ; gain = 0.000
Synthesis Optimization Complete : Time (s): cpu = 00:00:15 ; elapsed = 00:00:16 . Memory (MB): peak = 1345.840 ; gain = 0.000
INFO: [Project 1-571] Translating synthesized netlist
Netlist sorting complete. Time (s): cpu = 00:00:00 ; elapsed = 00:00:00.008 . Memory (MB): peak = 1345.840 ; gain = 0.000
INFO: [Netlist 29-17] Analyzing 10 Unisim elements for replacement
INFO: [Netlist 29-28] Unisim Transformation completed in 0 CPU seconds
INFO: [Project 1-570] Preparing netlist for logic optimization
INFO: [Opt 31-138] Pushed 0 inverter(s) to 0 load pin(s).
Netlist sorting complete. Time (s): cpu = 00:00:00 ; elapsed = 00:00:00 . Memory (MB): peak = 1345.840 ; gain = 0.000
INFO: [Project 1-111] Unisim Transformation Summary:
  A total of 2 instances were transformed.
  RAM32M => RAM32M (RAMD32(x6), RAMS32(x2)): 2 instances

Synth Design complete, checksum: cb7b1922
INFO: [Common 17-83] Releasing license: Synthesis
38 Infos, 0 Warnings, 0 Critical Warnings and 0 Errors encountered.
synth_design completed successfully
synth_design: Time (s): cpu = 00:00:17 ; elapsed = 00:00:18 . Memory (MB): peak = 1345.840 ; gain = 0.000
INFO: [Common 17-1381] The checkpoint 'D:/ASUS-PC/Desktop/temporary/A_Radar/A_Radar.runs/system_auto_pc_1_synth_1/system_auto_pc_1.dcp' has been generated.
INFO: [Coretcl 2-1648] Added synthesis output to IP cache for IP system_auto_pc_1, cache-ID = a8a33576f51f5acc
INFO: [Coretcl 2-1174] Renamed 39 cell refs.
INFO: [Common 17-1381] The checkpoint 'D:/ASUS-PC/Desktop/temporary/A_Radar/A_Radar.runs/system_auto_pc_1_synth_1/system_auto_pc_1.dcp' has been generated.
INFO: [runtcl-4] Executing : report_utilization -file system_auto_pc_1_utilization_synth.rpt -pb system_auto_pc_1_utilization_synth.pb
INFO: [Common 17-206] Exiting Vivado at Thu Feb  5 14:19:14 2026...
