
*** Running vivado
    with args -log system_TOP_0_3.vds -m64 -product Vivado -mode batch -messageDb vivado.pb -notrace -source system_TOP_0_3.tcl



****** Vivado v2021.1.1 (64-bit)
  **** SW Build 3286242 on Wed Jul 28 13:10:47 MDT 2021
  **** IP Build 3279568 on Wed Jul 28 16:48:48 MDT 2021
    ** Copyright 1986-2021 Xilinx, Inc. All Rights Reserved.

source system_TOP_0_3.tcl -notrace
INFO: [IP_Flow 19-234] Refreshing IP repositories
INFO: [IP_Flow 19-1700] Loaded user IP repository 'd:/ASUS-PC/Desktop/temporary/HSC/ip_repo/ps_pl_axi4_1.0'.
INFO: [IP_Flow 19-2313] Loaded Vivado IP repository 'E:/Xilinx2021/Vivado/2021.1/data/ip'.
Command: synth_design -top system_TOP_0_3 -part xc7z020clg400-2 -mode out_of_context
Starting synth_design
Attempting to get a license for feature 'Synthesis' and/or device 'xc7z020'
INFO: [Common 17-349] Got license for feature 'Synthesis' and/or device 'xc7z020'
INFO: [Device 21-403] Loading part xc7z020clg400-2
INFO: [Synth 8-7079] Multithreading enabled for synth_design using a maximum of 2 processes.
INFO: [Synth 8-7078] Launching helper process for spawning children vivado processes
INFO: [Synth 8-7075] Helper process launched with PID 464124
---------------------------------------------------------------------------------
Starting RTL Elaboration : Time (s): cpu = 00:00:02 ; elapsed = 00:00:02 . Memory (MB): peak = 1291.359 ; gain = 0.000
---------------------------------------------------------------------------------
INFO: [Synth 8-6157] synthesizing module 'system_TOP_0_3' [d:/ASUS-PC/Desktop/temporary/HSC/HSC.gen/sources_1/bd/system/ip/system_TOP_0_3/synth/system_TOP_0_3.v:58]
INFO: [Synth 8-638] synthesizing module 'TOP' [D:/ASUS-PC/Desktop/temporary/HSC/ip_repo/new/new/TOP.vhd:93]
	Parameter FIFO_WRITE_DEPTH bound to: 4096 - type: integer 
	Parameter RD_DATA_COUNT_WIDTH bound to: 12 - type: integer 
	Parameter READ_DATA_WIDTH bound to: 16 - type: integer 
	Parameter WRITE_DATA_WIDTH bound to: 16 - type: integer 
	Parameter WR_DATA_COUNT_WIDTH bound to: 12 - type: integer 
INFO: [Synth 8-3491] module 'AD_DATA_FIFO_ASYNC' declared at 'D:/ASUS-PC/Desktop/temporary/HSC/ip_repo/new/new/AD_DATA_FIFO_ASYNC.vhd:35' bound to instance 'inst_AD_DATA_FIFO_ASYNC' of component 'AD_DATA_FIFO_ASYNC' [D:/ASUS-PC/Desktop/temporary/HSC/ip_repo/new/new/TOP.vhd:268]
INFO: [Synth 8-638] synthesizing module 'AD_DATA_FIFO_ASYNC' [D:/ASUS-PC/Desktop/temporary/HSC/ip_repo/new/new/AD_DATA_FIFO_ASYNC.vhd:57]
	Parameter FIFO_MEMORY_TYPE bound to: auto - type: string 
	Parameter FIFO_WRITE_DEPTH bound to: 4096 - type: integer 
	Parameter CASCADE_HEIGHT bound to: 0 - type: integer 
	Parameter RELATED_CLOCKS bound to: 0 - type: integer 
	Parameter WRITE_DATA_WIDTH bound to: 16 - type: integer 
	Parameter READ_MODE bound to: std - type: string 
	Parameter FIFO_READ_LATENCY bound to: 1 - type: integer 
	Parameter FULL_RESET_VALUE bound to: 0 - type: integer 
	Parameter USE_ADV_FEATURES bound to: 1707 - type: string 
	Parameter READ_DATA_WIDTH bound to: 16 - type: integer 
	Parameter CDC_SYNC_STAGES bound to: 2 - type: integer 
	Parameter WR_DATA_COUNT_WIDTH bound to: 12 - type: integer 
	Parameter PROG_FULL_THRESH bound to: 10 - type: integer 
	Parameter RD_DATA_COUNT_WIDTH bound to: 12 - type: integer 
	Parameter PROG_EMPTY_THRESH bound to: 10 - type: integer 
	Parameter DOUT_RESET_VALUE bound to: 0 - type: string 
	Parameter ECC_MODE bound to: no_ecc - type: string 
	Parameter SIM_ASSERT_CHK bound to: 0 - type: integer 
	Parameter WAKEUP_TIME bound to: 0 - type: integer 
INFO: [Synth 8-3491] module 'xpm_fifo_async' declared at 'E:/Xilinx2021/Vivado/2021.1/data/ip/xpm/xpm_fifo/hdl/xpm_fifo.sv:2146' bound to instance 'xpm_fifo_async_inst' of component 'xpm_fifo_async' [D:/ASUS-PC/Desktop/temporary/HSC/ip_repo/new/new/AD_DATA_FIFO_ASYNC.vhd:78]
INFO: [Synth 8-6157] synthesizing module 'xpm_fifo_async' [E:/Xilinx2021/Vivado/2021.1/data/ip/xpm/xpm_fifo/hdl/xpm_fifo.sv:2146]
INFO: [Synth 8-6157] synthesizing module 'xpm_fifo_base' [E:/Xilinx2021/Vivado/2021.1/data/ip/xpm/xpm_fifo/hdl/xpm_fifo.sv:56]
INFO: [Synth 8-6157] synthesizing module 'xpm_memory_base' [E:/Xilinx2021/Vivado/2021.1/data/ip/xpm/xpm_memory/hdl/xpm_memory.sv:57]
INFO: [Synth 8-6059] Synth Info: [XPM_MEMORY 20-1] MEMORY_PRIMITIVE (0) instructs Vivado Synthesis to choose the memory primitive type. Depending on their values, other XPM_MEMORY parameters may preclude the choice of certain memory primitive types. Review XPM_MEMORY documentation and parameter values to understand any limitations, or set MEMORY_PRIMITIVE to a different value.   [E:/Xilinx2021/Vivado/2021.1/data/ip/xpm/xpm_memory/hdl/xpm_memory.sv:490]
INFO: [Synth 8-6155] done synthesizing module 'xpm_memory_base' (1#1) [E:/Xilinx2021/Vivado/2021.1/data/ip/xpm/xpm_memory/hdl/xpm_memory.sv:57]
INFO: [Synth 8-6157] synthesizing module 'xpm_cdc_gray' [E:/Xilinx2021/Vivado/2021.1/data/ip/xpm/xpm_cdc/hdl/xpm_cdc.sv:284]
INFO: [Synth 8-6155] done synthesizing module 'xpm_cdc_gray' (2#1) [E:/Xilinx2021/Vivado/2021.1/data/ip/xpm/xpm_cdc/hdl/xpm_cdc.sv:284]
INFO: [Synth 8-6157] synthesizing module 'xpm_fifo_reg_vec' [E:/Xilinx2021/Vivado/2021.1/data/ip/xpm/xpm_fifo/hdl/xpm_fifo.sv:1884]
INFO: [Synth 8-6155] done synthesizing module 'xpm_fifo_reg_vec' (3#1) [E:/Xilinx2021/Vivado/2021.1/data/ip/xpm/xpm_fifo/hdl/xpm_fifo.sv:1884]
INFO: [Synth 8-6157] synthesizing module 'xpm_cdc_gray__parameterized0' [E:/Xilinx2021/Vivado/2021.1/data/ip/xpm/xpm_cdc/hdl/xpm_cdc.sv:284]
INFO: [Synth 8-6155] done synthesizing module 'xpm_cdc_gray__parameterized0' (3#1) [E:/Xilinx2021/Vivado/2021.1/data/ip/xpm/xpm_cdc/hdl/xpm_cdc.sv:284]
INFO: [Synth 8-6157] synthesizing module 'xpm_fifo_reg_vec__parameterized0' [E:/Xilinx2021/Vivado/2021.1/data/ip/xpm/xpm_fifo/hdl/xpm_fifo.sv:1884]
INFO: [Synth 8-6155] done synthesizing module 'xpm_fifo_reg_vec__parameterized0' (3#1) [E:/Xilinx2021/Vivado/2021.1/data/ip/xpm/xpm_fifo/hdl/xpm_fifo.sv:1884]
INFO: [Synth 8-6157] synthesizing module 'xpm_fifo_rst' [E:/Xilinx2021/Vivado/2021.1/data/ip/xpm/xpm_fifo/hdl/xpm_fifo.sv:1618]
INFO: [Synth 8-6157] synthesizing module 'xpm_cdc_sync_rst' [E:/Xilinx2021/Vivado/2021.1/data/ip/xpm/xpm_cdc/hdl/xpm_cdc.sv:1059]
INFO: [Synth 8-6155] done synthesizing module 'xpm_cdc_sync_rst' (4#1) [E:/Xilinx2021/Vivado/2021.1/data/ip/xpm/xpm_cdc/hdl/xpm_cdc.sv:1059]
INFO: [Synth 8-6155] done synthesizing module 'xpm_fifo_rst' (5#1) [E:/Xilinx2021/Vivado/2021.1/data/ip/xpm/xpm_fifo/hdl/xpm_fifo.sv:1618]
INFO: [Synth 8-6157] synthesizing module 'xpm_fifo_reg_bit' [E:/Xilinx2021/Vivado/2021.1/data/ip/xpm/xpm_fifo/hdl/xpm_fifo.sv:1906]
INFO: [Synth 8-6155] done synthesizing module 'xpm_fifo_reg_bit' (6#1) [E:/Xilinx2021/Vivado/2021.1/data/ip/xpm/xpm_fifo/hdl/xpm_fifo.sv:1906]
INFO: [Synth 8-6157] synthesizing module 'xpm_counter_updn' [E:/Xilinx2021/Vivado/2021.1/data/ip/xpm/xpm_fifo/hdl/xpm_fifo.sv:1858]
INFO: [Synth 8-6155] done synthesizing module 'xpm_counter_updn' (7#1) [E:/Xilinx2021/Vivado/2021.1/data/ip/xpm/xpm_fifo/hdl/xpm_fifo.sv:1858]
INFO: [Synth 8-6157] synthesizing module 'xpm_counter_updn__parameterized0' [E:/Xilinx2021/Vivado/2021.1/data/ip/xpm/xpm_fifo/hdl/xpm_fifo.sv:1858]
INFO: [Synth 8-6155] done synthesizing module 'xpm_counter_updn__parameterized0' (7#1) [E:/Xilinx2021/Vivado/2021.1/data/ip/xpm/xpm_fifo/hdl/xpm_fifo.sv:1858]
INFO: [Synth 8-6157] synthesizing module 'xpm_counter_updn__parameterized1' [E:/Xilinx2021/Vivado/2021.1/data/ip/xpm/xpm_fifo/hdl/xpm_fifo.sv:1858]
INFO: [Synth 8-6155] done synthesizing module 'xpm_counter_updn__parameterized1' (7#1) [E:/Xilinx2021/Vivado/2021.1/data/ip/xpm/xpm_fifo/hdl/xpm_fifo.sv:1858]
INFO: [Synth 8-6155] done synthesizing module 'xpm_fifo_base' (8#1) [E:/Xilinx2021/Vivado/2021.1/data/ip/xpm/xpm_fifo/hdl/xpm_fifo.sv:56]
INFO: [Synth 8-6155] done synthesizing module 'xpm_fifo_async' (9#1) [E:/Xilinx2021/Vivado/2021.1/data/ip/xpm/xpm_fifo/hdl/xpm_fifo.sv:2146]
INFO: [Synth 8-256] done synthesizing module 'AD_DATA_FIFO_ASYNC' (10#1) [D:/ASUS-PC/Desktop/temporary/HSC/ip_repo/new/new/AD_DATA_FIFO_ASYNC.vhd:57]
	Parameter FIFO_WRITE_DEPTH bound to: 4096 - type: integer 
	Parameter RD_DATA_COUNT_WIDTH bound to: 12 - type: integer 
	Parameter READ_DATA_WIDTH bound to: 17 - type: integer 
	Parameter WRITE_DATA_WIDTH bound to: 17 - type: integer 
	Parameter WR_DATA_COUNT_WIDTH bound to: 12 - type: integer 
INFO: [Synth 8-3491] module 'AD_DATA_FIFO_ASYNC' declared at 'D:/ASUS-PC/Desktop/temporary/HSC/ip_repo/new/new/AD_DATA_FIFO_ASYNC.vhd:35' bound to instance 'inst_rx_cmd_FIFO_ASYNC' of component 'AD_DATA_FIFO_ASYNC' [D:/ASUS-PC/Desktop/temporary/HSC/ip_repo/new/new/TOP.vhd:314]
INFO: [Synth 8-638] synthesizing module 'AD_DATA_FIFO_ASYNC__parameterized1' [D:/ASUS-PC/Desktop/temporary/HSC/ip_repo/new/new/AD_DATA_FIFO_ASYNC.vhd:57]
	Parameter FIFO_MEMORY_TYPE bound to: auto - type: string 
	Parameter FIFO_WRITE_DEPTH bound to: 4096 - type: integer 
	Parameter CASCADE_HEIGHT bound to: 0 - type: integer 
	Parameter RELATED_CLOCKS bound to: 0 - type: integer 
	Parameter WRITE_DATA_WIDTH bound to: 17 - type: integer 
	Parameter READ_MODE bound to: std - type: string 
	Parameter FIFO_READ_LATENCY bound to: 1 - type: integer 
	Parameter FULL_RESET_VALUE bound to: 0 - type: integer 
	Parameter USE_ADV_FEATURES bound to: 1707 - type: string 
	Parameter READ_DATA_WIDTH bound to: 17 - type: integer 
	Parameter CDC_SYNC_STAGES bound to: 2 - type: integer 
	Parameter WR_DATA_COUNT_WIDTH bound to: 12 - type: integer 
	Parameter PROG_FULL_THRESH bound to: 10 - type: integer 
	Parameter RD_DATA_COUNT_WIDTH bound to: 12 - type: integer 
	Parameter PROG_EMPTY_THRESH bound to: 10 - type: integer 
	Parameter DOUT_RESET_VALUE bound to: 0 - type: string 
	Parameter ECC_MODE bound to: no_ecc - type: string 
	Parameter SIM_ASSERT_CHK bound to: 0 - type: integer 
	Parameter WAKEUP_TIME bound to: 0 - type: integer 
INFO: [Synth 8-3491] module 'xpm_fifo_async' declared at 'E:/Xilinx2021/Vivado/2021.1/data/ip/xpm/xpm_fifo/hdl/xpm_fifo.sv:2146' bound to instance 'xpm_fifo_async_inst' of component 'xpm_fifo_async' [D:/ASUS-PC/Desktop/temporary/HSC/ip_repo/new/new/AD_DATA_FIFO_ASYNC.vhd:78]
INFO: [Synth 8-6157] synthesizing module 'xpm_fifo_async__parameterized1' [E:/Xilinx2021/Vivado/2021.1/data/ip/xpm/xpm_fifo/hdl/xpm_fifo.sv:2146]
INFO: [Synth 8-6157] synthesizing module 'xpm_fifo_base__parameterized0' [E:/Xilinx2021/Vivado/2021.1/data/ip/xpm/xpm_fifo/hdl/xpm_fifo.sv:56]
INFO: [Synth 8-6157] synthesizing module 'xpm_memory_base__parameterized0' [E:/Xilinx2021/Vivado/2021.1/data/ip/xpm/xpm_memory/hdl/xpm_memory.sv:57]
INFO: [Synth 8-6059] Synth Info: [XPM_MEMORY 20-1] MEMORY_PRIMITIVE (0) instructs Vivado Synthesis to choose the memory primitive type. Depending on their values, other XPM_MEMORY parameters may preclude the choice of certain memory primitive types. Review XPM_MEMORY documentation and parameter values to understand any limitations, or set MEMORY_PRIMITIVE to a different value.   [E:/Xilinx2021/Vivado/2021.1/data/ip/xpm/xpm_memory/hdl/xpm_memory.sv:490]
INFO: [Synth 8-6155] done synthesizing module 'xpm_memory_base__parameterized0' (10#1) [E:/Xilinx2021/Vivado/2021.1/data/ip/xpm/xpm_memory/hdl/xpm_memory.sv:57]
INFO: [Synth 8-6155] done synthesizing module 'xpm_fifo_base__parameterized0' (10#1) [E:/Xilinx2021/Vivado/2021.1/data/ip/xpm/xpm_fifo/hdl/xpm_fifo.sv:56]
INFO: [Synth 8-6155] done synthesizing module 'xpm_fifo_async__parameterized1' (10#1) [E:/Xilinx2021/Vivado/2021.1/data/ip/xpm/xpm_fifo/hdl/xpm_fifo.sv:2146]
INFO: [Synth 8-256] done synthesizing module 'AD_DATA_FIFO_ASYNC__parameterized1' (10#1) [D:/ASUS-PC/Desktop/temporary/HSC/ip_repo/new/new/AD_DATA_FIFO_ASYNC.vhd:57]
	Parameter FIFO_WRITE_DEPTH bound to: 4096 - type: integer 
	Parameter RD_DATA_COUNT_WIDTH bound to: 10 - type: integer 
	Parameter READ_DATA_WIDTH bound to: 10 - type: integer 
	Parameter WRITE_DATA_WIDTH bound to: 10 - type: integer 
	Parameter WR_DATA_COUNT_WIDTH bound to: 10 - type: integer 
INFO: [Synth 8-3491] module 'AD_DATA_FIFO_ASYNC' declared at 'D:/ASUS-PC/Desktop/temporary/HSC/ip_repo/new/new/AD_DATA_FIFO_ASYNC.vhd:35' bound to instance 'inst_rx_data_FIFO_ASYNC' of component 'AD_DATA_FIFO_ASYNC' [D:/ASUS-PC/Desktop/temporary/HSC/ip_repo/new/new/TOP.vhd:364]
INFO: [Synth 8-638] synthesizing module 'AD_DATA_FIFO_ASYNC__parameterized3' [D:/ASUS-PC/Desktop/temporary/HSC/ip_repo/new/new/AD_DATA_FIFO_ASYNC.vhd:57]
	Parameter FIFO_MEMORY_TYPE bound to: auto - type: string 
	Parameter FIFO_WRITE_DEPTH bound to: 4096 - type: integer 
	Parameter CASCADE_HEIGHT bound to: 0 - type: integer 
	Parameter RELATED_CLOCKS bound to: 0 - type: integer 
	Parameter WRITE_DATA_WIDTH bound to: 10 - type: integer 
	Parameter READ_MODE bound to: std - type: string 
	Parameter FIFO_READ_LATENCY bound to: 1 - type: integer 
	Parameter FULL_RESET_VALUE bound to: 0 - type: integer 
	Parameter USE_ADV_FEATURES bound to: 1707 - type: string 
	Parameter READ_DATA_WIDTH bound to: 10 - type: integer 
	Parameter CDC_SYNC_STAGES bound to: 2 - type: integer 
	Parameter WR_DATA_COUNT_WIDTH bound to: 10 - type: integer 
	Parameter PROG_FULL_THRESH bound to: 10 - type: integer 
	Parameter RD_DATA_COUNT_WIDTH bound to: 10 - type: integer 
	Parameter PROG_EMPTY_THRESH bound to: 10 - type: integer 
	Parameter DOUT_RESET_VALUE bound to: 0 - type: string 
	Parameter ECC_MODE bound to: no_ecc - type: string 
	Parameter SIM_ASSERT_CHK bound to: 0 - type: integer 
	Parameter WAKEUP_TIME bound to: 0 - type: integer 
INFO: [Synth 8-3491] module 'xpm_fifo_async' declared at 'E:/Xilinx2021/Vivado/2021.1/data/ip/xpm/xpm_fifo/hdl/xpm_fifo.sv:2146' bound to instance 'xpm_fifo_async_inst' of component 'xpm_fifo_async' [D:/ASUS-PC/Desktop/temporary/HSC/ip_repo/new/new/AD_DATA_FIFO_ASYNC.vhd:78]
INFO: [Synth 8-6157] synthesizing module 'xpm_fifo_async__parameterized3' [E:/Xilinx2021/Vivado/2021.1/data/ip/xpm/xpm_fifo/hdl/xpm_fifo.sv:2146]
INFO: [Synth 8-6157] synthesizing module 'xpm_fifo_base__parameterized1' [E:/Xilinx2021/Vivado/2021.1/data/ip/xpm/xpm_fifo/hdl/xpm_fifo.sv:56]
INFO: [Synth 8-6157] synthesizing module 'xpm_memory_base__parameterized1' [E:/Xilinx2021/Vivado/2021.1/data/ip/xpm/xpm_memory/hdl/xpm_memory.sv:57]
INFO: [Synth 8-6059] Synth Info: [XPM_MEMORY 20-1] MEMORY_PRIMITIVE (0) instructs Vivado Synthesis to choose the memory primitive type. Depending on their values, other XPM_MEMORY parameters may preclude the choice of certain memory primitive types. Review XPM_MEMORY documentation and parameter values to understand any limitations, or set MEMORY_PRIMITIVE to a different value.   [E:/Xilinx2021/Vivado/2021.1/data/ip/xpm/xpm_memory/hdl/xpm_memory.sv:490]
INFO: [Synth 8-6155] done synthesizing module 'xpm_memory_base__parameterized1' (10#1) [E:/Xilinx2021/Vivado/2021.1/data/ip/xpm/xpm_memory/hdl/xpm_memory.sv:57]
INFO: [Synth 8-6155] done synthesizing module 'xpm_fifo_base__parameterized1' (10#1) [E:/Xilinx2021/Vivado/2021.1/data/ip/xpm/xpm_fifo/hdl/xpm_fifo.sv:56]
INFO: [Synth 8-6155] done synthesizing module 'xpm_fifo_async__parameterized3' (10#1) [E:/Xilinx2021/Vivado/2021.1/data/ip/xpm/xpm_fifo/hdl/xpm_fifo.sv:2146]
INFO: [Synth 8-256] done synthesizing module 'AD_DATA_FIFO_ASYNC__parameterized3' (10#1) [D:/ASUS-PC/Desktop/temporary/HSC/ip_repo/new/new/AD_DATA_FIFO_ASYNC.vhd:57]
	Parameter FIFO_WRITE_DEPTH bound to: 4096 - type: integer 
	Parameter RD_DATA_COUNT_WIDTH bound to: 12 - type: integer 
	Parameter READ_DATA_WIDTH bound to: 17 - type: integer 
	Parameter WRITE_DATA_WIDTH bound to: 17 - type: integer 
	Parameter WR_DATA_COUNT_WIDTH bound to: 12 - type: integer 
INFO: [Synth 8-3491] module 'AD_DATA_FIFO_ASYNC' declared at 'D:/ASUS-PC/Desktop/temporary/HSC/ip_repo/new/new/AD_DATA_FIFO_ASYNC.vhd:35' bound to instance 'inst_tx_cmd_FIFO_ASYNC' of component 'AD_DATA_FIFO_ASYNC' [D:/ASUS-PC/Desktop/temporary/HSC/ip_repo/new/new/TOP.vhd:411]
	Parameter FIFO_WRITE_DEPTH bound to: 4096 - type: integer 
	Parameter RD_DATA_COUNT_WIDTH bound to: 10 - type: integer 
	Parameter READ_DATA_WIDTH bound to: 10 - type: integer 
	Parameter WRITE_DATA_WIDTH bound to: 10 - type: integer 
	Parameter WR_DATA_COUNT_WIDTH bound to: 10 - type: integer 
INFO: [Synth 8-3491] module 'AD_DATA_FIFO_ASYNC' declared at 'D:/ASUS-PC/Desktop/temporary/HSC/ip_repo/new/new/AD_DATA_FIFO_ASYNC.vhd:35' bound to instance 'inst_tx_data_FIFO_ASYNC' of component 'AD_DATA_FIFO_ASYNC' [D:/ASUS-PC/Desktop/temporary/HSC/ip_repo/new/new/TOP.vhd:460]
INFO: [Synth 8-3491] module 'ad_ctrl' declared at 'D:/ASUS-PC/Desktop/temporary/HSC/ip_repo/new/new/ad_ctrl.vhd:37' bound to instance 'inst_ad_ctrl' of component 'ad_ctrl' [D:/ASUS-PC/Desktop/temporary/HSC/ip_repo/new/new/TOP.vhd:481]
INFO: [Synth 8-638] synthesizing module 'ad_ctrl' [D:/ASUS-PC/Desktop/temporary/HSC/ip_repo/new/new/ad_ctrl.vhd:87]
INFO: [Synth 8-3491] module 'ads62p45' declared at 'D:/ASUS-PC/Desktop/temporary/HSC/ip_repo/new/new/ads62p45.vhd:36' bound to instance 'inst_ads62p45' of component 'ads62p45' [D:/ASUS-PC/Desktop/temporary/HSC/ip_repo/new/new/ad_ctrl.vhd:483]
INFO: [Synth 8-638] synthesizing module 'ads62p45' [D:/ASUS-PC/Desktop/temporary/HSC/ip_repo/new/new/ads62p45.vhd:51]
INFO: [Synth 8-3491] module 'ad_out_clk' declared at 'D:/ASUS-PC/Desktop/temporary/HSC/ip_repo/new/new/ad_out_clk.vhd:68' bound to instance 'inst_ad_out_clk' of component 'ad_out_clk' [D:/ASUS-PC/Desktop/temporary/HSC/ip_repo/new/new/ads62p45.vhd:84]
INFO: [Synth 8-638] synthesizing module 'ad_out_clk' [D:/ASUS-PC/Desktop/temporary/HSC/ip_repo/new/new/ad_out_clk.vhd:81]
	Parameter BANDWIDTH bound to: OPTIMIZED - type: string 
	Parameter CLKFBOUT_MULT_F bound to: 10.000000 - type: double 
	Parameter CLKFBOUT_PHASE bound to: 0.000000 - type: double 
	Parameter CLKIN1_PERIOD bound to: 10.000000 - type: double 
	Parameter CLKOUT0_DIVIDE_F bound to: 25.000000 - type: double 
	Parameter CLKOUT0_DUTY_CYCLE bound to: 0.500000 - type: double 
	Parameter CLKOUT0_PHASE bound to: 90.000000 - type: double 
	Parameter COMPENSATION bound to: ZHOLD - type: string 
	Parameter DIVCLK_DIVIDE bound to: 1 - type: integer 
	Parameter REF_JITTER1 bound to: 0.010000 - type: double 
INFO: [Synth 8-113] binding component instance 'mmcm_adv_inst' to cell 'MMCME2_ADV' [D:/ASUS-PC/Desktop/temporary/HSC/ip_repo/new/new/ad_out_clk.vhd:118]
INFO: [Synth 8-113] binding component instance 'clkout1_buf' to cell 'BUFGCE' [D:/ASUS-PC/Desktop/temporary/HSC/ip_repo/new/new/ad_out_clk.vhd:203]
INFO: [Synth 8-256] done synthesizing module 'ad_out_clk' (11#1) [D:/ASUS-PC/Desktop/temporary/HSC/ip_repo/new/new/ad_out_clk.vhd:81]
INFO: [Synth 8-3491] module 'ad_in_clk' declared at 'D:/ASUS-PC/Desktop/temporary/HSC/ip_repo/new/new/ad_in_clk.vhd:68' bound to instance 'inst_ad_in_clk' of component 'ad_in_clk' [D:/ASUS-PC/Desktop/temporary/HSC/ip_repo/new/new/ads62p45.vhd:91]
INFO: [Synth 8-638] synthesizing module 'ad_in_clk' [D:/ASUS-PC/Desktop/temporary/HSC/ip_repo/new/new/ad_in_clk.vhd:81]
	Parameter BANDWIDTH bound to: OPTIMIZED - type: string 
	Parameter CLKFBOUT_MULT_F bound to: 25.000000 - type: double 
	Parameter CLKFBOUT_PHASE bound to: 0.000000 - type: double 
	Parameter CLKIN1_PERIOD bound to: 25.000000 - type: double 
	Parameter CLKOUT0_DIVIDE_F bound to: 25.000000 - type: double 
	Parameter CLKOUT0_DUTY_CYCLE bound to: 0.500000 - type: double 
	Parameter CLKOUT0_PHASE bound to: 90.000000 - type: double 
	Parameter COMPENSATION bound to: ZHOLD - type: string 
	Parameter DIVCLK_DIVIDE bound to: 1 - type: integer 
	Parameter REF_JITTER1 bound to: 0.010000 - type: double 
INFO: [Synth 8-113] binding component instance 'mmcm_adv_inst' to cell 'MMCME2_ADV' [D:/ASUS-PC/Desktop/temporary/HSC/ip_repo/new/new/ad_in_clk.vhd:118]
INFO: [Synth 8-113] binding component instance 'clkout1_buf' to cell 'BUFGCE' [D:/ASUS-PC/Desktop/temporary/HSC/ip_repo/new/new/ad_in_clk.vhd:203]
INFO: [Synth 8-256] done synthesizing module 'ad_in_clk' (12#1) [D:/ASUS-PC/Desktop/temporary/HSC/ip_repo/new/new/ad_in_clk.vhd:81]
INFO: [Synth 8-256] done synthesizing module 'ads62p45' (13#1) [D:/ASUS-PC/Desktop/temporary/HSC/ip_repo/new/new/ads62p45.vhd:51]
INFO: [Synth 8-256] done synthesizing module 'ad_ctrl' (14#1) [D:/ASUS-PC/Desktop/temporary/HSC/ip_repo/new/new/ad_ctrl.vhd:87]
INFO: [Synth 8-256] done synthesizing module 'TOP' (15#1) [D:/ASUS-PC/Desktop/temporary/HSC/ip_repo/new/new/TOP.vhd:93]
INFO: [Synth 8-6155] done synthesizing module 'system_TOP_0_3' (16#1) [d:/ASUS-PC/Desktop/temporary/HSC/HSC.gen/sources_1/bd/system/ip/system_TOP_0_3/synth/system_TOP_0_3.v:58]
---------------------------------------------------------------------------------
Finished RTL Elaboration : Time (s): cpu = 00:00:03 ; elapsed = 00:00:03 . Memory (MB): peak = 1291.359 ; gain = 0.000
---------------------------------------------------------------------------------
---------------------------------------------------------------------------------
Start Handling Custom Attributes
---------------------------------------------------------------------------------
---------------------------------------------------------------------------------
Finished Handling Custom Attributes : Time (s): cpu = 00:00:03 ; elapsed = 00:00:04 . Memory (MB): peak = 1291.359 ; gain = 0.000
---------------------------------------------------------------------------------
---------------------------------------------------------------------------------
Finished RTL Optimization Phase 1 : Time (s): cpu = 00:00:03 ; elapsed = 00:00:04 . Memory (MB): peak = 1291.359 ; gain = 0.000
---------------------------------------------------------------------------------
Netlist sorting complete. Time (s): cpu = 00:00:00 ; elapsed = 00:00:00.018 . Memory (MB): peak = 1291.359 ; gain = 0.000
WARNING: [Netlist 29-345] The value of SIM_DEVICE on instance 'inst/inst_ad_ctrl/inst_ads62p45/inst_ad_in_clk/clkout1_buf' of type 'BUFGCE' is 'ULTRASCALE'; it is being changed to match the current FPGA architecture, '7SERIES'. For functional simulation to match hardware behavior, the value of SIM_DEVICE should be changed in the source netlist. 
WARNING: [Netlist 29-345] The value of SIM_DEVICE on instance 'inst/inst_ad_ctrl/inst_ads62p45/inst_ad_out_clk/clkout1_buf' of type 'BUFGCE' is 'ULTRASCALE'; it is being changed to match the current FPGA architecture, '7SERIES'. For functional simulation to match hardware behavior, the value of SIM_DEVICE should be changed in the source netlist. 
INFO: [Netlist 29-17] Analyzing 4 Unisim elements for replacement
WARNING: [Netlist 29-345] The value of SIM_DEVICE on instance 'inst/inst_ad_ctrl/inst_ads62p45/inst_ad_in_clk/clkout1_buf' of type 'BUFGCTRL' is 'ULTRASCALE'; it is being changed to match the current FPGA architecture, '7SERIES'. For functional simulation to match hardware behavior, the value of SIM_DEVICE should be changed in the source netlist. 
WARNING: [Netlist 29-345] The value of SIM_DEVICE on instance 'inst/inst_ad_ctrl/inst_ads62p45/inst_ad_out_clk/clkout1_buf' of type 'BUFGCTRL' is 'ULTRASCALE'; it is being changed to match the current FPGA architecture, '7SERIES'. For functional simulation to match hardware behavior, the value of SIM_DEVICE should be changed in the source netlist. 
INFO: [Netlist 29-28] Unisim Transformation completed in 0 CPU seconds
INFO: [Project 1-570] Preparing netlist for logic optimization

Processing XDC Constraints
Initializing timing engine
INFO: [Project 1-236] Implementation specific constraints were found while reading constraint file [E:/Xilinx2021/Vivado/2021.1/data/ip/xpm/xpm_cdc/tcl/xpm_cdc_gray.tcl]. These constraints will be ignored for synthesis but will be used in implementation. Impacted constraints are listed in the file [.Xil/system_TOP_0_3_propImpl.xdc].
Resolution: To avoid this warning, move constraints listed in [.Xil/system_TOP_0_3_propImpl.xdc] to another XDC file and exclude this new file from synthesis with the used_in_synthesis property (File Properties dialog in GUI) and re-run elaboration/synthesis.
INFO: [Project 1-236] Implementation specific constraints were found while reading constraint file [E:/Xilinx2021/Vivado/2021.1/data/ip/xpm/xpm_fifo/tcl/xpm_fifo_rst.tcl]. These constraints will be ignored for synthesis but will be used in implementation. Impacted constraints are listed in the file [.Xil/system_TOP_0_3_propImpl.xdc].
Resolution: To avoid this warning, move constraints listed in [.Xil/system_TOP_0_3_propImpl.xdc] to another XDC file and exclude this new file from synthesis with the used_in_synthesis property (File Properties dialog in GUI) and re-run elaboration/synthesis.
INFO: [Project 1-1714] 35 XPM XDC files have been applied to the design.
Completed Processing XDC Constraints

Netlist sorting complete. Time (s): cpu = 00:00:00 ; elapsed = 00:00:00 . Memory (MB): peak = 1300.199 ; gain = 0.000
INFO: [Project 1-111] Unisim Transformation Summary:
  A total of 2 instances were transformed.
  BUFGCE => BUFGCTRL: 2 instances

Constraint Validation Runtime : Time (s): cpu = 00:00:00 ; elapsed = 00:00:00.021 . Memory (MB): peak = 1308.785 ; gain = 8.586
---------------------------------------------------------------------------------
Finished Constraint Validation : Time (s): cpu = 00:00:06 ; elapsed = 00:00:07 . Memory (MB): peak = 1308.785 ; gain = 17.426
---------------------------------------------------------------------------------
---------------------------------------------------------------------------------
Start Loading Part and Timing Information
---------------------------------------------------------------------------------
Loading part: xc7z020clg400-2
---------------------------------------------------------------------------------
Finished Loading Part and Timing Information : Time (s): cpu = 00:00:06 ; elapsed = 00:00:07 . Memory (MB): peak = 1308.785 ; gain = 17.426
---------------------------------------------------------------------------------
---------------------------------------------------------------------------------
Start Applying 'set_property' XDC Constraints
---------------------------------------------------------------------------------
Applied set_property KEEP_HIERARCHY = SOFT for inst/inst_AD_DATA_FIFO_ASYNC/xpm_fifo_async_inst/\gnuram_async_fifo.xpm_fifo_base_inst /\gen_cdc_pntr.rd_pntr_cdc_inst . (constraint file  auto generated constraint).
Applied set_property KEEP_HIERARCHY = SOFT for inst/inst_rx_cmd_FIFO_ASYNC/xpm_fifo_async_inst/\gnuram_async_fifo.xpm_fifo_base_inst /\gen_cdc_pntr.rd_pntr_cdc_inst . (constraint file  auto generated constraint).
Applied set_property KEEP_HIERARCHY = SOFT for inst/inst_rx_data_FIFO_ASYNC/xpm_fifo_async_inst/\gnuram_async_fifo.xpm_fifo_base_inst /\gen_cdc_pntr.rd_pntr_cdc_inst . (constraint file  auto generated constraint).
Applied set_property KEEP_HIERARCHY = SOFT for inst/inst_tx_cmd_FIFO_ASYNC/xpm_fifo_async_inst/\gnuram_async_fifo.xpm_fifo_base_inst /\gen_cdc_pntr.rd_pntr_cdc_inst . (constraint file  auto generated constraint).
Applied set_property KEEP_HIERARCHY = SOFT for inst/inst_tx_data_FIFO_ASYNC/xpm_fifo_async_inst/\gnuram_async_fifo.xpm_fifo_base_inst /\gen_cdc_pntr.rd_pntr_cdc_inst . (constraint file  auto generated constraint).
Applied set_property KEEP_HIERARCHY = SOFT for inst/inst_AD_DATA_FIFO_ASYNC/xpm_fifo_async_inst/\gnuram_async_fifo.xpm_fifo_base_inst /\gen_cdc_pntr.wr_pntr_cdc_inst . (constraint file  auto generated constraint).
Applied set_property KEEP_HIERARCHY = SOFT for inst/inst_rx_cmd_FIFO_ASYNC/xpm_fifo_async_inst/\gnuram_async_fifo.xpm_fifo_base_inst /\gen_cdc_pntr.wr_pntr_cdc_inst . (constraint file  auto generated constraint).
Applied set_property KEEP_HIERARCHY = SOFT for inst/inst_rx_data_FIFO_ASYNC/xpm_fifo_async_inst/\gnuram_async_fifo.xpm_fifo_base_inst /\gen_cdc_pntr.wr_pntr_cdc_inst . (constraint file  auto generated constraint).
Applied set_property KEEP_HIERARCHY = SOFT for inst/inst_tx_cmd_FIFO_ASYNC/xpm_fifo_async_inst/\gnuram_async_fifo.xpm_fifo_base_inst /\gen_cdc_pntr.wr_pntr_cdc_inst . (constraint file  auto generated constraint).
Applied set_property KEEP_HIERARCHY = SOFT for inst/inst_tx_data_FIFO_ASYNC/xpm_fifo_async_inst/\gnuram_async_fifo.xpm_fifo_base_inst /\gen_cdc_pntr.wr_pntr_cdc_inst . (constraint file  auto generated constraint).
Applied set_property KEEP_HIERARCHY = SOFT for inst/inst_AD_DATA_FIFO_ASYNC/xpm_fifo_async_inst/\gnuram_async_fifo.xpm_fifo_base_inst /\gen_cdc_pntr.rd_pntr_cdc_dc_inst . (constraint file  auto generated constraint).
Applied set_property KEEP_HIERARCHY = SOFT for inst/inst_rx_cmd_FIFO_ASYNC/xpm_fifo_async_inst/\gnuram_async_fifo.xpm_fifo_base_inst /\gen_cdc_pntr.rd_pntr_cdc_dc_inst . (constraint file  auto generated constraint).
Applied set_property KEEP_HIERARCHY = SOFT for inst/inst_rx_data_FIFO_ASYNC/xpm_fifo_async_inst/\gnuram_async_fifo.xpm_fifo_base_inst /\gen_cdc_pntr.rd_pntr_cdc_dc_inst . (constraint file  auto generated constraint).
Applied set_property KEEP_HIERARCHY = SOFT for inst/inst_tx_cmd_FIFO_ASYNC/xpm_fifo_async_inst/\gnuram_async_fifo.xpm_fifo_base_inst /\gen_cdc_pntr.rd_pntr_cdc_dc_inst . (constraint file  auto generated constraint).
Applied set_property KEEP_HIERARCHY = SOFT for inst/inst_tx_data_FIFO_ASYNC/xpm_fifo_async_inst/\gnuram_async_fifo.xpm_fifo_base_inst /\gen_cdc_pntr.rd_pntr_cdc_dc_inst . (constraint file  auto generated constraint).
Applied set_property KEEP_HIERARCHY = SOFT for inst/inst_AD_DATA_FIFO_ASYNC/xpm_fifo_async_inst/\gnuram_async_fifo.xpm_fifo_base_inst /\gen_cdc_pntr.wr_pntr_cdc_dc_inst . (constraint file  auto generated constraint).
Applied set_property KEEP_HIERARCHY = SOFT for inst/inst_rx_cmd_FIFO_ASYNC/xpm_fifo_async_inst/\gnuram_async_fifo.xpm_fifo_base_inst /\gen_cdc_pntr.wr_pntr_cdc_dc_inst . (constraint file  auto generated constraint).
Applied set_property KEEP_HIERARCHY = SOFT for inst/inst_rx_data_FIFO_ASYNC/xpm_fifo_async_inst/\gnuram_async_fifo.xpm_fifo_base_inst /\gen_cdc_pntr.wr_pntr_cdc_dc_inst . (constraint file  auto generated constraint).
Applied set_property KEEP_HIERARCHY = SOFT for inst/inst_tx_cmd_FIFO_ASYNC/xpm_fifo_async_inst/\gnuram_async_fifo.xpm_fifo_base_inst /\gen_cdc_pntr.wr_pntr_cdc_dc_inst . (constraint file  auto generated constraint).
Applied set_property KEEP_HIERARCHY = SOFT for inst/inst_tx_data_FIFO_ASYNC/xpm_fifo_async_inst/\gnuram_async_fifo.xpm_fifo_base_inst /\gen_cdc_pntr.wr_pntr_cdc_dc_inst . (constraint file  auto generated constraint).
Applied set_property KEEP_HIERARCHY = SOFT for inst/inst_AD_DATA_FIFO_ASYNC/xpm_fifo_async_inst/\gnuram_async_fifo.xpm_fifo_base_inst /xpm_fifo_rst_inst/\gen_rst_ic.rrst_wr_inst . (constraint file  auto generated constraint).
Applied set_property KEEP_HIERARCHY = SOFT for inst/inst_rx_cmd_FIFO_ASYNC/xpm_fifo_async_inst/\gnuram_async_fifo.xpm_fifo_base_inst /xpm_fifo_rst_inst/\gen_rst_ic.rrst_wr_inst . (constraint file  auto generated constraint).
Applied set_property KEEP_HIERARCHY = SOFT for inst/inst_rx_data_FIFO_ASYNC/xpm_fifo_async_inst/\gnuram_async_fifo.xpm_fifo_base_inst /xpm_fifo_rst_inst/\gen_rst_ic.rrst_wr_inst . (constraint file  auto generated constraint).
Applied set_property KEEP_HIERARCHY = SOFT for inst/inst_tx_cmd_FIFO_ASYNC/xpm_fifo_async_inst/\gnuram_async_fifo.xpm_fifo_base_inst /xpm_fifo_rst_inst/\gen_rst_ic.rrst_wr_inst . (constraint file  auto generated constraint).
Applied set_property KEEP_HIERARCHY = SOFT for inst/inst_tx_data_FIFO_ASYNC/xpm_fifo_async_inst/\gnuram_async_fifo.xpm_fifo_base_inst /xpm_fifo_rst_inst/\gen_rst_ic.rrst_wr_inst . (constraint file  auto generated constraint).
Applied set_property KEEP_HIERARCHY = SOFT for inst/inst_AD_DATA_FIFO_ASYNC/xpm_fifo_async_inst/\gnuram_async_fifo.xpm_fifo_base_inst /xpm_fifo_rst_inst/\gen_rst_ic.wrst_rd_inst . (constraint file  auto generated constraint).
Applied set_property KEEP_HIERARCHY = SOFT for inst/inst_rx_cmd_FIFO_ASYNC/xpm_fifo_async_inst/\gnuram_async_fifo.xpm_fifo_base_inst /xpm_fifo_rst_inst/\gen_rst_ic.wrst_rd_inst . (constraint file  auto generated constraint).
Applied set_property KEEP_HIERARCHY = SOFT for inst/inst_rx_data_FIFO_ASYNC/xpm_fifo_async_inst/\gnuram_async_fifo.xpm_fifo_base_inst /xpm_fifo_rst_inst/\gen_rst_ic.wrst_rd_inst . (constraint file  auto generated constraint).
Applied set_property KEEP_HIERARCHY = SOFT for inst/inst_tx_cmd_FIFO_ASYNC/xpm_fifo_async_inst/\gnuram_async_fifo.xpm_fifo_base_inst /xpm_fifo_rst_inst/\gen_rst_ic.wrst_rd_inst . (constraint file  auto generated constraint).
Applied set_property KEEP_HIERARCHY = SOFT for inst/inst_tx_data_FIFO_ASYNC/xpm_fifo_async_inst/\gnuram_async_fifo.xpm_fifo_base_inst /xpm_fifo_rst_inst/\gen_rst_ic.wrst_rd_inst . (constraint file  auto generated constraint).
Applied set_property KEEP_HIERARCHY = SOFT for inst/inst_AD_DATA_FIFO_ASYNC/xpm_fifo_async_inst. (constraint file  auto generated constraint).
Applied set_property KEEP_HIERARCHY = SOFT for inst/inst_rx_cmd_FIFO_ASYNC/xpm_fifo_async_inst. (constraint file  auto generated constraint).
Applied set_property KEEP_HIERARCHY = SOFT for inst/inst_rx_data_FIFO_ASYNC/xpm_fifo_async_inst. (constraint file  auto generated constraint).
Applied set_property KEEP_HIERARCHY = SOFT for inst/inst_tx_cmd_FIFO_ASYNC/xpm_fifo_async_inst. (constraint file  auto generated constraint).
Applied set_property KEEP_HIERARCHY = SOFT for inst/inst_tx_data_FIFO_ASYNC/xpm_fifo_async_inst. (constraint file  auto generated constraint).
---------------------------------------------------------------------------------
Finished applying 'set_property' XDC Constraints : Time (s): cpu = 00:00:06 ; elapsed = 00:00:07 . Memory (MB): peak = 1308.785 ; gain = 17.426
---------------------------------------------------------------------------------
INFO: [Synth 8-802] inferred FSM for state register 'gen_rst_ic.curr_wrst_state_reg' in module 'xpm_fifo_rst__xdcDup__1'
INFO: [Synth 8-802] inferred FSM for state register 'gen_rst_ic.curr_rrst_state_reg' in module 'xpm_fifo_rst__xdcDup__1'
INFO: [Synth 8-802] inferred FSM for state register 'gen_rst_ic.curr_wrst_state_reg' in module 'xpm_fifo_rst__xdcDup__2'
INFO: [Synth 8-802] inferred FSM for state register 'gen_rst_ic.curr_rrst_state_reg' in module 'xpm_fifo_rst__xdcDup__2'
INFO: [Synth 8-802] inferred FSM for state register 'gen_rst_ic.curr_wrst_state_reg' in module 'xpm_fifo_rst__xdcDup__3'
INFO: [Synth 8-802] inferred FSM for state register 'gen_rst_ic.curr_rrst_state_reg' in module 'xpm_fifo_rst__xdcDup__3'
INFO: [Synth 8-802] inferred FSM for state register 'gen_rst_ic.curr_wrst_state_reg' in module 'xpm_fifo_rst__xdcDup__4'
INFO: [Synth 8-802] inferred FSM for state register 'gen_rst_ic.curr_rrst_state_reg' in module 'xpm_fifo_rst__xdcDup__4'
INFO: [Synth 8-802] inferred FSM for state register 'gen_rst_ic.curr_wrst_state_reg' in module 'xpm_fifo_rst'
INFO: [Synth 8-802] inferred FSM for state register 'gen_rst_ic.curr_rrst_state_reg' in module 'xpm_fifo_rst'
INFO: [Synth 8-802] inferred FSM for state register 'state_sample_ctrl_reg' in module 'ad_ctrl'
INFO: [Synth 8-5552] Implemented safe state 'default_state' for state register 'gen_rst_ic.curr_wrst_state_reg' in module 'xpm_fifo_rst__xdcDup__1'
---------------------------------------------------------------------------------------------------
                   State |                     New Encoding |                Previous Encoding 
---------------------------------------------------------------------------------------------------
*
               WRST_IDLE |                            00001 |                              000
                 WRST_IN |                            00010 |                              010
                WRST_OUT |                            00100 |                              111
               WRST_EXIT |                            01000 |                              110
            WRST_GO2IDLE |                            10000 |                              100
---------------------------------------------------------------------------------------------------
INFO: [Synth 8-3354] encoded FSM with state register 'gen_rst_ic.curr_wrst_state_reg' using encoding 'one-hot' in module 'xpm_fifo_rst__xdcDup__1'
INFO: [Synth 8-5552] Implemented safe state 'default_state' for state register 'gen_rst_ic.curr_rrst_state_reg' in module 'xpm_fifo_rst__xdcDup__1'
---------------------------------------------------------------------------------------------------
                   State |                     New Encoding |                Previous Encoding 
---------------------------------------------------------------------------------------------------
*
               RRST_IDLE |                               00 |                               00
                 RRST_IN |                               01 |                               10
                RRST_OUT |                               10 |                               11
               RRST_EXIT |                               11 |                               01
---------------------------------------------------------------------------------------------------
INFO: [Synth 8-3354] encoded FSM with state register 'gen_rst_ic.curr_rrst_state_reg' using encoding 'sequential' in module 'xpm_fifo_rst__xdcDup__1'
INFO: [Synth 8-5552] Implemented safe state 'default_state' for state register 'gen_rst_ic.curr_wrst_state_reg' in module 'xpm_fifo_rst__xdcDup__2'
---------------------------------------------------------------------------------------------------
                   State |                     New Encoding |                Previous Encoding 
---------------------------------------------------------------------------------------------------
*
               WRST_IDLE |                            00001 |                              000
                 WRST_IN |                            00010 |                              010
                WRST_OUT |                            00100 |                              111
               WRST_EXIT |                            01000 |                              110
            WRST_GO2IDLE |                            10000 |                              100
---------------------------------------------------------------------------------------------------
INFO: [Synth 8-3354] encoded FSM with state register 'gen_rst_ic.curr_wrst_state_reg' using encoding 'one-hot' in module 'xpm_fifo_rst__xdcDup__2'
INFO: [Synth 8-5552] Implemented safe state 'default_state' for state register 'gen_rst_ic.curr_rrst_state_reg' in module 'xpm_fifo_rst__xdcDup__2'
---------------------------------------------------------------------------------------------------
                   State |                     New Encoding |                Previous Encoding 
---------------------------------------------------------------------------------------------------
*
               RRST_IDLE |                               00 |                               00
                 RRST_IN |                               01 |                               10
                RRST_OUT |                               10 |                               11
               RRST_EXIT |                               11 |                               01
---------------------------------------------------------------------------------------------------
INFO: [Synth 8-3354] encoded FSM with state register 'gen_rst_ic.curr_rrst_state_reg' using encoding 'sequential' in module 'xpm_fifo_rst__xdcDup__2'
INFO: [Synth 8-5552] Implemented safe state 'default_state' for state register 'gen_rst_ic.curr_wrst_state_reg' in module 'xpm_fifo_rst__xdcDup__3'
---------------------------------------------------------------------------------------------------
                   State |                     New Encoding |                Previous Encoding 
---------------------------------------------------------------------------------------------------
*
               WRST_IDLE |                            00001 |                              000
                 WRST_IN |                            00010 |                              010
                WRST_OUT |                            00100 |                              111
               WRST_EXIT |                            01000 |                              110
            WRST_GO2IDLE |                            10000 |                              100
---------------------------------------------------------------------------------------------------
INFO: [Synth 8-3354] encoded FSM with state register 'gen_rst_ic.curr_wrst_state_reg' using encoding 'one-hot' in module 'xpm_fifo_rst__xdcDup__3'
INFO: [Synth 8-5552] Implemented safe state 'default_state' for state register 'gen_rst_ic.curr_rrst_state_reg' in module 'xpm_fifo_rst__xdcDup__3'
---------------------------------------------------------------------------------------------------
                   State |                     New Encoding |                Previous Encoding 
---------------------------------------------------------------------------------------------------
*
               RRST_IDLE |                               00 |                               00
                 RRST_IN |                               01 |                               10
                RRST_OUT |                               10 |                               11
               RRST_EXIT |                               11 |                               01
---------------------------------------------------------------------------------------------------
INFO: [Synth 8-3354] encoded FSM with state register 'gen_rst_ic.curr_rrst_state_reg' using encoding 'sequential' in module 'xpm_fifo_rst__xdcDup__3'
INFO: [Synth 8-5552] Implemented safe state 'default_state' for state register 'gen_rst_ic.curr_wrst_state_reg' in module 'xpm_fifo_rst__xdcDup__4'
---------------------------------------------------------------------------------------------------
                   State |                     New Encoding |                Previous Encoding 
---------------------------------------------------------------------------------------------------
*
               WRST_IDLE |                            00001 |                              000
                 WRST_IN |                            00010 |                              010
                WRST_OUT |                            00100 |                              111
               WRST_EXIT |                            01000 |                              110
            WRST_GO2IDLE |                            10000 |                              100
---------------------------------------------------------------------------------------------------
INFO: [Synth 8-3354] encoded FSM with state register 'gen_rst_ic.curr_wrst_state_reg' using encoding 'one-hot' in module 'xpm_fifo_rst__xdcDup__4'
INFO: [Synth 8-5552] Implemented safe state 'default_state' for state register 'gen_rst_ic.curr_rrst_state_reg' in module 'xpm_fifo_rst__xdcDup__4'
---------------------------------------------------------------------------------------------------
                   State |                     New Encoding |                Previous Encoding 
---------------------------------------------------------------------------------------------------
*
               RRST_IDLE |                               00 |                               00
                 RRST_IN |                               01 |                               10
                RRST_OUT |                               10 |                               11
               RRST_EXIT |                               11 |                               01
---------------------------------------------------------------------------------------------------
INFO: [Synth 8-3354] encoded FSM with state register 'gen_rst_ic.curr_rrst_state_reg' using encoding 'sequential' in module 'xpm_fifo_rst__xdcDup__4'
INFO: [Synth 8-5552] Implemented safe state 'default_state' for state register 'gen_rst_ic.curr_wrst_state_reg' in module 'xpm_fifo_rst'
---------------------------------------------------------------------------------------------------
                   State |                     New Encoding |                Previous Encoding 
---------------------------------------------------------------------------------------------------
*
               WRST_IDLE |                            00001 |                              000
                 WRST_IN |                            00010 |                              010
                WRST_OUT |                            00100 |                              111
               WRST_EXIT |                            01000 |                              110
            WRST_GO2IDLE |                            10000 |                              100
---------------------------------------------------------------------------------------------------
INFO: [Synth 8-3354] encoded FSM with state register 'gen_rst_ic.curr_wrst_state_reg' using encoding 'one-hot' in module 'xpm_fifo_rst'
INFO: [Synth 8-5552] Implemented safe state 'default_state' for state register 'gen_rst_ic.curr_rrst_state_reg' in module 'xpm_fifo_rst'
---------------------------------------------------------------------------------------------------
                   State |                     New Encoding |                Previous Encoding 
---------------------------------------------------------------------------------------------------
*
               RRST_IDLE |                               00 |                               00
                 RRST_IN |                               01 |                               10
                RRST_OUT |                               10 |                               11
               RRST_EXIT |                               11 |                               01
---------------------------------------------------------------------------------------------------
INFO: [Synth 8-3354] encoded FSM with state register 'gen_rst_ic.curr_rrst_state_reg' using encoding 'sequential' in module 'xpm_fifo_rst'
---------------------------------------------------------------------------------------------------
                   State |                     New Encoding |                Previous Encoding 
---------------------------------------------------------------------------------------------------
                 iSTATE5 |                              000 |                             0110
                  iSTATE |                              001 |                             0000
                 iSTATE4 |                              010 |                             0001
                 iSTATE0 |                              011 |                             0010
                 iSTATE3 |                              100 |                             0011
                 iSTATE1 |                              101 |                             0100
                 iSTATE2 |                              110 |                             0101
---------------------------------------------------------------------------------------------------
INFO: [Synth 8-3354] encoded FSM with state register 'state_sample_ctrl_reg' using encoding 'sequential' in module 'ad_ctrl'
---------------------------------------------------------------------------------
Finished RTL Optimization Phase 2 : Time (s): cpu = 00:00:07 ; elapsed = 00:00:08 . Memory (MB): peak = 1308.785 ; gain = 17.426
---------------------------------------------------------------------------------
---------------------------------------------------------------------------------
Start RTL Component Statistics 
---------------------------------------------------------------------------------
Detailed RTL Component Info : 
+---Adders : 
	   2 Input   32 Bit       Adders := 2     
	   2 Input   16 Bit       Adders := 2     
	   4 Input   13 Bit       Adders := 10    
	   2 Input   13 Bit       Adders := 5     
	   3 Input   13 Bit       Adders := 10    
	   4 Input   12 Bit       Adders := 15    
	   3 Input   12 Bit       Adders := 5     
	   3 Input    9 Bit       Adders := 1     
	   2 Input    8 Bit       Adders := 2     
	   2 Input    4 Bit       Adders := 1     
+---XORs : 
	   2 Input     13 Bit         XORs := 10    
	   2 Input     12 Bit         XORs := 10    
	   2 Input      1 Bit         XORs := 230   
+---Registers : 
	               32 Bit    Registers := 2     
	               17 Bit    Registers := 6     
	               16 Bit    Registers := 11    
	               14 Bit    Registers := 9     
	               13 Bit    Registers := 65    
	               12 Bit    Registers := 60    
	               10 Bit    Registers := 6     
	                8 Bit    Registers := 30    
	                4 Bit    Registers := 2     
	                2 Bit    Registers := 15    
	                1 Bit    Registers := 114   
+---RAMs : 
	              68K Bit	(4096 X 17 bit)          RAMs := 2     
	              64K Bit	(4096 X 16 bit)          RAMs := 1     
	              40K Bit	(4096 X 10 bit)          RAMs := 2     
+---Muxes : 
	   2 Input   32 Bit        Muxes := 3     
	   7 Input   32 Bit        Muxes := 1     
	   6 Input   32 Bit        Muxes := 1     
	  10 Input   16 Bit        Muxes := 1     
	   2 Input   16 Bit        Muxes := 3     
	   4 Input   16 Bit        Muxes := 1     
	   7 Input   16 Bit        Muxes := 1     
	   2 Input   14 Bit        Muxes := 5     
	   2 Input    8 Bit        Muxes := 4     
	   7 Input    8 Bit        Muxes := 2     
	   6 Input    5 Bit        Muxes := 5     
	   2 Input    5 Bit        Muxes := 40    
	   2 Input    4 Bit        Muxes := 2     
	   6 Input    4 Bit        Muxes := 1     
	   2 Input    3 Bit        Muxes := 3     
	   7 Input    3 Bit        Muxes := 2     
	   5 Input    2 Bit        Muxes := 5     
	   2 Input    2 Bit        Muxes := 11    
	   2 Input    1 Bit        Muxes := 33    
	   6 Input    1 Bit        Muxes := 18    
	   5 Input    1 Bit        Muxes := 15    
	   7 Input    1 Bit        Muxes := 13    
---------------------------------------------------------------------------------
Finished RTL Component Statistics 
---------------------------------------------------------------------------------
---------------------------------------------------------------------------------
Start Part Resource Summary
---------------------------------------------------------------------------------
Part Resources:
DSPs: 220 (col length:60)
BRAMs: 280 (col length: RAMB18 60 RAMB36 30)
---------------------------------------------------------------------------------
Finished Part Resource Summary
---------------------------------------------------------------------------------
---------------------------------------------------------------------------------
Start Cross Boundary and Area Optimization
---------------------------------------------------------------------------------
---------------------------------------------------------------------------------
Finished Cross Boundary and Area Optimization : Time (s): cpu = 00:00:09 ; elapsed = 00:00:10 . Memory (MB): peak = 1308.785 ; gain = 17.426
---------------------------------------------------------------------------------
---------------------------------------------------------------------------------
Start ROM, RAM, DSP, Shift Register and Retiming Reporting
---------------------------------------------------------------------------------

Block RAM: Preliminary Mapping Report (see note below)
+----------------------------------------------------------------------------------------------------------------------------+----------------------------------+------------------------+---+---+------------------------+---+---+------------------+--------+--------+
|Module Name                                                                                                                 | RTL Object                       | PORT A (Depth x Width) | W | R | PORT B (Depth x Width) | W | R | Ports driving FF | RAMB18 | RAMB36 | 
+----------------------------------------------------------------------------------------------------------------------------+----------------------------------+------------------------+---+---+------------------------+---+---+------------------+--------+--------+
|\inst/inst_AD_DATA_FIFO_ASYNC/xpm_fifo_async_inst /\gnuram_async_fifo.xpm_fifo_base_inst /\gen_sdpram.xpm_memory_base_inst  | gen_wr_a.gen_word_narrow.mem_reg | 4 K x 16(NO_CHANGE)    | W |   | 4 K x 16(WRITE_FIRST)  |   | R | Port A and B     | 0      | 2      | 
|xpm_memory_base__parameterized0:                                                                                            | gen_wr_a.gen_word_narrow.mem_reg | 4 K x 17(NO_CHANGE)    | W |   | 4 K x 17(WRITE_FIRST)  |   | R | Port A and B     | 0      | 2      | 
|xpm_memory_base__parameterized1:                                                                                            | gen_wr_a.gen_word_narrow.mem_reg | 4 K x 10(NO_CHANGE)    | W |   | 4 K x 10(WRITE_FIRST)  |   | R | Port A and B     | 1      | 1      | 
|xpm_memory_base__parameterized0:                                                                                            | gen_wr_a.gen_word_narrow.mem_reg | 4 K x 17(NO_CHANGE)    | W |   | 4 K x 17(WRITE_FIRST)  |   | R | Port A and B     | 0      | 2      | 
|xpm_memory_base__parameterized1:                                                                                            | gen_wr_a.gen_word_narrow.mem_reg | 4 K x 10(NO_CHANGE)    | W |   | 4 K x 10(WRITE_FIRST)  |   | R | Port A and B     | 1      | 1      | 
+----------------------------------------------------------------------------------------------------------------------------+----------------------------------+------------------------+---+---+------------------------+---+---+------------------+--------+--------+

Note: The table above is a preliminary report that shows the Block RAMs at the current stage of the synthesis flow. Some Block RAMs may be reimplemented as non Block RAM primitives later in the synthesis flow. Multiple instantiated Block RAMs are reported only once. 
---------------------------------------------------------------------------------
Finished ROM, RAM, DSP, Shift Register and Retiming Reporting
---------------------------------------------------------------------------------
---------------------------------------------------------------------------------
Start Applying XDC Timing Constraints
---------------------------------------------------------------------------------
---------------------------------------------------------------------------------
Finished Applying XDC Timing Constraints : Time (s): cpu = 00:00:12 ; elapsed = 00:00:13 . Memory (MB): peak = 1308.785 ; gain = 17.426
---------------------------------------------------------------------------------
---------------------------------------------------------------------------------
Start Timing Optimization
---------------------------------------------------------------------------------
---------------------------------------------------------------------------------
Finished Timing Optimization : Time (s): cpu = 00:00:12 ; elapsed = 00:00:13 . Memory (MB): peak = 1308.785 ; gain = 17.426
---------------------------------------------------------------------------------
---------------------------------------------------------------------------------
Start ROM, RAM, DSP, Shift Register and Retiming Reporting
---------------------------------------------------------------------------------

Block RAM: Final Mapping Report
+----------------------------------------------------------------------------------------------------------------------------+----------------------------------+------------------------+---+---+------------------------+---+---+------------------+--------+--------+
|Module Name                                                                                                                 | RTL Object                       | PORT A (Depth x Width) | W | R | PORT B (Depth x Width) | W | R | Ports driving FF | RAMB18 | RAMB36 | 
+----------------------------------------------------------------------------------------------------------------------------+----------------------------------+------------------------+---+---+------------------------+---+---+------------------+--------+--------+
|\inst/inst_AD_DATA_FIFO_ASYNC/xpm_fifo_async_inst /\gnuram_async_fifo.xpm_fifo_base_inst /\gen_sdpram.xpm_memory_base_inst  | gen_wr_a.gen_word_narrow.mem_reg | 4 K x 16(NO_CHANGE)    | W |   | 4 K x 16(WRITE_FIRST)  |   | R | Port A and B     | 0      | 2      | 
|xpm_memory_base__parameterized0:                                                                                            | gen_wr_a.gen_word_narrow.mem_reg | 4 K x 17(NO_CHANGE)    | W |   | 4 K x 17(WRITE_FIRST)  |   | R | Port A and B     | 0      | 2      | 
|xpm_memory_base__parameterized1:                                                                                            | gen_wr_a.gen_word_narrow.mem_reg | 4 K x 10(NO_CHANGE)    | W |   | 4 K x 10(WRITE_FIRST)  |   | R | Port A and B     | 1      | 1      | 
|xpm_memory_base__parameterized0:                                                                                            | gen_wr_a.gen_word_narrow.mem_reg | 4 K x 17(NO_CHANGE)    | W |   | 4 K x 17(WRITE_FIRST)  |   | R | Port A and B     | 0      | 2      | 
|xpm_memory_base__parameterized1:                                                                                            | gen_wr_a.gen_word_narrow.mem_reg | 4 K x 10(NO_CHANGE)    | W |   | 4 K x 10(WRITE_FIRST)  |   | R | Port A and B     | 1      | 1      | 
+----------------------------------------------------------------------------------------------------------------------------+----------------------------------+------------------------+---+---+------------------------+---+---+------------------+--------+--------+

---------------------------------------------------------------------------------
Finished ROM, RAM, DSP, Shift Register and Retiming Reporting
---------------------------------------------------------------------------------
---------------------------------------------------------------------------------
Start Technology Mapping
---------------------------------------------------------------------------------
INFO: [Synth 8-7052] The timing for the instance inst/inst_AD_DATA_FIFO_ASYNC/xpm_fifo_async_inst/gnuram_async_fifo.xpm_fifo_base_inst/gen_sdpram.xpm_memory_base_inst/gen_wr_a.gen_word_narrow.mem_reg_0 (implemented as a Block RAM) might be sub-optimal as no optional output register could be merged into the ram block. Providing additional output register may help in improving timing.
INFO: [Synth 8-7052] The timing for the instance inst/inst_AD_DATA_FIFO_ASYNC/xpm_fifo_async_inst/gnuram_async_fifo.xpm_fifo_base_inst/gen_sdpram.xpm_memory_base_inst/gen_wr_a.gen_word_narrow.mem_reg_1 (implemented as a Block RAM) might be sub-optimal as no optional output register could be merged into the ram block. Providing additional output register may help in improving timing.
INFO: [Synth 8-7052] The timing for the instance inst/inst_rx_cmd_FIFO_ASYNC/xpm_fifo_async_inst/gnuram_async_fifo.xpm_fifo_base_inst/gen_sdpram.xpm_memory_base_inst/gen_wr_a.gen_word_narrow.mem_reg_0 (implemented as a Block RAM) might be sub-optimal as no optional output register could be merged into the ram block. Providing additional output register may help in improving timing.
INFO: [Synth 8-7052] The timing for the instance inst/inst_rx_cmd_FIFO_ASYNC/xpm_fifo_async_inst/gnuram_async_fifo.xpm_fifo_base_inst/gen_sdpram.xpm_memory_base_inst/gen_wr_a.gen_word_narrow.mem_reg_1 (implemented as a Block RAM) might be sub-optimal as no optional output register could be merged into the ram block. Providing additional output register may help in improving timing.
INFO: [Synth 8-7052] The timing for the instance inst/inst_rx_data_FIFO_ASYNC/xpm_fifo_async_inst/gnuram_async_fifo.xpm_fifo_base_inst/gen_sdpram.xpm_memory_base_inst/gen_wr_a.gen_word_narrow.mem_reg_0 (implemented as a Block RAM) might be sub-optimal as no optional output register could be merged into the ram block. Providing additional output register may help in improving timing.
INFO: [Synth 8-7052] The timing for the instance inst/inst_rx_data_FIFO_ASYNC/xpm_fifo_async_inst/gnuram_async_fifo.xpm_fifo_base_inst/gen_sdpram.xpm_memory_base_inst/gen_wr_a.gen_word_narrow.mem_reg_1 (implemented as a Block RAM) might be sub-optimal as no optional output register could be merged into the ram block. Providing additional output register may help in improving timing.
INFO: [Synth 8-7052] The timing for the instance inst/inst_tx_cmd_FIFO_ASYNC/xpm_fifo_async_inst/gnuram_async_fifo.xpm_fifo_base_inst/gen_sdpram.xpm_memory_base_inst/gen_wr_a.gen_word_narrow.mem_reg_0 (implemented as a Block RAM) might be sub-optimal as no optional output register could be merged into the ram block. Providing additional output register may help in improving timing.
INFO: [Synth 8-7052] The timing for the instance inst/inst_tx_cmd_FIFO_ASYNC/xpm_fifo_async_inst/gnuram_async_fifo.xpm_fifo_base_inst/gen_sdpram.xpm_memory_base_inst/gen_wr_a.gen_word_narrow.mem_reg_1 (implemented as a Block RAM) might be sub-optimal as no optional output register could be merged into the ram block. Providing additional output register may help in improving timing.
INFO: [Synth 8-7052] The timing for the instance inst/inst_tx_data_FIFO_ASYNC/xpm_fifo_async_inst/gnuram_async_fifo.xpm_fifo_base_inst/gen_sdpram.xpm_memory_base_inst/gen_wr_a.gen_word_narrow.mem_reg_0 (implemented as a Block RAM) might be sub-optimal as no optional output register could be merged into the ram block. Providing additional output register may help in improving timing.
INFO: [Synth 8-7052] The timing for the instance inst/inst_tx_data_FIFO_ASYNC/xpm_fifo_async_inst/gnuram_async_fifo.xpm_fifo_base_inst/gen_sdpram.xpm_memory_base_inst/gen_wr_a.gen_word_narrow.mem_reg_1 (implemented as a Block RAM) might be sub-optimal as no optional output register could be merged into the ram block. Providing additional output register may help in improving timing.
---------------------------------------------------------------------------------
Finished Technology Mapping : Time (s): cpu = 00:00:13 ; elapsed = 00:00:14 . Memory (MB): peak = 1315.102 ; gain = 23.742
---------------------------------------------------------------------------------
---------------------------------------------------------------------------------
Start IO Insertion
---------------------------------------------------------------------------------
---------------------------------------------------------------------------------
Start Flattening Before IO Insertion
---------------------------------------------------------------------------------
---------------------------------------------------------------------------------
Finished Flattening Before IO Insertion
---------------------------------------------------------------------------------
---------------------------------------------------------------------------------
Start Final Netlist Cleanup
---------------------------------------------------------------------------------
---------------------------------------------------------------------------------
Finished Final Netlist Cleanup
---------------------------------------------------------------------------------
INFO: [Synth 8-3295] tying undriven pin inst/inst_AD_DATA_FIFO_ASYNC/xpm_fifo_async_inst:sleep to constant 0
INFO: [Synth 8-3295] tying undriven pin inst/inst_rx_cmd_FIFO_ASYNC/xpm_fifo_async_inst:sleep to constant 0
INFO: [Synth 8-3295] tying undriven pin inst/inst_rx_data_FIFO_ASYNC/xpm_fifo_async_inst:sleep to constant 0
INFO: [Synth 8-3295] tying undriven pin inst/inst_tx_cmd_FIFO_ASYNC/xpm_fifo_async_inst:sleep to constant 0
INFO: [Synth 8-3295] tying undriven pin inst/inst_tx_data_FIFO_ASYNC/xpm_fifo_async_inst:sleep to constant 0
---------------------------------------------------------------------------------
Finished IO Insertion : Time (s): cpu = 00:00:14 ; elapsed = 00:00:15 . Memory (MB): peak = 1315.102 ; gain = 23.742
---------------------------------------------------------------------------------
---------------------------------------------------------------------------------
Start Renaming Generated Instances
---------------------------------------------------------------------------------
---------------------------------------------------------------------------------
Finished Renaming Generated Instances : Time (s): cpu = 00:00:14 ; elapsed = 00:00:15 . Memory (MB): peak = 1315.102 ; gain = 23.742
---------------------------------------------------------------------------------
---------------------------------------------------------------------------------
Start Rebuilding User Hierarchy
---------------------------------------------------------------------------------
---------------------------------------------------------------------------------
Finished Rebuilding User Hierarchy : Time (s): cpu = 00:00:14 ; elapsed = 00:00:15 . Memory (MB): peak = 1315.102 ; gain = 23.742
---------------------------------------------------------------------------------
---------------------------------------------------------------------------------
Start Renaming Generated Ports
---------------------------------------------------------------------------------
---------------------------------------------------------------------------------
Finished Renaming Generated Ports : Time (s): cpu = 00:00:14 ; elapsed = 00:00:15 . Memory (MB): peak = 1315.102 ; gain = 23.742
---------------------------------------------------------------------------------
---------------------------------------------------------------------------------
Start Handling Custom Attributes
---------------------------------------------------------------------------------
---------------------------------------------------------------------------------
Finished Handling Custom Attributes : Time (s): cpu = 00:00:14 ; elapsed = 00:00:15 . Memory (MB): peak = 1315.102 ; gain = 23.742
---------------------------------------------------------------------------------
---------------------------------------------------------------------------------
Start Renaming Generated Nets
---------------------------------------------------------------------------------
---------------------------------------------------------------------------------
Finished Renaming Generated Nets : Time (s): cpu = 00:00:14 ; elapsed = 00:00:15 . Memory (MB): peak = 1315.102 ; gain = 23.742
---------------------------------------------------------------------------------
---------------------------------------------------------------------------------
Start ROM, RAM, DSP, Shift Register and Retiming Reporting
---------------------------------------------------------------------------------

Static Shift Register Report:
+---------------+------------------------------------+--------+-------+--------------+--------------------+-------------------+--------+---------+
|Module Name    | RTL Name                           | Length | Width | Reset Signal | Pull out first Reg | Pull out last Reg | SRL16E | SRLC32E | 
+---------------+------------------------------------+--------+-------+--------------+--------------------+-------------------+--------+---------+
|system_TOP_0_3 | inst/ad_fifo_async_din_reg[13]     | 3      | 14    | NO           | NO                 | YES               | 14     | 0       | 
|system_TOP_0_3 | inst/tx_data_fifo_async_din_reg[8] | 3      | 8     | NO           | NO                 | YES               | 8      | 0       | 
+---------------+------------------------------------+--------+-------+--------------+--------------------+-------------------+--------+---------+

---------------------------------------------------------------------------------
Finished ROM, RAM, DSP, Shift Register and Retiming Reporting
---------------------------------------------------------------------------------
---------------------------------------------------------------------------------
Start Writing Synthesis Report
---------------------------------------------------------------------------------

Report BlackBoxes: 
+-+--------------+----------+
| |BlackBox name |Instances |
+-+--------------+----------+
+-+--------------+----------+

Report Cell Usage: 
+------+-----------+------+
|      |Cell       |Count |
+------+-----------+------+
|1     |BUFGCE     |     2|
|2     |CARRY4     |   220|
|3     |LUT1       |    24|
|4     |LUT2       |   657|
|5     |LUT3       |   113|
|6     |LUT4       |   134|
|7     |LUT5       |   119|
|8     |LUT6       |   199|
|9     |MMCME2_ADV |     2|
|10    |RAMB18E1   |     2|
|11    |RAMB36E1   |     8|
|12    |SRL16E     |    22|
|13    |FDRE       |  2258|
|14    |FDSE       |    29|
+------+-----------+------+
---------------------------------------------------------------------------------
Finished Writing Synthesis Report : Time (s): cpu = 00:00:14 ; elapsed = 00:00:15 . Memory (MB): peak = 1315.102 ; gain = 23.742
---------------------------------------------------------------------------------
Synthesis finished with 0 errors, 0 critical warnings and 0 warnings.
Synthesis Optimization Runtime : Time (s): cpu = 00:00:10 ; elapsed = 00:00:14 . Memory (MB): peak = 1315.102 ; gain = 6.316
Synthesis Optimization Complete : Time (s): cpu = 00:00:14 ; elapsed = 00:00:16 . Memory (MB): peak = 1315.102 ; gain = 23.742
INFO: [Project 1-571] Translating synthesized netlist
Netlist sorting complete. Time (s): cpu = 00:00:00 ; elapsed = 00:00:00.020 . Memory (MB): peak = 1315.102 ; gain = 0.000
WARNING: [Netlist 29-345] The value of SIM_DEVICE on instance 'inst/inst_ad_ctrl/inst_ads62p45/inst_ad_in_clk/clkout1_buf' of type 'BUFGCE' is 'ULTRASCALE'; it is being changed to match the current FPGA architecture, '7SERIES'. For functional simulation to match hardware behavior, the value of SIM_DEVICE should be changed in the source netlist. 
WARNING: [Netlist 29-345] The value of SIM_DEVICE on instance 'inst/inst_ad_ctrl/inst_ads62p45/inst_ad_out_clk/clkout1_buf' of type 'BUFGCE' is 'ULTRASCALE'; it is being changed to match the current FPGA architecture, '7SERIES'. For functional simulation to match hardware behavior, the value of SIM_DEVICE should be changed in the source netlist. 
INFO: [Netlist 29-17] Analyzing 234 Unisim elements for replacement
WARNING: [Netlist 29-345] The value of SIM_DEVICE on instance 'inst/inst_ad_ctrl/inst_ads62p45/inst_ad_in_clk/clkout1_buf' of type 'BUFGCTRL' is 'ULTRASCALE'; it is being changed to match the current FPGA architecture, '7SERIES'. For functional simulation to match hardware behavior, the value of SIM_DEVICE should be changed in the source netlist. 
WARNING: [Netlist 29-345] The value of SIM_DEVICE on instance 'inst/inst_ad_ctrl/inst_ads62p45/inst_ad_out_clk/clkout1_buf' of type 'BUFGCTRL' is 'ULTRASCALE'; it is being changed to match the current FPGA architecture, '7SERIES'. For functional simulation to match hardware behavior, the value of SIM_DEVICE should be changed in the source netlist. 
INFO: [Netlist 29-28] Unisim Transformation completed in 0 CPU seconds
INFO: [Project 1-570] Preparing netlist for logic optimization
INFO: [Opt 31-138] Pushed 0 inverter(s) to 0 load pin(s).
Netlist sorting complete. Time (s): cpu = 00:00:00 ; elapsed = 00:00:00.001 . Memory (MB): peak = 1340.277 ; gain = 0.000
INFO: [Project 1-111] Unisim Transformation Summary:
  A total of 2 instances were transformed.
  BUFGCE => BUFGCTRL: 2 instances

Synth Design complete, checksum: 8bf75f70
INFO: [Common 17-83] Releasing license: Synthesis
144 Infos, 8 Warnings, 0 Critical Warnings and 0 Errors encountered.
synth_design completed successfully
synth_design: Time (s): cpu = 00:00:17 ; elapsed = 00:00:18 . Memory (MB): peak = 1340.277 ; gain = 48.918
INFO: [Common 17-1381] The checkpoint 'D:/ASUS-PC/Desktop/temporary/HSC/HSC.runs/system_TOP_0_3_synth_1/system_TOP_0_3.dcp' has been generated.
INFO: [Coretcl 2-1648] Added synthesis output to IP cache for IP system_TOP_0_3, cache-ID = 35ce7f58f0654fc4
INFO: [Coretcl 2-1174] Renamed 110 cell refs.
INFO: [Common 17-1381] The checkpoint 'D:/ASUS-PC/Desktop/temporary/HSC/HSC.runs/system_TOP_0_3_synth_1/system_TOP_0_3.dcp' has been generated.
INFO: [runtcl-4] Executing : report_utilization -file system_TOP_0_3_utilization_synth.rpt -pb system_TOP_0_3_utilization_synth.pb
INFO: [Common 17-206] Exiting Vivado at Fri Dec  5 11:30:00 2025...
