14:32:04 INFO  : Launching XSCT server: xsct.bat -n  -interactive D:\ASUS-PC\Desktop\temporary\A_Radar\vitis\temp_xsdb_launch_script.tcl
14:32:05 INFO  : Platform repository initialization has completed.
14:32:05 INFO  : Registering command handlers for Vitis TCF services
14:32:05 INFO  : XSCT server has started successfully.
14:32:05 INFO  : plnx-install-location is set to ''
14:32:05 INFO  : Successfully done setting XSCT server connection channel  
14:32:05 INFO  : Successfully done query RDI_DATADIR 
14:32:05 INFO  : Successfully done setting workspace for the tool. 
14:35:14 INFO  : Result from executing command 'getProjects': system_wrapper
14:35:14 INFO  : Result from executing command 'getPlatforms': 
14:35:14 WARN  : An unexpected exception occurred in the module 'platform project logging'
14:35:15 INFO  : Platform 'system_wrapper' is added to custom repositories.
14:35:19 INFO  : Platform 'system_wrapper' is added to custom repositories.
14:46:43 INFO  : Result from executing command 'getProjects': system_wrapper
14:46:43 INFO  : Result from executing command 'getPlatforms': system_wrapper|D:/ASUS-PC/Desktop/temporary/A_Radar/vitis/system_wrapper/export/system_wrapper/system_wrapper.xpfm
14:46:43 INFO  : Checking for BSP changes to sync application flags for project 'A_Radar'...
14:46:44 INFO  : Updating application flags with new BSP settings...
14:46:44 INFO  : Successfully updated application flags for project A_Radar.
14:47:07 INFO  : Checking for BSP changes to sync application flags for project 'A_Radar'...
15:02:07 INFO  : Checking for BSP changes to sync application flags for project 'A_Radar'...
10:04:05 INFO  : Launching XSCT server: xsct.bat -n  -interactive D:\ASUS-PC\Desktop\temporary\A_Radar\vitis\temp_xsdb_launch_script.tcl
10:04:06 INFO  : XSCT server has started successfully.
10:04:06 INFO  : Successfully done setting XSCT server connection channel  
10:04:06 INFO  : plnx-install-location is set to ''
10:04:06 INFO  : Successfully done setting workspace for the tool. 
10:04:06 INFO  : Platform repository initialization has completed.
10:04:07 INFO  : Successfully done query RDI_DATADIR 
10:04:07 INFO  : Registering command handlers for Vitis TCF services
09:48:25 INFO  : Launching XSCT server: xsct.bat -n  -interactive D:\ASUS-PC\Desktop\temporary\A_Radar\vitis\temp_xsdb_launch_script.tcl
09:48:26 INFO  : XSCT server has started successfully.
09:48:26 INFO  : plnx-install-location is set to ''
09:48:26 INFO  : Successfully done setting XSCT server connection channel  
09:48:26 INFO  : Successfully done setting workspace for the tool. 
09:48:27 INFO  : Platform repository initialization has completed.
09:48:27 INFO  : Successfully done query RDI_DATADIR 
09:48:27 INFO  : Registering command handlers for Vitis TCF services
11:51:31 INFO  : Result from executing command 'getProjects': system_wrapper
11:51:31 INFO  : Result from executing command 'getPlatforms': system_wrapper|D:/ASUS-PC/Desktop/temporary/A_Radar/vitis/system_wrapper/export/system_wrapper/system_wrapper.xpfm
11:51:31 INFO  : Checking for BSP changes to sync application flags for project 'A_Radar'...
14:49:52 INFO  : Checking for BSP changes to sync application flags for project 'A_Radar'...
15:13:05 INFO  : Checking for BSP changes to sync application flags for project 'A_Radar'...
16:24:25 INFO  : Checking for BSP changes to sync application flags for project 'A_Radar'...
16:25:00 INFO  : Checking for BSP changes to sync application flags for project 'A_Radar'...
16:49:07 INFO  : Checking for BSP changes to sync application flags for project 'A_Radar'...
16:51:27 INFO  : Checking for BSP changes to sync application flags for project 'A_Radar'...
17:05:07 INFO  : Checking for BSP changes to sync application flags for project 'A_Radar'...
17:20:36 INFO  : Checking for BSP changes to sync application flags for project 'A_Radar'...
17:20:40 INFO  : Checking for BSP changes to sync application flags for project 'A_Radar'...
13:51:57 INFO  : Launching XSCT server: xsct.bat -n  -interactive D:\ASUS-PC\Desktop\temporary\A_Radar\vitis\temp_xsdb_launch_script.tcl
13:51:58 INFO  : XSCT server has started successfully.
13:51:58 INFO  : Successfully done setting XSCT server connection channel  
13:51:58 INFO  : plnx-install-location is set to ''
13:51:58 INFO  : Successfully done setting workspace for the tool. 
13:51:59 INFO  : Platform repository initialization has completed.
13:51:59 INFO  : Successfully done query RDI_DATADIR 
13:51:59 INFO  : Registering command handlers for Vitis TCF services
13:54:55 INFO  : Checking for BSP changes to sync application flags for project 'A_Radar'...
13:54:57 ERROR : (XSDB Server)ERROR: [Hsi 55-1571] The design file D:/ASUS-PC/Desktop/temporary/A_Radar/vitis/system_wrapper/export/system_wrapper/hw/system_wrapper.xsa is already opened

15:23:48 INFO  : Launching XSCT server: xsct.bat -n  -interactive D:\ASUS-PC\Desktop\temporary\A_Radar\vitis\temp_xsdb_launch_script.tcl
15:23:49 INFO  : XSCT server has started successfully.
15:23:49 INFO  : plnx-install-location is set to ''
15:23:49 INFO  : Successfully done setting XSCT server connection channel  
15:23:49 INFO  : Successfully done setting workspace for the tool. 
15:23:50 INFO  : Platform repository initialization has completed.
15:23:50 INFO  : Successfully done query RDI_DATADIR 
15:23:50 INFO  : Registering command handlers for Vitis TCF services
15:12:41 INFO  : Launching XSCT server: xsct.bat -n  -interactive D:\ASUS-PC\Desktop\temporary\A_Radar\vitis\temp_xsdb_launch_script.tcl
15:12:42 INFO  : XSCT server has started successfully.
15:12:42 INFO  : Successfully done setting XSCT server connection channel  
15:12:42 INFO  : plnx-install-location is set to ''
15:12:42 INFO  : Successfully done setting workspace for the tool. 
15:12:43 INFO  : Platform repository initialization has completed.
15:12:43 INFO  : Successfully done query RDI_DATADIR 
15:12:44 INFO  : Registering command handlers for Vitis TCF services
15:14:10 INFO  : Connected to target on host '127.0.0.1' and port '3121'.
15:14:10 INFO  : Jtag cable 'Digilent Zed 210248764166' is selected.
15:14:10 INFO  : 'jtag frequency' command is executed.
15:14:10 INFO  : Context for 'APU' is selected.
15:14:10 INFO  : System reset is completed.
15:14:13 INFO  : 'after 3000' command is executed.
15:14:13 INFO  : 'targets -set -filter {jtag_cable_name =~ "Digilent Zed 210248764166" && level==0 && jtag_device_ctx=="jsn-Zed-210248764166-23727093-0"}' command is executed.
15:14:16 INFO  : Device configured successfully with "D:/ASUS-PC/Desktop/temporary/A_Radar/vitis/A_Radar/_ide/bitstream/system_wrapper.bit"
15:14:16 INFO  : Context for 'APU' is selected.
15:14:16 INFO  : Hardware design and registers information is loaded from 'D:/ASUS-PC/Desktop/temporary/A_Radar/vitis/system_wrapper/export/system_wrapper/hw/system_wrapper.xsa'.
15:14:16 INFO  : 'configparams force-mem-access 1' command is executed.
15:14:16 INFO  : Context for 'APU' is selected.
15:14:16 INFO  : Sourcing of 'D:/ASUS-PC/Desktop/temporary/A_Radar/vitis/A_Radar/_ide/psinit/ps7_init.tcl' is done.
15:14:16 INFO  : 'ps7_init' command is executed.
15:14:16 INFO  : 'ps7_post_config' command is executed.
15:14:16 INFO  : Context for processor 'ps7_cortexa9_0' is selected.
15:14:17 INFO  : The application 'D:/ASUS-PC/Desktop/temporary/A_Radar/vitis/A_Radar/Debug/A_Radar.elf' is downloaded to processor 'ps7_cortexa9_0'.
15:14:17 INFO  : 'configparams force-mem-access 0' command is executed.
15:14:17 INFO  : ----------------XSDB Script----------------
connect -url tcp:127.0.0.1:3121
targets -set -nocase -filter {name =~"APU*"}
rst -system
after 3000
targets -set -filter {jtag_cable_name =~ "Digilent Zed 210248764166" && level==0 && jtag_device_ctx=="jsn-Zed-210248764166-23727093-0"}
fpga -file D:/ASUS-PC/Desktop/temporary/A_Radar/vitis/A_Radar/_ide/bitstream/system_wrapper.bit
targets -set -nocase -filter {name =~"APU*"}
loadhw -hw D:/ASUS-PC/Desktop/temporary/A_Radar/vitis/system_wrapper/export/system_wrapper/hw/system_wrapper.xsa -mem-ranges [list {0x40000000 0xbfffffff}] -regs
configparams force-mem-access 1
targets -set -nocase -filter {name =~"APU*"}
source D:/ASUS-PC/Desktop/temporary/A_Radar/vitis/A_Radar/_ide/psinit/ps7_init.tcl
ps7_init
ps7_post_config
targets -set -nocase -filter {name =~ "*A9*#0"}
dow D:/ASUS-PC/Desktop/temporary/A_Radar/vitis/A_Radar/Debug/A_Radar.elf
configparams force-mem-access 0
----------------End of Script----------------

15:14:17 INFO  : Context for processor 'ps7_cortexa9_0' is selected.
15:14:17 INFO  : 'con' command is executed.
15:14:17 INFO  : ----------------XSDB Script (After Launch)----------------
targets -set -nocase -filter {name =~ "*A9*#0"}
con
----------------End of Script----------------

15:14:17 INFO  : Launch script is exported to file 'D:\ASUS-PC\Desktop\temporary\A_Radar\vitis\A_Radar_system\_ide\scripts\debugger_a_radar-default.tcl'
15:52:43 INFO  : Disconnected from the channel tcfchan#1.
17:44:23 INFO  : Launching XSCT server: xsct.bat -n  -interactive D:\ASUS-PC\Desktop\temporary\A_Radar\vitis\temp_xsdb_launch_script.tcl
17:44:24 INFO  : XSCT server has started successfully.
17:44:24 INFO  : plnx-install-location is set to ''
17:44:24 INFO  : Successfully done setting XSCT server connection channel  
17:44:24 INFO  : Successfully done setting workspace for the tool. 
17:44:25 INFO  : Platform repository initialization has completed.
17:44:25 INFO  : Successfully done query RDI_DATADIR 
17:44:25 INFO  : Registering command handlers for Vitis TCF services
18:00:31 INFO  : Result from executing command 'getProjects': system_wrapper
18:00:31 INFO  : Result from executing command 'getPlatforms': system_wrapper|D:/ASUS-PC/Desktop/temporary/A_Radar/vitis/system_wrapper/export/system_wrapper/system_wrapper.xpfm
18:00:32 INFO  : Checking for BSP changes to sync application flags for project 'A_Radar'...
09:14:17 INFO  : Launching XSCT server: xsct.bat -n  -interactive D:\ASUS-PC\Desktop\temporary\A_Radar\vitis\temp_xsdb_launch_script.tcl
09:14:18 INFO  : XSCT server has started successfully.
09:14:18 INFO  : Successfully done setting XSCT server connection channel  
09:14:18 INFO  : plnx-install-location is set to ''
09:14:18 INFO  : Successfully done setting workspace for the tool. 
09:14:19 INFO  : Platform repository initialization has completed.
09:14:19 INFO  : Successfully done query RDI_DATADIR 
09:14:19 INFO  : Registering command handlers for Vitis TCF services
14:48:54 INFO  : Launching XSCT server: xsct.bat -n  -interactive D:\ASUS-PC\Desktop\temporary\A_Radar\vitis\temp_xsdb_launch_script.tcl
14:48:56 INFO  : XSCT server has started successfully.
14:48:56 INFO  : Successfully done setting XSCT server connection channel  
14:48:56 INFO  : plnx-install-location is set to ''
14:48:56 INFO  : Successfully done setting workspace for the tool. 
14:48:57 INFO  : Platform repository initialization has completed.
14:48:57 INFO  : Successfully done query RDI_DATADIR 
14:48:57 INFO  : Registering command handlers for Vitis TCF services
17:11:23 INFO  : Result from executing command 'getProjects': system_wrapper
17:11:23 INFO  : Result from executing command 'getPlatforms': system_wrapper|D:/ASUS-PC/Desktop/temporary/A_Radar/vitis/system_wrapper/export/system_wrapper/system_wrapper.xpfm
17:11:23 INFO  : Checking for BSP changes to sync application flags for project 'A_Radar'...
17:59:05 INFO  : Checking for BSP changes to sync application flags for project 'A_Radar'...
09:15:09 INFO  : Launching XSCT server: xsct.bat -n  -interactive D:\ASUS-PC\Desktop\temporary\A_Radar\vitis\temp_xsdb_launch_script.tcl
09:15:10 INFO  : XSCT server has started successfully.
09:15:10 INFO  : Successfully done setting XSCT server connection channel  
09:15:10 INFO  : plnx-install-location is set to ''
09:15:10 INFO  : Successfully done setting workspace for the tool. 
09:15:11 INFO  : Platform repository initialization has completed.
09:15:11 INFO  : Successfully done query RDI_DATADIR 
09:15:11 INFO  : Registering command handlers for Vitis TCF services
11:02:09 INFO  : Checking for BSP changes to sync application flags for project 'A_Radar'...
11:03:13 INFO  : Checking for BSP changes to sync application flags for project 'A_Radar'...
11:22:27 INFO  : Checking for BSP changes to sync application flags for project 'A_Radar'...
14:06:31 INFO  : Checking for BSP changes to sync application flags for project 'A_Radar'...
14:26:51 INFO  : Checking for BSP changes to sync application flags for project 'A_Radar'...
11:12:37 INFO  : Launching XSCT server: xsct.bat -n  -interactive D:\ASUS-PC\Desktop\temporary\A_Radar\vitis\temp_xsdb_launch_script.tcl
11:12:39 INFO  : XSCT server has started successfully.
11:12:39 INFO  : plnx-install-location is set to ''
11:12:39 INFO  : Successfully done setting XSCT server connection channel  
11:12:39 INFO  : Successfully done setting workspace for the tool. 
11:12:40 INFO  : Platform repository initialization has completed.
11:12:40 INFO  : Successfully done query RDI_DATADIR 
11:12:40 INFO  : Registering command handlers for Vitis TCF services
11:42:19 INFO  : Result from executing command 'getProjects': system_wrapper
11:42:19 INFO  : Result from executing command 'getPlatforms': system_wrapper|D:/ASUS-PC/Desktop/temporary/A_Radar/vitis/system_wrapper/export/system_wrapper/system_wrapper.xpfm
11:42:20 INFO  : Checking for BSP changes to sync application flags for project 'A_Radar'...
11:42:37 INFO  : Checking for BSP changes to sync application flags for project 'A_Radar'...
13:57:23 INFO  : Checking for BSP changes to sync application flags for project 'A_Radar'...
14:44:45 INFO  : Checking for BSP changes to sync application flags for project 'A_Radar'...
14:45:10 INFO  : Checking for BSP changes to sync application flags for project 'A_Radar'...
14:48:09 INFO  : Checking for BSP changes to sync application flags for project 'A_Radar'...
14:52:05 INFO  : Checking for BSP changes to sync application flags for project 'A_Radar'...
14:54:35 INFO  : Checking for BSP changes to sync application flags for project 'A_Radar'...
16:03:27 INFO  : Checking for BSP changes to sync application flags for project 'A_Radar'...
16:50:30 INFO  : Checking for BSP changes to sync application flags for project 'A_Radar'...
16:50:33 INFO  : Checking for BSP changes to sync application flags for project 'A_Radar'...
16:52:14 INFO  : Checking for BSP changes to sync application flags for project 'A_Radar'...
16:52:29 INFO  : Generated template bif file for A_Radar_system
16:52:39 INFO  : Invoking Bootgen: bootgen -image A_Radar_system.bif -arch zynq -o D:\ASUS-PC\Desktop\temporary\A_Radar\vitis\A_Radar_system\Debug\sd_card\BOOT.BIN -w on
16:52:39 INFO  : Overwriting existing bif file D:/ASUS-PC/Desktop/temporary/A_Radar/vitis/A_Radar_system/_ide/bootimage/A_Radar_system.bif
16:52:41 INFO  : Bootgen command execution is done.
