#-----------------------------------------------------------
# Vivado v2021.1 (64-bit)
# SW Build 3247384 on Thu Jun 10 19:36:33 MDT 2021
# IP Build 3246043 on Fri Jun 11 00:30:35 MDT 2021
# Start of session at: Thu Sep 25 10:36:13 2025
# Process ID: 336604
# Current directory: D:/ASUS-PC/Desktop/temporary/저袈/AXI Stream눈渴/2025.07.28.12/lwip_tcp_server_perf
# Command line: vivado.exe -gui_launcher_event rodinguilauncherevent333716 D:\ASUS-PC\Desktop\temporary\저袈\AXI Stream눈渴\2025.07.28.12\lwip_tcp_server_perf\lwip_tcp_server_perf.xpr
# Log file: D:/ASUS-PC/Desktop/temporary/저袈/AXI Stream눈渴/2025.07.28.12/lwip_tcp_server_perf/vivado.log
# Journal file: D:/ASUS-PC/Desktop/temporary/저袈/AXI Stream눈渴/2025.07.28.12/lwip_tcp_server_perf\vivado.jou
#-----------------------------------------------------------
start_gui
open_project {D:/ASUS-PC/Desktop/temporary/저袈/AXI Stream눈渴/2025.07.28.12/lwip_tcp_server_perf/lwip_tcp_server_perf.xpr}
INFO: [ProjectBase 1-489] The host OS only allows 260 characters in a normal path. The project is stored in a path with more than 80 characters. If you experience issues with IP, Block Designs, or files not being found, please consider moving the project to a location with a shorter path. Alternately consider using the OS subst command to map part of the path to a drive letter.
Current project path is 'D:/ASUS-PC/Desktop/temporary/저袈/AXI Stream눈渴/2025.07.28.12/lwip_tcp_server_perf'
INFO: [Project 1-313] Project file moved from 'D:/ASUS-PC/Desktop/temporary/lwip_tcp_server_perf' since last save.
CRITICAL WARNING: [Project 1-311] Could not find the file 'D:/ASUS-PC/Desktop/temporary/저袈/AXI Stream눈渴/Sim_ad_data_gen.vhd', nor could it be found using path 'D:/ASUS-PC/Desktop/Sim_ad_data_gen.vhd'.
Scanning sources...
Finished scanning sources
INFO: [IP_Flow 19-234] Refreshing IP repositories
INFO: [IP_Flow 19-1700] Loaded user IP repository 'd:/ASUS-PC/Desktop/temporary/저袈/AXI Stream눈渴/2025.07.28.12/lwip_tcp_server_perf/ip_repo'.
INFO: [IP_Flow 19-2313] Loaded Vivado IP repository 'E:/Xilinx2021/Vivado/2021.1/data/ip'.
open_project: Time (s): cpu = 00:00:12 ; elapsed = 00:00:06 . Memory (MB): peak = 1281.875 ; gain = 0.000
open_bd_design {D:/ASUS-PC/Desktop/temporary/저袈/AXI Stream눈渴/2025.07.28.12/lwip_tcp_server_perf/lwip_tcp_server_perf.srcs/sources_1/bd/system/system.bd}
Reading block design file <D:/ASUS-PC/Desktop/temporary/저袈/AXI Stream눈渴/2025.07.28.12/lwip_tcp_server_perf/lwip_tcp_server_perf.srcs/sources_1/bd/system/system.bd>...
Adding component instance block -- xilinx.com:ip:processing_system7:5.5 - processing_system7_0
Adding component instance block -- xilinx.com:ip:axi_dma:7.1 - axi_dma_0
Adding component instance block -- xilinx.com:ip:xlconcat:2.1 - xlconcat_0
Adding component instance block -- xilinx.com:ip:axi_interconnect:2.1 - ps7_0_axi_periph
Adding component instance block -- xilinx.com:ip:axi_crossbar:2.1 - xbar
Adding component instance block -- xilinx.com:ip:axi_protocol_converter:2.1 - auto_pc
Adding component instance block -- xilinx.com:ip:proc_sys_reset:5.0 - rst_ps7_0_100M
Adding component instance block -- xilinx.com:ip:axi_interconnect:2.1 - axi_mem_intercon
Adding component instance block -- xilinx.com:ip:axi_crossbar:2.1 - xbar
Adding component instance block -- xilinx.com:ip:axi_dwidth_converter:2.1 - auto_us
Adding component instance block -- xilinx.com:ip:axi_protocol_converter:2.1 - auto_pc
Adding component instance block -- xilinx.com:ip:axis_data_fifo:2.0 - axis_data_fifo_0
Adding component instance block -- xilinx.com:user:ps_pl_axi4:1.0 - ps_pl_axi4_0
Adding component instance block -- xilinx.com:module_ref:Sim_ad_data_gen:1.0 - Sim_ad_data_gen_0
Successfully read diagram <system> from block design file <D:/ASUS-PC/Desktop/temporary/저袈/AXI Stream눈渴/2025.07.28.12/lwip_tcp_server_perf/lwip_tcp_server_perf.srcs/sources_1/bd/system/system.bd>
update_compile_order -fileset sources_1
exit
INFO: [Common 17-206] Exiting Vivado at Thu Sep 25 10:36:52 2025...
