#-----------------------------------------------------------
# Vivado v2021.1 (64-bit)
# SW Build 3247384 on Thu Jun 10 19:36:33 MDT 2021
# IP Build 3246043 on Fri Jun 11 00:30:35 MDT 2021
# Start of session at: Thu Sep 25 10:41:09 2025
# Process ID: 330708
# Current directory: D:/ASUS-PC/Desktop/temporary/ĀúĘ·/AXI StreamīŦĘä/2025.07.28.12/lwip_tcp_server_perf
# Command line: vivado.exe -gui_launcher_event rodinguilauncherevent334696 D:\ASUS-PC\Desktop\temporary\ĀúĘ·\AXI StreamīŦĘä\2025.07.28.12\lwip_tcp_server_perf\lwip_tcp_server_perf.xpr
# Log file: D:/ASUS-PC/Desktop/temporary/ĀúĘ·/AXI StreamīŦĘä/2025.07.28.12/lwip_tcp_server_perf/vivado.log
# Journal file: D:/ASUS-PC/Desktop/temporary/ĀúĘ·/AXI StreamīŦĘä/2025.07.28.12/lwip_tcp_server_perf\vivado.jou
#-----------------------------------------------------------
start_gui
open_project {D:/ASUS-PC/Desktop/temporary/ĀúĘ·/AXI StreamīŦĘä/2025.07.28.12/lwip_tcp_server_perf/lwip_tcp_server_perf.xpr}
INFO: [ProjectBase 1-489] The host OS only allows 260 characters in a normal path. The project is stored in a path with more than 80 characters. If you experience issues with IP, Block Designs, or files not being found, please consider moving the project to a location with a shorter path. Alternately consider using the OS subst command to map part of the path to a drive letter.
Current project path is 'D:/ASUS-PC/Desktop/temporary/ĀúĘ·/AXI StreamīŦĘä/2025.07.28.12/lwip_tcp_server_perf'
INFO: [Project 1-313] Project file moved from 'D:/ASUS-PC/Desktop/temporary/lwip_tcp_server_perf' since last save.
CRITICAL WARNING: [Project 1-311] Could not find the file 'D:/ASUS-PC/Desktop/temporary/ĀúĘ·/AXI StreamīŦĘä/Sim_ad_data_gen.vhd', nor could it be found using path 'D:/ASUS-PC/Desktop/Sim_ad_data_gen.vhd'.
Scanning sources...
Finished scanning sources
INFO: [IP_Flow 19-234] Refreshing IP repositories
INFO: [IP_Flow 19-1700] Loaded user IP repository 'd:/ASUS-PC/Desktop/temporary/ĀúĘ·/AXI StreamīŦĘä/2025.07.28.12/lwip_tcp_server_perf/ip_repo'.
INFO: [IP_Flow 19-2313] Loaded Vivado IP repository 'E:/Xilinx2021/Vivado/2021.1/data/ip'.
update_compile_order -fileset sources_1
archive_project {D:/ASUS-PC/Desktop/temporary/AXI Stream/2025.07.28.12/lwip_tcp_server_perf.xpr.zip} -temp_dir {D:/ASUS-PC/Desktop/temporary//AXI Stream/2025.07.28.12/lwip_tcp_server_perf/.Xil/Vivado-330708-FXT333} -force -include_local_ip_cache
INFO: [Coretcl 2-137] starting archive...
INFO: [Coretcl 2-1499] Saving project copy to temporary location 'D:/ASUS-PC/Desktop/temporary/AXI Stream/2025.07.28.12/lwip_tcp_server_perf/.Xil/Vivado-330708-FXT333' for archiving project
INFO: [ProjectBase 1-489] The host OS only allows 260 characters in a normal path. The project is stored in a path with more than 80 characters. If you experience issues with IP, Block Designs, or files not being found, please consider moving the project to a location with a shorter path. Alternately consider using the OS subst command to map part of the path to a drive letter.
Current project path is 'D:/ASUS-PC/Desktop/temporary/ĀúĘ·/AXI StreamīŦĘä/2025.07.28.12/lwip_tcp_server_perf'
INFO: [Project 1-313] Project file moved from 'D:/ASUS-PC/Desktop/temporary/lwip_tcp_server_perf' since last save.
CRITICAL WARNING: [Project 1-311] Could not find the file 'D:/ASUS-PC/Desktop/temporary/ĀúĘ·/AXI StreamīŦĘä/Sim_ad_data_gen.vhd', nor could it be found using path 'D:/ASUS-PC/Desktop/Sim_ad_data_gen.vhd'.
Scanning sources...
Finished scanning sources
INFO: [IP_Flow 19-234] Refreshing IP repositories
INFO: [IP_Flow 19-1700] Loaded user IP repository 'd:/ASUS-PC/Desktop/temporary/ĀúĘ·/AXI StreamīŦĘä/2025.07.28.12/lwip_tcp_server_perf/ip_repo'.
INFO: [IP_Flow 19-2313] Loaded Vivado IP repository 'E:/Xilinx2021/Vivado/2021.1/data/ip'.
INFO: [Coretcl 2-1211] Creating project copy for archival...
INFO: [ProjectBase 1-495] The host OS only allows 260 characters in a normal path. The project is stored in a path with more than 80 characters. If you experience any problem with archiving the project, please consider setting environment variable $TEMP to a shorter path.
Current project path is 'D:/ASUS-PC/Desktop/temporary/AXI Stream/2025.07.28.12/lwip_tcp_server_perf/.Xil/Vivado-330708-FXT333/PrjAr/_X_'.
INFO: [IP_Flow 19-5107] Inferred bus interface 'm_axis' of definition 'xilinx.com:interface:axis:1.0' (from Xilinx Repository).
INFO: [IP_Flow 19-5107] Inferred bus interface 'reset_n' of definition 'xilinx.com:signal:reset:1.0' (from Xilinx Repository).
WARNING: [IP_Flow 19-3158] Bus Interface 'm_axis': FREQ_HZ bus parameter missing from AXI interface when interface is not associated to a clock.
INFO: [IP_Flow 19-234] Refreshing IP repositories
INFO: [IP_Flow 19-1700] Loaded user IP repository 'd:/ASUS-PC/Desktop/temporary/ĀúĘ·/AXI StreamīŦĘä/2025.07.28.12/lwip_tcp_server_perf/ip_repo'.
INFO: [Coretcl 2-1213] Including run results for 'synth_1'
INFO: [Coretcl 2-1213] Including run results for 'system_ps_pl_axi4_0_0_synth_1'
INFO: [Coretcl 2-1213] Including run results for 'system_axis_data_fifo_0_2_synth_1'
INFO: [Coretcl 2-1213] Including run results for 'system_Sim_ad_data_gen_0_0_synth_1'
INFO: [Coretcl 2-1213] Including run results for 'impl_1'
INFO: [Coretcl 2-1213] Including run results for 'impl_1_copy_1'
INFO: [Coretcl 2-133] re-setting run 'system_ps_pl_axi4_0_0_impl_1'...
INFO: [Coretcl 2-133] re-setting run 'system_axis_data_fifo_0_2_impl_1'...
INFO: [Coretcl 2-133] re-setting run 'system_Sim_ad_data_gen_0_0_impl_1'...
INFO: [Coretcl 2-1212] Importing remotely added design sources and verilog include files (if any)...
INFO: [filemgmt 20-334] All file(s) are already imported in fileset: 'system_Sim_ad_data_gen_0_0'
INFO: [filemgmt 20-348] Importing the appropriate files for fileset: 'system_Sim_ad_data_gen_0_0'
INFO: [filemgmt 20-334] All file(s) are already imported in fileset: 'system_axis_data_fifo_0_2'
INFO: [filemgmt 20-348] Importing the appropriate files for fileset: 'system_axis_data_fifo_0_2'
INFO: [filemgmt 20-334] All file(s) are already imported in fileset: 'system_ps_pl_axi4_0_0'
INFO: [filemgmt 20-348] Importing the appropriate files for fileset: 'system_ps_pl_axi4_0_0'
INFO: [filemgmt 20-348] Importing the appropriate files for fileset: 'sources_1'
WARNING: [filemgmt 20-342] File / dir doesn't exist, skipping: D:/ASUS-PC/Desktop/temporary/ĀúĘ·/AXI StreamīŦĘä/Sim_ad_data_gen.vhd
INFO: [Coretcl 2-1209] Adding archive summary file to the project...
INFO: [Coretcl 2-1214] Preparing project files for archive...
ERROR: [Common 17-680] Path length exceeds 260-Byte maximum allowed by Windows: D:/ASUS-PC/Desktop/temporary/AXI Stream/2025.07.28.12/lwip_tcp_server_perf/.Xil/Vivado-330708-FXT333/PrjAr/lwip_tcp_server_perf/lwip_tcp_server_perf.gen/sources_1/bd/system/ip/system_processing_system7_0_0/hdl/verilog/processing_system7_v5_5_processing_system7.v
Please consider using the OS subst command to shorten the path length by mapping part of the path to a virtual drive letter. See Answer Record AR52787 for more information.
Resolution: In Windows 7 or later, the mklink command can also be used to create a symbolic link and shorten the path.
exit
INFO: [Common 17-206] Exiting Vivado at Thu Sep 25 10:43:48 2025...
